<?xml version="1.0" encoding="UTF-8"?>
<testsuite xmlns:xsi="http://www.w3.org/2001/XMLSchema-instance" xsi:noNamespaceSchemaLocation="https://maven.apache.org/surefire/maven-surefire-plugin/xsd/surefire-test-report.xsd" version="3.0.2" name="com.example.inventory_service.InventoryServiceApplicationTests" time="2.288" tests="1" errors="0" skipped="0" failures="0">
  <properties>
    <property name="java.specification.version" value="23"/>
    <property name="sun.jnu.encoding" value="UTF-8"/>
    <property name="java.class.path" value="/Users/andrereginatto/Desktop/projects/Spring-Microservices-Ticket-Booking-System/target/test-classes:/Users/andrereginatto/Desktop/projects/Spring-Microservices-Ticket-Booking-System/target/classes:/Users/andrereginatto/.m2/repository/org/springframework/boot/spring-boot-starter-data-jpa/3.5.4/spring-boot-starter-data-jpa-3.5.4.jar:/Users/andrereginatto/.m2/repository/org/springframework/boot/spring-boot-starter/3.5.4/spring-boot-starter-3.5.4.jar:/Users/andrereginatto/.m2/repository/org/springframework/boot/spring-boot/3.5.4/spring-boot-3.5.4.jar:/Users/andrereginatto/.m2/repository/org/springframework/boot/spring-boot-autoconfigure/3.5.4/spring-boot-autoconfigure-3.5.4.jar:/Users/andrereginatto/.m2/repository/org/springframework/boot/spring-boot-starter-logging/3.5.4/spring-boot-starter-logging-3.5.4.jar:/Users/andrereginatto/.m2/repository/ch/qos/logback/logback-classic/1.5.18/logback-classic-1.5.18.jar:/Users/andrereginatto/.m2/repository/ch/qos/logback/logback-core/1.5.18/logback-core-1.5.18.jar:/Users/andrereginatto/.m2/repository/org/apache/logging/log4j/log4j-to-slf4j/2.24.3/log4j-to-slf4j-2.24.3.jar:/Users/andrereginatto/.m2/repository/org/apache/logging/log4j/log4j-api/2.24.3/log4j-api-2.24.3.jar:/Users/andrereginatto/.m2/repository/org/slf4j/jul-to-slf4j/2.0.17/jul-to-slf4j-2.0.17.jar:/Users/andrereginatto/.m2/repository/jakarta/annotation/jakarta.annotation-api/2.1.1/jakarta.annotation-api-2.1.1.jar:/Users/andrereginatto/.m2/repository/org/yaml/snakeyaml/2.4/snakeyaml-2.4.jar:/Users/andrereginatto/.m2/repository/org/springframework/boot/spring-boot-starter-jdbc/3.5.4/spring-boot-starter-jdbc-3.5.4.jar:/Users/andrereginatto/.m2/repository/com/zaxxer/HikariCP/6.3.1/HikariCP-6.3.1.jar:/Users/andrereginatto/.m2/repository/org/springframework/spring-jdbc/6.2.9/spring-jdbc-6.2.9.jar:/Users/andrereginatto/.m2/repository/org/hibernate/orm/hibernate-core/6.6.22.Final/hibernate-core-6.6.22.Final.jar:/Users/andrereginatto/.m2/repository/jakarta/persistence/jakarta.persistence-api/3.1.0/jakarta.persistence-api-3.1.0.jar:/Users/andrereginatto/.m2/repository/jakarta/transaction/jakarta.transaction-api/2.0.1/jakarta.transaction-api-2.0.1.jar:/Users/andrereginatto/.m2/repository/org/jboss/logging/jboss-logging/3.6.1.Final/jboss-logging-3.6.1.Final.jar:/Users/andrereginatto/.m2/repository/org/hibernate/common/hibernate-commons-annotations/7.0.3.Final/hibernate-commons-annotations-7.0.3.Final.jar:/Users/andrereginatto/.m2/repository/io/smallrye/jandex/3.2.0/jandex-3.2.0.jar:/Users/andrereginatto/.m2/repository/com/fasterxml/classmate/1.7.0/classmate-1.7.0.jar:/Users/andrereginatto/.m2/repository/net/bytebuddy/byte-buddy/1.17.6/byte-buddy-1.17.6.jar:/Users/andrereginatto/.m2/repository/org/glassfish/jaxb/jaxb-runtime/4.0.5/jaxb-runtime-4.0.5.jar:/Users/andrereginatto/.m2/repository/org/glassfish/jaxb/jaxb-core/4.0.5/jaxb-core-4.0.5.jar:/Users/andrereginatto/.m2/repository/org/eclipse/angus/angus-activation/2.0.2/angus-activation-2.0.2.jar:/Users/andrereginatto/.m2/repository/org/glassfish/jaxb/txw2/4.0.5/txw2-4.0.5.jar:/Users/andrereginatto/.m2/repository/com/sun/istack/istack-commons-runtime/4.1.2/istack-commons-runtime-4.1.2.jar:/Users/andrereginatto/.m2/repository/jakarta/inject/jakarta.inject-api/2.0.1/jakarta.inject-api-2.0.1.jar:/Users/andrereginatto/.m2/repository/org/antlr/antlr4-runtime/4.13.0/antlr4-runtime-4.13.0.jar:/Users/andrereginatto/.m2/repository/org/springframework/data/spring-data-jpa/3.5.2/spring-data-jpa-3.5.2.jar:/Users/andrereginatto/.m2/repository/org/springframework/data/spring-data-commons/3.5.2/spring-data-commons-3.5.2.jar:/Users/andrereginatto/.m2/repository/org/springframework/spring-orm/6.2.9/spring-orm-6.2.9.jar:/Users/andrereginatto/.m2/repository/org/springframework/spring-context/6.2.9/spring-context-6.2.9.jar:/Users/andrereginatto/.m2/repository/org/springframework/spring-aop/6.2.9/spring-aop-6.2.9.jar:/Users/andrereginatto/.m2/repository/org/springframework/spring-tx/6.2.9/spring-tx-6.2.9.jar:/Users/andrereginatto/.m2/repository/org/springframework/spring-beans/6.2.9/spring-beans-6.2.9.jar:/Users/andrereginatto/.m2/repository/org/slf4j/slf4j-api/2.0.17/slf4j-api-2.0.17.jar:/Users/andrereginatto/.m2/repository/org/springframework/spring-aspects/6.2.9/spring-aspects-6.2.9.jar:/Users/andrereginatto/.m2/repository/org/aspectj/aspectjweaver/1.9.24/aspectjweaver-1.9.24.jar:/Users/andrereginatto/.m2/repository/org/springframework/boot/spring-boot-starter-web/3.5.4/spring-boot-starter-web-3.5.4.jar:/Users/andrereginatto/.m2/repository/org/springframework/boot/spring-boot-starter-json/3.5.4/spring-boot-starter-json-3.5.4.jar:/Users/andrereginatto/.m2/repository/com/fasterxml/jackson/core/jackson-databind/2.19.2/jackson-databind-2.19.2.jar:/Users/andrereginatto/.m2/repository/com/fasterxml/jackson/datatype/jackson-datatype-jdk8/2.19.2/jackson-datatype-jdk8-2.19.2.jar:/Users/andrereginatto/.m2/repository/com/fasterxml/jackson/module/jackson-module-parameter-names/2.19.2/jackson-module-parameter-names-2.19.2.jar:/Users/andrereginatto/.m2/repository/org/springframework/boot/spring-boot-starter-tomcat/3.5.4/spring-boot-starter-tomcat-3.5.4.jar:/Users/andrereginatto/.m2/repository/org/apache/tomcat/embed/tomcat-embed-core/10.1.43/tomcat-embed-core-10.1.43.jar:/Users/andrereginatto/.m2/repository/org/apache/tomcat/embed/tomcat-embed-el/10.1.43/tomcat-embed-el-10.1.43.jar:/Users/andrereginatto/.m2/repository/org/apache/tomcat/embed/tomcat-embed-websocket/10.1.43/tomcat-embed-websocket-10.1.43.jar:/Users/andrereginatto/.m2/repository/org/springframework/spring-web/6.2.9/spring-web-6.2.9.jar:/Users/andrereginatto/.m2/repository/io/micrometer/micrometer-observation/1.15.2/micrometer-observation-1.15.2.jar:/Users/andrereginatto/.m2/repository/io/micrometer/micrometer-commons/1.15.2/micrometer-commons-1.15.2.jar:/Users/andrereginatto/.m2/repository/org/springframework/spring-webmvc/6.2.9/spring-webmvc-6.2.9.jar:/Users/andrereginatto/.m2/repository/org/springframework/spring-expression/6.2.9/spring-expression-6.2.9.jar:/Users/andrereginatto/.m2/repository/org/flywaydb/flyway-core/11.7.2/flyway-core-11.7.2.jar:/Users/andrereginatto/.m2/repository/com/fasterxml/jackson/dataformat/jackson-dataformat-toml/2.19.2/jackson-dataformat-toml-2.19.2.jar:/Users/andrereginatto/.m2/repository/com/fasterxml/jackson/core/jackson-core/2.19.2/jackson-core-2.19.2.jar:/Users/andrereginatto/.m2/repository/com/fasterxml/jackson/datatype/jackson-datatype-jsr310/2.19.2/jackson-datatype-jsr310-2.19.2.jar:/Users/andrereginatto/.m2/repository/com/fasterxml/jackson/core/jackson-annotations/2.19.2/jackson-annotations-2.19.2.jar:/Users/andrereginatto/.m2/repository/org/flywaydb/flyway-mysql/11.7.2/flyway-mysql-11.7.2.jar:/Users/andrereginatto/.m2/repository/com/mysql/mysql-connector-j/9.3.0/mysql-connector-j-9.3.0.jar:/Users/andrereginatto/.m2/repository/org/projectlombok/lombok/1.18.38/lombok-1.18.38.jar:/Users/andrereginatto/.m2/repository/org/springframework/boot/spring-boot-starter-test/3.5.4/spring-boot-starter-test-3.5.4.jar:/Users/andrereginatto/.m2/repository/org/springframework/boot/spring-boot-test/3.5.4/spring-boot-test-3.5.4.jar:/Users/andrereginatto/.m2/repository/org/springframework/boot/spring-boot-test-autoconfigure/3.5.4/spring-boot-test-autoconfigure-3.5.4.jar:/Users/andrereginatto/.m2/repository/com/jayway/jsonpath/json-path/2.9.0/json-path-2.9.0.jar:/Users/andrereginatto/.m2/repository/jakarta/xml/bind/jakarta.xml.bind-api/4.0.2/jakarta.xml.bind-api-4.0.2.jar:/Users/andrereginatto/.m2/repository/jakarta/activation/jakarta.activation-api/2.1.3/jakarta.activation-api-2.1.3.jar:/Users/andrereginatto/.m2/repository/net/minidev/json-smart/2.5.2/json-smart-2.5.2.jar:/Users/andrereginatto/.m2/repository/net/minidev/accessors-smart/2.5.2/accessors-smart-2.5.2.jar:/Users/andrereginatto/.m2/repository/org/ow2/asm/asm/9.7.1/asm-9.7.1.jar:/Users/andrereginatto/.m2/repository/org/assertj/assertj-core/3.27.3/assertj-core-3.27.3.jar:/Users/andrereginatto/.m2/repository/org/awaitility/awaitility/4.2.2/awaitility-4.2.2.jar:/Users/andrereginatto/.m2/repository/org/hamcrest/hamcrest/3.0/hamcrest-3.0.jar:/Users/andrereginatto/.m2/repository/org/junit/jupiter/junit-jupiter/5.12.2/junit-jupiter-5.12.2.jar:/Users/andrereginatto/.m2/repository/org/junit/jupiter/junit-jupiter-api/5.12.2/junit-jupiter-api-5.12.2.jar:/Users/andrereginatto/.m2/repository/org/opentest4j/opentest4j/1.3.0/opentest4j-1.3.0.jar:/Users/andrereginatto/.m2/repository/org/junit/platform/junit-platform-commons/1.12.2/junit-platform-commons-1.12.2.jar:/Users/andrereginatto/.m2/repository/org/apiguardian/apiguardian-api/1.1.2/apiguardian-api-1.1.2.jar:/Users/andrereginatto/.m2/repository/org/junit/jupiter/junit-jupiter-params/5.12.2/junit-jupiter-params-5.12.2.jar:/Users/andrereginatto/.m2/repository/org/junit/jupiter/junit-jupiter-engine/5.12.2/junit-jupiter-engine-5.12.2.jar:/Users/andrereginatto/.m2/repository/org/junit/platform/junit-platform-engine/1.12.2/junit-platform-engine-1.12.2.jar:/Users/andrereginatto/.m2/repository/org/mockito/mockito-core/5.17.0/mockito-core-5.17.0.jar:/Users/andrereginatto/.m2/repository/net/bytebuddy/byte-buddy-agent/1.17.6/byte-buddy-agent-1.17.6.jar:/Users/andrereginatto/.m2/repository/org/objenesis/objenesis/3.3/objenesis-3.3.jar:/Users/andrereginatto/.m2/repository/org/mockito/mockito-junit-jupiter/5.17.0/mockito-junit-jupiter-5.17.0.jar:/Users/andrereginatto/.m2/repository/org/skyscreamer/jsonassert/1.5.3/jsonassert-1.5.3.jar:/Users/andrereginatto/.m2/repository/com/vaadin/external/google/android-json/0.0.20131108.vaadin1/android-json-0.0.20131108.vaadin1.jar:/Users/andrereginatto/.m2/repository/org/springframework/spring-core/6.2.9/spring-core-6.2.9.jar:/Users/andrereginatto/.m2/repository/org/springframework/spring-jcl/6.2.9/spring-jcl-6.2.9.jar:/Users/andrereginatto/.m2/repository/org/springframework/spring-test/6.2.9/spring-test-6.2.9.jar:/Users/andrereginatto/.m2/repository/org/xmlunit/xmlunit-core/2.10.3/xmlunit-core-2.10.3.jar:"/>
    <property name="java.vm.vendor" value="Oracle Corporation"/>
    <property name="sun.arch.data.model" value="64"/>
    <property name="java.vendor.url" value="https://java.oracle.com/"/>
    <property name="user.timezone" value="America/Sao_Paulo"/>
    <property name="org.jboss.logging.provider" value="slf4j"/>
    <property name="os.name" value="Mac OS X"/>
    <property name="java.vm.specification.version" value="23"/>
    <property name="APPLICATION_NAME" value="inventory-service"/>
    <property name="user.country" value="BR"/>
    <property name="sun.java.launcher" value="SUN_STANDARD"/>
    <property name="sun.boot.library.path" value="/Library/Java/JavaVirtualMachines/jdk-23.0.2.jdk/Contents/Home/lib"/>
    <property name="sun.java.command" value="/Users/andrereginatto/Desktop/projects/Spring-Microservices-Ticket-Booking-System/target/surefire/surefirebooter-20250819101122170_3.jar /Users/andrereginatto/Desktop/projects/Spring-Microservices-Ticket-Booking-System/target/surefire 2025-08-19T10-11-21_847-jvmRun1 surefire-20250819101122170_1tmp surefire_0-20250819101122170_2tmp"/>
    <property name="http.nonProxyHosts" value="local|*.local|169.254/16|*.169.254/16"/>
    <property name="jdk.debug" value="release"/>
    <property name="surefire.test.class.path" value="/Users/andrereginatto/Desktop/projects/Spring-Microservices-Ticket-Booking-System/target/test-classes:/Users/andrereginatto/Desktop/projects/Spring-Microservices-Ticket-Booking-System/target/classes:/Users/andrereginatto/.m2/repository/org/springframework/boot/spring-boot-starter-data-jpa/3.5.4/spring-boot-starter-data-jpa-3.5.4.jar:/Users/andrereginatto/.m2/repository/org/springframework/boot/spring-boot-starter/3.5.4/spring-boot-starter-3.5.4.jar:/Users/andrereginatto/.m2/repository/org/springframework/boot/spring-boot/3.5.4/spring-boot-3.5.4.jar:/Users/andrereginatto/.m2/repository/org/springframework/boot/spring-boot-autoconfigure/3.5.4/spring-boot-autoconfigure-3.5.4.jar:/Users/andrereginatto/.m2/repository/org/springframework/boot/spring-boot-starter-logging/3.5.4/spring-boot-starter-logging-3.5.4.jar:/Users/andrereginatto/.m2/repository/ch/qos/logback/logback-classic/1.5.18/logback-classic-1.5.18.jar:/Users/andrereginatto/.m2/repository/ch/qos/logback/logback-core/1.5.18/logback-core-1.5.18.jar:/Users/andrereginatto/.m2/repository/org/apache/logging/log4j/log4j-to-slf4j/2.24.3/log4j-to-slf4j-2.24.3.jar:/Users/andrereginatto/.m2/repository/org/apache/logging/log4j/log4j-api/2.24.3/log4j-api-2.24.3.jar:/Users/andrereginatto/.m2/repository/org/slf4j/jul-to-slf4j/2.0.17/jul-to-slf4j-2.0.17.jar:/Users/andrereginatto/.m2/repository/jakarta/annotation/jakarta.annotation-api/2.1.1/jakarta.annotation-api-2.1.1.jar:/Users/andrereginatto/.m2/repository/org/yaml/snakeyaml/2.4/snakeyaml-2.4.jar:/Users/andrereginatto/.m2/repository/org/springframework/boot/spring-boot-starter-jdbc/3.5.4/spring-boot-starter-jdbc-3.5.4.jar:/Users/andrereginatto/.m2/repository/com/zaxxer/HikariCP/6.3.1/HikariCP-6.3.1.jar:/Users/andrereginatto/.m2/repository/org/springframework/spring-jdbc/6.2.9/spring-jdbc-6.2.9.jar:/Users/andrereginatto/.m2/repository/org/hibernate/orm/hibernate-core/6.6.22.Final/hibernate-core-6.6.22.Final.jar:/Users/andrereginatto/.m2/repository/jakarta/persistence/jakarta.persistence-api/3.1.0/jakarta.persistence-api-3.1.0.jar:/Users/andrereginatto/.m2/repository/jakarta/transaction/jakarta.transaction-api/2.0.1/jakarta.transaction-api-2.0.1.jar:/Users/andrereginatto/.m2/repository/org/jboss/logging/jboss-logging/3.6.1.Final/jboss-logging-3.6.1.Final.jar:/Users/andrereginatto/.m2/repository/org/hibernate/common/hibernate-commons-annotations/7.0.3.Final/hibernate-commons-annotations-7.0.3.Final.jar:/Users/andrereginatto/.m2/repository/io/smallrye/jandex/3.2.0/jandex-3.2.0.jar:/Users/andrereginatto/.m2/repository/com/fasterxml/classmate/1.7.0/classmate-1.7.0.jar:/Users/andrereginatto/.m2/repository/net/bytebuddy/byte-buddy/1.17.6/byte-buddy-1.17.6.jar:/Users/andrereginatto/.m2/repository/org/glassfish/jaxb/jaxb-runtime/4.0.5/jaxb-runtime-4.0.5.jar:/Users/andrereginatto/.m2/repository/org/glassfish/jaxb/jaxb-core/4.0.5/jaxb-core-4.0.5.jar:/Users/andrereginatto/.m2/repository/org/eclipse/angus/angus-activation/2.0.2/angus-activation-2.0.2.jar:/Users/andrereginatto/.m2/repository/org/glassfish/jaxb/txw2/4.0.5/txw2-4.0.5.jar:/Users/andrereginatto/.m2/repository/com/sun/istack/istack-commons-runtime/4.1.2/istack-commons-runtime-4.1.2.jar:/Users/andrereginatto/.m2/repository/jakarta/inject/jakarta.inject-api/2.0.1/jakarta.inject-api-2.0.1.jar:/Users/andrereginatto/.m2/repository/org/antlr/antlr4-runtime/4.13.0/antlr4-runtime-4.13.0.jar:/Users/andrereginatto/.m2/repository/org/springframework/data/spring-data-jpa/3.5.2/spring-data-jpa-3.5.2.jar:/Users/andrereginatto/.m2/repository/org/springframework/data/spring-data-commons/3.5.2/spring-data-commons-3.5.2.jar:/Users/andrereginatto/.m2/repository/org/springframework/spring-orm/6.2.9/spring-orm-6.2.9.jar:/Users/andrereginatto/.m2/repository/org/springframework/spring-context/6.2.9/spring-context-6.2.9.jar:/Users/andrereginatto/.m2/repository/org/springframework/spring-aop/6.2.9/spring-aop-6.2.9.jar:/Users/andrereginatto/.m2/repository/org/springframework/spring-tx/6.2.9/spring-tx-6.2.9.jar:/Users/andrereginatto/.m2/repository/org/springframework/spring-beans/6.2.9/spring-beans-6.2.9.jar:/Users/andrereginatto/.m2/repository/org/slf4j/slf4j-api/2.0.17/slf4j-api-2.0.17.jar:/Users/andrereginatto/.m2/repository/org/springframework/spring-aspects/6.2.9/spring-aspects-6.2.9.jar:/Users/andrereginatto/.m2/repository/org/aspectj/aspectjweaver/1.9.24/aspectjweaver-1.9.24.jar:/Users/andrereginatto/.m2/repository/org/springframework/boot/spring-boot-starter-web/3.5.4/spring-boot-starter-web-3.5.4.jar:/Users/andrereginatto/.m2/repository/org/springframework/boot/spring-boot-starter-json/3.5.4/spring-boot-starter-json-3.5.4.jar:/Users/andrereginatto/.m2/repository/com/fasterxml/jackson/core/jackson-databind/2.19.2/jackson-databind-2.19.2.jar:/Users/andrereginatto/.m2/repository/com/fasterxml/jackson/datatype/jackson-datatype-jdk8/2.19.2/jackson-datatype-jdk8-2.19.2.jar:/Users/andrereginatto/.m2/repository/com/fasterxml/jackson/module/jackson-module-parameter-names/2.19.2/jackson-module-parameter-names-2.19.2.jar:/Users/andrereginatto/.m2/repository/org/springframework/boot/spring-boot-starter-tomcat/3.5.4/spring-boot-starter-tomcat-3.5.4.jar:/Users/andrereginatto/.m2/repository/org/apache/tomcat/embed/tomcat-embed-core/10.1.43/tomcat-embed-core-10.1.43.jar:/Users/andrereginatto/.m2/repository/org/apache/tomcat/embed/tomcat-embed-el/10.1.43/tomcat-embed-el-10.1.43.jar:/Users/andrereginatto/.m2/repository/org/apache/tomcat/embed/tomcat-embed-websocket/10.1.43/tomcat-embed-websocket-10.1.43.jar:/Users/andrereginatto/.m2/repository/org/springframework/spring-web/6.2.9/spring-web-6.2.9.jar:/Users/andrereginatto/.m2/repository/io/micrometer/micrometer-observation/1.15.2/micrometer-observation-1.15.2.jar:/Users/andrereginatto/.m2/repository/io/micrometer/micrometer-commons/1.15.2/micrometer-commons-1.15.2.jar:/Users/andrereginatto/.m2/repository/org/springframework/spring-webmvc/6.2.9/spring-webmvc-6.2.9.jar:/Users/andrereginatto/.m2/repository/org/springframework/spring-expression/6.2.9/spring-expression-6.2.9.jar:/Users/andrereginatto/.m2/repository/org/flywaydb/flyway-core/11.7.2/flyway-core-11.7.2.jar:/Users/andrereginatto/.m2/repository/com/fasterxml/jackson/dataformat/jackson-dataformat-toml/2.19.2/jackson-dataformat-toml-2.19.2.jar:/Users/andrereginatto/.m2/repository/com/fasterxml/jackson/core/jackson-core/2.19.2/jackson-core-2.19.2.jar:/Users/andrereginatto/.m2/repository/com/fasterxml/jackson/datatype/jackson-datatype-jsr310/2.19.2/jackson-datatype-jsr310-2.19.2.jar:/Users/andrereginatto/.m2/repository/com/fasterxml/jackson/core/jackson-annotations/2.19.2/jackson-annotations-2.19.2.jar:/Users/andrereginatto/.m2/repository/org/flywaydb/flyway-mysql/11.7.2/flyway-mysql-11.7.2.jar:/Users/andrereginatto/.m2/repository/com/mysql/mysql-connector-j/9.3.0/mysql-connector-j-9.3.0.jar:/Users/andrereginatto/.m2/repository/org/projectlombok/lombok/1.18.38/lombok-1.18.38.jar:/Users/andrereginatto/.m2/repository/org/springframework/boot/spring-boot-starter-test/3.5.4/spring-boot-starter-test-3.5.4.jar:/Users/andrereginatto/.m2/repository/org/springframework/boot/spring-boot-test/3.5.4/spring-boot-test-3.5.4.jar:/Users/andrereginatto/.m2/repository/org/springframework/boot/spring-boot-test-autoconfigure/3.5.4/spring-boot-test-autoconfigure-3.5.4.jar:/Users/andrereginatto/.m2/repository/com/jayway/jsonpath/json-path/2.9.0/json-path-2.9.0.jar:/Users/andrereginatto/.m2/repository/jakarta/xml/bind/jakarta.xml.bind-api/4.0.2/jakarta.xml.bind-api-4.0.2.jar:/Users/andrereginatto/.m2/repository/jakarta/activation/jakarta.activation-api/2.1.3/jakarta.activation-api-2.1.3.jar:/Users/andrereginatto/.m2/repository/net/minidev/json-smart/2.5.2/json-smart-2.5.2.jar:/Users/andrereginatto/.m2/repository/net/minidev/accessors-smart/2.5.2/accessors-smart-2.5.2.jar:/Users/andrereginatto/.m2/repository/org/ow2/asm/asm/9.7.1/asm-9.7.1.jar:/Users/andrereginatto/.m2/repository/org/assertj/assertj-core/3.27.3/assertj-core-3.27.3.jar:/Users/andrereginatto/.m2/repository/org/awaitility/awaitility/4.2.2/awaitility-4.2.2.jar:/Users/andrereginatto/.m2/repository/org/hamcrest/hamcrest/3.0/hamcrest-3.0.jar:/Users/andrereginatto/.m2/repository/org/junit/jupiter/junit-jupiter/5.12.2/junit-jupiter-5.12.2.jar:/Users/andrereginatto/.m2/repository/org/junit/jupiter/junit-jupiter-api/5.12.2/junit-jupiter-api-5.12.2.jar:/Users/andrereginatto/.m2/repository/org/opentest4j/opentest4j/1.3.0/opentest4j-1.3.0.jar:/Users/andrereginatto/.m2/repository/org/junit/platform/junit-platform-commons/1.12.2/junit-platform-commons-1.12.2.jar:/Users/andrereginatto/.m2/repository/org/apiguardian/apiguardian-api/1.1.2/apiguardian-api-1.1.2.jar:/Users/andrereginatto/.m2/repository/org/junit/jupiter/junit-jupiter-params/5.12.2/junit-jupiter-params-5.12.2.jar:/Users/andrereginatto/.m2/repository/org/junit/jupiter/junit-jupiter-engine/5.12.2/junit-jupiter-engine-5.12.2.jar:/Users/andrereginatto/.m2/repository/org/junit/platform/junit-platform-engine/1.12.2/junit-platform-engine-1.12.2.jar:/Users/andrereginatto/.m2/repository/org/mockito/mockito-core/5.17.0/mockito-core-5.17.0.jar:/Users/andrereginatto/.m2/repository/net/bytebuddy/byte-buddy-agent/1.17.6/byte-buddy-agent-1.17.6.jar:/Users/andrereginatto/.m2/repository/org/objenesis/objenesis/3.3/objenesis-3.3.jar:/Users/andrereginatto/.m2/repository/org/mockito/mockito-junit-jupiter/5.17.0/mockito-junit-jupiter-5.17.0.jar:/Users/andrereginatto/.m2/repository/org/skyscreamer/jsonassert/1.5.3/jsonassert-1.5.3.jar:/Users/andrereginatto/.m2/repository/com/vaadin/external/google/android-json/0.0.20131108.vaadin1/android-json-0.0.20131108.vaadin1.jar:/Users/andrereginatto/.m2/repository/org/springframework/spring-core/6.2.9/spring-core-6.2.9.jar:/Users/andrereginatto/.m2/repository/org/springframework/spring-jcl/6.2.9/spring-jcl-6.2.9.jar:/Users/andrereginatto/.m2/repository/org/springframework/spring-test/6.2.9/spring-test-6.2.9.jar:/Users/andrereginatto/.m2/repository/org/xmlunit/xmlunit-core/2.10.3/xmlunit-core-2.10.3.jar:"/>
    <property name="sun.cpu.endian" value="little"/>
    <property name="user.home" value="/Users/andrereginatto"/>
    <property name="user.language" value="en"/>
    <property name="java.specification.vendor" value="Oracle Corporation"/>
    <property name="java.version.date" value="2025-01-21"/>
    <property name="java.home" value="/Library/Java/JavaVirtualMachines/jdk-23.0.2.jdk/Contents/Home"/>
    <property name="file.separator" value="/"/>
    <property name="basedir" value="/Users/andrereginatto/Desktop/projects/Spring-Microservices-Ticket-Booking-System"/>
    <property name="style.color" value="always"/>
    <property name="java.vm.compressedOopsMode" value="Zero based"/>
    <property name="line.separator" value="&#10;"/>
    <property name="java.vm.specification.vendor" value="Oracle Corporation"/>
    <property name="java.specification.name" value="Java Platform API Specification"/>
    <property name="FILE_LOG_CHARSET" value="UTF-8"/>
    <property name="java.awt.headless" value="true"/>
    <property name="apple.awt.application.name" value="ForkedBooter"/>
    <property name="surefire.real.class.path" value="/Users/andrereginatto/Desktop/projects/Spring-Microservices-Ticket-Booking-System/target/surefire/surefirebooter-20250819101122170_3.jar"/>
    <property name="polyglot.engine.WarnInterpreterOnly" value="false"/>
    <property name="sun.management.compiler" value="HotSpot 64-Bit Tiered Compilers"/>
    <property name="ftp.nonProxyHosts" value="local|*.local|169.254/16|*.169.254/16"/>
    <property name="java.runtime.version" value="23.0.2+7-58"/>
    <property name="user.name" value="andrereginatto"/>
    <property name="stdout.encoding" value="UTF-8"/>
    <property name="path.separator" value=":"/>
    <property name="os.version" value="15.5"/>
    <property name="java.runtime.name" value="OpenJDK Runtime Environment"/>
    <property name="file.encoding" value="UTF-8"/>
    <property name="java.vm.name" value="OpenJDK 64-Bit Server VM"/>
    <property name="maven.ext.class.path" value="/Applications/IntelliJ IDEA CE.app/Contents/plugins/maven/lib/maven-event-listener.jar"/>
    <property name="localRepository" value="/Users/andrereginatto/.m2/repository"/>
    <property name="java.vendor.url.bug" value="https://bugreport.java.com/bugreport/"/>
    <property name="java.io.tmpdir" value="/var/folders/16/7x37s4pd5r789nx168pxd4fc0000gn/T/"/>
    <property name="idea.version" value="2025.2"/>
    <property name="com.zaxxer.hikari.pool_number" value="1"/>
    <property name="java.version" value="23.0.2"/>
    <property name="user.dir" value="/Users/andrereginatto/Desktop/projects/Spring-Microservices-Ticket-Booking-System"/>
    <property name="os.arch" value="aarch64"/>
    <property name="jansi.passthrough" value="true"/>
    <property name="java.vm.specification.name" value="Java Virtual Machine Specification"/>
    <property name="PID" value="4270"/>
    <property name="CONSOLE_LOG_CHARSET" value="UTF-8"/>
    <property name="native.encoding" value="UTF-8"/>
    <property name="java.library.path" value="/Users/andrereginatto/Library/Java/Extensions:/Library/Java/Extensions:/Network/Library/Java/Extensions:/System/Library/Java/Extensions:/usr/lib/java:."/>
    <property name="java.vm.info" value="mixed mode, sharing"/>
    <property name="stderr.encoding" value="UTF-8"/>
    <property name="java.vendor" value="Oracle Corporation"/>
    <property name="java.vm.version" value="23.0.2+7-58"/>
    <property name="sun.io.unicode.encoding" value="UnicodeBig"/>
    <property name="socksNonProxyHosts" value="local|*.local|169.254/16|*.169.254/16"/>
    <property name="java.class.version" value="67.0"/>
    <property name="LOGGED_APPLICATION_NAME" value="[inventory-service] "/>
  </properties>
  <testcase name="contextLoads" classname="com.example.inventory_service.InventoryServiceApplicationTests" time="0.258">
    <system-out><![CDATA[10:11:22.487 [main] INFO org.springframework.test.context.support.AnnotationConfigContextLoaderUtils -- Could not detect default configuration classes for test class [com.example.inventory_service.InventoryServiceApplicationTests]: InventoryServiceApplicationTests does not declare any static, non-private, non-final, nested classes annotated with @Configuration.
10:11:22.536 [main] INFO org.springframework.boot.test.context.SpringBootTestContextBootstrapper -- Found @SpringBootConfiguration com.example.inventory_service.InventoryServiceApplication for test class com.example.inventory_service.InventoryServiceApplicationTests

  .   ____          _            __ _ _
 /\\ / ___'_ __ _ _(_)_ __  __ _ \ \ \ \
( ( )\___ | '_ | '_| | '_ \/ _` | \ \ \ \
 \\/  ___)| |_)| | | | | || (_| |  ) ) ) )
  '  |____| .__|_| |_|_| |_\__, | / / / /
 =========|_|==============|___/=/_/_/_/

 :: Spring Boot ::                (v3.5.4)

2025-08-19T10:11:22.702-03:00  INFO 4270 --- [inventory-service] [           main] c.e.i.InventoryServiceApplicationTests   : Starting InventoryServiceApplicationTests using Java 23.0.2 with PID 4270 (started by andrereginatto in /Users/andrereginatto/Desktop/projects/Spring-Microservices-Ticket-Booking-System)
2025-08-19T10:11:22.703-03:00 DEBUG 4270 --- [inventory-service] [           main] c.e.i.InventoryServiceApplicationTests   : Running with Spring Boot v3.5.4, Spring v6.2.9
2025-08-19T10:11:22.703-03:00  INFO 4270 --- [inventory-service] [           main] c.e.i.InventoryServiceApplicationTests   : No active profile set, falling back to 1 default profile: "default"
2025-08-19T10:11:22.703-03:00 DEBUG 4270 --- [inventory-service] [           main] o.s.boot.SpringApplication               : Loading source class com.example.inventory_service.InventoryServiceApplication
2025-08-19T10:11:22.715-03:00 DEBUG 4270 --- [inventory-service] [           main] o.s.w.c.s.GenericWebApplicationContext   : Refreshing org.springframework.web.context.support.GenericWebApplicationContext@55a8dc49
2025-08-19T10:11:22.723-03:00 DEBUG 4270 --- [inventory-service] [           main] o.s.b.f.s.DefaultListableBeanFactory     : Creating shared instance of singleton bean 'org.springframework.context.annotation.internalConfigurationAnnotationProcessor'
2025-08-19T10:11:22.729-03:00 DEBUG 4270 --- [inventory-service] [           main] o.s.b.f.s.DefaultListableBeanFactory     : Creating shared instance of singleton bean 'org.springframework.boot.autoconfigure.internalCachingMetadataReaderFactory'
2025-08-19T10:11:22.747-03:00 DEBUG 4270 --- [inventory-service] [           main] o.s.c.a.ClassPathBeanDefinitionScanner   : Identified candidate component class: file [/Users/andrereginatto/Desktop/projects/Spring-Microservices-Ticket-Booking-System/target/classes/com/example/inventory_service/controllers/InventoryController.class]
2025-08-19T10:11:22.748-03:00 DEBUG 4270 --- [inventory-service] [           main] o.s.c.a.ClassPathBeanDefinitionScanner   : Ignored because not a concrete top-level class: file [/Users/andrereginatto/Desktop/projects/Spring-Microservices-Ticket-Booking-System/target/classes/com/example/inventory_service/repositories/VenueRepository.class]
2025-08-19T10:11:22.750-03:00 DEBUG 4270 --- [inventory-service] [           main] o.s.c.a.ClassPathBeanDefinitionScanner   : Identified candidate component class: file [/Users/andrereginatto/Desktop/projects/Spring-Microservices-Ticket-Booking-System/target/classes/com/example/inventory_service/services/InventoryService.class]
2025-08-19T10:11:22.950-03:00  INFO 4270 --- [inventory-service] [           main] .s.d.r.c.RepositoryConfigurationDelegate : Bootstrapping Spring Data JPA repositories in DEFAULT mode.
2025-08-19T10:11:22.954-03:00 DEBUG 4270 --- [inventory-service] [           main] o.s.b.f.s.DefaultListableBeanFactory     : Creating shared instance of singleton bean 'org.springframework.boot.autoconfigure.AutoConfigurationPackages'
2025-08-19T10:11:22.958-03:00 DEBUG 4270 --- [inventory-service] [           main] o.s.b.a.AutoConfigurationPackages        : @EnableAutoConfiguration was declared on a class in the package 'com.example.inventory_service'. Automatic @Repository and @Entity scanning is enabled.
2025-08-19T10:11:22.958-03:00 DEBUG 4270 --- [inventory-service] [           main] .s.d.r.c.RepositoryConfigurationDelegate : Scanning for JPA repositories in packages com.example.inventory_service.
2025-08-19T10:11:22.962-03:00 DEBUG 4270 --- [inventory-service] [           main] o.s.d.r.c.RepositoryComponentProvider    : Identified candidate component class: file [/Users/andrereginatto/Desktop/projects/Spring-Microservices-Ticket-Booking-System/target/classes/com/example/inventory_service/repositories/EventRepository.class]
2025-08-19T10:11:22.962-03:00 DEBUG 4270 --- [inventory-service] [           main] o.s.d.r.c.RepositoryComponentProvider    : Identified candidate component class: file [/Users/andrereginatto/Desktop/projects/Spring-Microservices-Ticket-Booking-System/target/classes/com/example/inventory_service/repositories/VenueRepository.class]
2025-08-19T10:11:22.975-03:00  INFO 4270 --- [inventory-service] [           main] .s.d.r.c.RepositoryConfigurationDelegate : Finished Spring Data repository scanning in 16 ms. Found 2 JPA repository interfaces.
2025-08-19T10:11:23.021-03:00 DEBUG 4270 --- [inventory-service] [           main] o.s.b.f.s.DefaultListableBeanFactory     : Creating shared instance of singleton bean 'propertySourcesPlaceholderConfigurer'
2025-08-19T10:11:23.024-03:00 DEBUG 4270 --- [inventory-service] [           main] o.s.b.f.s.DefaultListableBeanFactory     : Creating shared instance of singleton bean 'org.springframework.boot.test.mock.mockito.MockitoPostProcessor'
2025-08-19T10:11:23.024-03:00 DEBUG 4270 --- [inventory-service] [           main] o.s.b.f.s.DefaultListableBeanFactory     : Creating shared instance of singleton bean 'emBeanDefinitionRegistrarPostProcessor'
2025-08-19T10:11:23.024-03:00 DEBUG 4270 --- [inventory-service] [           main] o.s.b.f.s.DefaultListableBeanFactory     : Creating shared instance of singleton bean 'org.springframework.boot.sql.init.dependency.DatabaseInitializationDependencyConfigurer$DependsOnDatabaseInitializationPostProcessor'
2025-08-19T10:11:23.041-03:00 DEBUG 4270 --- [inventory-service] [           main] o.s.b.f.s.DefaultListableBeanFactory     : Creating shared instance of singleton bean 'org.springframework.context.event.internalEventListenerProcessor'
2025-08-19T10:11:23.042-03:00 DEBUG 4270 --- [inventory-service] [           main] o.s.b.f.s.DefaultListableBeanFactory     : Creating shared instance of singleton bean 'bootstrapExecutorAliasPostProcessor'
2025-08-19T10:11:23.042-03:00 DEBUG 4270 --- [inventory-service] [           main] o.s.b.f.s.DefaultListableBeanFactory     : Creating shared instance of singleton bean 'preserveErrorControllerTargetClassPostProcessor'
2025-08-19T10:11:23.042-03:00 DEBUG 4270 --- [inventory-service] [           main] o.s.b.f.s.DefaultListableBeanFactory     : Creating shared instance of singleton bean 'org.springframework.context.event.internalEventListenerFactory'
2025-08-19T10:11:23.042-03:00 DEBUG 4270 --- [inventory-service] [           main] o.s.b.f.s.DefaultListableBeanFactory     : Creating shared instance of singleton bean 'org.springframework.transaction.config.internalTransactionalEventListenerFactory'
2025-08-19T10:11:23.044-03:00 DEBUG 4270 --- [inventory-service] [           main] o.s.b.f.s.DefaultListableBeanFactory     : Creating shared instance of singleton bean 'org.springframework.boot.test.mock.mockito.MockitoPostProcessor$SpyPostProcessor'
2025-08-19T10:11:23.044-03:00 DEBUG 4270 --- [inventory-service] [           main] o.s.b.f.s.DefaultListableBeanFactory     : Creating shared instance of singleton bean 'org.springframework.context.annotation.internalAutowiredAnnotationProcessor'
2025-08-19T10:11:23.045-03:00 DEBUG 4270 --- [inventory-service] [           main] o.s.b.f.s.DefaultListableBeanFactory     : Creating shared instance of singleton bean 'org.springframework.context.annotation.internalCommonAnnotationProcessor'
2025-08-19T10:11:23.046-03:00 DEBUG 4270 --- [inventory-service] [           main] o.s.b.f.s.DefaultListableBeanFactory     : Creating shared instance of singleton bean 'org.springframework.context.annotation.internalPersistenceAnnotationProcessor'
2025-08-19T10:11:23.046-03:00 DEBUG 4270 --- [inventory-service] [           main] o.s.b.f.s.DefaultListableBeanFactory     : Creating shared instance of singleton bean 'org.springframework.boot.context.properties.ConfigurationPropertiesBindingPostProcessor'
2025-08-19T10:11:23.046-03:00 DEBUG 4270 --- [inventory-service] [           main] o.s.b.f.s.DefaultListableBeanFactory     : Creating shared instance of singleton bean 'org.springframework.boot.context.internalConfigurationPropertiesBinder'
2025-08-19T10:11:23.047-03:00 DEBUG 4270 --- [inventory-service] [           main] o.s.b.f.s.DefaultListableBeanFactory     : Creating shared instance of singleton bean 'jdbcConnectionDetailsHikariBeanPostProcessor'
2025-08-19T10:11:23.048-03:00 DEBUG 4270 --- [inventory-service] [           main] o.s.b.f.s.DefaultListableBeanFactory     : Creating shared instance of singleton bean 'org.springframework.aop.config.internalAutoProxyCreator'
2025-08-19T10:11:23.056-03:00 DEBUG 4270 --- [inventory-service] [           main] o.s.b.f.s.DefaultListableBeanFactory     : Creating shared instance of singleton bean 'persistenceExceptionTranslationPostProcessor'
2025-08-19T10:11:23.057-03:00 DEBUG 4270 --- [inventory-service] [           main] o.s.b.f.s.DefaultListableBeanFactory     : Autowiring by type from bean name 'persistenceExceptionTranslationPostProcessor' via factory method to bean named 'environment'
2025-08-19T10:11:23.058-03:00 DEBUG 4270 --- [inventory-service] [           main] o.s.b.f.s.DefaultListableBeanFactory     : Creating shared instance of singleton bean 'webServerFactoryCustomizerBeanPostProcessor'
2025-08-19T10:11:23.058-03:00 DEBUG 4270 --- [inventory-service] [           main] o.s.b.f.s.DefaultListableBeanFactory     : Creating shared instance of singleton bean 'errorPageRegistrarBeanPostProcessor'
2025-08-19T10:11:23.058-03:00 DEBUG 4270 --- [inventory-service] [           main] o.s.b.f.s.DefaultListableBeanFactory     : Creating shared instance of singleton bean 'projectingArgumentResolverBeanPostProcessor'
2025-08-19T10:11:23.059-03:00 DEBUG 4270 --- [inventory-service] [           main] o.s.b.f.s.DefaultListableBeanFactory     : Creating shared instance of singleton bean 'org.springframework.transaction.config.internalTransactionAdvisor'
2025-08-19T10:11:23.059-03:00 DEBUG 4270 --- [inventory-service] [           main] o.s.b.f.s.DefaultListableBeanFactory     : Creating shared instance of singleton bean 'org.springframework.transaction.annotation.ProxyTransactionManagementConfiguration'
2025-08-19T10:11:23.067-03:00 DEBUG 4270 --- [inventory-service] [           main] o.s.b.f.s.DefaultListableBeanFactory     : Creating shared instance of singleton bean 'transactionAttributeSource'
2025-08-19T10:11:23.068-03:00 DEBUG 4270 --- [inventory-service] [           main] o.s.b.f.s.DefaultListableBeanFactory     : Creating shared instance of singleton bean 'transactionInterceptor'
2025-08-19T10:11:23.068-03:00 DEBUG 4270 --- [inventory-service] [           main] o.s.b.f.s.DefaultListableBeanFactory     : Autowiring by type from bean name 'transactionInterceptor' via factory method to bean named 'transactionAttributeSource'
2025-08-19T10:11:23.070-03:00 DEBUG 4270 --- [inventory-service] [           main] o.s.b.f.s.DefaultListableBeanFactory     : Autowiring by type from bean name 'org.springframework.transaction.config.internalTransactionAdvisor' via factory method to bean named 'transactionAttributeSource'
2025-08-19T10:11:23.070-03:00 DEBUG 4270 --- [inventory-service] [           main] o.s.b.f.s.DefaultListableBeanFactory     : Autowiring by type from bean name 'org.springframework.transaction.config.internalTransactionAdvisor' via factory method to bean named 'transactionInterceptor'
2025-08-19T10:11:23.077-03:00 DEBUG 4270 --- [inventory-service] [           main] o.s.u.c.s.UiApplicationContextUtils      : Unable to locate ThemeSource with name 'themeSource': using default [org.springframework.ui.context.support.ResourceBundleThemeSource@1f1cddf3]
2025-08-19T10:11:23.077-03:00 DEBUG 4270 --- [inventory-service] [           main] o.s.b.f.s.DefaultListableBeanFactory     : Creating shared instance of singleton bean 'applicationTaskExecutor'
2025-08-19T10:11:23.077-03:00 DEBUG 4270 --- [inventory-service] [           main] o.s.b.f.s.DefaultListableBeanFactory     : Creating shared instance of singleton bean 'org.springframework.boot.autoconfigure.task.TaskExecutorConfigurations$TaskExecutorConfiguration'
2025-08-19T10:11:23.078-03:00 DEBUG 4270 --- [inventory-service] [           main] o.s.b.f.s.DefaultListableBeanFactory     : Creating shared instance of singleton bean 'threadPoolTaskExecutorBuilder'
2025-08-19T10:11:23.078-03:00 DEBUG 4270 --- [inventory-service] [           main] o.s.b.f.s.DefaultListableBeanFactory     : Creating shared instance of singleton bean 'org.springframework.boot.autoconfigure.task.TaskExecutorConfigurations$ThreadPoolTaskExecutorBuilderConfiguration'
2025-08-19T10:11:23.079-03:00 DEBUG 4270 --- [inventory-service] [           main] o.s.b.f.s.DefaultListableBeanFactory     : Creating shared instance of singleton bean 'spring.task.execution-org.springframework.boot.autoconfigure.task.TaskExecutionProperties'
2025-08-19T10:11:23.079-03:00 DEBUG 4270 --- [inventory-service] [           main] o.s.b.f.s.DefaultListableBeanFactory     : Creating shared instance of singleton bean 'org.springframework.boot.context.properties.BoundConfigurationProperties'
2025-08-19T10:11:23.081-03:00 DEBUG 4270 --- [inventory-service] [           main] o.s.b.f.s.DefaultListableBeanFactory     : Creating shared instance of singleton bean 'stringOrNumberMigrationVersionConverter'
2025-08-19T10:11:23.083-03:00 DEBUG 4270 --- [inventory-service] [           main] o.s.b.f.s.DefaultListableBeanFactory     : Autowiring by type from bean name 'threadPoolTaskExecutorBuilder' via factory method to bean named 'spring.task.execution-org.springframework.boot.autoconfigure.task.TaskExecutionProperties'
2025-08-19T10:11:23.085-03:00 DEBUG 4270 --- [inventory-service] [           main] o.s.b.f.s.DefaultListableBeanFactory     : Autowiring by type from bean name 'applicationTaskExecutor' via factory method to bean named 'threadPoolTaskExecutorBuilder'
2025-08-19T10:11:23.087-03:00 DEBUG 4270 --- [inventory-service] [           main] o.s.s.concurrent.ThreadPoolTaskExecutor  : Initializing ExecutorService 'applicationTaskExecutor'
2025-08-19T10:11:23.090-03:00 DEBUG 4270 --- [inventory-service] [           main] o.s.b.f.s.DefaultListableBeanFactory     : Creating shared instance of singleton bean 'org.springframework.test.context.support.internalDynamicPropertyRegistrarBeanInitializer'
2025-08-19T10:11:23.091-03:00 DEBUG 4270 --- [inventory-service] [           main] o.s.b.f.s.DefaultListableBeanFactory     : Creating shared instance of singleton bean 'flyway'
2025-08-19T10:11:23.091-03:00 DEBUG 4270 --- [inventory-service] [           main] o.s.b.f.s.DefaultListableBeanFactory     : Creating shared instance of singleton bean 'org.springframework.boot.autoconfigure.flyway.FlywayAutoConfiguration$FlywayConfiguration'
2025-08-19T10:11:23.091-03:00 DEBUG 4270 --- [inventory-service] [           main] o.s.b.f.s.DefaultListableBeanFactory     : Creating shared instance of singleton bean 'spring.flyway-org.springframework.boot.autoconfigure.flyway.FlywayProperties'
2025-08-19T10:11:23.096-03:00 DEBUG 4270 --- [inventory-service] [           main] o.s.b.f.s.DefaultListableBeanFactory     : Autowiring by type from bean name 'org.springframework.boot.autoconfigure.flyway.FlywayAutoConfiguration$FlywayConfiguration' via constructor to bean named 'spring.flyway-org.springframework.boot.autoconfigure.flyway.FlywayProperties'
2025-08-19T10:11:23.098-03:00 DEBUG 4270 --- [inventory-service] [           main] o.s.b.f.s.DefaultListableBeanFactory     : Creating shared instance of singleton bean 'flywayConnectionDetails'
2025-08-19T10:11:23.098-03:00 DEBUG 4270 --- [inventory-service] [           main] o.s.b.f.s.DefaultListableBeanFactory     : Creating shared instance of singleton bean 'resourceProviderCustomizer'
2025-08-19T10:11:23.098-03:00 DEBUG 4270 --- [inventory-service] [           main] o.s.b.f.s.DefaultListableBeanFactory     : Autowiring by type from bean name 'flyway' via factory method to bean named 'flywayConnectionDetails'
2025-08-19T10:11:23.099-03:00 DEBUG 4270 --- [inventory-service] [           main] o.s.b.f.s.DefaultListableBeanFactory     : Autowiring by type from bean name 'flyway' via factory method to bean named 'org.springframework.web.context.support.GenericWebApplicationContext@55a8dc49'
2025-08-19T10:11:23.099-03:00 DEBUG 4270 --- [inventory-service] [           main] o.s.b.f.s.DefaultListableBeanFactory     : Autowiring by type from bean name 'flyway' via factory method to bean named 'resourceProviderCustomizer'
2025-08-19T10:11:23.104-03:00 DEBUG 4270 --- [inventory-service] [           main] o.s.b.f.s.DefaultListableBeanFactory     : Creating shared instance of singleton bean 'dataSource'
2025-08-19T10:11:23.104-03:00 DEBUG 4270 --- [inventory-service] [           main] o.s.b.f.s.DefaultListableBeanFactory     : Creating shared instance of singleton bean 'org.springframework.boot.autoconfigure.jdbc.DataSourceConfiguration$Hikari'
2025-08-19T10:11:23.104-03:00 DEBUG 4270 --- [inventory-service] [           main] o.s.b.f.s.DefaultListableBeanFactory     : Creating shared instance of singleton bean 'spring.datasource-org.springframework.boot.autoconfigure.jdbc.DataSourceProperties'
2025-08-19T10:11:23.107-03:00 DEBUG 4270 --- [inventory-service] [           main] o.s.b.f.s.DefaultListableBeanFactory     : Creating shared instance of singleton bean 'jdbcConnectionDetails'
2025-08-19T10:11:23.107-03:00 DEBUG 4270 --- [inventory-service] [           main] o.s.b.f.s.DefaultListableBeanFactory     : Creating shared instance of singleton bean 'org.springframework.boot.autoconfigure.jdbc.DataSourceAutoConfiguration$PooledDataSourceConfiguration'
2025-08-19T10:11:23.107-03:00 DEBUG 4270 --- [inventory-service] [           main] o.s.b.f.s.DefaultListableBeanFactory     : Autowiring by type from bean name 'jdbcConnectionDetails' via factory method to bean named 'spring.datasource-org.springframework.boot.autoconfigure.jdbc.DataSourceProperties'
2025-08-19T10:11:23.108-03:00 DEBUG 4270 --- [inventory-service] [           main] o.s.b.f.s.DefaultListableBeanFactory     : Autowiring by type from bean name 'dataSource' via factory method to bean named 'spring.datasource-org.springframework.boot.autoconfigure.jdbc.DataSourceProperties'
2025-08-19T10:11:23.108-03:00 DEBUG 4270 --- [inventory-service] [           main] o.s.b.f.s.DefaultListableBeanFactory     : Autowiring by type from bean name 'dataSource' via factory method to bean named 'jdbcConnectionDetails'
2025-08-19T10:11:23.108-03:00 DEBUG 4270 --- [inventory-service] [           main] o.s.b.f.s.DefaultListableBeanFactory     : Autowiring by type from bean name 'dataSource' via factory method to bean named 'environment'
2025-08-19T10:11:23.110-03:00 DEBUG 4270 --- [inventory-service] [           main] com.zaxxer.hikari.HikariConfig           : Class com.mysql.cj.jdbc.Driver found in Thread context class loader jdk.internal.loader.ClassLoaders$AppClassLoader@18ff02e4
2025-08-19T10:11:23.165-03:00 DEBUG 4270 --- [inventory-service] [           main] o.s.b.f.s.DefaultListableBeanFactory     : Creating shared instance of singleton bean 'flywayInitializer'
2025-08-19T10:11:23.165-03:00 DEBUG 4270 --- [inventory-service] [           main] o.s.b.f.s.DefaultListableBeanFactory     : Autowiring by type from bean name 'flywayInitializer' via factory method to bean named 'flyway'
2025-08-19T10:11:23.167-03:00 DEBUG 4270 --- [inventory-service] [           main] o.f.c.i.s.classpath.ClassPathScanner     : Scanning for classpath resources at 'classpath:db/callback' ...
2025-08-19T10:11:23.168-03:00 DEBUG 4270 --- [inventory-service] [           main] o.f.c.i.s.classpath.ClassPathScanner     : Determining location urls for classpath:db/callback using ClassLoader jdk.internal.loader.ClassLoaders$AppClassLoader@18ff02e4 ...
2025-08-19T10:11:23.168-03:00 DEBUG 4270 --- [inventory-service] [           main] o.f.c.i.s.classpath.ClassPathScanner     : Unable to resolve location classpath:db/callback.
2025-08-19T10:11:23.168-03:00 DEBUG 4270 --- [inventory-service] [           main] o.f.c.i.s.classpath.ClassPathScanner     : Scanning for classpath resources at 'classpath:db/migration' ...
2025-08-19T10:11:23.168-03:00 DEBUG 4270 --- [inventory-service] [           main] o.f.c.i.s.classpath.ClassPathScanner     : Determining location urls for classpath:db/migration using ClassLoader jdk.internal.loader.ClassLoaders$AppClassLoader@18ff02e4 ...
2025-08-19T10:11:23.168-03:00 DEBUG 4270 --- [inventory-service] [           main] o.f.c.i.s.classpath.ClassPathScanner     : Scanning URL: file:/Users/andrereginatto/Desktop/projects/Spring-Microservices-Ticket-Booking-System/target/classes/db/migration
2025-08-19T10:11:23.168-03:00 DEBUG 4270 --- [inventory-service] [           main] i.s.c.FileSystemClassPathLocationScanner : Scanning starting at classpath root in filesystem: /Users/andrereginatto/Desktop/projects/Spring-Microservices-Ticket-Booking-System/target/classes/
2025-08-19T10:11:23.168-03:00 DEBUG 4270 --- [inventory-service] [           main] i.s.c.FileSystemClassPathLocationScanner : Scanning for resources in path: /Users/andrereginatto/Desktop/projects/Spring-Microservices-Ticket-Booking-System/target/classes/db/migration (db/migration)
2025-08-19T10:11:23.169-03:00 DEBUG 4270 --- [inventory-service] [           main] o.f.c.i.s.classpath.ClassPathScanner     : Found resource: db/migration/V1__init.sql
2025-08-19T10:11:23.169-03:00 DEBUG 4270 --- [inventory-service] [           main] o.f.c.i.s.classpath.ClassPathScanner     : Scanning for classes at classpath:db/migration
2025-08-19T10:11:23.170-03:00 DEBUG 4270 --- [inventory-service] [           main] com.zaxxer.hikari.HikariConfig           : HikariPool-1 - configuration:
2025-08-19T10:11:23.171-03:00 DEBUG 4270 --- [inventory-service] [           main] com.zaxxer.hikari.HikariConfig           : allowPoolSuspension.............false
2025-08-19T10:11:23.171-03:00 DEBUG 4270 --- [inventory-service] [           main] com.zaxxer.hikari.HikariConfig           : autoCommit......................true
2025-08-19T10:11:23.171-03:00 DEBUG 4270 --- [inventory-service] [           main] com.zaxxer.hikari.HikariConfig           : catalog.........................none
2025-08-19T10:11:23.171-03:00 DEBUG 4270 --- [inventory-service] [           main] com.zaxxer.hikari.HikariConfig           : connectionInitSql...............none
2025-08-19T10:11:23.171-03:00 DEBUG 4270 --- [inventory-service] [           main] com.zaxxer.hikari.HikariConfig           : connectionTestQuery.............none
2025-08-19T10:11:23.172-03:00 DEBUG 4270 --- [inventory-service] [           main] com.zaxxer.hikari.HikariConfig           : connectionTimeout...............30000
2025-08-19T10:11:23.172-03:00 DEBUG 4270 --- [inventory-service] [           main] com.zaxxer.hikari.HikariConfig           : credentials.....................com.zaxxer.hikari.util.Credentials@51da32e5
2025-08-19T10:11:23.172-03:00 DEBUG 4270 --- [inventory-service] [           main] com.zaxxer.hikari.HikariConfig           : dataSource......................none
2025-08-19T10:11:23.172-03:00 DEBUG 4270 --- [inventory-service] [           main] com.zaxxer.hikari.HikariConfig           : dataSourceClassName.............none
2025-08-19T10:11:23.172-03:00 DEBUG 4270 --- [inventory-service] [           main] com.zaxxer.hikari.HikariConfig           : dataSourceJNDI..................none
2025-08-19T10:11:23.172-03:00 DEBUG 4270 --- [inventory-service] [           main] com.zaxxer.hikari.HikariConfig           : dataSourceProperties............{password=<masked>}
2025-08-19T10:11:23.172-03:00 DEBUG 4270 --- [inventory-service] [           main] com.zaxxer.hikari.HikariConfig           : driverClassName................."com.mysql.cj.jdbc.Driver"
2025-08-19T10:11:23.172-03:00 DEBUG 4270 --- [inventory-service] [           main] com.zaxxer.hikari.HikariConfig           : exceptionOverride...............none
2025-08-19T10:11:23.172-03:00 DEBUG 4270 --- [inventory-service] [           main] com.zaxxer.hikari.HikariConfig           : exceptionOverrideClassName......none
2025-08-19T10:11:23.172-03:00 DEBUG 4270 --- [inventory-service] [           main] com.zaxxer.hikari.HikariConfig           : healthCheckProperties...........{}
2025-08-19T10:11:23.172-03:00 DEBUG 4270 --- [inventory-service] [           main] com.zaxxer.hikari.HikariConfig           : healthCheckRegistry.............none
2025-08-19T10:11:23.172-03:00 DEBUG 4270 --- [inventory-service] [           main] com.zaxxer.hikari.HikariConfig           : idleTimeout.....................600000
2025-08-19T10:11:23.173-03:00 DEBUG 4270 --- [inventory-service] [           main] com.zaxxer.hikari.HikariConfig           : initializationFailTimeout.......1
2025-08-19T10:11:23.173-03:00 DEBUG 4270 --- [inventory-service] [           main] com.zaxxer.hikari.HikariConfig           : isolateInternalQueries..........false
2025-08-19T10:11:23.173-03:00 DEBUG 4270 --- [inventory-service] [           main] com.zaxxer.hikari.HikariConfig           : jdbcUrl.........................jdbc:mysql://localhost:3306/ticketing
2025-08-19T10:11:23.173-03:00 DEBUG 4270 --- [inventory-service] [           main] com.zaxxer.hikari.HikariConfig           : keepaliveTime...................120000
2025-08-19T10:11:23.173-03:00 DEBUG 4270 --- [inventory-service] [           main] com.zaxxer.hikari.HikariConfig           : leakDetectionThreshold..........0
2025-08-19T10:11:23.173-03:00 DEBUG 4270 --- [inventory-service] [           main] com.zaxxer.hikari.HikariConfig           : maxLifetime.....................1800000
2025-08-19T10:11:23.173-03:00 DEBUG 4270 --- [inventory-service] [           main] com.zaxxer.hikari.HikariConfig           : maximumPoolSize.................10
2025-08-19T10:11:23.173-03:00 DEBUG 4270 --- [inventory-service] [           main] com.zaxxer.hikari.HikariConfig           : metricRegistry..................none
2025-08-19T10:11:23.173-03:00 DEBUG 4270 --- [inventory-service] [           main] com.zaxxer.hikari.HikariConfig           : metricsTrackerFactory...........none
2025-08-19T10:11:23.173-03:00 DEBUG 4270 --- [inventory-service] [           main] com.zaxxer.hikari.HikariConfig           : minimumIdle.....................10
2025-08-19T10:11:23.173-03:00 DEBUG 4270 --- [inventory-service] [           main] com.zaxxer.hikari.HikariConfig           : password........................<masked>
2025-08-19T10:11:23.173-03:00 DEBUG 4270 --- [inventory-service] [           main] com.zaxxer.hikari.HikariConfig           : poolName........................"HikariPool-1"
2025-08-19T10:11:23.173-03:00 DEBUG 4270 --- [inventory-service] [           main] com.zaxxer.hikari.HikariConfig           : readOnly........................false
2025-08-19T10:11:23.173-03:00 DEBUG 4270 --- [inventory-service] [           main] com.zaxxer.hikari.HikariConfig           : registerMbeans..................false
2025-08-19T10:11:23.173-03:00 DEBUG 4270 --- [inventory-service] [           main] com.zaxxer.hikari.HikariConfig           : scheduledExecutor...............none
2025-08-19T10:11:23.173-03:00 DEBUG 4270 --- [inventory-service] [           main] com.zaxxer.hikari.HikariConfig           : schema..........................none
2025-08-19T10:11:23.174-03:00 DEBUG 4270 --- [inventory-service] [           main] com.zaxxer.hikari.HikariConfig           : threadFactory...................internal
2025-08-19T10:11:23.174-03:00 DEBUG 4270 --- [inventory-service] [           main] com.zaxxer.hikari.HikariConfig           : transactionIsolation............default
2025-08-19T10:11:23.174-03:00 DEBUG 4270 --- [inventory-service] [           main] com.zaxxer.hikari.HikariConfig           : username........................"root"
2025-08-19T10:11:23.174-03:00 DEBUG 4270 --- [inventory-service] [           main] com.zaxxer.hikari.HikariConfig           : validationTimeout...............5000
2025-08-19T10:11:23.174-03:00  INFO 4270 --- [inventory-service] [           main] com.zaxxer.hikari.HikariDataSource       : HikariPool-1 - Starting...
2025-08-19T10:11:23.183-03:00 DEBUG 4270 --- [inventory-service] [           main] com.zaxxer.hikari.pool.PoolBase          : HikariPool-1 - Attempting to create/setup new connection (3fa2473e-91dc-4970-9d7f-553de30e8798)
2025-08-19T10:11:23.358-03:00 DEBUG 4270 --- [inventory-service] [           main] jdk.event.security                       : X509Certificate: Alg:SHA256withRSA, Serial:02, Subject:CN=MySQL_Server_8.3.0_Auto_Generated_Server_Certificate, Issuer:CN=MySQL_Server_8.3.0_Auto_Generated_CA_Certificate, Key type:RSA, Length:2048, Cert Id:2708609608, Valid from:8/19/25, 10:03 AM, Valid until:8/17/35, 10:03 AM
2025-08-19T10:11:23.359-03:00 DEBUG 4270 --- [inventory-service] [           main] jdk.event.security                       : X509Certificate: Alg:SHA256withRSA, Serial:01, Subject:CN=MySQL_Server_8.3.0_Auto_Generated_CA_Certificate, Issuer:CN=MySQL_Server_8.3.0_Auto_Generated_CA_Certificate, Key type:RSA, Length:2048, Cert Id:3154017520, Valid from:8/19/25, 10:03 AM, Valid until:8/17/35, 10:03 AM
2025-08-19T10:11:23.364-03:00 DEBUG 4270 --- [inventory-service] [           main] jdk.event.security                       :  TLSHandshake: localhost:3306, TLSv1.3, TLS_AES_256_GCM_SHA384, 2708609608
2025-08-19T10:11:23.392-03:00 DEBUG 4270 --- [inventory-service] [           main] com.zaxxer.hikari.pool.PoolBase          : HikariPool-1 - Established new connection (3fa2473e-91dc-4970-9d7f-553de30e8798)
2025-08-19T10:11:23.392-03:00  INFO 4270 --- [inventory-service] [           main] com.zaxxer.hikari.pool.HikariPool        : HikariPool-1 - Added connection com.mysql.cj.jdbc.ConnectionImpl@342beaf6
2025-08-19T10:11:23.393-03:00  INFO 4270 --- [inventory-service] [           main] com.zaxxer.hikari.HikariDataSource       : HikariPool-1 - Start completed.
2025-08-19T10:11:23.409-03:00 DEBUG 4270 --- [inventory-service] [           main] o.f.c.i.resource.ResourceNameValidator   : Validating V1__init.sql
2025-08-19T10:11:23.423-03:00  INFO 4270 --- [inventory-service] [           main] org.flywaydb.core.FlywayExecutor         : Database: jdbc:mysql://localhost:3306/ticketing (MySQL 8.3)
2025-08-19T10:11:23.424-03:00 DEBUG 4270 --- [inventory-service] [           main] org.flywaydb.core.FlywayExecutor         : Database Type: MySQL
2025-08-19T10:11:23.424-03:00 DEBUG 4270 --- [inventory-service] [           main] org.flywaydb.core.FlywayExecutor         : Driver: MySQL Connector/J mysql-connector-j-9.3.0 (Revision: 20ef8ee9eb4294a03858acccea0ddad3525f1ff9)
2025-08-19T10:11:23.424-03:00 DEBUG 4270 --- [inventory-service] [           main] org.flywaydb.core.FlywayExecutor         : DDL Transactions Supported: false
2025-08-19T10:11:23.424-03:00 DEBUG 4270 --- [inventory-service] [           main] o.f.c.i.s.SchemaHistoryFactory           : Schemas: 
2025-08-19T10:11:23.424-03:00 DEBUG 4270 --- [inventory-service] [           main] o.f.c.i.s.SchemaHistoryFactory           : Default schema: null
2025-08-19T10:11:23.435-03:00  WARN 4270 --- [inventory-service] [           main] o.f.c.internal.database.base.Database    : Flyway upgrade recommended: MySQL 8.3 is newer than this version of Flyway and support has not been tested. The latest supported version of MySQL is 8.1.
2025-08-19T10:11:23.435-03:00 DEBUG 4270 --- [inventory-service] [           main] org.flywaydb.core.FlywayExecutor         : Scanning for script callbacks ...
2025-08-19T10:11:23.436-03:00 DEBUG 4270 --- [inventory-service] [           main] o.f.c.i.c.SqlScriptCallbackFactory       : Scanning for SQL callbacks ...
2025-08-19T10:11:23.440-03:00 DEBUG 4270 --- [inventory-service] [           main] o.f.core.internal.command.DbValidate     : Validating migrations ...
2025-08-19T10:11:23.442-03:00 DEBUG 4270 --- [inventory-service] [           main] o.f.c.a.c.ClassicConfiguration           : CherryPickConfigurationExtension not found
2025-08-19T10:11:23.444-03:00 DEBUG 4270 --- [inventory-service] [           main] o.f.core.internal.scanner.Scanner        : Filtering out resource: db/migration/V1__init.sql (filename: V1__init.sql)
2025-08-19T10:11:23.445-03:00 DEBUG 4270 --- [inventory-service] [           main] o.f.core.internal.scanner.Scanner        : Filtering out resource: db/migration/V1__init.sql (filename: V1__init.sql)
2025-08-19T10:11:23.445-03:00 DEBUG 4270 --- [inventory-service] [           main] o.f.core.internal.scanner.Scanner        : Filtering out resource: db/migration/V1__init.sql (filename: V1__init.sql)
2025-08-19T10:11:23.445-03:00 DEBUG 4270 --- [inventory-service] [           main] o.f.core.internal.scanner.Scanner        : Filtering out resource: db/migration/V1__init.sql (filename: V1__init.sql)
2025-08-19T10:11:23.450-03:00  INFO 4270 --- [inventory-service] [           main] o.f.c.i.s.JdbcTableSchemaHistory         : Schema history table `ticketing`.`flyway_schema_history` does not exist yet
2025-08-19T10:11:23.453-03:00  INFO 4270 --- [inventory-service] [           main] o.f.core.internal.command.DbValidate     : Successfully validated 1 migration (execution time 00:00.012s)
2025-08-19T10:11:23.456-03:00 DEBUG 4270 --- [inventory-service] [           main] o.f.core.internal.command.DbSchemas      : Skipping creation of existing schema: `ticketing`
2025-08-19T10:11:23.471-03:00  INFO 4270 --- [inventory-service] [           main] o.f.c.i.s.JdbcTableSchemaHistory         : Creating Schema History table `ticketing`.`flyway_schema_history` ...
2025-08-19T10:11:23.473-03:00 DEBUG 4270 --- [inventory-service] [           main] o.flywaydb.core.internal.parser.Parser   : Parsing  ...
2025-08-19T10:11:23.478-03:00 DEBUG 4270 --- [inventory-service] [           main] o.f.c.i.sqlscript.ParserSqlScript        : Found statement at line 1: CREATE TABLE `ticketing`.`flyway_schema_history` (
    `installed_rank` INT NOT NULL,
    `version` VARCHAR(50),
    `description` VARCHAR(200) NOT NULL,
    `type` VARCHAR(20) NOT NULL,
    `script` VARCHAR(1000) NOT NULL,
    `checksum` INT,
    `installed_by` VARCHAR(100) NOT NULL,
    `installed_on` TIMESTAMP NOT NULL DEFAULT CURRENT_TIMESTAMP,
    `execution_time` INT NOT NULL,
    `success` BOOL NOT NULL,
    CONSTRAINT `flyway_schema_history_pk` PRIMARY KEY (`installed_rank`)
)
2025-08-19T10:11:23.478-03:00 DEBUG 4270 --- [inventory-service] [           main] o.f.c.i.sqlscript.ParserSqlScript        : Found statement at line 14: CREATE INDEX `flyway_schema_history_s_idx` ON `ticketing`.`flyway_schema_history` (`success`)
2025-08-19T10:11:23.479-03:00 DEBUG 4270 --- [inventory-service] [           main] o.f.c.i.s.DefaultSqlScriptExecutor       : Executing SQL: CREATE TABLE `ticketing`.`flyway_schema_history` (
    `installed_rank` INT NOT NULL,
    `version` VARCHAR(50),
    `description` VARCHAR(200) NOT NULL,
    `type` VARCHAR(20) NOT NULL,
    `script` VARCHAR(1000) NOT NULL,
    `checksum` INT,
    `installed_by` VARCHAR(100) NOT NULL,
    `installed_on` TIMESTAMP NOT NULL DEFAULT CURRENT_TIMESTAMP,
    `execution_time` INT NOT NULL,
    `success` BOOL NOT NULL,
    CONSTRAINT `flyway_schema_history_pk` PRIMARY KEY (`installed_rank`)
)
2025-08-19T10:11:23.493-03:00 DEBUG 4270 --- [inventory-service] [l-1:housekeeper] com.zaxxer.hikari.pool.HikariPool        : HikariPool-1 - Pool stats (total=1/10, idle=0/10, active=1, waiting=0)
2025-08-19T10:11:23.494-03:00 DEBUG 4270 --- [inventory-service] [onnection-adder] com.zaxxer.hikari.pool.PoolBase          : HikariPool-1 - Attempting to create/setup new connection (a65bb40b-a32e-429e-a7c4-4ba61dfe9c24)
2025-08-19T10:11:23.498-03:00 DEBUG 4270 --- [inventory-service] [           main] o.f.c.i.s.DefaultSqlScriptExecutor       : 0 rows affected
2025-08-19T10:11:23.498-03:00 DEBUG 4270 --- [inventory-service] [           main] o.f.c.i.s.DefaultSqlScriptExecutor       : Executing SQL: CREATE INDEX `flyway_schema_history_s_idx` ON `ticketing`.`flyway_schema_history` (`success`)
2025-08-19T10:11:23.501-03:00 DEBUG 4270 --- [inventory-service] [onnection-adder] jdk.event.security                       : X509Certificate: Alg:SHA256withRSA, Serial:02, Subject:CN=MySQL_Server_8.3.0_Auto_Generated_Server_Certificate, Issuer:CN=MySQL_Server_8.3.0_Auto_Generated_CA_Certificate, Key type:RSA, Length:2048, Cert Id:2708609608, Valid from:8/19/25, 10:03 AM, Valid until:8/17/35, 10:03 AM
2025-08-19T10:11:23.502-03:00 DEBUG 4270 --- [inventory-service] [onnection-adder] jdk.event.security                       : X509Certificate: Alg:SHA256withRSA, Serial:01, Subject:CN=MySQL_Server_8.3.0_Auto_Generated_CA_Certificate, Issuer:CN=MySQL_Server_8.3.0_Auto_Generated_CA_Certificate, Key type:RSA, Length:2048, Cert Id:3154017520, Valid from:8/19/25, 10:03 AM, Valid until:8/17/35, 10:03 AM
2025-08-19T10:11:23.506-03:00 DEBUG 4270 --- [inventory-service] [onnection-adder] jdk.event.security                       :  TLSHandshake: localhost:3306, TLSv1.3, TLS_AES_256_GCM_SHA384, 2708609608
2025-08-19T10:11:23.509-03:00 DEBUG 4270 --- [inventory-service] [onnection-adder] com.zaxxer.hikari.pool.PoolBase          : HikariPool-1 - Established new connection (a65bb40b-a32e-429e-a7c4-4ba61dfe9c24)
2025-08-19T10:11:23.510-03:00 DEBUG 4270 --- [inventory-service] [onnection-adder] com.zaxxer.hikari.pool.HikariPool        : HikariPool-1 - Added connection com.mysql.cj.jdbc.ConnectionImpl@4db1beb
2025-08-19T10:11:23.516-03:00 DEBUG 4270 --- [inventory-service] [           main] o.f.c.i.s.DefaultSqlScriptExecutor       : 0 rows affected
2025-08-19T10:11:23.516-03:00 DEBUG 4270 --- [inventory-service] [           main] o.f.c.i.s.JdbcTableSchemaHistory         : Created Schema History table `ticketing`.`flyway_schema_history`
2025-08-19T10:11:23.523-03:00 DEBUG 4270 --- [inventory-service] [           main] o.f.c.a.c.ClassicConfiguration           : CherryPickConfigurationExtension not found
2025-08-19T10:11:23.529-03:00  INFO 4270 --- [inventory-service] [           main] o.f.core.internal.command.DbMigrate      : Current version of schema `ticketing`: << Empty Schema >>
2025-08-19T10:11:23.530-03:00 DEBUG 4270 --- [inventory-service] [           main] o.flywaydb.core.internal.parser.Parser   : Parsing V1__init.sql ...
2025-08-19T10:11:23.531-03:00 DEBUG 4270 --- [inventory-service] [           main] o.f.c.i.sqlscript.ParserSqlScript        : Found statement at line 1: CREATE TABLE venue (
    id BIGINT AUTO_INCREMENT PRIMARY KEY,
    name VARCHAR(255) NOT NULL,
    address VARCHAR(255) NOT NULL,
    total_capacity BIGINT NOT NULL
)
2025-08-19T10:11:23.532-03:00 DEBUG 4270 --- [inventory-service] [           main] o.f.c.i.sqlscript.ParserSqlScript        : Found statement at line 8: CREATE TABLE event (
    id BIGINT AUTO_INCREMENT PRIMARY KEY,
    name VARCHAR(255) NOT NULL,
    venue_id BIGINT NOT NULL,
    total_capacity BIGINT NOT NULL,
    left_capacity BIGINT NOT NULL,
    CONSTRAINT fk_event_venue FOREIGN KEY (venue_id) REFERENCES venue(id) ON DELETE CASCADE
)
2025-08-19T10:11:23.533-03:00 DEBUG 4270 --- [inventory-service] [           main] o.f.core.internal.command.DbMigrate      : Starting migration of schema `ticketing` to version "1 - init" ...
2025-08-19T10:11:23.536-03:00  INFO 4270 --- [inventory-service] [           main] o.f.core.internal.command.DbMigrate      : Migrating schema `ticketing` to version "1 - init"
2025-08-19T10:11:23.537-03:00 DEBUG 4270 --- [inventory-service] [           main] o.f.c.i.s.DefaultSqlScriptExecutor       : Executing SQL: CREATE TABLE venue (
    id BIGINT AUTO_INCREMENT PRIMARY KEY,
    name VARCHAR(255) NOT NULL,
    address VARCHAR(255) NOT NULL,
    total_capacity BIGINT NOT NULL
)
2025-08-19T10:11:23.542-03:00 DEBUG 4270 --- [inventory-service] [onnection-adder] com.zaxxer.hikari.pool.HikariPool        : HikariPool-1 - After adding stats (total=2/10, idle=1/10, active=1, waiting=0)
2025-08-19T10:11:23.542-03:00 DEBUG 4270 --- [inventory-service] [onnection-adder] com.zaxxer.hikari.pool.PoolBase          : HikariPool-1 - Attempting to create/setup new connection (b416df86-3cdf-4d78-b74e-874497c4da18)
2025-08-19T10:11:23.546-03:00 DEBUG 4270 --- [inventory-service] [           main] o.f.c.i.s.DefaultSqlScriptExecutor       : 0 rows affected
2025-08-19T10:11:23.546-03:00 DEBUG 4270 --- [inventory-service] [           main] o.f.c.i.s.DefaultSqlScriptExecutor       : Executing SQL: CREATE TABLE event (
    id BIGINT AUTO_INCREMENT PRIMARY KEY,
    name VARCHAR(255) NOT NULL,
    venue_id BIGINT NOT NULL,
    total_capacity BIGINT NOT NULL,
    left_capacity BIGINT NOT NULL,
    CONSTRAINT fk_event_venue FOREIGN KEY (venue_id) REFERENCES venue(id) ON DELETE CASCADE
)
2025-08-19T10:11:23.547-03:00 DEBUG 4270 --- [inventory-service] [onnection-adder] jdk.event.security                       : X509Certificate: Alg:SHA256withRSA, Serial:02, Subject:CN=MySQL_Server_8.3.0_Auto_Generated_Server_Certificate, Issuer:CN=MySQL_Server_8.3.0_Auto_Generated_CA_Certificate, Key type:RSA, Length:2048, Cert Id:2708609608, Valid from:8/19/25, 10:03 AM, Valid until:8/17/35, 10:03 AM
2025-08-19T10:11:23.548-03:00 DEBUG 4270 --- [inventory-service] [onnection-adder] jdk.event.security                       : X509Certificate: Alg:SHA256withRSA, Serial:01, Subject:CN=MySQL_Server_8.3.0_Auto_Generated_CA_Certificate, Issuer:CN=MySQL_Server_8.3.0_Auto_Generated_CA_Certificate, Key type:RSA, Length:2048, Cert Id:3154017520, Valid from:8/19/25, 10:03 AM, Valid until:8/17/35, 10:03 AM
2025-08-19T10:11:23.549-03:00 DEBUG 4270 --- [inventory-service] [onnection-adder] jdk.event.security                       :  TLSHandshake: localhost:3306, TLSv1.3, TLS_AES_256_GCM_SHA384, 2708609608
2025-08-19T10:11:23.552-03:00 DEBUG 4270 --- [inventory-service] [onnection-adder] com.zaxxer.hikari.pool.PoolBase          : HikariPool-1 - Established new connection (b416df86-3cdf-4d78-b74e-874497c4da18)
2025-08-19T10:11:23.552-03:00 DEBUG 4270 --- [inventory-service] [onnection-adder] com.zaxxer.hikari.pool.HikariPool        : HikariPool-1 - Added connection com.mysql.cj.jdbc.ConnectionImpl@28319780
2025-08-19T10:11:23.558-03:00 DEBUG 4270 --- [inventory-service] [           main] o.f.c.i.s.DefaultSqlScriptExecutor       : 0 rows affected
2025-08-19T10:11:23.558-03:00 DEBUG 4270 --- [inventory-service] [           main] o.f.core.internal.command.DbMigrate      : Successfully completed migration of schema `ticketing` to version "1 - init"
2025-08-19T10:11:23.567-03:00 DEBUG 4270 --- [inventory-service] [           main] o.f.c.i.s.JdbcTableSchemaHistory         : Schema History table `ticketing`.`flyway_schema_history` successfully updated to reflect changes
2025-08-19T10:11:23.572-03:00 DEBUG 4270 --- [inventory-service] [           main] o.f.c.a.c.ClassicConfiguration           : CherryPickConfigurationExtension not found
2025-08-19T10:11:23.579-03:00  INFO 4270 --- [inventory-service] [           main] o.f.core.internal.command.DbMigrate      : Successfully applied 1 migration to schema `ticketing`, now at version v1 (execution time 00:00.025s)
2025-08-19T10:11:23.585-03:00 DEBUG 4270 --- [inventory-service] [onnection-adder] com.zaxxer.hikari.pool.HikariPool        : HikariPool-1 - After adding stats (total=3/10, idle=2/10, active=1, waiting=0)
2025-08-19T10:11:23.585-03:00 DEBUG 4270 --- [inventory-service] [onnection-adder] com.zaxxer.hikari.pool.PoolBase          : HikariPool-1 - Attempting to create/setup new connection (fd7f98c8-cdf5-4fe3-a8e5-6c0487c4db7c)
2025-08-19T10:11:23.587-03:00 DEBUG 4270 --- [inventory-service] [           main] org.flywaydb.core.FlywayExecutor         : Memory usage: 35 of 72M
2025-08-19T10:11:23.587-03:00 DEBUG 4270 --- [inventory-service] [           main] o.s.b.f.s.DefaultListableBeanFactory     : Creating shared instance of singleton bean 'dataSourceScriptDatabaseInitializer'
2025-08-19T10:11:23.587-03:00 DEBUG 4270 --- [inventory-service] [           main] o.s.b.f.s.DefaultListableBeanFactory     : Creating shared instance of singleton bean 'org.springframework.boot.autoconfigure.sql.init.DataSourceInitializationConfiguration'
2025-08-19T10:11:23.588-03:00 DEBUG 4270 --- [inventory-service] [           main] o.s.b.f.s.DefaultListableBeanFactory     : Creating shared instance of singleton bean 'spring.sql.init-org.springframework.boot.autoconfigure.sql.init.SqlInitializationProperties'
2025-08-19T10:11:23.589-03:00 DEBUG 4270 --- [inventory-service] [           main] o.s.b.f.s.DefaultListableBeanFactory     : Autowiring by type from bean name 'dataSourceScriptDatabaseInitializer' via factory method to bean named 'dataSource'
2025-08-19T10:11:23.589-03:00 DEBUG 4270 --- [inventory-service] [           main] o.s.b.f.s.DefaultListableBeanFactory     : Autowiring by type from bean name 'dataSourceScriptDatabaseInitializer' via factory method to bean named 'spring.sql.init-org.springframework.boot.autoconfigure.sql.init.SqlInitializationProperties'
2025-08-19T10:11:23.590-03:00 DEBUG 4270 --- [inventory-service] [onnection-adder] jdk.event.security                       : X509Certificate: Alg:SHA256withRSA, Serial:02, Subject:CN=MySQL_Server_8.3.0_Auto_Generated_Server_Certificate, Issuer:CN=MySQL_Server_8.3.0_Auto_Generated_CA_Certificate, Key type:RSA, Length:2048, Cert Id:2708609608, Valid from:8/19/25, 10:03 AM, Valid until:8/17/35, 10:03 AM
2025-08-19T10:11:23.590-03:00 DEBUG 4270 --- [inventory-service] [onnection-adder] jdk.event.security                       : X509Certificate: Alg:SHA256withRSA, Serial:01, Subject:CN=MySQL_Server_8.3.0_Auto_Generated_CA_Certificate, Issuer:CN=MySQL_Server_8.3.0_Auto_Generated_CA_Certificate, Key type:RSA, Length:2048, Cert Id:3154017520, Valid from:8/19/25, 10:03 AM, Valid until:8/17/35, 10:03 AM
2025-08-19T10:11:23.591-03:00 DEBUG 4270 --- [inventory-service] [           main] o.s.b.f.s.DefaultListableBeanFactory     : Creating shared instance of singleton bean 'entityManagerFactory'
2025-08-19T10:11:23.591-03:00 DEBUG 4270 --- [inventory-service] [           main] o.s.b.f.s.DefaultListableBeanFactory     : Creating shared instance of singleton bean 'org.springframework.boot.autoconfigure.orm.jpa.HibernateJpaConfiguration'
2025-08-19T10:11:23.592-03:00 DEBUG 4270 --- [inventory-service] [           main] o.s.b.f.s.DefaultListableBeanFactory     : Creating shared instance of singleton bean 'spring.jpa-org.springframework.boot.autoconfigure.orm.jpa.JpaProperties'
2025-08-19T10:11:23.592-03:00 DEBUG 4270 --- [inventory-service] [onnection-adder] jdk.event.security                       :  TLSHandshake: localhost:3306, TLSv1.3, TLS_AES_256_GCM_SHA384, 2708609608
2025-08-19T10:11:23.593-03:00 DEBUG 4270 --- [inventory-service] [           main] o.s.b.f.s.DefaultListableBeanFactory     : Creating shared instance of singleton bean 'spring.jpa.hibernate-org.springframework.boot.autoconfigure.orm.jpa.HibernateProperties'
2025-08-19T10:11:23.593-03:00 DEBUG 4270 --- [inventory-service] [           main] o.s.b.f.s.DefaultListableBeanFactory     : Autowiring by type from bean name 'org.springframework.boot.autoconfigure.orm.jpa.HibernateJpaConfiguration' via constructor to bean named 'dataSource'
2025-08-19T10:11:23.593-03:00 DEBUG 4270 --- [inventory-service] [           main] o.s.b.f.s.DefaultListableBeanFactory     : Autowiring by type from bean name 'org.springframework.boot.autoconfigure.orm.jpa.HibernateJpaConfiguration' via constructor to bean named 'spring.jpa-org.springframework.boot.autoconfigure.orm.jpa.JpaProperties'
2025-08-19T10:11:23.593-03:00 DEBUG 4270 --- [inventory-service] [           main] o.s.b.f.s.DefaultListableBeanFactory     : Autowiring by type from bean name 'org.springframework.boot.autoconfigure.orm.jpa.HibernateJpaConfiguration' via constructor to bean named 'org.springframework.beans.factory.support.DefaultListableBeanFactory@18fdb6cf'
2025-08-19T10:11:23.593-03:00 DEBUG 4270 --- [inventory-service] [           main] o.s.b.f.s.DefaultListableBeanFactory     : Autowiring by type from bean name 'org.springframework.boot.autoconfigure.orm.jpa.HibernateJpaConfiguration' via constructor to bean named 'spring.jpa.hibernate-org.springframework.boot.autoconfigure.orm.jpa.HibernateProperties'
2025-08-19T10:11:23.595-03:00 DEBUG 4270 --- [inventory-service] [           main] o.s.b.f.s.DefaultListableBeanFactory     : Creating shared instance of singleton bean 'hikariPoolDataSourceMetadataProvider'
2025-08-19T10:11:23.595-03:00 DEBUG 4270 --- [inventory-service] [onnection-adder] com.zaxxer.hikari.pool.PoolBase          : HikariPool-1 - Established new connection (fd7f98c8-cdf5-4fe3-a8e5-6c0487c4db7c)
2025-08-19T10:11:23.595-03:00 DEBUG 4270 --- [inventory-service] [           main] o.s.b.f.s.DefaultListableBeanFactory     : Creating shared instance of singleton bean 'org.springframework.boot.autoconfigure.jdbc.metadata.DataSourcePoolMetadataProvidersConfiguration$HikariPoolDataSourceMetadataProviderConfiguration'
2025-08-19T10:11:23.595-03:00 DEBUG 4270 --- [inventory-service] [onnection-adder] com.zaxxer.hikari.pool.HikariPool        : HikariPool-1 - Added connection com.mysql.cj.jdbc.ConnectionImpl@50d40dc4
2025-08-19T10:11:23.597-03:00 DEBUG 4270 --- [inventory-service] [           main] o.s.b.f.s.DefaultListableBeanFactory     : Creating shared instance of singleton bean 'entityManagerFactoryBuilder'
2025-08-19T10:11:23.598-03:00 DEBUG 4270 --- [inventory-service] [           main] o.s.b.f.s.DefaultListableBeanFactory     : Creating shared instance of singleton bean 'jpaVendorAdapter'
2025-08-19T10:11:23.603-03:00 DEBUG 4270 --- [inventory-service] [           main] org.jboss.logging                        : Logging Provider: org.jboss.logging.Slf4jLoggerProvider found via system property
2025-08-19T10:11:23.605-03:00 DEBUG 4270 --- [inventory-service] [           main] o.s.b.f.s.DefaultListableBeanFactory     : Autowiring by type from bean name 'entityManagerFactoryBuilder' via factory method to bean named 'jpaVendorAdapter'
2025-08-19T10:11:23.606-03:00 DEBUG 4270 --- [inventory-service] [           main] o.s.b.f.s.DefaultListableBeanFactory     : Creating shared instance of singleton bean 'persistenceManagedTypes'
2025-08-19T10:11:23.606-03:00 DEBUG 4270 --- [inventory-service] [           main] o.s.b.f.s.DefaultListableBeanFactory     : Autowiring by type from bean name 'persistenceManagedTypes' via factory method to bean named 'org.springframework.beans.factory.support.DefaultListableBeanFactory@18fdb6cf'
2025-08-19T10:11:23.606-03:00 DEBUG 4270 --- [inventory-service] [           main] o.s.b.f.s.DefaultListableBeanFactory     : Autowiring by type from bean name 'persistenceManagedTypes' via factory method to bean named 'org.springframework.web.context.support.GenericWebApplicationContext@55a8dc49'
2025-08-19T10:11:23.609-03:00 DEBUG 4270 --- [inventory-service] [           main] o.s.b.f.s.DefaultListableBeanFactory     : Autowiring by type from bean name 'entityManagerFactory' via factory method to bean named 'entityManagerFactoryBuilder'
2025-08-19T10:11:23.609-03:00 DEBUG 4270 --- [inventory-service] [           main] o.s.b.f.s.DefaultListableBeanFactory     : Autowiring by type from bean name 'entityManagerFactory' via factory method to bean named 'persistenceManagedTypes'
2025-08-19T10:11:23.615-03:00 DEBUG 4270 --- [inventory-service] [           main] j.LocalContainerEntityManagerFactoryBean : Building JPA container EntityManagerFactory for persistence unit 'default'
2025-08-19T10:11:23.624-03:00 DEBUG 4270 --- [inventory-service] [           main] o.hibernate.jpa.internal.util.LogHelper  : PersistenceUnitInfo [
	name: default
	persistence provider classname: null
	classloader: jdk.internal.loader.ClassLoaders$AppClassLoader@18ff02e4
	excludeUnlistedClasses: true
	JTA datasource: null
	Non JTA datasource: HikariDataSource (HikariPool-1)
	Transaction type: RESOURCE_LOCAL
	PU root URL: file:/Users/andrereginatto/Desktop/projects/Spring-Microservices-Ticket-Booking-System/target/test-classes/
	Shared Cache Mode: UNSPECIFIED
	Validation Mode: AUTO
	Jar files URLs []
	Managed classes names [
		com.example.inventory_service.entities.EventEntity
		com.example.inventory_service.entities.VenueEntity]
	Mapping files names []
	Properties []
2025-08-19T10:11:23.626-03:00 DEBUG 4270 --- [inventory-service] [           main] o.h.i.internal.IntegratorServiceImpl     : Adding Integrator [org.hibernate.boot.beanvalidation.BeanValidationIntegrator].
2025-08-19T10:11:23.627-03:00 DEBUG 4270 --- [inventory-service] [           main] o.h.i.internal.IntegratorServiceImpl     : Adding Integrator [org.hibernate.cache.internal.CollectionCacheInvalidator].
2025-08-19T10:11:23.630-03:00 DEBUG 4270 --- [inventory-service] [onnection-adder] com.zaxxer.hikari.pool.HikariPool        : HikariPool-1 - After adding stats (total=4/10, idle=4/10, active=0, waiting=0)
2025-08-19T10:11:23.630-03:00 DEBUG 4270 --- [inventory-service] [onnection-adder] com.zaxxer.hikari.pool.PoolBase          : HikariPool-1 - Attempting to create/setup new connection (fbca5a80-459b-4db0-85ec-f8bb88713101)
2025-08-19T10:11:23.636-03:00 DEBUG 4270 --- [inventory-service] [onnection-adder] jdk.event.security                       : X509Certificate: Alg:SHA256withRSA, Serial:02, Subject:CN=MySQL_Server_8.3.0_Auto_Generated_Server_Certificate, Issuer:CN=MySQL_Server_8.3.0_Auto_Generated_CA_Certificate, Key type:RSA, Length:2048, Cert Id:2708609608, Valid from:8/19/25, 10:03 AM, Valid until:8/17/35, 10:03 AM
2025-08-19T10:11:23.636-03:00 DEBUG 4270 --- [inventory-service] [onnection-adder] jdk.event.security                       : X509Certificate: Alg:SHA256withRSA, Serial:01, Subject:CN=MySQL_Server_8.3.0_Auto_Generated_CA_Certificate, Issuer:CN=MySQL_Server_8.3.0_Auto_Generated_CA_Certificate, Key type:RSA, Length:2048, Cert Id:3154017520, Valid from:8/19/25, 10:03 AM, Valid until:8/17/35, 10:03 AM
2025-08-19T10:11:23.637-03:00 DEBUG 4270 --- [inventory-service] [onnection-adder] jdk.event.security                       :  TLSHandshake: localhost:3306, TLSv1.3, TLS_AES_256_GCM_SHA384, 2708609608
2025-08-19T10:11:23.640-03:00 DEBUG 4270 --- [inventory-service] [onnection-adder] com.zaxxer.hikari.pool.PoolBase          : HikariPool-1 - Established new connection (fbca5a80-459b-4db0-85ec-f8bb88713101)
2025-08-19T10:11:23.640-03:00 DEBUG 4270 --- [inventory-service] [onnection-adder] com.zaxxer.hikari.pool.HikariPool        : HikariPool-1 - Added connection com.mysql.cj.jdbc.ConnectionImpl@1e0e031
2025-08-19T10:11:23.649-03:00  INFO 4270 --- [inventory-service] [           main] org.hibernate.Version                    : HHH000412: Hibernate ORM core version 6.6.22.Final
2025-08-19T10:11:23.649-03:00 DEBUG 4270 --- [inventory-service] [           main] org.hibernate.cfg.Environment            : HHH000206: 'hibernate.properties' not found
2025-08-19T10:11:23.660-03:00 DEBUG 4270 --- [inventory-service] [           main] org.hibernate.orm.idgen.factory          : Registering IdentifierGenerator strategy [uuid2] -> [org.hibernate.id.UUIDGenerator]
2025-08-19T10:11:23.660-03:00 DEBUG 4270 --- [inventory-service] [           main] org.hibernate.orm.idgen.factory          : Registering IdentifierGenerator strategy [guid] -> [org.hibernate.id.GUIDGenerator]
2025-08-19T10:11:23.660-03:00 DEBUG 4270 --- [inventory-service] [           main] org.hibernate.orm.idgen.factory          : Registering IdentifierGenerator strategy [uuid] -> [org.hibernate.id.UUIDHexGenerator]
2025-08-19T10:11:23.661-03:00 DEBUG 4270 --- [inventory-service] [           main] org.hibernate.orm.idgen.factory          : Registering IdentifierGenerator strategy [uuid.hex] -> [org.hibernate.id.UUIDHexGenerator]
2025-08-19T10:11:23.661-03:00 DEBUG 4270 --- [inventory-service] [           main] org.hibernate.orm.idgen.factory          : Registering IdentifierGenerator strategy [assigned] -> [org.hibernate.id.Assigned]
2025-08-19T10:11:23.661-03:00 DEBUG 4270 --- [inventory-service] [           main] org.hibernate.orm.idgen.factory          : Registering IdentifierGenerator strategy [identity] -> [org.hibernate.id.IdentityGenerator]
2025-08-19T10:11:23.661-03:00 DEBUG 4270 --- [inventory-service] [           main] org.hibernate.orm.idgen.factory          : Registering IdentifierGenerator strategy [select] -> [org.hibernate.id.SelectGenerator]
2025-08-19T10:11:23.662-03:00 DEBUG 4270 --- [inventory-service] [           main] org.hibernate.orm.idgen.factory          : Registering IdentifierGenerator strategy [sequence] -> [org.hibernate.id.enhanced.SequenceStyleGenerator]
2025-08-19T10:11:23.662-03:00 DEBUG 4270 --- [inventory-service] [           main] org.hibernate.orm.idgen.factory          : Registering IdentifierGenerator strategy [increment] -> [org.hibernate.id.IncrementGenerator]
2025-08-19T10:11:23.662-03:00 DEBUG 4270 --- [inventory-service] [           main] org.hibernate.orm.idgen.factory          : Registering IdentifierGenerator strategy [foreign] -> [org.hibernate.id.ForeignGenerator]
2025-08-19T10:11:23.662-03:00 DEBUG 4270 --- [inventory-service] [           main] org.hibernate.orm.idgen.factory          : Registering IdentifierGenerator strategy [enhanced-sequence] -> [org.hibernate.id.enhanced.SequenceStyleGenerator]
2025-08-19T10:11:23.662-03:00 DEBUG 4270 --- [inventory-service] [           main] org.hibernate.orm.idgen.factory          : Registering IdentifierGenerator strategy [enhanced-table] -> [org.hibernate.id.enhanced.TableGenerator]
2025-08-19T10:11:23.665-03:00 DEBUG 4270 --- [inventory-service] [           main] o.h.c.internal.RegionFactoryInitiator    : Cannot default RegionFactory based on registered strategies as `[]` RegionFactory strategies were registered
2025-08-19T10:11:23.665-03:00  INFO 4270 --- [inventory-service] [           main] o.h.c.internal.RegionFactoryInitiator    : HHH000026: Second-level cache disabled
2025-08-19T10:11:23.672-03:00 DEBUG 4270 --- [inventory-service] [onnection-adder] com.zaxxer.hikari.pool.HikariPool        : HikariPool-1 - After adding stats (total=5/10, idle=5/10, active=0, waiting=0)
2025-08-19T10:11:23.672-03:00 DEBUG 4270 --- [inventory-service] [onnection-adder] com.zaxxer.hikari.pool.PoolBase          : HikariPool-1 - Attempting to create/setup new connection (2f5ddd15-4cf3-432a-afb5-eec9878246f0)
2025-08-19T10:11:23.678-03:00 DEBUG 4270 --- [inventory-service] [onnection-adder] jdk.event.security                       : X509Certificate: Alg:SHA256withRSA, Serial:02, Subject:CN=MySQL_Server_8.3.0_Auto_Generated_Server_Certificate, Issuer:CN=MySQL_Server_8.3.0_Auto_Generated_CA_Certificate, Key type:RSA, Length:2048, Cert Id:2708609608, Valid from:8/19/25, 10:03 AM, Valid until:8/17/35, 10:03 AM
2025-08-19T10:11:23.678-03:00 DEBUG 4270 --- [inventory-service] [onnection-adder] jdk.event.security                       : X509Certificate: Alg:SHA256withRSA, Serial:01, Subject:CN=MySQL_Server_8.3.0_Auto_Generated_CA_Certificate, Issuer:CN=MySQL_Server_8.3.0_Auto_Generated_CA_Certificate, Key type:RSA, Length:2048, Cert Id:3154017520, Valid from:8/19/25, 10:03 AM, Valid until:8/17/35, 10:03 AM
2025-08-19T10:11:23.680-03:00 DEBUG 4270 --- [inventory-service] [onnection-adder] jdk.event.security                       :  TLSHandshake: localhost:3306, TLSv1.3, TLS_AES_256_GCM_SHA384, 2708609608
2025-08-19T10:11:23.683-03:00 DEBUG 4270 --- [inventory-service] [onnection-adder] com.zaxxer.hikari.pool.PoolBase          : HikariPool-1 - Established new connection (2f5ddd15-4cf3-432a-afb5-eec9878246f0)
2025-08-19T10:11:23.683-03:00 DEBUG 4270 --- [inventory-service] [onnection-adder] com.zaxxer.hikari.pool.HikariPool        : HikariPool-1 - Added connection com.mysql.cj.jdbc.ConnectionImpl@2760ba96
2025-08-19T10:11:23.695-03:00 DEBUG 4270 --- [inventory-service] [           main] org.hibernate.type.BasicTypeRegistry     : Adding type registration boolean -> org.hibernate.type.BasicTypeReference@298263fa
2025-08-19T10:11:23.695-03:00 DEBUG 4270 --- [inventory-service] [           main] org.hibernate.type.BasicTypeRegistry     : Adding type registration boolean -> org.hibernate.type.BasicTypeReference@298263fa
2025-08-19T10:11:23.696-03:00 DEBUG 4270 --- [inventory-service] [           main] org.hibernate.type.BasicTypeRegistry     : Adding type registration java.lang.Boolean -> org.hibernate.type.BasicTypeReference@298263fa
2025-08-19T10:11:23.696-03:00 DEBUG 4270 --- [inventory-service] [           main] org.hibernate.type.BasicTypeRegistry     : Adding type registration numeric_boolean -> org.hibernate.type.BasicTypeReference@466fedfa
2025-08-19T10:11:23.696-03:00 DEBUG 4270 --- [inventory-service] [           main] org.hibernate.type.BasicTypeRegistry     : Adding type registration org.hibernate.type.NumericBooleanConverter -> org.hibernate.type.BasicTypeReference@466fedfa
2025-08-19T10:11:23.696-03:00 DEBUG 4270 --- [inventory-service] [           main] org.hibernate.type.BasicTypeRegistry     : Adding type registration true_false -> org.hibernate.type.BasicTypeReference@1a7d0c9f
2025-08-19T10:11:23.696-03:00 DEBUG 4270 --- [inventory-service] [           main] org.hibernate.type.BasicTypeRegistry     : Adding type registration org.hibernate.type.TrueFalseConverter -> org.hibernate.type.BasicTypeReference@1a7d0c9f
2025-08-19T10:11:23.696-03:00 DEBUG 4270 --- [inventory-service] [           main] org.hibernate.type.BasicTypeRegistry     : Adding type registration yes_no -> org.hibernate.type.BasicTypeReference@2b1a901d
2025-08-19T10:11:23.696-03:00 DEBUG 4270 --- [inventory-service] [           main] org.hibernate.type.BasicTypeRegistry     : Adding type registration org.hibernate.type.YesNoConverter -> org.hibernate.type.BasicTypeReference@2b1a901d
2025-08-19T10:11:23.696-03:00 DEBUG 4270 --- [inventory-service] [           main] org.hibernate.type.BasicTypeRegistry     : Adding type registration byte -> org.hibernate.type.BasicTypeReference@11bdab37
2025-08-19T10:11:23.696-03:00 DEBUG 4270 --- [inventory-service] [           main] org.hibernate.type.BasicTypeRegistry     : Adding type registration byte -> org.hibernate.type.BasicTypeReference@11bdab37
2025-08-19T10:11:23.696-03:00 DEBUG 4270 --- [inventory-service] [           main] org.hibernate.type.BasicTypeRegistry     : Adding type registration java.lang.Byte -> org.hibernate.type.BasicTypeReference@11bdab37
2025-08-19T10:11:23.696-03:00 DEBUG 4270 --- [inventory-service] [           main] org.hibernate.type.BasicTypeRegistry     : Adding type registration binary -> org.hibernate.type.BasicTypeReference@280484c7
2025-08-19T10:11:23.696-03:00 DEBUG 4270 --- [inventory-service] [           main] org.hibernate.type.BasicTypeRegistry     : Adding type registration byte[] -> org.hibernate.type.BasicTypeReference@280484c7
2025-08-19T10:11:23.696-03:00 DEBUG 4270 --- [inventory-service] [           main] org.hibernate.type.BasicTypeRegistry     : Adding type registration [B -> org.hibernate.type.BasicTypeReference@280484c7
2025-08-19T10:11:23.696-03:00 DEBUG 4270 --- [inventory-service] [           main] org.hibernate.type.BasicTypeRegistry     : Adding type registration binary_wrapper -> org.hibernate.type.BasicTypeReference@5a6f6cac
2025-08-19T10:11:23.696-03:00 DEBUG 4270 --- [inventory-service] [           main] org.hibernate.type.BasicTypeRegistry     : Adding type registration wrapper-binary -> org.hibernate.type.BasicTypeReference@5a6f6cac
2025-08-19T10:11:23.696-03:00 DEBUG 4270 --- [inventory-service] [           main] org.hibernate.type.BasicTypeRegistry     : Adding type registration image -> org.hibernate.type.BasicTypeReference@258a8584
2025-08-19T10:11:23.696-03:00 DEBUG 4270 --- [inventory-service] [           main] org.hibernate.type.BasicTypeRegistry     : Adding type registration blob -> org.hibernate.type.BasicTypeReference@59127611
2025-08-19T10:11:23.696-03:00 DEBUG 4270 --- [inventory-service] [           main] org.hibernate.type.BasicTypeRegistry     : Adding type registration java.sql.Blob -> org.hibernate.type.BasicTypeReference@59127611
2025-08-19T10:11:23.696-03:00 DEBUG 4270 --- [inventory-service] [           main] org.hibernate.type.BasicTypeRegistry     : Adding type registration materialized_blob -> org.hibernate.type.BasicTypeReference@553ce348
2025-08-19T10:11:23.696-03:00 DEBUG 4270 --- [inventory-service] [           main] org.hibernate.type.BasicTypeRegistry     : Adding type registration materialized_blob_wrapper -> org.hibernate.type.BasicTypeReference@7417ef4f
2025-08-19T10:11:23.696-03:00 DEBUG 4270 --- [inventory-service] [           main] org.hibernate.type.BasicTypeRegistry     : Adding type registration short -> org.hibernate.type.BasicTypeReference@5c0e2ec
2025-08-19T10:11:23.696-03:00 DEBUG 4270 --- [inventory-service] [           main] org.hibernate.type.BasicTypeRegistry     : Adding type registration short -> org.hibernate.type.BasicTypeReference@5c0e2ec
2025-08-19T10:11:23.696-03:00 DEBUG 4270 --- [inventory-service] [           main] org.hibernate.type.BasicTypeRegistry     : Adding type registration java.lang.Short -> org.hibernate.type.BasicTypeReference@5c0e2ec
2025-08-19T10:11:23.696-03:00 DEBUG 4270 --- [inventory-service] [           main] org.hibernate.type.BasicTypeRegistry     : Adding type registration integer -> org.hibernate.type.BasicTypeReference@4fa8bebb
2025-08-19T10:11:23.696-03:00 DEBUG 4270 --- [inventory-service] [           main] org.hibernate.type.BasicTypeRegistry     : Adding type registration int -> org.hibernate.type.BasicTypeReference@4fa8bebb
2025-08-19T10:11:23.696-03:00 DEBUG 4270 --- [inventory-service] [           main] org.hibernate.type.BasicTypeRegistry     : Adding type registration java.lang.Integer -> org.hibernate.type.BasicTypeReference@4fa8bebb
2025-08-19T10:11:23.696-03:00 DEBUG 4270 --- [inventory-service] [           main] org.hibernate.type.BasicTypeRegistry     : Adding type registration long -> org.hibernate.type.BasicTypeReference@7d3c22a5
2025-08-19T10:11:23.696-03:00 DEBUG 4270 --- [inventory-service] [           main] org.hibernate.type.BasicTypeRegistry     : Adding type registration long -> org.hibernate.type.BasicTypeReference@7d3c22a5
2025-08-19T10:11:23.696-03:00 DEBUG 4270 --- [inventory-service] [           main] org.hibernate.type.BasicTypeRegistry     : Adding type registration java.lang.Long -> org.hibernate.type.BasicTypeReference@7d3c22a5
2025-08-19T10:11:23.696-03:00 DEBUG 4270 --- [inventory-service] [           main] org.hibernate.type.BasicTypeRegistry     : Adding type registration float -> org.hibernate.type.BasicTypeReference@369ad7da
2025-08-19T10:11:23.696-03:00 DEBUG 4270 --- [inventory-service] [           main] org.hibernate.type.BasicTypeRegistry     : Adding type registration float -> org.hibernate.type.BasicTypeReference@369ad7da
2025-08-19T10:11:23.696-03:00 DEBUG 4270 --- [inventory-service] [           main] org.hibernate.type.BasicTypeRegistry     : Adding type registration java.lang.Float -> org.hibernate.type.BasicTypeReference@369ad7da
2025-08-19T10:11:23.696-03:00 DEBUG 4270 --- [inventory-service] [           main] org.hibernate.type.BasicTypeRegistry     : Adding type registration double -> org.hibernate.type.BasicTypeReference@344f9467
2025-08-19T10:11:23.696-03:00 DEBUG 4270 --- [inventory-service] [           main] org.hibernate.type.BasicTypeRegistry     : Adding type registration double -> org.hibernate.type.BasicTypeReference@344f9467
2025-08-19T10:11:23.696-03:00 DEBUG 4270 --- [inventory-service] [           main] org.hibernate.type.BasicTypeRegistry     : Adding type registration java.lang.Double -> org.hibernate.type.BasicTypeReference@344f9467
2025-08-19T10:11:23.696-03:00 DEBUG 4270 --- [inventory-service] [           main] org.hibernate.type.BasicTypeRegistry     : Adding type registration big_integer -> org.hibernate.type.BasicTypeReference@3e98b933
2025-08-19T10:11:23.696-03:00 DEBUG 4270 --- [inventory-service] [           main] org.hibernate.type.BasicTypeRegistry     : Adding type registration java.math.BigInteger -> org.hibernate.type.BasicTypeReference@3e98b933
2025-08-19T10:11:23.696-03:00 DEBUG 4270 --- [inventory-service] [           main] org.hibernate.type.BasicTypeRegistry     : Adding type registration big_decimal -> org.hibernate.type.BasicTypeReference@222d9d4f
2025-08-19T10:11:23.696-03:00 DEBUG 4270 --- [inventory-service] [           main] org.hibernate.type.BasicTypeRegistry     : Adding type registration java.math.BigDecimal -> org.hibernate.type.BasicTypeReference@222d9d4f
2025-08-19T10:11:23.696-03:00 DEBUG 4270 --- [inventory-service] [           main] org.hibernate.type.BasicTypeRegistry     : Adding type registration character -> org.hibernate.type.BasicTypeReference@4269aad7
2025-08-19T10:11:23.696-03:00 DEBUG 4270 --- [inventory-service] [           main] org.hibernate.type.BasicTypeRegistry     : Adding type registration char -> org.hibernate.type.BasicTypeReference@4269aad7
2025-08-19T10:11:23.696-03:00 DEBUG 4270 --- [inventory-service] [           main] org.hibernate.type.BasicTypeRegistry     : Adding type registration java.lang.Character -> org.hibernate.type.BasicTypeReference@4269aad7
2025-08-19T10:11:23.696-03:00 DEBUG 4270 --- [inventory-service] [           main] org.hibernate.type.BasicTypeRegistry     : Adding type registration character_nchar -> org.hibernate.type.BasicTypeReference@a4df251
2025-08-19T10:11:23.696-03:00 DEBUG 4270 --- [inventory-service] [           main] org.hibernate.type.BasicTypeRegistry     : Adding type registration string -> org.hibernate.type.BasicTypeReference@71e7830a
2025-08-19T10:11:23.696-03:00 DEBUG 4270 --- [inventory-service] [           main] org.hibernate.type.BasicTypeRegistry     : Adding type registration java.lang.String -> org.hibernate.type.BasicTypeReference@71e7830a
2025-08-19T10:11:23.696-03:00 DEBUG 4270 --- [inventory-service] [           main] org.hibernate.type.BasicTypeRegistry     : Adding type registration nstring -> org.hibernate.type.BasicTypeReference@3feebf9c
2025-08-19T10:11:23.696-03:00 DEBUG 4270 --- [inventory-service] [           main] org.hibernate.type.BasicTypeRegistry     : Adding type registration characters -> org.hibernate.type.BasicTypeReference@305e95a4
2025-08-19T10:11:23.696-03:00 DEBUG 4270 --- [inventory-service] [           main] org.hibernate.type.BasicTypeRegistry     : Adding type registration char[] -> org.hibernate.type.BasicTypeReference@305e95a4
2025-08-19T10:11:23.696-03:00 DEBUG 4270 --- [inventory-service] [           main] org.hibernate.type.BasicTypeRegistry     : Adding type registration [C -> org.hibernate.type.BasicTypeReference@305e95a4
2025-08-19T10:11:23.697-03:00 DEBUG 4270 --- [inventory-service] [           main] org.hibernate.type.BasicTypeRegistry     : Adding type registration wrapper-characters -> org.hibernate.type.BasicTypeReference@55e42684
2025-08-19T10:11:23.697-03:00 DEBUG 4270 --- [inventory-service] [           main] org.hibernate.type.BasicTypeRegistry     : Adding type registration text -> org.hibernate.type.BasicTypeReference@18d610e1
2025-08-19T10:11:23.697-03:00 DEBUG 4270 --- [inventory-service] [           main] org.hibernate.type.BasicTypeRegistry     : Adding type registration ntext -> org.hibernate.type.BasicTypeReference@528e5e38
2025-08-19T10:11:23.697-03:00 DEBUG 4270 --- [inventory-service] [           main] org.hibernate.type.BasicTypeRegistry     : Adding type registration clob -> org.hibernate.type.BasicTypeReference@16391278
2025-08-19T10:11:23.697-03:00 DEBUG 4270 --- [inventory-service] [           main] org.hibernate.type.BasicTypeRegistry     : Adding type registration java.sql.Clob -> org.hibernate.type.BasicTypeReference@16391278
2025-08-19T10:11:23.697-03:00 DEBUG 4270 --- [inventory-service] [           main] org.hibernate.type.BasicTypeRegistry     : Adding type registration nclob -> org.hibernate.type.BasicTypeReference@621dc63d
2025-08-19T10:11:23.697-03:00 DEBUG 4270 --- [inventory-service] [           main] org.hibernate.type.BasicTypeRegistry     : Adding type registration java.sql.NClob -> org.hibernate.type.BasicTypeReference@621dc63d
2025-08-19T10:11:23.697-03:00 DEBUG 4270 --- [inventory-service] [           main] org.hibernate.type.BasicTypeRegistry     : Adding type registration materialized_clob -> org.hibernate.type.BasicTypeReference@4ae49387
2025-08-19T10:11:23.697-03:00 DEBUG 4270 --- [inventory-service] [           main] org.hibernate.type.BasicTypeRegistry     : Adding type registration materialized_clob_char_array -> org.hibernate.type.BasicTypeReference@6abb7b7d
2025-08-19T10:11:23.697-03:00 DEBUG 4270 --- [inventory-service] [           main] org.hibernate.type.BasicTypeRegistry     : Adding type registration materialized_clob_character_array -> org.hibernate.type.BasicTypeReference@34cf0e80
2025-08-19T10:11:23.697-03:00 DEBUG 4270 --- [inventory-service] [           main] org.hibernate.type.BasicTypeRegistry     : Adding type registration materialized_nclob -> org.hibernate.type.BasicTypeReference@38ef1a0a
2025-08-19T10:11:23.697-03:00 DEBUG 4270 --- [inventory-service] [           main] org.hibernate.type.BasicTypeRegistry     : Adding type registration materialized_nclob_character_array -> org.hibernate.type.BasicTypeReference@56f9de3b
2025-08-19T10:11:23.697-03:00 DEBUG 4270 --- [inventory-service] [           main] org.hibernate.type.BasicTypeRegistry     : Adding type registration materialized_nclob_char_array -> org.hibernate.type.BasicTypeReference@6728370a
2025-08-19T10:11:23.697-03:00 DEBUG 4270 --- [inventory-service] [           main] org.hibernate.type.BasicTypeRegistry     : Adding type registration Duration -> org.hibernate.type.BasicTypeReference@2b5f8e61
2025-08-19T10:11:23.697-03:00 DEBUG 4270 --- [inventory-service] [           main] org.hibernate.type.BasicTypeRegistry     : Adding type registration java.time.Duration -> org.hibernate.type.BasicTypeReference@2b5f8e61
2025-08-19T10:11:23.697-03:00 DEBUG 4270 --- [inventory-service] [           main] org.hibernate.type.BasicTypeRegistry     : Adding type registration LocalDateTime -> org.hibernate.type.BasicTypeReference@6ba0ee4a
2025-08-19T10:11:23.697-03:00 DEBUG 4270 --- [inventory-service] [           main] org.hibernate.type.BasicTypeRegistry     : Adding type registration java.time.LocalDateTime -> org.hibernate.type.BasicTypeReference@6ba0ee4a
2025-08-19T10:11:23.697-03:00 DEBUG 4270 --- [inventory-service] [           main] org.hibernate.type.BasicTypeRegistry     : Adding type registration LocalDate -> org.hibernate.type.BasicTypeReference@73b0ed03
2025-08-19T10:11:23.697-03:00 DEBUG 4270 --- [inventory-service] [           main] org.hibernate.type.BasicTypeRegistry     : Adding type registration java.time.LocalDate -> org.hibernate.type.BasicTypeReference@73b0ed03
2025-08-19T10:11:23.697-03:00 DEBUG 4270 --- [inventory-service] [           main] org.hibernate.type.BasicTypeRegistry     : Adding type registration LocalTime -> org.hibernate.type.BasicTypeReference@55061418
2025-08-19T10:11:23.697-03:00 DEBUG 4270 --- [inventory-service] [           main] org.hibernate.type.BasicTypeRegistry     : Adding type registration java.time.LocalTime -> org.hibernate.type.BasicTypeReference@55061418
2025-08-19T10:11:23.697-03:00 DEBUG 4270 --- [inventory-service] [           main] org.hibernate.type.BasicTypeRegistry     : Adding type registration OffsetDateTime -> org.hibernate.type.BasicTypeReference@27db45f
2025-08-19T10:11:23.697-03:00 DEBUG 4270 --- [inventory-service] [           main] org.hibernate.type.BasicTypeRegistry     : Adding type registration java.time.OffsetDateTime -> org.hibernate.type.BasicTypeReference@27db45f
2025-08-19T10:11:23.697-03:00 DEBUG 4270 --- [inventory-service] [           main] org.hibernate.type.BasicTypeRegistry     : Adding type registration OffsetDateTimeWithTimezone -> org.hibernate.type.BasicTypeReference@6ec3d8e4
2025-08-19T10:11:23.697-03:00 DEBUG 4270 --- [inventory-service] [           main] org.hibernate.type.BasicTypeRegistry     : Adding type registration OffsetDateTimeWithoutTimezone -> org.hibernate.type.BasicTypeReference@1aeff8ca
2025-08-19T10:11:23.697-03:00 DEBUG 4270 --- [inventory-service] [           main] org.hibernate.type.BasicTypeRegistry     : Adding type registration OffsetTime -> org.hibernate.type.BasicTypeReference@7f2c995b
2025-08-19T10:11:23.697-03:00 DEBUG 4270 --- [inventory-service] [           main] org.hibernate.type.BasicTypeRegistry     : Adding type registration java.time.OffsetTime -> org.hibernate.type.BasicTypeReference@7f2c995b
2025-08-19T10:11:23.697-03:00 DEBUG 4270 --- [inventory-service] [           main] org.hibernate.type.BasicTypeRegistry     : Adding type registration OffsetTimeUtc -> org.hibernate.type.BasicTypeReference@101c15ad
2025-08-19T10:11:23.697-03:00 DEBUG 4270 --- [inventory-service] [           main] org.hibernate.type.BasicTypeRegistry     : Adding type registration OffsetTimeWithTimezone -> org.hibernate.type.BasicTypeReference@6068ebb2
2025-08-19T10:11:23.697-03:00 DEBUG 4270 --- [inventory-service] [           main] org.hibernate.type.BasicTypeRegistry     : Adding type registration OffsetTimeWithoutTimezone -> org.hibernate.type.BasicTypeReference@5a466dd
2025-08-19T10:11:23.697-03:00 DEBUG 4270 --- [inventory-service] [           main] org.hibernate.type.BasicTypeRegistry     : Adding type registration ZonedDateTime -> org.hibernate.type.BasicTypeReference@1ed9d173
2025-08-19T10:11:23.697-03:00 DEBUG 4270 --- [inventory-service] [           main] org.hibernate.type.BasicTypeRegistry     : Adding type registration java.time.ZonedDateTime -> org.hibernate.type.BasicTypeReference@1ed9d173
2025-08-19T10:11:23.697-03:00 DEBUG 4270 --- [inventory-service] [           main] org.hibernate.type.BasicTypeRegistry     : Adding type registration ZonedDateTimeWithTimezone -> org.hibernate.type.BasicTypeReference@6e981e78
2025-08-19T10:11:23.697-03:00 DEBUG 4270 --- [inventory-service] [           main] org.hibernate.type.BasicTypeRegistry     : Adding type registration ZonedDateTimeWithoutTimezone -> org.hibernate.type.BasicTypeReference@498a4d62
2025-08-19T10:11:23.697-03:00 DEBUG 4270 --- [inventory-service] [           main] org.hibernate.type.BasicTypeRegistry     : Adding type registration date -> org.hibernate.type.BasicTypeReference@6fbe4800
2025-08-19T10:11:23.697-03:00 DEBUG 4270 --- [inventory-service] [           main] org.hibernate.type.BasicTypeRegistry     : Adding type registration java.sql.Date -> org.hibernate.type.BasicTypeReference@6fbe4800
2025-08-19T10:11:23.697-03:00 DEBUG 4270 --- [inventory-service] [           main] org.hibernate.type.BasicTypeRegistry     : Adding type registration time -> org.hibernate.type.BasicTypeReference@3f3c5ecd
2025-08-19T10:11:23.697-03:00 DEBUG 4270 --- [inventory-service] [           main] org.hibernate.type.BasicTypeRegistry     : Adding type registration java.sql.Time -> org.hibernate.type.BasicTypeReference@3f3c5ecd
2025-08-19T10:11:23.697-03:00 DEBUG 4270 --- [inventory-service] [           main] org.hibernate.type.BasicTypeRegistry     : Adding type registration timestamp -> org.hibernate.type.BasicTypeReference@1179fc8c
2025-08-19T10:11:23.697-03:00 DEBUG 4270 --- [inventory-service] [           main] org.hibernate.type.BasicTypeRegistry     : Adding type registration java.sql.Timestamp -> org.hibernate.type.BasicTypeReference@1179fc8c
2025-08-19T10:11:23.697-03:00 DEBUG 4270 --- [inventory-service] [           main] org.hibernate.type.BasicTypeRegistry     : Adding type registration java.util.Date -> org.hibernate.type.BasicTypeReference@1179fc8c
2025-08-19T10:11:23.698-03:00 DEBUG 4270 --- [inventory-service] [           main] org.hibernate.type.BasicTypeRegistry     : Adding type registration calendar -> org.hibernate.type.BasicTypeReference@a03529c
2025-08-19T10:11:23.698-03:00 DEBUG 4270 --- [inventory-service] [           main] org.hibernate.type.BasicTypeRegistry     : Adding type registration java.util.Calendar -> org.hibernate.type.BasicTypeReference@a03529c
2025-08-19T10:11:23.698-03:00 DEBUG 4270 --- [inventory-service] [           main] org.hibernate.type.BasicTypeRegistry     : Adding type registration java.util.GregorianCalendar -> org.hibernate.type.BasicTypeReference@a03529c
2025-08-19T10:11:23.698-03:00 DEBUG 4270 --- [inventory-service] [           main] org.hibernate.type.BasicTypeRegistry     : Adding type registration calendar_date -> org.hibernate.type.BasicTypeReference@1760e594
2025-08-19T10:11:23.698-03:00 DEBUG 4270 --- [inventory-service] [           main] org.hibernate.type.BasicTypeRegistry     : Adding type registration calendar_time -> org.hibernate.type.BasicTypeReference@4af70b83
2025-08-19T10:11:23.698-03:00 DEBUG 4270 --- [inventory-service] [           main] org.hibernate.type.BasicTypeRegistry     : Adding type registration instant -> org.hibernate.type.BasicTypeReference@143413cd
2025-08-19T10:11:23.698-03:00 DEBUG 4270 --- [inventory-service] [           main] org.hibernate.type.BasicTypeRegistry     : Adding type registration java.time.Instant -> org.hibernate.type.BasicTypeReference@143413cd
2025-08-19T10:11:23.698-03:00 DEBUG 4270 --- [inventory-service] [           main] org.hibernate.type.BasicTypeRegistry     : Adding type registration uuid -> org.hibernate.type.BasicTypeReference@4b32465
2025-08-19T10:11:23.698-03:00 DEBUG 4270 --- [inventory-service] [           main] org.hibernate.type.BasicTypeRegistry     : Adding type registration java.util.UUID -> org.hibernate.type.BasicTypeReference@4b32465
2025-08-19T10:11:23.698-03:00 DEBUG 4270 --- [inventory-service] [           main] org.hibernate.type.BasicTypeRegistry     : Adding type registration pg-uuid -> org.hibernate.type.BasicTypeReference@4b32465
2025-08-19T10:11:23.698-03:00 DEBUG 4270 --- [inventory-service] [           main] org.hibernate.type.BasicTypeRegistry     : Adding type registration uuid-binary -> org.hibernate.type.BasicTypeReference@146f3d22
2025-08-19T10:11:23.698-03:00 DEBUG 4270 --- [inventory-service] [           main] org.hibernate.type.BasicTypeRegistry     : Adding type registration uuid-char -> org.hibernate.type.BasicTypeReference@66b6873f
2025-08-19T10:11:23.698-03:00 DEBUG 4270 --- [inventory-service] [           main] org.hibernate.type.BasicTypeRegistry     : Adding type registration class -> org.hibernate.type.BasicTypeReference@52285a5f
2025-08-19T10:11:23.698-03:00 DEBUG 4270 --- [inventory-service] [           main] org.hibernate.type.BasicTypeRegistry     : Adding type registration java.lang.Class -> org.hibernate.type.BasicTypeReference@52285a5f
2025-08-19T10:11:23.698-03:00 DEBUG 4270 --- [inventory-service] [           main] org.hibernate.type.BasicTypeRegistry     : Adding type registration currency -> org.hibernate.type.BasicTypeReference@4fa5cc73
2025-08-19T10:11:23.698-03:00 DEBUG 4270 --- [inventory-service] [           main] org.hibernate.type.BasicTypeRegistry     : Adding type registration Currency -> org.hibernate.type.BasicTypeReference@4fa5cc73
2025-08-19T10:11:23.698-03:00 DEBUG 4270 --- [inventory-service] [           main] org.hibernate.type.BasicTypeRegistry     : Adding type registration java.util.Currency -> org.hibernate.type.BasicTypeReference@4fa5cc73
2025-08-19T10:11:23.698-03:00 DEBUG 4270 --- [inventory-service] [           main] org.hibernate.type.BasicTypeRegistry     : Adding type registration locale -> org.hibernate.type.BasicTypeReference@70139a81
2025-08-19T10:11:23.698-03:00 DEBUG 4270 --- [inventory-service] [           main] org.hibernate.type.BasicTypeRegistry     : Adding type registration java.util.Locale -> org.hibernate.type.BasicTypeReference@70139a81
2025-08-19T10:11:23.698-03:00 DEBUG 4270 --- [inventory-service] [           main] org.hibernate.type.BasicTypeRegistry     : Adding type registration serializable -> org.hibernate.type.BasicTypeReference@60f9dc7e
2025-08-19T10:11:23.698-03:00 DEBUG 4270 --- [inventory-service] [           main] org.hibernate.type.BasicTypeRegistry     : Adding type registration java.io.Serializable -> org.hibernate.type.BasicTypeReference@60f9dc7e
2025-08-19T10:11:23.698-03:00 DEBUG 4270 --- [inventory-service] [           main] org.hibernate.type.BasicTypeRegistry     : Adding type registration timezone -> org.hibernate.type.BasicTypeReference@15e5246
2025-08-19T10:11:23.698-03:00 DEBUG 4270 --- [inventory-service] [           main] org.hibernate.type.BasicTypeRegistry     : Adding type registration java.util.TimeZone -> org.hibernate.type.BasicTypeReference@15e5246
2025-08-19T10:11:23.698-03:00 DEBUG 4270 --- [inventory-service] [           main] org.hibernate.type.BasicTypeRegistry     : Adding type registration ZoneOffset -> org.hibernate.type.BasicTypeReference@503556cb
2025-08-19T10:11:23.698-03:00 DEBUG 4270 --- [inventory-service] [           main] org.hibernate.type.BasicTypeRegistry     : Adding type registration java.time.ZoneOffset -> org.hibernate.type.BasicTypeReference@503556cb
2025-08-19T10:11:23.698-03:00 DEBUG 4270 --- [inventory-service] [           main] org.hibernate.type.BasicTypeRegistry     : Adding type registration url -> org.hibernate.type.BasicTypeReference@3c9e19de
2025-08-19T10:11:23.698-03:00 DEBUG 4270 --- [inventory-service] [           main] org.hibernate.type.BasicTypeRegistry     : Adding type registration java.net.URL -> org.hibernate.type.BasicTypeReference@3c9e19de
2025-08-19T10:11:23.698-03:00 DEBUG 4270 --- [inventory-service] [           main] org.hibernate.type.BasicTypeRegistry     : Adding type registration vector -> org.hibernate.type.BasicTypeReference@12aa381f
2025-08-19T10:11:23.698-03:00 DEBUG 4270 --- [inventory-service] [           main] org.hibernate.type.BasicTypeRegistry     : Adding type registration float_vector -> org.hibernate.type.BasicTypeReference@6115846e
2025-08-19T10:11:23.698-03:00 DEBUG 4270 --- [inventory-service] [           main] org.hibernate.type.BasicTypeRegistry     : Adding type registration double_vector -> org.hibernate.type.BasicTypeReference@1bec1589
2025-08-19T10:11:23.698-03:00 DEBUG 4270 --- [inventory-service] [           main] org.hibernate.type.BasicTypeRegistry     : Adding type registration byte_vector -> org.hibernate.type.BasicTypeReference@57f0bfc3
2025-08-19T10:11:23.698-03:00 DEBUG 4270 --- [inventory-service] [           main] org.hibernate.type.BasicTypeRegistry     : Adding type registration row_version -> org.hibernate.type.BasicTypeReference@14590fe2
2025-08-19T10:11:23.700-03:00 DEBUG 4270 --- [inventory-service] [           main] org.hibernate.type.BasicTypeRegistry     : Adding type registration object -> org.hibernate.type.JavaObjectType@693f2c89
2025-08-19T10:11:23.700-03:00 DEBUG 4270 --- [inventory-service] [           main] org.hibernate.type.BasicTypeRegistry     : Adding type registration java.lang.Object -> org.hibernate.type.JavaObjectType@693f2c89
2025-08-19T10:11:23.701-03:00 DEBUG 4270 --- [inventory-service] [           main] org.hibernate.type.BasicTypeRegistry     : Adding type registration null -> org.hibernate.type.NullType@54275b5d
2025-08-19T10:11:23.701-03:00 DEBUG 4270 --- [inventory-service] [           main] org.hibernate.type.BasicTypeRegistry     : Adding type registration imm_date -> org.hibernate.type.BasicTypeReference@5d01b0d8
2025-08-19T10:11:23.701-03:00 DEBUG 4270 --- [inventory-service] [           main] org.hibernate.type.BasicTypeRegistry     : Adding type registration imm_time -> org.hibernate.type.BasicTypeReference@271e851e
2025-08-19T10:11:23.701-03:00 DEBUG 4270 --- [inventory-service] [           main] org.hibernate.type.BasicTypeRegistry     : Adding type registration imm_timestamp -> org.hibernate.type.BasicTypeReference@ff21443
2025-08-19T10:11:23.701-03:00 DEBUG 4270 --- [inventory-service] [           main] org.hibernate.type.BasicTypeRegistry     : Adding type registration imm_calendar -> org.hibernate.type.BasicTypeReference@61e14b53
2025-08-19T10:11:23.701-03:00 DEBUG 4270 --- [inventory-service] [           main] org.hibernate.type.BasicTypeRegistry     : Adding type registration imm_calendar_date -> org.hibernate.type.BasicTypeReference@31b6b0c7
2025-08-19T10:11:23.701-03:00 DEBUG 4270 --- [inventory-service] [           main] org.hibernate.type.BasicTypeRegistry     : Adding type registration imm_calendar_time -> org.hibernate.type.BasicTypeReference@6253e59a
2025-08-19T10:11:23.701-03:00 DEBUG 4270 --- [inventory-service] [           main] org.hibernate.type.BasicTypeRegistry     : Adding type registration imm_binary -> org.hibernate.type.BasicTypeReference@7d1cb59f
2025-08-19T10:11:23.701-03:00 DEBUG 4270 --- [inventory-service] [           main] org.hibernate.type.BasicTypeRegistry     : Adding type registration imm_serializable -> org.hibernate.type.BasicTypeReference@16ccd2bc
2025-08-19T10:11:23.703-03:00 DEBUG 4270 --- [inventory-service] [           main] o.h.boot.internal.BootstrapContextImpl   : Injecting JPA temp ClassLoader [org.springframework.instrument.classloading.SimpleThrowawayClassLoader@44492c06] into BootstrapContext; was [null]
2025-08-19T10:11:23.703-03:00 DEBUG 4270 --- [inventory-service] [           main] o.h.boot.internal.ClassLoaderAccessImpl  : ClassLoaderAccessImpl#injectTempClassLoader(org.springframework.instrument.classloading.SimpleThrowawayClassLoader@44492c06) [was null]
2025-08-19T10:11:23.703-03:00 DEBUG 4270 --- [inventory-service] [           main] o.h.boot.internal.BootstrapContextImpl   : Injecting ScanEnvironment [org.hibernate.jpa.boot.internal.StandardJpaScanEnvironmentImpl@18db3b3c] into BootstrapContext; was [null]
2025-08-19T10:11:23.704-03:00 DEBUG 4270 --- [inventory-service] [           main] o.h.boot.internal.BootstrapContextImpl   : Injecting ScanOptions [org.hibernate.boot.archive.scan.internal.StandardScanOptions@318e3942] into BootstrapContext; was [org.hibernate.boot.archive.scan.internal.StandardScanOptions@1c4057f9]
2025-08-19T10:11:23.712-03:00 DEBUG 4270 --- [inventory-service] [           main] o.h.j.b.i.PersistenceUnitInfoDescriptor  : Pushing class transformers for PU named 'default' on loading classloader jdk.internal.loader.ClassLoaders$AppClassLoader@18ff02e4
2025-08-19T10:11:23.713-03:00 DEBUG 4270 --- [inventory-service] [onnection-adder] com.zaxxer.hikari.pool.HikariPool        : HikariPool-1 - After adding stats (total=6/10, idle=6/10, active=0, waiting=0)
2025-08-19T10:11:23.714-03:00 DEBUG 4270 --- [inventory-service] [onnection-adder] com.zaxxer.hikari.pool.PoolBase          : HikariPool-1 - Attempting to create/setup new connection (b3e076f9-dc7d-41fe-b0b2-ba4ee83b5dd2)
2025-08-19T10:11:23.722-03:00 DEBUG 4270 --- [inventory-service] [onnection-adder] jdk.event.security                       : X509Certificate: Alg:SHA256withRSA, Serial:02, Subject:CN=MySQL_Server_8.3.0_Auto_Generated_Server_Certificate, Issuer:CN=MySQL_Server_8.3.0_Auto_Generated_CA_Certificate, Key type:RSA, Length:2048, Cert Id:2708609608, Valid from:8/19/25, 10:03 AM, Valid until:8/17/35, 10:03 AM
2025-08-19T10:11:23.722-03:00 DEBUG 4270 --- [inventory-service] [onnection-adder] jdk.event.security                       : X509Certificate: Alg:SHA256withRSA, Serial:01, Subject:CN=MySQL_Server_8.3.0_Auto_Generated_CA_Certificate, Issuer:CN=MySQL_Server_8.3.0_Auto_Generated_CA_Certificate, Key type:RSA, Length:2048, Cert Id:3154017520, Valid from:8/19/25, 10:03 AM, Valid until:8/17/35, 10:03 AM
2025-08-19T10:11:23.724-03:00 DEBUG 4270 --- [inventory-service] [onnection-adder] jdk.event.security                       :  TLSHandshake: localhost:3306, TLSv1.3, TLS_AES_256_GCM_SHA384, 2708609608
2025-08-19T10:11:23.727-03:00 DEBUG 4270 --- [inventory-service] [onnection-adder] com.zaxxer.hikari.pool.PoolBase          : HikariPool-1 - Established new connection (b3e076f9-dc7d-41fe-b0b2-ba4ee83b5dd2)
2025-08-19T10:11:23.727-03:00 DEBUG 4270 --- [inventory-service] [onnection-adder] com.zaxxer.hikari.pool.HikariPool        : HikariPool-1 - Added connection com.mysql.cj.jdbc.ConnectionImpl@38aa9a7
2025-08-19T10:11:23.759-03:00 DEBUG 4270 --- [inventory-service] [onnection-adder] com.zaxxer.hikari.pool.HikariPool        : HikariPool-1 - After adding stats (total=7/10, idle=7/10, active=0, waiting=0)
2025-08-19T10:11:23.760-03:00 DEBUG 4270 --- [inventory-service] [onnection-adder] com.zaxxer.hikari.pool.PoolBase          : HikariPool-1 - Attempting to create/setup new connection (90da218d-037c-4cb6-94c8-bd8d92bccaa2)
2025-08-19T10:11:23.768-03:00 DEBUG 4270 --- [inventory-service] [onnection-adder] jdk.event.security                       : X509Certificate: Alg:SHA256withRSA, Serial:02, Subject:CN=MySQL_Server_8.3.0_Auto_Generated_Server_Certificate, Issuer:CN=MySQL_Server_8.3.0_Auto_Generated_CA_Certificate, Key type:RSA, Length:2048, Cert Id:2708609608, Valid from:8/19/25, 10:03 AM, Valid until:8/17/35, 10:03 AM
2025-08-19T10:11:23.768-03:00 DEBUG 4270 --- [inventory-service] [onnection-adder] jdk.event.security                       : X509Certificate: Alg:SHA256withRSA, Serial:01, Subject:CN=MySQL_Server_8.3.0_Auto_Generated_CA_Certificate, Issuer:CN=MySQL_Server_8.3.0_Auto_Generated_CA_Certificate, Key type:RSA, Length:2048, Cert Id:3154017520, Valid from:8/19/25, 10:03 AM, Valid until:8/17/35, 10:03 AM
2025-08-19T10:11:23.769-03:00 DEBUG 4270 --- [inventory-service] [onnection-adder] jdk.event.security                       :  TLSHandshake: localhost:3306, TLSv1.3, TLS_AES_256_GCM_SHA384, 2708609608
2025-08-19T10:11:23.772-03:00 DEBUG 4270 --- [inventory-service] [onnection-adder] com.zaxxer.hikari.pool.PoolBase          : HikariPool-1 - Established new connection (90da218d-037c-4cb6-94c8-bd8d92bccaa2)
2025-08-19T10:11:23.772-03:00 DEBUG 4270 --- [inventory-service] [onnection-adder] com.zaxxer.hikari.pool.HikariPool        : HikariPool-1 - Added connection com.mysql.cj.jdbc.ConnectionImpl@393ce30f
2025-08-19T10:11:23.792-03:00  INFO 4270 --- [inventory-service] [           main] o.s.o.j.p.SpringPersistenceUnitInfo      : No LoadTimeWeaver setup: ignoring JPA class transformer
2025-08-19T10:11:23.792-03:00 DEBUG 4270 --- [inventory-service] [           main] o.h.boot.internal.BootstrapContextImpl   : Injecting JPA temp ClassLoader [null] into BootstrapContext; was [org.springframework.instrument.classloading.SimpleThrowawayClassLoader@44492c06]
2025-08-19T10:11:23.792-03:00 DEBUG 4270 --- [inventory-service] [           main] o.h.boot.internal.ClassLoaderAccessImpl  : ClassLoaderAccessImpl#injectTempClassLoader(null) [was org.springframework.instrument.classloading.SimpleThrowawayClassLoader@44492c06]
2025-08-19T10:11:23.804-03:00 DEBUG 4270 --- [inventory-service] [           main] o.h.e.j.e.i.JdbcEnvironmentInitiator     : Database ->
	   name : MySQL
	version : 8.3.0
	  major : 8
	  minor : 3
2025-08-19T10:11:23.804-03:00 DEBUG 4270 --- [inventory-service] [           main] o.h.e.j.e.i.JdbcEnvironmentInitiator     : Driver ->
	   name : MySQL Connector/J
	version : mysql-connector-j-9.3.0 (Revision: 20ef8ee9eb4294a03858acccea0ddad3525f1ff9)
	  major : 9
	  minor : 3
2025-08-19T10:11:23.804-03:00 DEBUG 4270 --- [inventory-service] [           main] o.h.e.j.e.i.JdbcEnvironmentInitiator     : JDBC version : 4.2
2025-08-19T10:11:23.807-03:00 DEBUG 4270 --- [inventory-service] [onnection-adder] com.zaxxer.hikari.pool.HikariPool        : HikariPool-1 - After adding stats (total=8/10, idle=7/10, active=1, waiting=0)
2025-08-19T10:11:23.807-03:00 DEBUG 4270 --- [inventory-service] [onnection-adder] com.zaxxer.hikari.pool.PoolBase          : HikariPool-1 - Attempting to create/setup new connection (f56bbd0c-9f71-4a71-80c3-9f277b143020)
2025-08-19T10:11:23.814-03:00 DEBUG 4270 --- [inventory-service] [onnection-adder] jdk.event.security                       : X509Certificate: Alg:SHA256withRSA, Serial:02, Subject:CN=MySQL_Server_8.3.0_Auto_Generated_Server_Certificate, Issuer:CN=MySQL_Server_8.3.0_Auto_Generated_CA_Certificate, Key type:RSA, Length:2048, Cert Id:2708609608, Valid from:8/19/25, 10:03 AM, Valid until:8/17/35, 10:03 AM
2025-08-19T10:11:23.814-03:00 DEBUG 4270 --- [inventory-service] [onnection-adder] jdk.event.security                       : X509Certificate: Alg:SHA256withRSA, Serial:01, Subject:CN=MySQL_Server_8.3.0_Auto_Generated_CA_Certificate, Issuer:CN=MySQL_Server_8.3.0_Auto_Generated_CA_Certificate, Key type:RSA, Length:2048, Cert Id:3154017520, Valid from:8/19/25, 10:03 AM, Valid until:8/17/35, 10:03 AM
2025-08-19T10:11:23.815-03:00 DEBUG 4270 --- [inventory-service] [onnection-adder] jdk.event.security                       :  TLSHandshake: localhost:3306, TLSv1.3, TLS_AES_256_GCM_SHA384, 2708609608
2025-08-19T10:11:23.819-03:00 DEBUG 4270 --- [inventory-service] [onnection-adder] com.zaxxer.hikari.pool.PoolBase          : HikariPool-1 - Established new connection (f56bbd0c-9f71-4a71-80c3-9f277b143020)
2025-08-19T10:11:23.819-03:00 DEBUG 4270 --- [inventory-service] [onnection-adder] com.zaxxer.hikari.pool.HikariPool        : HikariPool-1 - Added connection com.mysql.cj.jdbc.ConnectionImpl@4edf872b
2025-08-19T10:11:23.819-03:00  WARN 4270 --- [inventory-service] [           main] org.hibernate.orm.deprecation            : HHH90000025: MySQL8Dialect does not need to be specified explicitly using 'hibernate.dialect' (remove the property setting and it will be selected by default)
2025-08-19T10:11:23.819-03:00 DEBUG 4270 --- [inventory-service] [           main] org.hibernate.orm.dialect                : HHH035001: Using dialect: org.hibernate.dialect.MySQL8Dialect, version: 8.0
2025-08-19T10:11:23.819-03:00  WARN 4270 --- [inventory-service] [           main] org.hibernate.orm.deprecation            : HHH90000026: MySQL8Dialect has been deprecated; use org.hibernate.dialect.MySQLDialect instead
2025-08-19T10:11:23.820-03:00 DEBUG 4270 --- [inventory-service] [           main] o.h.e.j.env.spi.IdentifierHelperBuilder  : IdentifierCaseStrategy for both quoted and unquoted identifiers was set to the same strategy [MIXED]; that will likely lead to problems in schema update and validation if using quoted identifiers
2025-08-19T10:11:23.823-03:00  INFO 4270 --- [inventory-service] [           main] org.hibernate.orm.connections.pooling    : HHH10001005: Database info:
	Database JDBC URL [Connecting through datasource 'HikariDataSource (HikariPool-1)']
	Database driver: undefined/unknown
	Database version: 8.0
	Autocommit mode: undefined/unknown
	Isolation level: undefined/unknown
	Minimum pool size: undefined/unknown
	Maximum pool size: undefined/unknown
2025-08-19T10:11:23.826-03:00 DEBUG 4270 --- [inventory-service] [           main] o.h.t.d.sql.spi.DdlTypeRegistry          : addDescriptor(12, org.hibernate.type.descriptor.sql.internal.CapacityDependentDdlType@651caa2e) replaced previous registration(org.hibernate.type.descriptor.sql.internal.CapacityDependentDdlType@433ae0b0)
2025-08-19T10:11:23.826-03:00 DEBUG 4270 --- [inventory-service] [           main] o.h.t.d.sql.spi.DdlTypeRegistry          : addDescriptor(-9, org.hibernate.type.descriptor.sql.internal.CapacityDependentDdlType@70840a5a) replaced previous registration(org.hibernate.type.descriptor.sql.internal.CapacityDependentDdlType@7af9595d)
2025-08-19T10:11:23.826-03:00 DEBUG 4270 --- [inventory-service] [           main] o.h.t.d.sql.spi.DdlTypeRegistry          : addDescriptor(-3, org.hibernate.type.descriptor.sql.internal.CapacityDependentDdlType@7a34c1f6) replaced previous registration(org.hibernate.type.descriptor.sql.internal.CapacityDependentDdlType@6e9f8160)
2025-08-19T10:11:23.826-03:00 DEBUG 4270 --- [inventory-service] [           main] o.h.t.d.sql.spi.DdlTypeRegistry          : addDescriptor(4003, org.hibernate.type.descriptor.sql.internal.DdlTypeImpl@3e998033) replaced previous registration(org.hibernate.type.descriptor.sql.internal.DdlTypeImpl@e1a150c)
2025-08-19T10:11:23.826-03:00 DEBUG 4270 --- [inventory-service] [           main] o.h.t.d.sql.spi.DdlTypeRegistry          : addDescriptor(4001, org.hibernate.type.descriptor.sql.internal.DdlTypeImpl@527d5e48) replaced previous registration(org.hibernate.type.descriptor.sql.internal.DdlTypeImpl@407b41e6)
2025-08-19T10:11:23.826-03:00 DEBUG 4270 --- [inventory-service] [           main] o.h.t.d.sql.spi.DdlTypeRegistry          : addDescriptor(4002, org.hibernate.type.descriptor.sql.internal.DdlTypeImpl@3291d9c2) replaced previous registration(org.hibernate.type.descriptor.sql.internal.DdlTypeImpl@6cfd08e9)
2025-08-19T10:11:23.826-03:00 DEBUG 4270 --- [inventory-service] [           main] o.h.t.d.sql.spi.DdlTypeRegistry          : addDescriptor(2004, org.hibernate.type.descriptor.sql.internal.CapacityDependentDdlType@54ca9420) replaced previous registration(org.hibernate.type.descriptor.sql.internal.DdlTypeImpl@4ea48b2e)
2025-08-19T10:11:23.826-03:00 DEBUG 4270 --- [inventory-service] [           main] o.h.t.d.sql.spi.DdlTypeRegistry          : addDescriptor(2005, org.hibernate.type.descriptor.sql.internal.CapacityDependentDdlType@72c704f1) replaced previous registration(org.hibernate.type.descriptor.sql.internal.DdlTypeImpl@76f9e000)
2025-08-19T10:11:23.826-03:00 DEBUG 4270 --- [inventory-service] [           main] o.h.t.d.sql.spi.DdlTypeRegistry          : addDescriptor(2011, org.hibernate.type.descriptor.sql.internal.CapacityDependentDdlType@7612116b) replaced previous registration(org.hibernate.type.descriptor.sql.internal.DdlTypeImpl@1c05097c)
2025-08-19T10:11:23.827-03:00 DEBUG 4270 --- [inventory-service] [           main] o.h.t.d.jdbc.spi.JdbcTypeRegistry        : addDescriptor(NCharTypeDescriptor) replaced previous registration(CharTypeDescriptor)
2025-08-19T10:11:23.827-03:00 DEBUG 4270 --- [inventory-service] [           main] o.h.t.d.jdbc.spi.JdbcTypeRegistry        : addDescriptor(NVarcharTypeDescriptor) replaced previous registration(VarcharTypeDescriptor)
2025-08-19T10:11:23.827-03:00 DEBUG 4270 --- [inventory-service] [           main] o.h.t.d.jdbc.spi.JdbcTypeRegistry        : addDescriptor(LongNVarcharTypeDescriptor) replaced previous registration(LongVarcharTypeDescriptor)
2025-08-19T10:11:23.828-03:00 DEBUG 4270 --- [inventory-service] [           main] o.h.t.d.jdbc.spi.JdbcTypeRegistry        : addDescriptor(NClobTypeDescriptor(DEFAULT)) replaced previous registration(ClobTypeDescriptor(DEFAULT))
2025-08-19T10:11:23.828-03:00 DEBUG 4270 --- [inventory-service] [           main] org.hibernate.type.BasicTypeRegistry     : Adding type registration null -> org.hibernate.type.NullType@52290e63
2025-08-19T10:11:23.828-03:00 DEBUG 4270 --- [inventory-service] [           main] org.hibernate.type.BasicTypeRegistry     : Type registration key [null] overrode previous entry : `org.hibernate.type.NullType@54275b5d`
2025-08-19T10:11:23.830-03:00 DEBUG 4270 --- [inventory-service] [           main] org.hibernate.type.BasicTypeRegistry     : Adding type registration org.hibernate.type.DurationType -> basicType@1(java.time.Duration,3015)
2025-08-19T10:11:23.830-03:00 DEBUG 4270 --- [inventory-service] [           main] org.hibernate.type.BasicTypeRegistry     : Adding type registration Duration -> basicType@1(java.time.Duration,3015)
2025-08-19T10:11:23.830-03:00 DEBUG 4270 --- [inventory-service] [           main] org.hibernate.type.BasicTypeRegistry     : Adding type registration java.time.Duration -> basicType@1(java.time.Duration,3015)
2025-08-19T10:11:23.831-03:00 DEBUG 4270 --- [inventory-service] [           main] org.hibernate.type.BasicTypeRegistry     : Adding type registration org.hibernate.type.OffsetDateTimeType -> basicType@2(java.time.OffsetDateTime,3003)
2025-08-19T10:11:23.831-03:00 DEBUG 4270 --- [inventory-service] [           main] org.hibernate.type.BasicTypeRegistry     : Adding type registration OffsetDateTime -> basicType@2(java.time.OffsetDateTime,3003)
2025-08-19T10:11:23.831-03:00 DEBUG 4270 --- [inventory-service] [           main] org.hibernate.type.BasicTypeRegistry     : Adding type registration java.time.OffsetDateTime -> basicType@2(java.time.OffsetDateTime,3003)
2025-08-19T10:11:23.831-03:00 DEBUG 4270 --- [inventory-service] [           main] org.hibernate.type.BasicTypeRegistry     : Adding type registration org.hibernate.type.ZonedDateTimeType -> basicType@3(java.time.ZonedDateTime,3003)
2025-08-19T10:11:23.831-03:00 DEBUG 4270 --- [inventory-service] [           main] org.hibernate.type.BasicTypeRegistry     : Adding type registration ZonedDateTime -> basicType@3(java.time.ZonedDateTime,3003)
2025-08-19T10:11:23.831-03:00 DEBUG 4270 --- [inventory-service] [           main] org.hibernate.type.BasicTypeRegistry     : Adding type registration java.time.ZonedDateTime -> basicType@3(java.time.ZonedDateTime,3003)
2025-08-19T10:11:23.831-03:00 DEBUG 4270 --- [inventory-service] [           main] org.hibernate.type.BasicTypeRegistry     : Adding type registration org.hibernate.type.OffsetTimeType -> basicType@4(java.time.OffsetTime,3007)
2025-08-19T10:11:23.831-03:00 DEBUG 4270 --- [inventory-service] [           main] org.hibernate.type.BasicTypeRegistry     : Adding type registration OffsetTime -> basicType@4(java.time.OffsetTime,3007)
2025-08-19T10:11:23.831-03:00 DEBUG 4270 --- [inventory-service] [           main] org.hibernate.type.BasicTypeRegistry     : Adding type registration java.time.OffsetTime -> basicType@4(java.time.OffsetTime,3007)
2025-08-19T10:11:23.832-03:00 DEBUG 4270 --- [inventory-service] [           main] o.h.type.spi.TypeConfiguration$Scope     : Scoping TypeConfiguration [org.hibernate.type.spi.TypeConfiguration@46e6458d] to MetadataBuildingContext [org.hibernate.boot.internal.MetadataBuildingContextRootImpl@6297cb4b]
2025-08-19T10:11:23.844-03:00 DEBUG 4270 --- [inventory-service] [           main] o.h.boot.model.relational.Namespace      : Created database namespace [logicalName=Name{catalog=null, schema=null}, physicalName=Name{catalog=null, schema=null}]
2025-08-19T10:11:23.853-03:00 DEBUG 4270 --- [inventory-service] [           main] o.h.boot.model.internal.EntityBinder     : Binding entity from annotated class: com.example.inventory_service.entities.EventEntity
2025-08-19T10:11:23.854-03:00 DEBUG 4270 --- [inventory-service] [onnection-adder] com.zaxxer.hikari.pool.HikariPool        : HikariPool-1 - After adding stats (total=9/10, idle=9/10, active=0, waiting=0)
2025-08-19T10:11:23.854-03:00 DEBUG 4270 --- [inventory-service] [onnection-adder] com.zaxxer.hikari.pool.PoolBase          : HikariPool-1 - Attempting to create/setup new connection (188a3996-0097-4e15-8219-407ea78fa9cf)
2025-08-19T10:11:23.855-03:00 DEBUG 4270 --- [inventory-service] [           main] o.h.boot.model.internal.EntityBinder     : Import with entity name EventEntity
2025-08-19T10:11:23.857-03:00 DEBUG 4270 --- [inventory-service] [           main] o.h.boot.model.internal.EntityBinder     : Bind entity com.example.inventory_service.entities.EventEntity on table event
2025-08-19T10:11:23.860-03:00 DEBUG 4270 --- [inventory-service] [           main] o.h.boot.model.internal.AnnotatedColumn  : Binding column: AnnotatedDiscriminatorColumn(column='DTYPE')
2025-08-19T10:11:23.862-03:00 DEBUG 4270 --- [inventory-service] [onnection-adder] jdk.event.security                       : X509Certificate: Alg:SHA256withRSA, Serial:02, Subject:CN=MySQL_Server_8.3.0_Auto_Generated_Server_Certificate, Issuer:CN=MySQL_Server_8.3.0_Auto_Generated_CA_Certificate, Key type:RSA, Length:2048, Cert Id:2708609608, Valid from:8/19/25, 10:03 AM, Valid until:8/17/35, 10:03 AM
2025-08-19T10:11:23.862-03:00 DEBUG 4270 --- [inventory-service] [onnection-adder] jdk.event.security                       : X509Certificate: Alg:SHA256withRSA, Serial:01, Subject:CN=MySQL_Server_8.3.0_Auto_Generated_CA_Certificate, Issuer:CN=MySQL_Server_8.3.0_Auto_Generated_CA_Certificate, Key type:RSA, Length:2048, Cert Id:3154017520, Valid from:8/19/25, 10:03 AM, Valid until:8/17/35, 10:03 AM
2025-08-19T10:11:23.863-03:00 DEBUG 4270 --- [inventory-service] [onnection-adder] jdk.event.security                       :  TLSHandshake: localhost:3306, TLSv1.3, TLS_AES_256_GCM_SHA384, 2708609608
2025-08-19T10:11:23.866-03:00 DEBUG 4270 --- [inventory-service] [           main] o.h.boot.model.internal.AnnotatedColumn  : Binding column: AnnotatedColumn(column='id')
2025-08-19T10:11:23.867-03:00 DEBUG 4270 --- [inventory-service] [           main] o.h.boot.internal.ClassLoaderAccessImpl  : Not known whether passed class name [com.example.inventory_service.entities.EventEntity] is safe
2025-08-19T10:11:23.867-03:00 DEBUG 4270 --- [inventory-service] [           main] o.h.boot.internal.ClassLoaderAccessImpl  : No temp ClassLoader provided; using live ClassLoader for loading potentially unsafe class : com.example.inventory_service.entities.EventEntity
2025-08-19T10:11:23.867-03:00 DEBUG 4270 --- [inventory-service] [onnection-adder] com.zaxxer.hikari.pool.PoolBase          : HikariPool-1 - Established new connection (188a3996-0097-4e15-8219-407ea78fa9cf)
2025-08-19T10:11:23.867-03:00 DEBUG 4270 --- [inventory-service] [onnection-adder] com.zaxxer.hikari.pool.HikariPool        : HikariPool-1 - Added connection com.mysql.cj.jdbc.ConnectionImpl@59310215
2025-08-19T10:11:23.868-03:00 DEBUG 4270 --- [inventory-service] [           main] o.h.boot.model.internal.PropertyBinder   : MetadataSourceProcessor property id with lazy=false
2025-08-19T10:11:23.869-03:00 DEBUG 4270 --- [inventory-service] [           main] o.h.b.m.internal.AbstractPropertyHolder  : Attempting to locate auto-apply AttributeConverter for property [com.example.inventory_service.entities.EventEntity:id]
2025-08-19T10:11:23.870-03:00 DEBUG 4270 --- [inventory-service] [           main] o.h.b.model.internal.BasicValueBinder    : building BasicValue for id
2025-08-19T10:11:23.871-03:00 DEBUG 4270 --- [inventory-service] [           main] org.hibernate.mapping.BasicValue         : Skipping column re-registration: event.id
2025-08-19T10:11:23.871-03:00 DEBUG 4270 --- [inventory-service] [           main] o.h.boot.model.internal.PropertyBinder   : Building property id
2025-08-19T10:11:23.872-03:00 DEBUG 4270 --- [inventory-service] [           main] o.h.boot.model.internal.AnnotatedColumn  : Binding column: AnnotatedColumn(column='left_capacity')
2025-08-19T10:11:23.872-03:00 DEBUG 4270 --- [inventory-service] [           main] o.h.boot.model.internal.PropertyBinder   : MetadataSourceProcessor property leftCapacity with lazy=false
2025-08-19T10:11:23.872-03:00 DEBUG 4270 --- [inventory-service] [           main] o.h.b.m.internal.AbstractPropertyHolder  : Attempting to locate auto-apply AttributeConverter for property [com.example.inventory_service.entities.EventEntity:leftCapacity]
2025-08-19T10:11:23.872-03:00 DEBUG 4270 --- [inventory-service] [           main] o.h.b.model.internal.BasicValueBinder    : building BasicValue for leftCapacity
2025-08-19T10:11:23.872-03:00 DEBUG 4270 --- [inventory-service] [           main] org.hibernate.mapping.BasicValue         : Skipping column re-registration: event.left_capacity
2025-08-19T10:11:23.872-03:00 DEBUG 4270 --- [inventory-service] [           main] o.h.boot.model.internal.PropertyBinder   : Building property leftCapacity
2025-08-19T10:11:23.873-03:00 DEBUG 4270 --- [inventory-service] [           main] o.h.boot.model.internal.AnnotatedColumn  : Binding column: AnnotatedColumn(column='name')
2025-08-19T10:11:23.873-03:00 DEBUG 4270 --- [inventory-service] [           main] o.h.boot.model.internal.PropertyBinder   : MetadataSourceProcessor property name with lazy=false
2025-08-19T10:11:23.873-03:00 DEBUG 4270 --- [inventory-service] [           main] o.h.b.m.internal.AbstractPropertyHolder  : Attempting to locate auto-apply AttributeConverter for property [com.example.inventory_service.entities.EventEntity:name]
2025-08-19T10:11:23.873-03:00 DEBUG 4270 --- [inventory-service] [           main] o.h.b.model.internal.BasicValueBinder    : building BasicValue for name
2025-08-19T10:11:23.873-03:00 DEBUG 4270 --- [inventory-service] [           main] org.hibernate.mapping.BasicValue         : Skipping column re-registration: event.name
2025-08-19T10:11:23.873-03:00 DEBUG 4270 --- [inventory-service] [           main] o.h.boot.model.internal.PropertyBinder   : Building property name
2025-08-19T10:11:23.873-03:00 DEBUG 4270 --- [inventory-service] [           main] o.h.boot.model.internal.AnnotatedColumn  : Binding column: AnnotatedColumn(column='total_capacity')
2025-08-19T10:11:23.873-03:00 DEBUG 4270 --- [inventory-service] [           main] o.h.boot.model.internal.PropertyBinder   : MetadataSourceProcessor property totalCapacity with lazy=false
2025-08-19T10:11:23.873-03:00 DEBUG 4270 --- [inventory-service] [           main] o.h.b.m.internal.AbstractPropertyHolder  : Attempting to locate auto-apply AttributeConverter for property [com.example.inventory_service.entities.EventEntity:totalCapacity]
2025-08-19T10:11:23.873-03:00 DEBUG 4270 --- [inventory-service] [           main] o.h.b.model.internal.BasicValueBinder    : building BasicValue for totalCapacity
2025-08-19T10:11:23.873-03:00 DEBUG 4270 --- [inventory-service] [           main] org.hibernate.mapping.BasicValue         : Skipping column re-registration: event.total_capacity
2025-08-19T10:11:23.873-03:00 DEBUG 4270 --- [inventory-service] [           main] o.h.boot.model.internal.PropertyBinder   : Building property totalCapacity
2025-08-19T10:11:23.873-03:00 DEBUG 4270 --- [inventory-service] [           main] o.h.boot.model.internal.AnnotatedColumn  : Binding column: AnnotatedJoinColumn(column='venue_id')
2025-08-19T10:11:23.874-03:00 DEBUG 4270 --- [inventory-service] [           main] o.h.boot.model.internal.AnnotatedColumn  : Binding column: AnnotatedColumn()
2025-08-19T10:11:23.875-03:00 DEBUG 4270 --- [inventory-service] [           main] o.h.boot.model.internal.PropertyBinder   : Building property venue
2025-08-19T10:11:23.876-03:00 DEBUG 4270 --- [inventory-service] [           main] o.h.b.r.c.i.ClassLoaderServiceImpl       : HHH000194: Package not found or no package-info.java: com.example.inventory_service.entities
2025-08-19T10:11:23.877-03:00 DEBUG 4270 --- [inventory-service] [           main] o.h.boot.model.internal.EntityBinder     : Binding entity from annotated class: com.example.inventory_service.entities.VenueEntity
2025-08-19T10:11:23.877-03:00 DEBUG 4270 --- [inventory-service] [           main] o.h.boot.model.internal.EntityBinder     : Import with entity name VenueEntity
2025-08-19T10:11:23.877-03:00 DEBUG 4270 --- [inventory-service] [           main] o.h.boot.model.internal.EntityBinder     : Bind entity com.example.inventory_service.entities.VenueEntity on table venue
2025-08-19T10:11:23.877-03:00 DEBUG 4270 --- [inventory-service] [           main] o.h.boot.model.internal.AnnotatedColumn  : Binding column: AnnotatedDiscriminatorColumn(column='DTYPE')
2025-08-19T10:11:23.877-03:00 DEBUG 4270 --- [inventory-service] [           main] o.h.boot.model.internal.AnnotatedColumn  : Binding column: AnnotatedColumn(column='id')
2025-08-19T10:11:23.877-03:00 DEBUG 4270 --- [inventory-service] [           main] o.h.boot.internal.ClassLoaderAccessImpl  : Not known whether passed class name [com.example.inventory_service.entities.VenueEntity] is safe
2025-08-19T10:11:23.877-03:00 DEBUG 4270 --- [inventory-service] [           main] o.h.boot.internal.ClassLoaderAccessImpl  : No temp ClassLoader provided; using live ClassLoader for loading potentially unsafe class : com.example.inventory_service.entities.VenueEntity
2025-08-19T10:11:23.877-03:00 DEBUG 4270 --- [inventory-service] [           main] o.h.boot.model.internal.PropertyBinder   : MetadataSourceProcessor property id with lazy=false
2025-08-19T10:11:23.877-03:00 DEBUG 4270 --- [inventory-service] [           main] o.h.b.m.internal.AbstractPropertyHolder  : Attempting to locate auto-apply AttributeConverter for property [com.example.inventory_service.entities.VenueEntity:id]
2025-08-19T10:11:23.877-03:00 DEBUG 4270 --- [inventory-service] [           main] o.h.b.model.internal.BasicValueBinder    : building BasicValue for id
2025-08-19T10:11:23.877-03:00 DEBUG 4270 --- [inventory-service] [           main] org.hibernate.mapping.BasicValue         : Skipping column re-registration: venue.id
2025-08-19T10:11:23.877-03:00 DEBUG 4270 --- [inventory-service] [           main] o.h.boot.model.internal.PropertyBinder   : Building property id
2025-08-19T10:11:23.877-03:00 DEBUG 4270 --- [inventory-service] [           main] o.h.boot.model.internal.AnnotatedColumn  : Binding column: AnnotatedColumn(column='address')
2025-08-19T10:11:23.877-03:00 DEBUG 4270 --- [inventory-service] [           main] o.h.boot.model.internal.PropertyBinder   : MetadataSourceProcessor property address with lazy=false
2025-08-19T10:11:23.877-03:00 DEBUG 4270 --- [inventory-service] [           main] o.h.b.m.internal.AbstractPropertyHolder  : Attempting to locate auto-apply AttributeConverter for property [com.example.inventory_service.entities.VenueEntity:address]
2025-08-19T10:11:23.878-03:00 DEBUG 4270 --- [inventory-service] [           main] o.h.b.model.internal.BasicValueBinder    : building BasicValue for address
2025-08-19T10:11:23.878-03:00 DEBUG 4270 --- [inventory-service] [           main] org.hibernate.mapping.BasicValue         : Skipping column re-registration: venue.address
2025-08-19T10:11:23.878-03:00 DEBUG 4270 --- [inventory-service] [           main] o.h.boot.model.internal.PropertyBinder   : Building property address
2025-08-19T10:11:23.878-03:00 DEBUG 4270 --- [inventory-service] [           main] o.h.boot.model.internal.AnnotatedColumn  : Binding column: AnnotatedColumn(column='name')
2025-08-19T10:11:23.878-03:00 DEBUG 4270 --- [inventory-service] [           main] o.h.boot.model.internal.PropertyBinder   : MetadataSourceProcessor property name with lazy=false
2025-08-19T10:11:23.878-03:00 DEBUG 4270 --- [inventory-service] [           main] o.h.b.m.internal.AbstractPropertyHolder  : Attempting to locate auto-apply AttributeConverter for property [com.example.inventory_service.entities.VenueEntity:name]
2025-08-19T10:11:23.878-03:00 DEBUG 4270 --- [inventory-service] [           main] o.h.b.model.internal.BasicValueBinder    : building BasicValue for name
2025-08-19T10:11:23.878-03:00 DEBUG 4270 --- [inventory-service] [           main] org.hibernate.mapping.BasicValue         : Skipping column re-registration: venue.name
2025-08-19T10:11:23.878-03:00 DEBUG 4270 --- [inventory-service] [           main] o.h.boot.model.internal.PropertyBinder   : Building property name
2025-08-19T10:11:23.878-03:00 DEBUG 4270 --- [inventory-service] [           main] o.h.boot.model.internal.AnnotatedColumn  : Binding column: AnnotatedColumn(column='total_capacity')
2025-08-19T10:11:23.878-03:00 DEBUG 4270 --- [inventory-service] [           main] o.h.boot.model.internal.PropertyBinder   : MetadataSourceProcessor property totalCapacity with lazy=false
2025-08-19T10:11:23.878-03:00 DEBUG 4270 --- [inventory-service] [           main] o.h.b.m.internal.AbstractPropertyHolder  : Attempting to locate auto-apply AttributeConverter for property [com.example.inventory_service.entities.VenueEntity:totalCapacity]
2025-08-19T10:11:23.878-03:00 DEBUG 4270 --- [inventory-service] [           main] o.h.b.model.internal.BasicValueBinder    : building BasicValue for totalCapacity
2025-08-19T10:11:23.878-03:00 DEBUG 4270 --- [inventory-service] [           main] org.hibernate.mapping.BasicValue         : Skipping column re-registration: venue.total_capacity
2025-08-19T10:11:23.878-03:00 DEBUG 4270 --- [inventory-service] [           main] o.h.boot.model.internal.PropertyBinder   : Building property totalCapacity
2025-08-19T10:11:23.878-03:00 DEBUG 4270 --- [inventory-service] [           main] o.h.b.r.c.i.ClassLoaderServiceImpl       : HHH000194: Package not found or no package-info.java: com.example.inventory_service.entities
2025-08-19T10:11:23.878-03:00 DEBUG 4270 --- [inventory-service] [           main] o.h.b.model.internal.BasicValueBinder    : Starting `BasicValueBinder#fillSimpleValue` for id
2025-08-19T10:11:23.879-03:00 DEBUG 4270 --- [inventory-service] [           main] o.h.b.model.internal.BasicValueBinder    : Starting `BasicValueBinder#fillSimpleValue` for leftCapacity
2025-08-19T10:11:23.879-03:00 DEBUG 4270 --- [inventory-service] [           main] o.h.b.model.internal.BasicValueBinder    : Starting `BasicValueBinder#fillSimpleValue` for name
2025-08-19T10:11:23.879-03:00 DEBUG 4270 --- [inventory-service] [           main] o.h.b.model.internal.BasicValueBinder    : Starting `BasicValueBinder#fillSimpleValue` for totalCapacity
2025-08-19T10:11:23.879-03:00 DEBUG 4270 --- [inventory-service] [           main] o.h.b.model.internal.BasicValueBinder    : Starting `BasicValueBinder#fillSimpleValue` for id
2025-08-19T10:11:23.879-03:00 DEBUG 4270 --- [inventory-service] [           main] o.h.b.model.internal.BasicValueBinder    : Starting `BasicValueBinder#fillSimpleValue` for address
2025-08-19T10:11:23.879-03:00 DEBUG 4270 --- [inventory-service] [           main] o.h.b.model.internal.BasicValueBinder    : Starting `BasicValueBinder#fillSimpleValue` for name
2025-08-19T10:11:23.879-03:00 DEBUG 4270 --- [inventory-service] [           main] o.h.b.model.internal.BasicValueBinder    : Starting `BasicValueBinder#fillSimpleValue` for totalCapacity
2025-08-19T10:11:23.882-03:00 DEBUG 4270 --- [inventory-service] [           main] org.hibernate.mapping.PrimaryKey         : Forcing column [id] to be non-null as it is part of the primary key for table [event]
2025-08-19T10:11:23.882-03:00 DEBUG 4270 --- [inventory-service] [           main] org.hibernate.mapping.PrimaryKey         : Forcing column [id] to be non-null as it is part of the primary key for table [venue]
2025-08-19T10:11:23.902-03:00 DEBUG 4270 --- [inventory-service] [onnection-adder] com.zaxxer.hikari.pool.HikariPool        : HikariPool-1 - After adding stats (total=10/10, idle=10/10, active=0, waiting=0)
2025-08-19T10:11:23.902-03:00 DEBUG 4270 --- [inventory-service] [onnection-adder] com.zaxxer.hikari.pool.HikariPool        : HikariPool-1 - Connection not added, stats (total=10/10, idle=10/10, active=0, waiting=0)
2025-08-19T10:11:23.902-03:00 DEBUG 4270 --- [inventory-service] [           main] o.hibernate.internal.SessionFactoryImpl  : Building session factory
2025-08-19T10:11:23.923-03:00 DEBUG 4270 --- [inventory-service] [           main] .h.s.i.SessionFactoryServiceRegistryImpl : EventListenerRegistry access via ServiceRegistry is deprecated.  Use `sessionFactory.getEventEngine().getListenerRegistry()` instead
2025-08-19T10:11:23.923-03:00 DEBUG 4270 --- [inventory-service] [           main] o.hibernate.internal.SessionFactoryImpl  : Instantiating SessionFactory with settings: {java.specification.version=23, hibernate.resource.beans.container=org.springframework.orm.hibernate5.SpringBeanContainer@17477bbb, hibernate.connection.handling_mode=DELAYED_ACQUISITION_AND_HOLD, sun.jnu.encoding=UTF-8, hibernate.dialect=org.hibernate.dialect.MySQL8Dialect, hibernate.implicit_naming_strategy=org.springframework.boot.orm.jpa.hibernate.SpringImplicitNamingStrategy, java.class.path=/Users/andrereginatto/Desktop/projects/Spring-Microservices-Ticket-Booking-System/target/test-classes:/Users/andrereginatto/Desktop/projects/Spring-Microservices-Ticket-Booking-System/target/classes:/Users/andrereginatto/.m2/repository/org/springframework/boot/spring-boot-starter-data-jpa/3.5.4/spring-boot-starter-data-jpa-3.5.4.jar:/Users/andrereginatto/.m2/repository/org/springframework/boot/spring-boot-starter/3.5.4/spring-boot-starter-3.5.4.jar:/Users/andrereginatto/.m2/repository/org/springframework/boot/spring-boot/3.5.4/spring-boot-3.5.4.jar:/Users/andrereginatto/.m2/repository/org/springframework/boot/spring-boot-autoconfigure/3.5.4/spring-boot-autoconfigure-3.5.4.jar:/Users/andrereginatto/.m2/repository/org/springframework/boot/spring-boot-starter-logging/3.5.4/spring-boot-starter-logging-3.5.4.jar:/Users/andrereginatto/.m2/repository/ch/qos/logback/logback-classic/1.5.18/logback-classic-1.5.18.jar:/Users/andrereginatto/.m2/repository/ch/qos/logback/logback-core/1.5.18/logback-core-1.5.18.jar:/Users/andrereginatto/.m2/repository/org/apache/logging/log4j/log4j-to-slf4j/2.24.3/log4j-to-slf4j-2.24.3.jar:/Users/andrereginatto/.m2/repository/org/apache/logging/log4j/log4j-api/2.24.3/log4j-api-2.24.3.jar:/Users/andrereginatto/.m2/repository/org/slf4j/jul-to-slf4j/2.0.17/jul-to-slf4j-2.0.17.jar:/Users/andrereginatto/.m2/repository/jakarta/annotation/jakarta.annotation-api/2.1.1/jakarta.annotation-api-2.1.1.jar:/Users/andrereginatto/.m2/repository/org/yaml/snakeyaml/2.4/snakeyaml-2.4.jar:/Users/andrereginatto/.m2/repository/org/springframework/boot/spring-boot-starter-jdbc/3.5.4/spring-boot-starter-jdbc-3.5.4.jar:/Users/andrereginatto/.m2/repository/com/zaxxer/HikariCP/6.3.1/HikariCP-6.3.1.jar:/Users/andrereginatto/.m2/repository/org/springframework/spring-jdbc/6.2.9/spring-jdbc-6.2.9.jar:/Users/andrereginatto/.m2/repository/org/hibernate/orm/hibernate-core/6.6.22.Final/hibernate-core-6.6.22.Final.jar:/Users/andrereginatto/.m2/repository/jakarta/persistence/jakarta.persistence-api/3.1.0/jakarta.persistence-api-3.1.0.jar:/Users/andrereginatto/.m2/repository/jakarta/transaction/jakarta.transaction-api/2.0.1/jakarta.transaction-api-2.0.1.jar:/Users/andrereginatto/.m2/repository/org/jboss/logging/jboss-logging/3.6.1.Final/jboss-logging-3.6.1.Final.jar:/Users/andrereginatto/.m2/repository/org/hibernate/common/hibernate-commons-annotations/7.0.3.Final/hibernate-commons-annotations-7.0.3.Final.jar:/Users/andrereginatto/.m2/repository/io/smallrye/jandex/3.2.0/jandex-3.2.0.jar:/Users/andrereginatto/.m2/repository/com/fasterxml/classmate/1.7.0/classmate-1.7.0.jar:/Users/andrereginatto/.m2/repository/net/bytebuddy/byte-buddy/1.17.6/byte-buddy-1.17.6.jar:/Users/andrereginatto/.m2/repository/org/glassfish/jaxb/jaxb-runtime/4.0.5/jaxb-runtime-4.0.5.jar:/Users/andrereginatto/.m2/repository/org/glassfish/jaxb/jaxb-core/4.0.5/jaxb-core-4.0.5.jar:/Users/andrereginatto/.m2/repository/org/eclipse/angus/angus-activation/2.0.2/angus-activation-2.0.2.jar:/Users/andrereginatto/.m2/repository/org/glassfish/jaxb/txw2/4.0.5/txw2-4.0.5.jar:/Users/andrereginatto/.m2/repository/com/sun/istack/istack-commons-runtime/4.1.2/istack-commons-runtime-4.1.2.jar:/Users/andrereginatto/.m2/repository/jakarta/inject/jakarta.inject-api/2.0.1/jakarta.inject-api-2.0.1.jar:/Users/andrereginatto/.m2/repository/org/antlr/antlr4-runtime/4.13.0/antlr4-runtime-4.13.0.jar:/Users/andrereginatto/.m2/repository/org/springframework/data/spring-data-jpa/3.5.2/spring-data-jpa-3.5.2.jar:/Users/andrereginatto/.m2/repository/org/springframework/data/spring-data-commons/3.5.2/spring-data-commons-3.5.2.jar:/Users/andrereginatto/.m2/repository/org/springframework/spring-orm/6.2.9/spring-orm-6.2.9.jar:/Users/andrereginatto/.m2/repository/org/springframework/spring-context/6.2.9/spring-context-6.2.9.jar:/Users/andrereginatto/.m2/repository/org/springframework/spring-aop/6.2.9/spring-aop-6.2.9.jar:/Users/andrereginatto/.m2/repository/org/springframework/spring-tx/6.2.9/spring-tx-6.2.9.jar:/Users/andrereginatto/.m2/repository/org/springframework/spring-beans/6.2.9/spring-beans-6.2.9.jar:/Users/andrereginatto/.m2/repository/org/slf4j/slf4j-api/2.0.17/slf4j-api-2.0.17.jar:/Users/andrereginatto/.m2/repository/org/springframework/spring-aspects/6.2.9/spring-aspects-6.2.9.jar:/Users/andrereginatto/.m2/repository/org/aspectj/aspectjweaver/1.9.24/aspectjweaver-1.9.24.jar:/Users/andrereginatto/.m2/repository/org/springframework/boot/spring-boot-starter-web/3.5.4/spring-boot-starter-web-3.5.4.jar:/Users/andrereginatto/.m2/repository/org/springframework/boot/spring-boot-starter-json/3.5.4/spring-boot-starter-json-3.5.4.jar:/Users/andrereginatto/.m2/repository/com/fasterxml/jackson/core/jackson-databind/2.19.2/jackson-databind-2.19.2.jar:/Users/andrereginatto/.m2/repository/com/fasterxml/jackson/datatype/jackson-datatype-jdk8/2.19.2/jackson-datatype-jdk8-2.19.2.jar:/Users/andrereginatto/.m2/repository/com/fasterxml/jackson/module/jackson-module-parameter-names/2.19.2/jackson-module-parameter-names-2.19.2.jar:/Users/andrereginatto/.m2/repository/org/springframework/boot/spring-boot-starter-tomcat/3.5.4/spring-boot-starter-tomcat-3.5.4.jar:/Users/andrereginatto/.m2/repository/org/apache/tomcat/embed/tomcat-embed-core/10.1.43/tomcat-embed-core-10.1.43.jar:/Users/andrereginatto/.m2/repository/org/apache/tomcat/embed/tomcat-embed-el/10.1.43/tomcat-embed-el-10.1.43.jar:/Users/andrereginatto/.m2/repository/org/apache/tomcat/embed/tomcat-embed-websocket/10.1.43/tomcat-embed-websocket-10.1.43.jar:/Users/andrereginatto/.m2/repository/org/springframework/spring-web/6.2.9/spring-web-6.2.9.jar:/Users/andrereginatto/.m2/repository/io/micrometer/micrometer-observation/1.15.2/micrometer-observation-1.15.2.jar:/Users/andrereginatto/.m2/repository/io/micrometer/micrometer-commons/1.15.2/micrometer-commons-1.15.2.jar:/Users/andrereginatto/.m2/repository/org/springframework/spring-webmvc/6.2.9/spring-webmvc-6.2.9.jar:/Users/andrereginatto/.m2/repository/org/springframework/spring-expression/6.2.9/spring-expression-6.2.9.jar:/Users/andrereginatto/.m2/repository/org/flywaydb/flyway-core/11.7.2/flyway-core-11.7.2.jar:/Users/andrereginatto/.m2/repository/com/fasterxml/jackson/dataformat/jackson-dataformat-toml/2.19.2/jackson-dataformat-toml-2.19.2.jar:/Users/andrereginatto/.m2/repository/com/fasterxml/jackson/core/jackson-core/2.19.2/jackson-core-2.19.2.jar:/Users/andrereginatto/.m2/repository/com/fasterxml/jackson/datatype/jackson-datatype-jsr310/2.19.2/jackson-datatype-jsr310-2.19.2.jar:/Users/andrereginatto/.m2/repository/com/fasterxml/jackson/core/jackson-annotations/2.19.2/jackson-annotations-2.19.2.jar:/Users/andrereginatto/.m2/repository/org/flywaydb/flyway-mysql/11.7.2/flyway-mysql-11.7.2.jar:/Users/andrereginatto/.m2/repository/com/mysql/mysql-connector-j/9.3.0/mysql-connector-j-9.3.0.jar:/Users/andrereginatto/.m2/repository/org/projectlombok/lombok/1.18.38/lombok-1.18.38.jar:/Users/andrereginatto/.m2/repository/org/springframework/boot/spring-boot-starter-test/3.5.4/spring-boot-starter-test-3.5.4.jar:/Users/andrereginatto/.m2/repository/org/springframework/boot/spring-boot-test/3.5.4/spring-boot-test-3.5.4.jar:/Users/andrereginatto/.m2/repository/org/springframework/boot/spring-boot-test-autoconfigure/3.5.4/spring-boot-test-autoconfigure-3.5.4.jar:/Users/andrereginatto/.m2/repository/com/jayway/jsonpath/json-path/2.9.0/json-path-2.9.0.jar:/Users/andrereginatto/.m2/repository/jakarta/xml/bind/jakarta.xml.bind-api/4.0.2/jakarta.xml.bind-api-4.0.2.jar:/Users/andrereginatto/.m2/repository/jakarta/activation/jakarta.activation-api/2.1.3/jakarta.activation-api-2.1.3.jar:/Users/andrereginatto/.m2/repository/net/minidev/json-smart/2.5.2/json-smart-2.5.2.jar:/Users/andrereginatto/.m2/repository/net/minidev/accessors-smart/2.5.2/accessors-smart-2.5.2.jar:/Users/andrereginatto/.m2/repository/org/ow2/asm/asm/9.7.1/asm-9.7.1.jar:/Users/andrereginatto/.m2/repository/org/assertj/assertj-core/3.27.3/assertj-core-3.27.3.jar:/Users/andrereginatto/.m2/repository/org/awaitility/awaitility/4.2.2/awaitility-4.2.2.jar:/Users/andrereginatto/.m2/repository/org/hamcrest/hamcrest/3.0/hamcrest-3.0.jar:/Users/andrereginatto/.m2/repository/org/junit/jupiter/junit-jupiter/5.12.2/junit-jupiter-5.12.2.jar:/Users/andrereginatto/.m2/repository/org/junit/jupiter/junit-jupiter-api/5.12.2/junit-jupiter-api-5.12.2.jar:/Users/andrereginatto/.m2/repository/org/opentest4j/opentest4j/1.3.0/opentest4j-1.3.0.jar:/Users/andrereginatto/.m2/repository/org/junit/platform/junit-platform-commons/1.12.2/junit-platform-commons-1.12.2.jar:/Users/andrereginatto/.m2/repository/org/apiguardian/apiguardian-api/1.1.2/apiguardian-api-1.1.2.jar:/Users/andrereginatto/.m2/repository/org/junit/jupiter/junit-jupiter-params/5.12.2/junit-jupiter-params-5.12.2.jar:/Users/andrereginatto/.m2/repository/org/junit/jupiter/junit-jupiter-engine/5.12.2/junit-jupiter-engine-5.12.2.jar:/Users/andrereginatto/.m2/repository/org/junit/platform/junit-platform-engine/1.12.2/junit-platform-engine-1.12.2.jar:/Users/andrereginatto/.m2/repository/org/mockito/mockito-core/5.17.0/mockito-core-5.17.0.jar:/Users/andrereginatto/.m2/repository/net/bytebuddy/byte-buddy-agent/1.17.6/byte-buddy-agent-1.17.6.jar:/Users/andrereginatto/.m2/repository/org/objenesis/objenesis/3.3/objenesis-3.3.jar:/Users/andrereginatto/.m2/repository/org/mockito/mockito-junit-jupiter/5.17.0/mockito-junit-jupiter-5.17.0.jar:/Users/andrereginatto/.m2/repository/org/skyscreamer/jsonassert/1.5.3/jsonassert-1.5.3.jar:/Users/andrereginatto/.m2/repository/com/vaadin/external/google/android-json/0.0.20131108.vaadin1/android-json-0.0.20131108.vaadin1.jar:/Users/andrereginatto/.m2/repository/org/springframework/spring-core/6.2.9/spring-core-6.2.9.jar:/Users/andrereginatto/.m2/repository/org/springframework/spring-jcl/6.2.9/spring-jcl-6.2.9.jar:/Users/andrereginatto/.m2/repository/org/springframework/spring-test/6.2.9/spring-test-6.2.9.jar:/Users/andrereginatto/.m2/repository/org/xmlunit/xmlunit-core/2.10.3/xmlunit-core-2.10.3.jar:, java.vm.vendor=Oracle Corporation, sun.arch.data.model=64, java.vendor.url=https://java.oracle.com/, user.timezone=America/Sao_Paulo, jakarta.persistence.sharedCache.mode=UNSPECIFIED, org.jboss.logging.provider=slf4j, os.name=Mac OS X, java.vm.specification.version=23, APPLICATION_NAME=inventory-service, jakarta.persistence.nonJtaDataSource=HikariDataSource (HikariPool-1), user.country=BR, sun.java.launcher=SUN_STANDARD, sun.boot.library.path=/Library/Java/JavaVirtualMachines/jdk-23.0.2.jdk/Contents/Home/lib, sun.java.command=/Users/andrereginatto/Desktop/projects/Spring-Microservices-Ticket-Booking-System/target/surefire/surefirebooter-20250819101122170_3.jar /Users/andrereginatto/Desktop/projects/Spring-Microservices-Ticket-Booking-System/target/surefire 2025-08-19T10-11-21_847-jvmRun1 surefire-20250819101122170_1tmp surefire_0-20250819101122170_2tmp, javax.persistence.nonJtaDataSource=HikariDataSource (HikariPool-1), hibernate.transaction.jta.platform=org.hibernate.engine.transaction.jta.platform.internal.NoJtaPlatform@40fee459, http.nonProxyHosts=local|*.local|169.254/16|*.169.254/16, jdk.debug=release, surefire.test.class.path=/Users/andrereginatto/Desktop/projects/Spring-Microservices-Ticket-Booking-System/target/test-classes:/Users/andrereginatto/Desktop/projects/Spring-Microservices-Ticket-Booking-System/target/classes:/Users/andrereginatto/.m2/repository/org/springframework/boot/spring-boot-starter-data-jpa/3.5.4/spring-boot-starter-data-jpa-3.5.4.jar:/Users/andrereginatto/.m2/repository/org/springframework/boot/spring-boot-starter/3.5.4/spring-boot-starter-3.5.4.jar:/Users/andrereginatto/.m2/repository/org/springframework/boot/spring-boot/3.5.4/spring-boot-3.5.4.jar:/Users/andrereginatto/.m2/repository/org/springframework/boot/spring-boot-autoconfigure/3.5.4/spring-boot-autoconfigure-3.5.4.jar:/Users/andrereginatto/.m2/repository/org/springframework/boot/spring-boot-starter-logging/3.5.4/spring-boot-starter-logging-3.5.4.jar:/Users/andrereginatto/.m2/repository/ch/qos/logback/logback-classic/1.5.18/logback-classic-1.5.18.jar:/Users/andrereginatto/.m2/repository/ch/qos/logback/logback-core/1.5.18/logback-core-1.5.18.jar:/Users/andrereginatto/.m2/repository/org/apache/logging/log4j/log4j-to-slf4j/2.24.3/log4j-to-slf4j-2.24.3.jar:/Users/andrereginatto/.m2/repository/org/apache/logging/log4j/log4j-api/2.24.3/log4j-api-2.24.3.jar:/Users/andrereginatto/.m2/repository/org/slf4j/jul-to-slf4j/2.0.17/jul-to-slf4j-2.0.17.jar:/Users/andrereginatto/.m2/repository/jakarta/annotation/jakarta.annotation-api/2.1.1/jakarta.annotation-api-2.1.1.jar:/Users/andrereginatto/.m2/repository/org/yaml/snakeyaml/2.4/snakeyaml-2.4.jar:/Users/andrereginatto/.m2/repository/org/springframework/boot/spring-boot-starter-jdbc/3.5.4/spring-boot-starter-jdbc-3.5.4.jar:/Users/andrereginatto/.m2/repository/com/zaxxer/HikariCP/6.3.1/HikariCP-6.3.1.jar:/Users/andrereginatto/.m2/repository/org/springframework/spring-jdbc/6.2.9/spring-jdbc-6.2.9.jar:/Users/andrereginatto/.m2/repository/org/hibernate/orm/hibernate-core/6.6.22.Final/hibernate-core-6.6.22.Final.jar:/Users/andrereginatto/.m2/repository/jakarta/persistence/jakarta.persistence-api/3.1.0/jakarta.persistence-api-3.1.0.jar:/Users/andrereginatto/.m2/repository/jakarta/transaction/jakarta.transaction-api/2.0.1/jakarta.transaction-api-2.0.1.jar:/Users/andrereginatto/.m2/repository/org/jboss/logging/jboss-logging/3.6.1.Final/jboss-logging-3.6.1.Final.jar:/Users/andrereginatto/.m2/repository/org/hibernate/common/hibernate-commons-annotations/7.0.3.Final/hibernate-commons-annotations-7.0.3.Final.jar:/Users/andrereginatto/.m2/repository/io/smallrye/jandex/3.2.0/jandex-3.2.0.jar:/Users/andrereginatto/.m2/repository/com/fasterxml/classmate/1.7.0/classmate-1.7.0.jar:/Users/andrereginatto/.m2/repository/net/bytebuddy/byte-buddy/1.17.6/byte-buddy-1.17.6.jar:/Users/andrereginatto/.m2/repository/org/glassfish/jaxb/jaxb-runtime/4.0.5/jaxb-runtime-4.0.5.jar:/Users/andrereginatto/.m2/repository/org/glassfish/jaxb/jaxb-core/4.0.5/jaxb-core-4.0.5.jar:/Users/andrereginatto/.m2/repository/org/eclipse/angus/angus-activation/2.0.2/angus-activation-2.0.2.jar:/Users/andrereginatto/.m2/repository/org/glassfish/jaxb/txw2/4.0.5/txw2-4.0.5.jar:/Users/andrereginatto/.m2/repository/com/sun/istack/istack-commons-runtime/4.1.2/istack-commons-runtime-4.1.2.jar:/Users/andrereginatto/.m2/repository/jakarta/inject/jakarta.inject-api/2.0.1/jakarta.inject-api-2.0.1.jar:/Users/andrereginatto/.m2/repository/org/antlr/antlr4-runtime/4.13.0/antlr4-runtime-4.13.0.jar:/Users/andrereginatto/.m2/repository/org/springframework/data/spring-data-jpa/3.5.2/spring-data-jpa-3.5.2.jar:/Users/andrereginatto/.m2/repository/org/springframework/data/spring-data-commons/3.5.2/spring-data-commons-3.5.2.jar:/Users/andrereginatto/.m2/repository/org/springframework/spring-orm/6.2.9/spring-orm-6.2.9.jar:/Users/andrereginatto/.m2/repository/org/springframework/spring-context/6.2.9/spring-context-6.2.9.jar:/Users/andrereginatto/.m2/repository/org/springframework/spring-aop/6.2.9/spring-aop-6.2.9.jar:/Users/andrereginatto/.m2/repository/org/springframework/spring-tx/6.2.9/spring-tx-6.2.9.jar:/Users/andrereginatto/.m2/repository/org/springframework/spring-beans/6.2.9/spring-beans-6.2.9.jar:/Users/andrereginatto/.m2/repository/org/slf4j/slf4j-api/2.0.17/slf4j-api-2.0.17.jar:/Users/andrereginatto/.m2/repository/org/springframework/spring-aspects/6.2.9/spring-aspects-6.2.9.jar:/Users/andrereginatto/.m2/repository/org/aspectj/aspectjweaver/1.9.24/aspectjweaver-1.9.24.jar:/Users/andrereginatto/.m2/repository/org/springframework/boot/spring-boot-starter-web/3.5.4/spring-boot-starter-web-3.5.4.jar:/Users/andrereginatto/.m2/repository/org/springframework/boot/spring-boot-starter-json/3.5.4/spring-boot-starter-json-3.5.4.jar:/Users/andrereginatto/.m2/repository/com/fasterxml/jackson/core/jackson-databind/2.19.2/jackson-databind-2.19.2.jar:/Users/andrereginatto/.m2/repository/com/fasterxml/jackson/datatype/jackson-datatype-jdk8/2.19.2/jackson-datatype-jdk8-2.19.2.jar:/Users/andrereginatto/.m2/repository/com/fasterxml/jackson/module/jackson-module-parameter-names/2.19.2/jackson-module-parameter-names-2.19.2.jar:/Users/andrereginatto/.m2/repository/org/springframework/boot/spring-boot-starter-tomcat/3.5.4/spring-boot-starter-tomcat-3.5.4.jar:/Users/andrereginatto/.m2/repository/org/apache/tomcat/embed/tomcat-embed-core/10.1.43/tomcat-embed-core-10.1.43.jar:/Users/andrereginatto/.m2/repository/org/apache/tomcat/embed/tomcat-embed-el/10.1.43/tomcat-embed-el-10.1.43.jar:/Users/andrereginatto/.m2/repository/org/apache/tomcat/embed/tomcat-embed-websocket/10.1.43/tomcat-embed-websocket-10.1.43.jar:/Users/andrereginatto/.m2/repository/org/springframework/spring-web/6.2.9/spring-web-6.2.9.jar:/Users/andrereginatto/.m2/repository/io/micrometer/micrometer-observation/1.15.2/micrometer-observation-1.15.2.jar:/Users/andrereginatto/.m2/repository/io/micrometer/micrometer-commons/1.15.2/micrometer-commons-1.15.2.jar:/Users/andrereginatto/.m2/repository/org/springframework/spring-webmvc/6.2.9/spring-webmvc-6.2.9.jar:/Users/andrereginatto/.m2/repository/org/springframework/spring-expression/6.2.9/spring-expression-6.2.9.jar:/Users/andrereginatto/.m2/repository/org/flywaydb/flyway-core/11.7.2/flyway-core-11.7.2.jar:/Users/andrereginatto/.m2/repository/com/fasterxml/jackson/dataformat/jackson-dataformat-toml/2.19.2/jackson-dataformat-toml-2.19.2.jar:/Users/andrereginatto/.m2/repository/com/fasterxml/jackson/core/jackson-core/2.19.2/jackson-core-2.19.2.jar:/Users/andrereginatto/.m2/repository/com/fasterxml/jackson/datatype/jackson-datatype-jsr310/2.19.2/jackson-datatype-jsr310-2.19.2.jar:/Users/andrereginatto/.m2/repository/com/fasterxml/jackson/core/jackson-annotations/2.19.2/jackson-annotations-2.19.2.jar:/Users/andrereginatto/.m2/repository/org/flywaydb/flyway-mysql/11.7.2/flyway-mysql-11.7.2.jar:/Users/andrereginatto/.m2/repository/com/mysql/mysql-connector-j/9.3.0/mysql-connector-j-9.3.0.jar:/Users/andrereginatto/.m2/repository/org/projectlombok/lombok/1.18.38/lombok-1.18.38.jar:/Users/andrereginatto/.m2/repository/org/springframework/boot/spring-boot-starter-test/3.5.4/spring-boot-starter-test-3.5.4.jar:/Users/andrereginatto/.m2/repository/org/springframework/boot/spring-boot-test/3.5.4/spring-boot-test-3.5.4.jar:/Users/andrereginatto/.m2/repository/org/springframework/boot/spring-boot-test-autoconfigure/3.5.4/spring-boot-test-autoconfigure-3.5.4.jar:/Users/andrereginatto/.m2/repository/com/jayway/jsonpath/json-path/2.9.0/json-path-2.9.0.jar:/Users/andrereginatto/.m2/repository/jakarta/xml/bind/jakarta.xml.bind-api/4.0.2/jakarta.xml.bind-api-4.0.2.jar:/Users/andrereginatto/.m2/repository/jakarta/activation/jakarta.activation-api/2.1.3/jakarta.activation-api-2.1.3.jar:/Users/andrereginatto/.m2/repository/net/minidev/json-smart/2.5.2/json-smart-2.5.2.jar:/Users/andrereginatto/.m2/repository/net/minidev/accessors-smart/2.5.2/accessors-smart-2.5.2.jar:/Users/andrereginatto/.m2/repository/org/ow2/asm/asm/9.7.1/asm-9.7.1.jar:/Users/andrereginatto/.m2/repository/org/assertj/assertj-core/3.27.3/assertj-core-3.27.3.jar:/Users/andrereginatto/.m2/repository/org/awaitility/awaitility/4.2.2/awaitility-4.2.2.jar:/Users/andrereginatto/.m2/repository/org/hamcrest/hamcrest/3.0/hamcrest-3.0.jar:/Users/andrereginatto/.m2/repository/org/junit/jupiter/junit-jupiter/5.12.2/junit-jupiter-5.12.2.jar:/Users/andrereginatto/.m2/repository/org/junit/jupiter/junit-jupiter-api/5.12.2/junit-jupiter-api-5.12.2.jar:/Users/andrereginatto/.m2/repository/org/opentest4j/opentest4j/1.3.0/opentest4j-1.3.0.jar:/Users/andrereginatto/.m2/repository/org/junit/platform/junit-platform-commons/1.12.2/junit-platform-commons-1.12.2.jar:/Users/andrereginatto/.m2/repository/org/apiguardian/apiguardian-api/1.1.2/apiguardian-api-1.1.2.jar:/Users/andrereginatto/.m2/repository/org/junit/jupiter/junit-jupiter-params/5.12.2/junit-jupiter-params-5.12.2.jar:/Users/andrereginatto/.m2/repository/org/junit/jupiter/junit-jupiter-engine/5.12.2/junit-jupiter-engine-5.12.2.jar:/Users/andrereginatto/.m2/repository/org/junit/platform/junit-platform-engine/1.12.2/junit-platform-engine-1.12.2.jar:/Users/andrereginatto/.m2/repository/org/mockito/mockito-core/5.17.0/mockito-core-5.17.0.jar:/Users/andrereginatto/.m2/repository/net/bytebuddy/byte-buddy-agent/1.17.6/byte-buddy-agent-1.17.6.jar:/Users/andrereginatto/.m2/repository/org/objenesis/objenesis/3.3/objenesis-3.3.jar:/Users/andrereginatto/.m2/repository/org/mockito/mockito-junit-jupiter/5.17.0/mockito-junit-jupiter-5.17.0.jar:/Users/andrereginatto/.m2/repository/org/skyscreamer/jsonassert/1.5.3/jsonassert-1.5.3.jar:/Users/andrereginatto/.m2/repository/com/vaadin/external/google/android-json/0.0.20131108.vaadin1/android-json-0.0.20131108.vaadin1.jar:/Users/andrereginatto/.m2/repository/org/springframework/spring-core/6.2.9/spring-core-6.2.9.jar:/Users/andrereginatto/.m2/repository/org/springframework/spring-jcl/6.2.9/spring-jcl-6.2.9.jar:/Users/andrereginatto/.m2/repository/org/springframework/spring-test/6.2.9/spring-test-6.2.9.jar:/Users/andrereginatto/.m2/repository/org/xmlunit/xmlunit-core/2.10.3/xmlunit-core-2.10.3.jar:, sun.cpu.endian=little, hibernate.cdi.extensions=true, user.home=/Users/andrereginatto, user.language=en, java.specification.vendor=Oracle Corporation, java.version.date=2025-01-21, java.home=/Library/Java/JavaVirtualMachines/jdk-23.0.2.jdk/Contents/Home, basedir=/Users/andrereginatto/Desktop/projects/Spring-Microservices-Ticket-Booking-System, file.separator=/, style.color=always, java.vm.compressedOopsMode=Zero based, line.separator=
, hibernate.persistenceUnitName=default, java.vm.specification.vendor=Oracle Corporation, java.specification.name=Java Platform API Specification, FILE_LOG_CHARSET=UTF-8, hibernate.transaction.coordinator_class=class org.hibernate.resource.transaction.backend.jdbc.internal.JdbcResourceLocalTransactionCoordinatorBuilderImpl, java.awt.headless=true, apple.awt.application.name=ForkedBooter, surefire.real.class.path=/Users/andrereginatto/Desktop/projects/Spring-Microservices-Ticket-Booking-System/target/surefire/surefirebooter-20250819101122170_3.jar, jakarta.persistence.validation.mode=AUTO, polyglot.engine.WarnInterpreterOnly=false, sun.management.compiler=HotSpot 64-Bit Tiered Compilers, ftp.nonProxyHosts=local|*.local|169.254/16|*.169.254/16, java.runtime.version=23.0.2+7-58, user.name=andrereginatto, stdout.encoding=UTF-8, path.separator=:, os.version=15.5, java.runtime.name=OpenJDK Runtime Environment, file.encoding=UTF-8, java.vm.name=OpenJDK 64-Bit Server VM, maven.ext.class.path=/Applications/IntelliJ IDEA CE.app/Contents/plugins/maven/lib/maven-event-listener.jar, localRepository=/Users/andrereginatto/.m2/repository, java.vendor.url.bug=https://bugreport.java.com/bugreport/, java.io.tmpdir=/var/folders/16/7x37s4pd5r789nx168pxd4fc0000gn/T/, idea.version=2025.2, com.zaxxer.hikari.pool_number=1, java.version=23.0.2, hibernate.physical_naming_strategy=org.hibernate.boot.model.naming.CamelCaseToUnderscoresNamingStrategy, user.dir=/Users/andrereginatto/Desktop/projects/Spring-Microservices-Ticket-Booking-System, os.arch=aarch64, jansi.passthrough=true, java.vm.specification.name=Java Virtual Machine Specification, PID=4270, CONSOLE_LOG_CHARSET=UTF-8, hibernate.boot.CfgXmlAccessService.key=org.hibernate.boot.registry.StandardServiceRegistryBuilder$1@bcd9ed6, native.encoding=UTF-8, java.library.path=/Users/andrereginatto/Library/Java/Extensions:/Library/Java/Extensions:/Network/Library/Java/Extensions:/System/Library/Java/Extensions:/usr/lib/java:., stderr.encoding=UTF-8, java.vendor=Oracle Corporation, java.vm.info=mixed mode, sharing, java.vm.version=23.0.2+7-58, sun.io.unicode.encoding=UnicodeBig, hibernate.archive.scanner=org.hibernate.boot.archive.scan.internal.DisabledScanner, hibernate.connection.datasource=HikariDataSource (HikariPool-1), socksNonProxyHosts=local|*.local|169.254/16|*.169.254/16, java.class.version=67.0, LOGGED_APPLICATION_NAME=[inventory-service] }
2025-08-19T10:11:23.924-03:00 DEBUG 4270 --- [inventory-service] [           main] o.hibernate.internal.SessionFactoryImpl  : Session factory constructed with filter configurations : {}
2025-08-19T10:11:23.927-03:00 DEBUG 4270 --- [inventory-service] [           main] .h.t.s.s.SchemaManagementToolCoordinator : No schema actions specified for contributor `orm`; doing nothing
2025-08-19T10:11:23.944-03:00 DEBUG 4270 --- [inventory-service] [           main] o.h.q.sqm.function.SqmFunctionRegistry   : Registered SqmFunctionTemplate [NamedSqmFunctionTemplate(max)] under max; prior registration was null
2025-08-19T10:11:23.944-03:00 DEBUG 4270 --- [inventory-service] [           main] o.h.q.sqm.function.SqmFunctionRegistry   : Registered SqmFunctionTemplate [NamedSqmFunctionTemplate(min)] under min; prior registration was null
2025-08-19T10:11:23.944-03:00 DEBUG 4270 --- [inventory-service] [           main] o.h.q.sqm.function.SqmFunctionRegistry   : Registered SqmFunctionTemplate [NamedSqmFunctionTemplate(sum)] under sum; prior registration was null
2025-08-19T10:11:23.944-03:00 DEBUG 4270 --- [inventory-service] [           main] o.h.q.sqm.function.SqmFunctionRegistry   : Registered SqmFunctionTemplate [NamedSqmFunctionTemplate(avg)] under avg; prior registration was null
2025-08-19T10:11:23.945-03:00 DEBUG 4270 --- [inventory-service] [           main] o.h.q.sqm.function.SqmFunctionRegistry   : Registered SqmFunctionTemplate [org.hibernate.dialect.function.CountFunction@33b2ba25] under count; prior registration was null
2025-08-19T10:11:23.945-03:00 DEBUG 4270 --- [inventory-service] [           main] o.h.q.sqm.function.SqmFunctionRegistry   : Registered SqmFunctionTemplate [org.hibernate.dialect.function.EveryAnyEmulation@36349e29] under every; prior registration was null
2025-08-19T10:11:23.945-03:00 DEBUG 4270 --- [inventory-service] [           main] o.h.q.sqm.function.SqmFunctionRegistry   : Registered SqmFunctionTemplate [org.hibernate.dialect.function.EveryAnyEmulation@183a508b] under any; prior registration was null
2025-08-19T10:11:23.945-03:00 DEBUG 4270 --- [inventory-service] [           main] o.h.q.sqm.function.SqmFunctionRegistry   : Registered SqmFunctionTemplate [NamedSqmFunctionTemplate(floor)] under floor; prior registration was null
2025-08-19T10:11:23.945-03:00 DEBUG 4270 --- [inventory-service] [           main] o.h.q.sqm.function.SqmFunctionRegistry   : Registered SqmFunctionTemplate [NamedSqmFunctionTemplate(ceiling)] under ceiling; prior registration was null
2025-08-19T10:11:23.945-03:00 DEBUG 4270 --- [inventory-service] [           main] o.h.q.sqm.function.SqmFunctionRegistry   : Registered SqmFunctionTemplate [NamedSqmFunctionTemplate(mod)] under mod; prior registration was null
2025-08-19T10:11:23.945-03:00 DEBUG 4270 --- [inventory-service] [           main] o.h.q.sqm.function.SqmFunctionRegistry   : Registered SqmFunctionTemplate [NamedSqmFunctionTemplate(abs)] under abs; prior registration was null
2025-08-19T10:11:23.945-03:00 DEBUG 4270 --- [inventory-service] [           main] o.h.q.sqm.function.SqmFunctionRegistry   : Registered SqmFunctionTemplate [NamedSqmFunctionTemplate(sign)] under sign; prior registration was null
2025-08-19T10:11:23.945-03:00 DEBUG 4270 --- [inventory-service] [           main] o.h.q.sqm.function.SqmFunctionRegistry   : Registered SqmFunctionTemplate [NamedSqmFunctionTemplate(sqrt)] under sqrt; prior registration was null
2025-08-19T10:11:23.945-03:00 DEBUG 4270 --- [inventory-service] [           main] o.h.q.sqm.function.SqmFunctionRegistry   : Registered SqmFunctionTemplate [NamedSqmFunctionTemplate(ln)] under ln; prior registration was null
2025-08-19T10:11:23.945-03:00 DEBUG 4270 --- [inventory-service] [           main] o.h.q.sqm.function.SqmFunctionRegistry   : Registered SqmFunctionTemplate [NamedSqmFunctionTemplate(exp)] under exp; prior registration was null
2025-08-19T10:11:23.945-03:00 DEBUG 4270 --- [inventory-service] [           main] o.h.q.sqm.function.SqmFunctionRegistry   : Registered SqmFunctionTemplate [NamedSqmFunctionTemplate(power)] under power; prior registration was null
2025-08-19T10:11:23.945-03:00 DEBUG 4270 --- [inventory-service] [           main] o.h.q.sqm.function.SqmFunctionRegistry   : Registered SqmFunctionTemplate [NamedSqmFunctionTemplate(round)] under round; prior registration was null
2025-08-19T10:11:23.945-03:00 DEBUG 4270 --- [inventory-service] [           main] o.h.q.sqm.function.SqmFunctionRegistry   : Registered SqmFunctionTemplate [NamedSqmFunctionTemplate(sin)] under sin; prior registration was null
2025-08-19T10:11:23.945-03:00 DEBUG 4270 --- [inventory-service] [           main] o.h.q.sqm.function.SqmFunctionRegistry   : Registered SqmFunctionTemplate [NamedSqmFunctionTemplate(cos)] under cos; prior registration was null
2025-08-19T10:11:23.945-03:00 DEBUG 4270 --- [inventory-service] [           main] o.h.q.sqm.function.SqmFunctionRegistry   : Registered SqmFunctionTemplate [NamedSqmFunctionTemplate(tan)] under tan; prior registration was null
2025-08-19T10:11:23.945-03:00 DEBUG 4270 --- [inventory-service] [           main] o.h.q.sqm.function.SqmFunctionRegistry   : Registered SqmFunctionTemplate [NamedSqmFunctionTemplate(asin)] under asin; prior registration was null
2025-08-19T10:11:23.945-03:00 DEBUG 4270 --- [inventory-service] [           main] o.h.q.sqm.function.SqmFunctionRegistry   : Registered SqmFunctionTemplate [NamedSqmFunctionTemplate(acos)] under acos; prior registration was null
2025-08-19T10:11:23.945-03:00 DEBUG 4270 --- [inventory-service] [           main] o.h.q.sqm.function.SqmFunctionRegistry   : Registered SqmFunctionTemplate [NamedSqmFunctionTemplate(atan)] under atan; prior registration was null
2025-08-19T10:11:23.945-03:00 DEBUG 4270 --- [inventory-service] [           main] o.h.q.sqm.function.SqmFunctionRegistry   : Registered SqmFunctionTemplate [NamedSqmFunctionTemplate(atan2)] under atan2; prior registration was null
2025-08-19T10:11:23.946-03:00 DEBUG 4270 --- [inventory-service] [           main] o.h.q.sqm.function.SqmFunctionRegistry   : Registered SqmFunctionTemplate [org.hibernate.query.sqm.function.PatternBasedSqmFunctionDescriptor@26be0d23] under sinh; prior registration was null
2025-08-19T10:11:23.946-03:00 DEBUG 4270 --- [inventory-service] [           main] o.h.q.sqm.function.SqmFunctionRegistry   : Registered SqmFunctionTemplate [org.hibernate.query.sqm.function.PatternBasedSqmFunctionDescriptor@576b385d] under cosh; prior registration was null
2025-08-19T10:11:23.946-03:00 DEBUG 4270 --- [inventory-service] [           main] o.h.q.sqm.function.SqmFunctionRegistry   : Registered SqmFunctionTemplate [org.hibernate.query.sqm.function.PatternBasedSqmFunctionDescriptor@2560a7be] under tanh; prior registration was null
2025-08-19T10:11:23.946-03:00 DEBUG 4270 --- [inventory-service] [           main] o.h.q.sqm.function.SqmFunctionRegistry   : Registered SqmFunctionTemplate [org.hibernate.query.sqm.function.PatternBasedSqmFunctionDescriptor@fabfc79] under pi; prior registration was null
2025-08-19T10:11:23.946-03:00 DEBUG 4270 --- [inventory-service] [           main] o.h.q.sqm.function.SqmFunctionRegistry   : Registered SqmFunctionTemplate [org.hibernate.query.sqm.function.PatternBasedSqmFunctionDescriptor@59aa2fba] under log; prior registration was null
2025-08-19T10:11:23.946-03:00 DEBUG 4270 --- [inventory-service] [           main] o.h.q.sqm.function.SqmFunctionRegistry   : Registered SqmFunctionTemplate [NamedSqmFunctionTemplate(coalesce)] under coalesce; prior registration was null
2025-08-19T10:11:23.946-03:00 DEBUG 4270 --- [inventory-service] [           main] o.h.q.sqm.function.SqmFunctionRegistry   : Registered SqmFunctionTemplate [NamedSqmFunctionTemplate(nullif)] under nullif; prior registration was null
2025-08-19T10:11:23.946-03:00 DEBUG 4270 --- [inventory-service] [           main] o.h.q.sqm.function.SqmFunctionRegistry   : Registered SqmFunctionTemplate [NamedSqmFunctionTemplate(left)] under left; prior registration was null
2025-08-19T10:11:23.946-03:00 DEBUG 4270 --- [inventory-service] [           main] o.h.q.sqm.function.SqmFunctionRegistry   : Registered SqmFunctionTemplate [NamedSqmFunctionTemplate(right)] under right; prior registration was null
2025-08-19T10:11:23.946-03:00 DEBUG 4270 --- [inventory-service] [           main] o.h.q.sqm.function.SqmFunctionRegistry   : Registered SqmFunctionTemplate [NamedSqmFunctionTemplate(replace)] under replace; prior registration was null
2025-08-19T10:11:23.946-03:00 DEBUG 4270 --- [inventory-service] [           main] o.h.q.sqm.function.SqmFunctionRegistry   : Registered SqmFunctionTemplate [NamedSqmFunctionTemplate(concat)] under concat; prior registration was null
2025-08-19T10:11:23.946-03:00 DEBUG 4270 --- [inventory-service] [           main] o.h.q.sqm.function.SqmFunctionRegistry   : Registered SqmFunctionTemplate [NamedSqmFunctionTemplate(lower)] under lower; prior registration was null
2025-08-19T10:11:23.946-03:00 DEBUG 4270 --- [inventory-service] [           main] o.h.q.sqm.function.SqmFunctionRegistry   : Registered SqmFunctionTemplate [NamedSqmFunctionTemplate(upper)] under upper; prior registration was null
2025-08-19T10:11:23.946-03:00 DEBUG 4270 --- [inventory-service] [           main] o.h.q.sqm.function.SqmFunctionRegistry   : Registered SqmFunctionTemplate [NamedSqmFunctionTemplate(substring)] under substring; prior registration was null
2025-08-19T10:11:23.946-03:00 DEBUG 4270 --- [inventory-service] [           main] o.h.q.sqm.function.SqmFunctionRegistry   : Registered SqmFunctionTemplate [NamedSqmFunctionTemplate(locate)] under locate; prior registration was null
2025-08-19T10:11:23.946-03:00 DEBUG 4270 --- [inventory-service] [           main] o.h.q.sqm.function.SqmFunctionRegistry   : Registered SqmFunctionTemplate [NamedSqmFunctionTemplate(character_length)] under character_length; prior registration was null
2025-08-19T10:11:23.946-03:00 DEBUG 4270 --- [inventory-service] [           main] o.h.q.sqm.function.SqmFunctionRegistry   : Registering alternate key : length -> character_length
2025-08-19T10:11:23.946-03:00 DEBUG 4270 --- [inventory-service] [           main] o.h.q.sqm.function.SqmFunctionRegistry   : Registered SqmFunctionTemplate [org.hibernate.dialect.function.LocatePositionEmulation@b87ea8b] under position; prior registration was null
2025-08-19T10:11:23.947-03:00 DEBUG 4270 --- [inventory-service] [           main] o.h.q.sqm.function.SqmFunctionRegistry   : Registered SqmFunctionTemplate [org.hibernate.dialect.function.InsertSubstringOverlayEmulation@63b0b3dd] under overlay; prior registration was null
2025-08-19T10:11:23.947-03:00 DEBUG 4270 --- [inventory-service] [           main] o.h.q.sqm.function.SqmFunctionRegistry   : Registered SqmFunctionTemplate [org.hibernate.dialect.function.TrimFunction@66fff42f] under trim; prior registration was null
2025-08-19T10:11:23.948-03:00 DEBUG 4270 --- [inventory-service] [           main] o.h.q.sqm.function.SqmFunctionRegistry   : Registered SqmFunctionTemplate [org.hibernate.dialect.function.CastFunction@76c587ce] under cast; prior registration was null
2025-08-19T10:11:23.948-03:00 DEBUG 4270 --- [inventory-service] [           main] o.h.q.sqm.function.SqmFunctionRegistry   : Registered SqmFunctionTemplate [org.hibernate.query.sqm.function.PatternBasedSqmFunctionDescriptor@2ae7c1d] under collate; prior registration was null
2025-08-19T10:11:23.948-03:00 DEBUG 4270 --- [inventory-service] [           main] o.h.q.sqm.function.SqmFunctionRegistry   : Registered SqmFunctionTemplate [org.hibernate.dialect.function.ExtractFunction@71eaef6a] under extract; prior registration was null
2025-08-19T10:11:23.948-03:00 DEBUG 4270 --- [inventory-service] [           main] o.h.q.sqm.function.SqmFunctionRegistry   : Registered SqmFunctionTemplate [NamedSqmFunctionTemplate(least)] under least; prior registration was null
2025-08-19T10:11:23.948-03:00 DEBUG 4270 --- [inventory-service] [           main] o.h.q.sqm.function.SqmFunctionRegistry   : Registered SqmFunctionTemplate [NamedSqmFunctionTemplate(greatest)] under greatest; prior registration was null
2025-08-19T10:11:23.948-03:00 DEBUG 4270 --- [inventory-service] [           main] o.h.q.sqm.function.SqmFunctionRegistry   : Registered SqmFunctionTemplate [org.hibernate.dialect.function.CoalesceIfnullEmulation@7ac90dab] under ifnull; prior registration was null
2025-08-19T10:11:23.948-03:00 DEBUG 4270 --- [inventory-service] [           main] o.h.q.sqm.function.SqmFunctionRegistry   : Registered SqmFunctionTemplate [NamedSqmFunctionTemplate(lpad)] under lpad; prior registration was null
2025-08-19T10:11:23.948-03:00 DEBUG 4270 --- [inventory-service] [           main] o.h.q.sqm.function.SqmFunctionRegistry   : Registered SqmFunctionTemplate [NamedSqmFunctionTemplate(rpad)] under rpad; prior registration was null
2025-08-19T10:11:23.948-03:00 DEBUG 4270 --- [inventory-service] [           main] o.h.q.sqm.function.SqmFunctionRegistry   : Registered SqmFunctionTemplate [org.hibernate.dialect.function.LpadRpadPadEmulation@476a970c] under pad; prior registration was null
2025-08-19T10:11:23.949-03:00 DEBUG 4270 --- [inventory-service] [           main] o.h.q.sqm.function.SqmFunctionRegistry   : Registered SqmFunctionTemplate [org.hibernate.dialect.function.CastStrEmulation@6afaf27] under str; prior registration was null
2025-08-19T10:11:23.950-03:00 DEBUG 4270 --- [inventory-service] [           main] o.h.q.sqm.function.SqmFunctionRegistry   : Registered SqmFunctionTemplate [org.hibernate.dialect.function.FormatFunction@44948ac6] under format; prior registration was null
2025-08-19T10:11:23.950-03:00 DEBUG 4270 --- [inventory-service] [           main] o.h.q.sqm.function.SqmFunctionRegistry   : Registered SqmFunctionTemplate [org.hibernate.dialect.function.TimestampaddFunction@189e96af] under timestampadd; prior registration was null
2025-08-19T10:11:23.950-03:00 DEBUG 4270 --- [inventory-service] [           main] o.h.q.sqm.function.SqmFunctionRegistry   : Registered SqmFunctionTemplate [org.hibernate.dialect.function.TimestampdiffFunction@14d53884] under timestampdiff; prior registration was null
2025-08-19T10:11:23.950-03:00 DEBUG 4270 --- [inventory-service] [           main] o.h.q.sqm.function.SqmFunctionRegistry   : Registering alternate key : dateadd -> timestampadd
2025-08-19T10:11:23.950-03:00 DEBUG 4270 --- [inventory-service] [           main] o.h.q.sqm.function.SqmFunctionRegistry   : Registering alternate key : datediff -> timestampdiff
2025-08-19T10:11:23.950-03:00 DEBUG 4270 --- [inventory-service] [           main] o.h.q.sqm.function.SqmFunctionRegistry   : Registered SqmFunctionTemplate [org.hibernate.dialect.function.CurrentFunction@568c9ee1] under current_date; prior registration was null
2025-08-19T10:11:23.950-03:00 DEBUG 4270 --- [inventory-service] [           main] o.h.q.sqm.function.SqmFunctionRegistry   : Registered SqmFunctionTemplate [org.hibernate.dialect.function.CurrentFunction@3b839f68] under current_time; prior registration was null
2025-08-19T10:11:23.950-03:00 DEBUG 4270 --- [inventory-service] [           main] o.h.q.sqm.function.SqmFunctionRegistry   : Registered SqmFunctionTemplate [org.hibernate.dialect.function.CurrentFunction@e5c52fa] under current_timestamp; prior registration was null
2025-08-19T10:11:23.950-03:00 DEBUG 4270 --- [inventory-service] [           main] o.h.q.sqm.function.SqmFunctionRegistry   : Registering alternate key : current date -> current_date
2025-08-19T10:11:23.950-03:00 DEBUG 4270 --- [inventory-service] [           main] o.h.q.sqm.function.SqmFunctionRegistry   : Registering alternate key : current time -> current_time
2025-08-19T10:11:23.950-03:00 DEBUG 4270 --- [inventory-service] [           main] o.h.q.sqm.function.SqmFunctionRegistry   : Registering alternate key : current timestamp -> current_timestamp
2025-08-19T10:11:23.950-03:00 DEBUG 4270 --- [inventory-service] [           main] o.h.q.sqm.function.SqmFunctionRegistry   : Registered SqmFunctionTemplate [org.hibernate.dialect.function.CurrentFunction@614361fa] under local_date; prior registration was null
2025-08-19T10:11:23.950-03:00 DEBUG 4270 --- [inventory-service] [           main] o.h.q.sqm.function.SqmFunctionRegistry   : Registered SqmFunctionTemplate [org.hibernate.dialect.function.CurrentFunction@538a90a5] under local_time; prior registration was null
2025-08-19T10:11:23.950-03:00 DEBUG 4270 --- [inventory-service] [           main] o.h.q.sqm.function.SqmFunctionRegistry   : Registered SqmFunctionTemplate [org.hibernate.dialect.function.CurrentFunction@74d53d63] under local_datetime; prior registration was null
2025-08-19T10:11:23.950-03:00 DEBUG 4270 --- [inventory-service] [           main] o.h.q.sqm.function.SqmFunctionRegistry   : Registered SqmFunctionTemplate [org.hibernate.dialect.function.CurrentFunction@18f27a81] under offset_datetime; prior registration was null
2025-08-19T10:11:23.950-03:00 DEBUG 4270 --- [inventory-service] [           main] o.h.q.sqm.function.SqmFunctionRegistry   : Registering alternate key : local date -> local_date
2025-08-19T10:11:23.950-03:00 DEBUG 4270 --- [inventory-service] [           main] o.h.q.sqm.function.SqmFunctionRegistry   : Registering alternate key : local time -> local_time
2025-08-19T10:11:23.950-03:00 DEBUG 4270 --- [inventory-service] [           main] o.h.q.sqm.function.SqmFunctionRegistry   : Registering alternate key : local datetime -> local_datetime
2025-08-19T10:11:23.950-03:00 DEBUG 4270 --- [inventory-service] [           main] o.h.q.sqm.function.SqmFunctionRegistry   : Registering alternate key : offset datetime -> offset_datetime
2025-08-19T10:11:23.950-03:00 DEBUG 4270 --- [inventory-service] [           main] o.h.q.sqm.function.SqmFunctionRegistry   : Registered SqmFunctionTemplate [org.hibernate.dialect.function.CurrentFunction@624494d4] under instant; prior registration was null
2025-08-19T10:11:23.950-03:00 DEBUG 4270 --- [inventory-service] [           main] o.h.q.sqm.function.SqmFunctionRegistry   : Registering alternate key : current_instant -> instant
2025-08-19T10:11:23.950-03:00 DEBUG 4270 --- [inventory-service] [           main] o.h.q.sqm.function.SqmFunctionRegistry   : Registered SqmFunctionTemplate [org.hibernate.dialect.function.SqlFunction@1041ebba] under sql; prior registration was null
2025-08-19T10:11:23.950-03:00 DEBUG 4270 --- [inventory-service] [           main] o.h.q.sqm.function.SqmFunctionRegistry   : Registered SqmFunctionTemplate [NamedSqmFunctionTemplate(soundex)] under soundex; prior registration was null
2025-08-19T10:11:23.950-03:00 DEBUG 4270 --- [inventory-service] [           main] o.h.q.sqm.function.SqmFunctionRegistry   : Registered SqmFunctionTemplate [NamedSqmFunctionTemplate(radians)] under radians; prior registration was null
2025-08-19T10:11:23.950-03:00 DEBUG 4270 --- [inventory-service] [           main] o.h.q.sqm.function.SqmFunctionRegistry   : Registered SqmFunctionTemplate [NamedSqmFunctionTemplate(degrees)] under degrees; prior registration was null
2025-08-19T10:11:23.950-03:00 DEBUG 4270 --- [inventory-service] [           main] o.h.q.sqm.function.SqmFunctionRegistry   : Registered SqmFunctionTemplate [NamedSqmFunctionTemplate(cot)] under cot; prior registration was null
2025-08-19T10:11:23.950-03:00 DEBUG 4270 --- [inventory-service] [           main] o.h.q.sqm.function.SqmFunctionRegistry   : Registered SqmFunctionTemplate [NamedSqmFunctionTemplate(log)] under log; prior registration was org.hibernate.query.sqm.function.PatternBasedSqmFunctionDescriptor@59aa2fba
2025-08-19T10:11:23.950-03:00 DEBUG 4270 --- [inventory-service] [           main] o.h.q.sqm.function.SqmFunctionRegistry   : Registered SqmFunctionTemplate [NamedSqmFunctionTemplate(log2)] under log2; prior registration was null
2025-08-19T10:11:23.950-03:00 DEBUG 4270 --- [inventory-service] [           main] o.h.q.sqm.function.SqmFunctionRegistry   : Registered SqmFunctionTemplate [NamedSqmFunctionTemplate(log10)] under log10; prior registration was null
2025-08-19T10:11:23.950-03:00 DEBUG 4270 --- [inventory-service] [           main] o.h.q.sqm.function.SqmFunctionRegistry   : Registered SqmFunctionTemplate [NamedSqmFunctionTemplate(ltrim)] under ltrim; prior registration was null
2025-08-19T10:11:23.950-03:00 DEBUG 4270 --- [inventory-service] [           main] o.h.q.sqm.function.SqmFunctionRegistry   : Registered SqmFunctionTemplate [NamedSqmFunctionTemplate(rtrim)] under rtrim; prior registration was null
2025-08-19T10:11:23.950-03:00 DEBUG 4270 --- [inventory-service] [           main] o.h.q.sqm.function.SqmFunctionRegistry   : Registered SqmFunctionTemplate [NamedSqmFunctionTemplate(octet_length)] under octet_length; prior registration was null
2025-08-19T10:11:23.951-03:00 DEBUG 4270 --- [inventory-service] [           main] o.h.q.sqm.function.SqmFunctionRegistry   : Registered SqmFunctionTemplate [NamedSqmFunctionTemplate(reverse)] under reverse; prior registration was null
2025-08-19T10:11:23.951-03:00 DEBUG 4270 --- [inventory-service] [           main] o.h.q.sqm.function.SqmFunctionRegistry   : Registered SqmFunctionTemplate [NamedSqmFunctionTemplate(space)] under space; prior registration was null
2025-08-19T10:11:23.951-03:00 DEBUG 4270 --- [inventory-service] [           main] o.h.q.sqm.function.SqmFunctionRegistry   : Registered SqmFunctionTemplate [NamedSqmFunctionTemplate(repeat)] under repeat; prior registration was null
2025-08-19T10:11:23.951-03:00 DEBUG 4270 --- [inventory-service] [           main] o.h.q.sqm.function.SqmFunctionRegistry   : Registered SqmFunctionTemplate [org.hibernate.query.sqm.function.MultipatternSqmFunctionDescriptor@67292fc7] under lpad; prior registration was NamedSqmFunctionTemplate(lpad)
2025-08-19T10:11:23.951-03:00 DEBUG 4270 --- [inventory-service] [           main] o.h.q.sqm.function.SqmFunctionRegistry   : Registered SqmFunctionTemplate [org.hibernate.query.sqm.function.MultipatternSqmFunctionDescriptor@4c1b4e07] under rpad; prior registration was NamedSqmFunctionTemplate(rpad)
2025-08-19T10:11:23.951-03:00 DEBUG 4270 --- [inventory-service] [           main] o.h.q.sqm.function.SqmFunctionRegistry   : Registered SqmFunctionTemplate [NamedSqmFunctionTemplate(md5)] under md5; prior registration was null
2025-08-19T10:11:23.951-03:00 DEBUG 4270 --- [inventory-service] [           main] o.h.q.sqm.function.SqmFunctionRegistry   : Registered SqmFunctionTemplate [NamedSqmFunctionTemplate(day)] under day; prior registration was null
2025-08-19T10:11:23.951-03:00 DEBUG 4270 --- [inventory-service] [           main] o.h.q.sqm.function.SqmFunctionRegistry   : Registered SqmFunctionTemplate [NamedSqmFunctionTemplate(month)] under month; prior registration was null
2025-08-19T10:11:23.951-03:00 DEBUG 4270 --- [inventory-service] [           main] o.h.q.sqm.function.SqmFunctionRegistry   : Registered SqmFunctionTemplate [NamedSqmFunctionTemplate(year)] under year; prior registration was null
2025-08-19T10:11:23.951-03:00 DEBUG 4270 --- [inventory-service] [           main] o.h.q.sqm.function.SqmFunctionRegistry   : Registered SqmFunctionTemplate [NamedSqmFunctionTemplate(hour)] under hour; prior registration was null
2025-08-19T10:11:23.951-03:00 DEBUG 4270 --- [inventory-service] [           main] o.h.q.sqm.function.SqmFunctionRegistry   : Registered SqmFunctionTemplate [NamedSqmFunctionTemplate(minute)] under minute; prior registration was null
2025-08-19T10:11:23.951-03:00 DEBUG 4270 --- [inventory-service] [           main] o.h.q.sqm.function.SqmFunctionRegistry   : Registered SqmFunctionTemplate [NamedSqmFunctionTemplate(second)] under second; prior registration was null
2025-08-19T10:11:23.951-03:00 DEBUG 4270 --- [inventory-service] [           main] o.h.q.sqm.function.SqmFunctionRegistry   : Registered SqmFunctionTemplate [NamedSqmFunctionTemplate(microsecond)] under microsecond; prior registration was null
2025-08-19T10:11:23.951-03:00 DEBUG 4270 --- [inventory-service] [           main] o.h.q.sqm.function.SqmFunctionRegistry   : Registered SqmFunctionTemplate [NamedSqmFunctionTemplate(dayofweek)] under dayofweek; prior registration was null
2025-08-19T10:11:23.951-03:00 DEBUG 4270 --- [inventory-service] [           main] o.h.q.sqm.function.SqmFunctionRegistry   : Registered SqmFunctionTemplate [NamedSqmFunctionTemplate(dayofmonth)] under dayofmonth; prior registration was null
2025-08-19T10:11:23.951-03:00 DEBUG 4270 --- [inventory-service] [           main] o.h.q.sqm.function.SqmFunctionRegistry   : Registering alternate key : day -> dayofmonth
2025-08-19T10:11:23.951-03:00 DEBUG 4270 --- [inventory-service] [           main] o.h.q.sqm.function.SqmFunctionRegistry   : Registered SqmFunctionTemplate [NamedSqmFunctionTemplate(dayofyear)] under dayofyear; prior registration was null
2025-08-19T10:11:23.951-03:00 DEBUG 4270 --- [inventory-service] [           main] o.h.q.sqm.function.SqmFunctionRegistry   : Registered SqmFunctionTemplate [NamedSqmFunctionTemplate(week)] under week; prior registration was null
2025-08-19T10:11:23.951-03:00 DEBUG 4270 --- [inventory-service] [           main] o.h.q.sqm.function.SqmFunctionRegistry   : Registered SqmFunctionTemplate [NamedSqmFunctionTemplate(quarter)] under quarter; prior registration was null
2025-08-19T10:11:23.951-03:00 DEBUG 4270 --- [inventory-service] [           main] o.h.q.sqm.function.SqmFunctionRegistry   : Registered SqmFunctionTemplate [NamedSqmFunctionTemplate(monthname)] under monthname; prior registration was null
2025-08-19T10:11:23.951-03:00 DEBUG 4270 --- [inventory-service] [           main] o.h.q.sqm.function.SqmFunctionRegistry   : Registered SqmFunctionTemplate [NamedSqmFunctionTemplate(dayname)] under dayname; prior registration was null
2025-08-19T10:11:23.951-03:00 DEBUG 4270 --- [inventory-service] [           main] o.h.q.sqm.function.SqmFunctionRegistry   : Registered SqmFunctionTemplate [NamedSqmFunctionTemplate(last_day)] under last_day; prior registration was null
2025-08-19T10:11:23.951-03:00 DEBUG 4270 --- [inventory-service] [           main] o.h.q.sqm.function.SqmFunctionRegistry   : Registered SqmFunctionTemplate [NamedSqmFunctionTemplate(date)] under date; prior registration was null
2025-08-19T10:11:23.951-03:00 DEBUG 4270 --- [inventory-service] [           main] o.h.q.sqm.function.SqmFunctionRegistry   : Registered SqmFunctionTemplate [NamedSqmFunctionTemplate(timestamp)] under timestamp; prior registration was null
2025-08-19T10:11:23.951-03:00 DEBUG 4270 --- [inventory-service] [           main] o.h.q.sqm.function.SqmFunctionRegistry   : Registered SqmFunctionTemplate [NamedSqmFunctionTemplate(time)] under time; prior registration was null
2025-08-19T10:11:23.951-03:00 DEBUG 4270 --- [inventory-service] [           main] o.h.q.sqm.function.SqmFunctionRegistry   : Registered SqmFunctionTemplate [NamedSqmFunctionTemplate(utc_date)] under utc_date; prior registration was null
2025-08-19T10:11:23.951-03:00 DEBUG 4270 --- [inventory-service] [           main] o.h.q.sqm.function.SqmFunctionRegistry   : Registered SqmFunctionTemplate [NamedSqmFunctionTemplate(utc_time)] under utc_time; prior registration was null
2025-08-19T10:11:23.951-03:00 DEBUG 4270 --- [inventory-service] [           main] o.h.q.sqm.function.SqmFunctionRegistry   : Registered SqmFunctionTemplate [NamedSqmFunctionTemplate(utc_timestamp)] under utc_timestamp; prior registration was null
2025-08-19T10:11:23.951-03:00 DEBUG 4270 --- [inventory-service] [           main] o.h.q.sqm.function.SqmFunctionRegistry   : Registered SqmFunctionTemplate [NamedSqmFunctionTemplate(rand)] under rand; prior registration was null
2025-08-19T10:11:23.951-03:00 DEBUG 4270 --- [inventory-service] [           main] o.h.q.sqm.function.SqmFunctionRegistry   : Registered SqmFunctionTemplate [NamedSqmFunctionTemplate(crc32)] under crc32; prior registration was null
2025-08-19T10:11:23.951-03:00 DEBUG 4270 --- [inventory-service] [           main] o.h.q.sqm.function.SqmFunctionRegistry   : Registered SqmFunctionTemplate [NamedSqmFunctionTemplate(sha1)] under sha1; prior registration was null
2025-08-19T10:11:23.951-03:00 DEBUG 4270 --- [inventory-service] [           main] o.h.q.sqm.function.SqmFunctionRegistry   : Registered SqmFunctionTemplate [NamedSqmFunctionTemplate(sha2)] under sha2; prior registration was null
2025-08-19T10:11:23.951-03:00 DEBUG 4270 --- [inventory-service] [           main] o.h.q.sqm.function.SqmFunctionRegistry   : Registered SqmFunctionTemplate [NamedSqmFunctionTemplate(sha)] under sha; prior registration was null
2025-08-19T10:11:23.951-03:00 DEBUG 4270 --- [inventory-service] [           main] o.h.q.sqm.function.SqmFunctionRegistry   : Registered SqmFunctionTemplate [NamedSqmFunctionTemplate(bit_length)] under bit_length; prior registration was null
2025-08-19T10:11:23.951-03:00 DEBUG 4270 --- [inventory-service] [           main] o.h.q.sqm.function.SqmFunctionRegistry   : Registered SqmFunctionTemplate [NamedSqmFunctionTemplate(octet_length)] under octet_length; prior registration was NamedSqmFunctionTemplate(octet_length)
2025-08-19T10:11:23.951-03:00 DEBUG 4270 --- [inventory-service] [           main] o.h.q.sqm.function.SqmFunctionRegistry   : Registered SqmFunctionTemplate [NamedSqmFunctionTemplate(ascii)] under ascii; prior registration was null
2025-08-19T10:11:23.951-03:00 DEBUG 4270 --- [inventory-service] [           main] o.h.q.sqm.function.SqmFunctionRegistry   : Registered SqmFunctionTemplate [NamedSqmFunctionTemplate(instr)] under instr; prior registration was null
2025-08-19T10:11:23.951-03:00 DEBUG 4270 --- [inventory-service] [           main] o.h.q.sqm.function.SqmFunctionRegistry   : Registered SqmFunctionTemplate [NamedSqmFunctionTemplate(substr)] under substr; prior registration was null
2025-08-19T10:11:23.951-03:00 DEBUG 4270 --- [inventory-service] [           main] o.h.q.sqm.function.SqmFunctionRegistry   : Registered SqmFunctionTemplate [org.hibernate.query.sqm.function.PatternBasedSqmFunctionDescriptor@34cfdd84] under position; prior registration was org.hibernate.dialect.function.LocatePositionEmulation@b87ea8b
2025-08-19T10:11:23.951-03:00 DEBUG 4270 --- [inventory-service] [           main] o.h.q.sqm.function.SqmFunctionRegistry   : Registered SqmFunctionTemplate [NamedSqmFunctionTemplate(curtime)] under curtime; prior registration was null
2025-08-19T10:11:23.951-03:00 DEBUG 4270 --- [inventory-service] [           main] o.h.q.sqm.function.SqmFunctionRegistry   : Registered SqmFunctionTemplate [NamedSqmFunctionTemplate(curdate)] under curdate; prior registration was null
2025-08-19T10:11:23.951-03:00 DEBUG 4270 --- [inventory-service] [           main] o.h.q.sqm.function.SqmFunctionRegistry   : Registered SqmFunctionTemplate [NamedSqmFunctionTemplate(now)] under now; prior registration was null
2025-08-19T10:11:23.953-03:00 DEBUG 4270 --- [inventory-service] [           main] o.h.q.sqm.function.SqmFunctionRegistry   : Registered SqmFunctionTemplate [org.hibernate.dialect.function.TruncFunction@6eadd342] under trunc; prior registration was null
2025-08-19T10:11:23.953-03:00 DEBUG 4270 --- [inventory-service] [           main] o.h.q.sqm.function.SqmFunctionRegistry   : Registering alternate key : truncate -> trunc
2025-08-19T10:11:23.953-03:00 DEBUG 4270 --- [inventory-service] [           main] o.h.q.sqm.function.SqmFunctionRegistry   : Registered SqmFunctionTemplate [NamedSqmFunctionTemplate(insert)] under insert; prior registration was null
2025-08-19T10:11:23.953-03:00 DEBUG 4270 --- [inventory-service] [           main] o.h.q.sqm.function.SqmFunctionRegistry   : Registered SqmFunctionTemplate [org.hibernate.query.sqm.function.PatternBasedSqmFunctionDescriptor@30a20fb3] under bitand; prior registration was null
2025-08-19T10:11:23.953-03:00 DEBUG 4270 --- [inventory-service] [           main] o.h.q.sqm.function.SqmFunctionRegistry   : Registered SqmFunctionTemplate [org.hibernate.query.sqm.function.PatternBasedSqmFunctionDescriptor@34f24a11] under bitor; prior registration was null
2025-08-19T10:11:23.953-03:00 DEBUG 4270 --- [inventory-service] [           main] o.h.q.sqm.function.SqmFunctionRegistry   : Registered SqmFunctionTemplate [org.hibernate.query.sqm.function.PatternBasedSqmFunctionDescriptor@3f6d36eb] under bitxor; prior registration was null
2025-08-19T10:11:23.953-03:00 DEBUG 4270 --- [inventory-service] [           main] o.h.q.sqm.function.SqmFunctionRegistry   : Registered SqmFunctionTemplate [org.hibernate.query.sqm.function.PatternBasedSqmFunctionDescriptor@3f5ac587] under bitnot; prior registration was null
2025-08-19T10:11:23.953-03:00 DEBUG 4270 --- [inventory-service] [           main] o.h.q.sqm.function.SqmFunctionRegistry   : Registered SqmFunctionTemplate [NamedSqmFunctionTemplate(bit_and)] under bit_and; prior registration was null
2025-08-19T10:11:23.953-03:00 DEBUG 4270 --- [inventory-service] [           main] o.h.q.sqm.function.SqmFunctionRegistry   : Registered SqmFunctionTemplate [NamedSqmFunctionTemplate(bit_or)] under bit_or; prior registration was null
2025-08-19T10:11:23.953-03:00 DEBUG 4270 --- [inventory-service] [           main] o.h.q.sqm.function.SqmFunctionRegistry   : Registered SqmFunctionTemplate [NamedSqmFunctionTemplate(stddev)] under stddev; prior registration was null
2025-08-19T10:11:23.953-03:00 DEBUG 4270 --- [inventory-service] [           main] o.h.q.sqm.function.SqmFunctionRegistry   : Registered SqmFunctionTemplate [NamedSqmFunctionTemplate(stddev_pop)] under stddev_pop; prior registration was null
2025-08-19T10:11:23.953-03:00 DEBUG 4270 --- [inventory-service] [           main] o.h.q.sqm.function.SqmFunctionRegistry   : Registered SqmFunctionTemplate [NamedSqmFunctionTemplate(stddev_samp)] under stddev_samp; prior registration was null
2025-08-19T10:11:23.953-03:00 DEBUG 4270 --- [inventory-service] [           main] o.h.q.sqm.function.SqmFunctionRegistry   : Registered SqmFunctionTemplate [NamedSqmFunctionTemplate(variance)] under variance; prior registration was null
2025-08-19T10:11:23.953-03:00 DEBUG 4270 --- [inventory-service] [           main] o.h.q.sqm.function.SqmFunctionRegistry   : Registered SqmFunctionTemplate [NamedSqmFunctionTemplate(var_pop)] under var_pop; prior registration was null
2025-08-19T10:11:23.953-03:00 DEBUG 4270 --- [inventory-service] [           main] o.h.q.sqm.function.SqmFunctionRegistry   : Registered SqmFunctionTemplate [NamedSqmFunctionTemplate(var_samp)] under var_samp; prior registration was null
2025-08-19T10:11:23.953-03:00 DEBUG 4270 --- [inventory-service] [           main] o.h.q.sqm.function.SqmFunctionRegistry   : Registered SqmFunctionTemplate [NamedSqmFunctionTemplate(datediff)] under datediff; prior registration was null
2025-08-19T10:11:23.953-03:00 DEBUG 4270 --- [inventory-service] [           main] o.h.q.sqm.function.SqmFunctionRegistry   : Registered SqmFunctionTemplate [NamedSqmFunctionTemplate(adddate)] under adddate; prior registration was null
2025-08-19T10:11:23.953-03:00 DEBUG 4270 --- [inventory-service] [           main] o.h.q.sqm.function.SqmFunctionRegistry   : Registered SqmFunctionTemplate [NamedSqmFunctionTemplate(subdate)] under subdate; prior registration was null
2025-08-19T10:11:23.953-03:00 DEBUG 4270 --- [inventory-service] [           main] o.h.q.sqm.function.SqmFunctionRegistry   : Registered SqmFunctionTemplate [NamedSqmFunctionTemplate(addtime)] under addtime; prior registration was null
2025-08-19T10:11:23.953-03:00 DEBUG 4270 --- [inventory-service] [           main] o.h.q.sqm.function.SqmFunctionRegistry   : Registered SqmFunctionTemplate [NamedSqmFunctionTemplate(subtime)] under subtime; prior registration was null
2025-08-19T10:11:23.953-03:00 DEBUG 4270 --- [inventory-service] [           main] o.h.q.sqm.function.SqmFunctionRegistry   : Registered SqmFunctionTemplate [org.hibernate.dialect.function.FormatFunction@1fa58a48] under format; prior registration was org.hibernate.dialect.function.FormatFunction@44948ac6
2025-08-19T10:11:23.953-03:00 DEBUG 4270 --- [inventory-service] [           main] o.h.q.sqm.function.SqmFunctionRegistry   : Registered SqmFunctionTemplate [NamedSqmFunctionTemplate(makedate)] under makedate; prior registration was null
2025-08-19T10:11:23.953-03:00 DEBUG 4270 --- [inventory-service] [           main] o.h.q.sqm.function.SqmFunctionRegistry   : Registered SqmFunctionTemplate [NamedSqmFunctionTemplate(maketime)] under maketime; prior registration was null
2025-08-19T10:11:23.953-03:00 DEBUG 4270 --- [inventory-service] [           main] o.h.q.sqm.function.SqmFunctionRegistry   : Registered SqmFunctionTemplate [NamedSqmFunctionTemplate(localtime)] under localtime; prior registration was null
2025-08-19T10:11:23.953-03:00 DEBUG 4270 --- [inventory-service] [           main] o.h.q.sqm.function.SqmFunctionRegistry   : Registered SqmFunctionTemplate [NamedSqmFunctionTemplate(localtimestamp)] under localtimestamp; prior registration was null
2025-08-19T10:11:23.953-03:00 DEBUG 4270 --- [inventory-service] [           main] o.h.q.sqm.function.SqmFunctionRegistry   : Registered SqmFunctionTemplate [NamedSqmFunctionTemplate(localtime)] under local_time; prior registration was org.hibernate.dialect.function.CurrentFunction@538a90a5
2025-08-19T10:11:23.953-03:00 DEBUG 4270 --- [inventory-service] [           main] o.h.q.sqm.function.SqmFunctionRegistry   : Registered SqmFunctionTemplate [NamedSqmFunctionTemplate(localtimestamp)] under local_datetime; prior registration was org.hibernate.dialect.function.CurrentFunction@74d53d63
2025-08-19T10:11:23.953-03:00 DEBUG 4270 --- [inventory-service] [           main] o.h.q.sqm.function.SqmFunctionRegistry   : Registered SqmFunctionTemplate [NamedSqmFunctionTemplate(localtime)] under localtime; prior registration was NamedSqmFunctionTemplate(localtime)
2025-08-19T10:11:23.953-03:00 DEBUG 4270 --- [inventory-service] [           main] o.h.q.sqm.function.SqmFunctionRegistry   : Registered SqmFunctionTemplate [org.hibernate.query.sqm.function.PatternBasedSqmFunctionDescriptor@3921e96f] under pi; prior registration was org.hibernate.query.sqm.function.PatternBasedSqmFunctionDescriptor@fabfc79
2025-08-19T10:11:23.953-03:00 DEBUG 4270 --- [inventory-service] [           main] o.h.q.sqm.function.SqmFunctionRegistry   : Registered SqmFunctionTemplate [org.hibernate.query.sqm.function.PatternBasedSqmFunctionDescriptor@6fad5ace] under chr; prior registration was null
2025-08-19T10:11:23.953-03:00 DEBUG 4270 --- [inventory-service] [           main] o.h.q.sqm.function.SqmFunctionRegistry   : Registering alternate key : char -> chr
2025-08-19T10:11:23.953-03:00 DEBUG 4270 --- [inventory-service] [           main] o.h.q.sqm.function.SqmFunctionRegistry   : Registered SqmFunctionTemplate [org.hibernate.query.sqm.function.PatternBasedSqmFunctionDescriptor@632dc41] under sysdate; prior registration was null
2025-08-19T10:11:23.953-03:00 DEBUG 4270 --- [inventory-service] [           main] o.h.q.sqm.function.SqmFunctionRegistry   : Registered SqmFunctionTemplate [org.hibernate.dialect.function.ListaggGroupConcatEmulation@1614499b] under listagg; prior registration was null
2025-08-19T10:11:23.955-03:00 DEBUG 4270 --- [inventory-service] [           main] org.hibernate.HQL_FUNCTIONS              : abs(NUMERIC arg)
2025-08-19T10:11:23.955-03:00 DEBUG 4270 --- [inventory-service] [           main] org.hibernate.HQL_FUNCTIONS              : Double acos(NUMERIC arg)
2025-08-19T10:11:23.955-03:00 DEBUG 4270 --- [inventory-service] [           main] org.hibernate.HQL_FUNCTIONS              : adddate(DATE datetime, INTEGER days)
2025-08-19T10:11:23.955-03:00 DEBUG 4270 --- [inventory-service] [           main] org.hibernate.HQL_FUNCTIONS              : addtime(TIME datetime, TIME time)
2025-08-19T10:11:23.955-03:00 DEBUG 4270 --- [inventory-service] [           main] org.hibernate.HQL_FUNCTIONS              : Boolean any(BOOLEAN arg)
2025-08-19T10:11:23.955-03:00 DEBUG 4270 --- [inventory-service] [           main] org.hibernate.HQL_FUNCTIONS              : Integer ascii(STRING arg)
2025-08-19T10:11:23.955-03:00 DEBUG 4270 --- [inventory-service] [           main] org.hibernate.HQL_FUNCTIONS              : Double asin(NUMERIC arg)
2025-08-19T10:11:23.955-03:00 DEBUG 4270 --- [inventory-service] [           main] org.hibernate.HQL_FUNCTIONS              : Double atan(NUMERIC arg)
2025-08-19T10:11:23.955-03:00 DEBUG 4270 --- [inventory-service] [           main] org.hibernate.HQL_FUNCTIONS              : Double atan2(NUMERIC arg0, NUMERIC arg1)
2025-08-19T10:11:23.956-03:00 DEBUG 4270 --- [inventory-service] [           main] org.hibernate.HQL_FUNCTIONS              : avg(arg)
2025-08-19T10:11:23.956-03:00 DEBUG 4270 --- [inventory-service] [           main] org.hibernate.HQL_FUNCTIONS              : bit_and(arg)
2025-08-19T10:11:23.956-03:00 DEBUG 4270 --- [inventory-service] [           main] org.hibernate.HQL_FUNCTIONS              : Integer bit_length(STRING_OR_CLOB arg)
2025-08-19T10:11:23.956-03:00 DEBUG 4270 --- [inventory-service] [           main] org.hibernate.HQL_FUNCTIONS              : bit_or(arg)
2025-08-19T10:11:23.956-03:00 DEBUG 4270 --- [inventory-service] [           main] org.hibernate.HQL_FUNCTIONS              : bitand(arg0, arg1)
2025-08-19T10:11:23.956-03:00 DEBUG 4270 --- [inventory-service] [           main] org.hibernate.HQL_FUNCTIONS              : bitnot(arg)
2025-08-19T10:11:23.956-03:00 DEBUG 4270 --- [inventory-service] [           main] org.hibernate.HQL_FUNCTIONS              : bitor(arg0, arg1)
2025-08-19T10:11:23.956-03:00 DEBUG 4270 --- [inventory-service] [           main] org.hibernate.HQL_FUNCTIONS              : bitxor(arg0, arg1)
2025-08-19T10:11:23.956-03:00 DEBUG 4270 --- [inventory-service] [           main] org.hibernate.HQL_FUNCTIONS              : cast(arg as Type)
2025-08-19T10:11:23.956-03:00 DEBUG 4270 --- [inventory-service] [           main] org.hibernate.HQL_FUNCTIONS              : ceiling(NUMERIC arg)
2025-08-19T10:11:23.956-03:00 DEBUG 4270 --- [inventory-service] [           main] org.hibernate.HQL_FUNCTIONS              : Character char(INTEGER arg)
2025-08-19T10:11:23.956-03:00 DEBUG 4270 --- [inventory-service] [           main] org.hibernate.HQL_FUNCTIONS              : Integer character_length(STRING_OR_CLOB arg)
2025-08-19T10:11:23.956-03:00 DEBUG 4270 --- [inventory-service] [           main] org.hibernate.HQL_FUNCTIONS              : Character chr(INTEGER arg)
2025-08-19T10:11:23.956-03:00 DEBUG 4270 --- [inventory-service] [           main] org.hibernate.HQL_FUNCTIONS              : coalesce(arg0[, arg1[, ...]])
2025-08-19T10:11:23.956-03:00 DEBUG 4270 --- [inventory-service] [           main] org.hibernate.HQL_FUNCTIONS              : String collate(STRING string as COLLATION collation)
2025-08-19T10:11:23.956-03:00 DEBUG 4270 --- [inventory-service] [           main] org.hibernate.HQL_FUNCTIONS              : String concat(STRING string0[, STRING string1[, ...]])
2025-08-19T10:11:23.956-03:00 DEBUG 4270 --- [inventory-service] [           main] org.hibernate.HQL_FUNCTIONS              : Double cos(NUMERIC arg)
2025-08-19T10:11:23.956-03:00 DEBUG 4270 --- [inventory-service] [           main] org.hibernate.HQL_FUNCTIONS              : Double cosh(NUMERIC arg)
2025-08-19T10:11:23.956-03:00 DEBUG 4270 --- [inventory-service] [           main] org.hibernate.HQL_FUNCTIONS              : Double cot(NUMERIC arg)
2025-08-19T10:11:23.956-03:00 DEBUG 4270 --- [inventory-service] [           main] org.hibernate.HQL_FUNCTIONS              : Long count([distinct ]{arg|*})
2025-08-19T10:11:23.956-03:00 DEBUG 4270 --- [inventory-service] [           main] org.hibernate.HQL_FUNCTIONS              : Integer crc32(arg)
2025-08-19T10:11:23.956-03:00 DEBUG 4270 --- [inventory-service] [           main] org.hibernate.HQL_FUNCTIONS              : Date curdate()
2025-08-19T10:11:23.956-03:00 DEBUG 4270 --- [inventory-service] [           main] org.hibernate.HQL_FUNCTIONS              : Date current date
2025-08-19T10:11:23.956-03:00 DEBUG 4270 --- [inventory-service] [           main] org.hibernate.HQL_FUNCTIONS              : Time current time
2025-08-19T10:11:23.956-03:00 DEBUG 4270 --- [inventory-service] [           main] org.hibernate.HQL_FUNCTIONS              : Timestamp current timestamp
2025-08-19T10:11:23.956-03:00 DEBUG 4270 --- [inventory-service] [           main] org.hibernate.HQL_FUNCTIONS              : Date current_date
2025-08-19T10:11:23.956-03:00 DEBUG 4270 --- [inventory-service] [           main] org.hibernate.HQL_FUNCTIONS              : Instant current_instant
2025-08-19T10:11:23.956-03:00 DEBUG 4270 --- [inventory-service] [           main] org.hibernate.HQL_FUNCTIONS              : Time current_time
2025-08-19T10:11:23.956-03:00 DEBUG 4270 --- [inventory-service] [           main] org.hibernate.HQL_FUNCTIONS              : Timestamp current_timestamp
2025-08-19T10:11:23.956-03:00 DEBUG 4270 --- [inventory-service] [           main] org.hibernate.HQL_FUNCTIONS              : Time curtime()
2025-08-19T10:11:23.956-03:00 DEBUG 4270 --- [inventory-service] [           main] org.hibernate.HQL_FUNCTIONS              : Date date(arg)
2025-08-19T10:11:23.956-03:00 DEBUG 4270 --- [inventory-service] [           main] org.hibernate.HQL_FUNCTIONS              : dateadd(TEMPORAL_UNIT field, INTEGER magnitude, TEMPORAL datetime)
2025-08-19T10:11:23.956-03:00 DEBUG 4270 --- [inventory-service] [           main] org.hibernate.HQL_FUNCTIONS              : Integer datediff(DATE end, DATE start)
2025-08-19T10:11:23.956-03:00 DEBUG 4270 --- [inventory-service] [           main] org.hibernate.HQL_FUNCTIONS              : Integer day(DATE arg)
2025-08-19T10:11:23.956-03:00 DEBUG 4270 --- [inventory-service] [           main] org.hibernate.HQL_FUNCTIONS              : String dayname(DATE arg)
2025-08-19T10:11:23.956-03:00 DEBUG 4270 --- [inventory-service] [           main] org.hibernate.HQL_FUNCTIONS              : Integer dayofmonth(DATE arg)
2025-08-19T10:11:23.956-03:00 DEBUG 4270 --- [inventory-service] [           main] org.hibernate.HQL_FUNCTIONS              : Integer dayofweek(DATE arg)
2025-08-19T10:11:23.956-03:00 DEBUG 4270 --- [inventory-service] [           main] org.hibernate.HQL_FUNCTIONS              : Integer dayofyear(DATE arg)
2025-08-19T10:11:23.956-03:00 DEBUG 4270 --- [inventory-service] [           main] org.hibernate.HQL_FUNCTIONS              : Double degrees(NUMERIC arg)
2025-08-19T10:11:23.956-03:00 DEBUG 4270 --- [inventory-service] [           main] org.hibernate.HQL_FUNCTIONS              : Boolean every(BOOLEAN arg)
2025-08-19T10:11:23.956-03:00 DEBUG 4270 --- [inventory-service] [           main] org.hibernate.HQL_FUNCTIONS              : Double exp(NUMERIC arg)
2025-08-19T10:11:23.956-03:00 DEBUG 4270 --- [inventory-service] [           main] org.hibernate.HQL_FUNCTIONS              : extract(TEMPORAL_UNIT field from TEMPORAL arg)
2025-08-19T10:11:23.956-03:00 DEBUG 4270 --- [inventory-service] [           main] org.hibernate.HQL_FUNCTIONS              : floor(NUMERIC arg)
2025-08-19T10:11:23.956-03:00 DEBUG 4270 --- [inventory-service] [           main] org.hibernate.HQL_FUNCTIONS              : String format(TEMPORAL datetime as STRING pattern)
2025-08-19T10:11:23.956-03:00 DEBUG 4270 --- [inventory-service] [           main] org.hibernate.HQL_FUNCTIONS              : greatest(COMPARABLE arg0, COMPARABLE arg1[, arg2[, ...]])
2025-08-19T10:11:23.956-03:00 DEBUG 4270 --- [inventory-service] [           main] org.hibernate.HQL_FUNCTIONS              : Integer hour(TIME arg)
2025-08-19T10:11:23.956-03:00 DEBUG 4270 --- [inventory-service] [           main] org.hibernate.HQL_FUNCTIONS              : ifnull(arg0, arg1)
2025-08-19T10:11:23.956-03:00 DEBUG 4270 --- [inventory-service] [           main] org.hibernate.HQL_FUNCTIONS              : String insert(STRING string, INTEGER start, INTEGER length, STRING replacement)
2025-08-19T10:11:23.956-03:00 DEBUG 4270 --- [inventory-service] [           main] org.hibernate.HQL_FUNCTIONS              : Instant instant
2025-08-19T10:11:23.956-03:00 DEBUG 4270 --- [inventory-service] [           main] org.hibernate.HQL_FUNCTIONS              : Integer instr(STRING string, STRING pattern[, INTEGER start[, INTEGER occurrence]])
2025-08-19T10:11:23.956-03:00 DEBUG 4270 --- [inventory-service] [           main] org.hibernate.HQL_FUNCTIONS              : Date last_day(DATE arg)
2025-08-19T10:11:23.956-03:00 DEBUG 4270 --- [inventory-service] [           main] org.hibernate.HQL_FUNCTIONS              : least(COMPARABLE arg0, COMPARABLE arg1[, arg2[, ...]])
2025-08-19T10:11:23.956-03:00 DEBUG 4270 --- [inventory-service] [           main] org.hibernate.HQL_FUNCTIONS              : String left(STRING string, INTEGER length)
2025-08-19T10:11:23.956-03:00 DEBUG 4270 --- [inventory-service] [           main] org.hibernate.HQL_FUNCTIONS              : Integer length(STRING_OR_CLOB arg)
2025-08-19T10:11:23.956-03:00 DEBUG 4270 --- [inventory-service] [           main] org.hibernate.HQL_FUNCTIONS              : String listagg(STRING arg0, STRING arg1)
2025-08-19T10:11:23.956-03:00 DEBUG 4270 --- [inventory-service] [           main] org.hibernate.HQL_FUNCTIONS              : Double ln(NUMERIC arg)
2025-08-19T10:11:23.956-03:00 DEBUG 4270 --- [inventory-service] [           main] org.hibernate.HQL_FUNCTIONS              : LocalDate local date
2025-08-19T10:11:23.956-03:00 DEBUG 4270 --- [inventory-service] [           main] org.hibernate.HQL_FUNCTIONS              : LocalDateTime local datetime
2025-08-19T10:11:23.956-03:00 DEBUG 4270 --- [inventory-service] [           main] org.hibernate.HQL_FUNCTIONS              : LocalTime local time
2025-08-19T10:11:23.956-03:00 DEBUG 4270 --- [inventory-service] [           main] org.hibernate.HQL_FUNCTIONS              : LocalDate local_date
2025-08-19T10:11:23.956-03:00 DEBUG 4270 --- [inventory-service] [           main] org.hibernate.HQL_FUNCTIONS              : LocalDateTime local_datetime
2025-08-19T10:11:23.956-03:00 DEBUG 4270 --- [inventory-service] [           main] org.hibernate.HQL_FUNCTIONS              : LocalTime local_time
2025-08-19T10:11:23.956-03:00 DEBUG 4270 --- [inventory-service] [           main] org.hibernate.HQL_FUNCTIONS              : Timestamp localtime
2025-08-19T10:11:23.957-03:00 DEBUG 4270 --- [inventory-service] [           main] org.hibernate.HQL_FUNCTIONS              : Timestamp localtimestamp
2025-08-19T10:11:23.957-03:00 DEBUG 4270 --- [inventory-service] [           main] org.hibernate.HQL_FUNCTIONS              : Integer locate(STRING pattern, STRING string[, INTEGER start])
2025-08-19T10:11:23.957-03:00 DEBUG 4270 --- [inventory-service] [           main] org.hibernate.HQL_FUNCTIONS              : Double log(NUMERIC arg0[, NUMERIC arg1])
2025-08-19T10:11:23.957-03:00 DEBUG 4270 --- [inventory-service] [           main] org.hibernate.HQL_FUNCTIONS              : Double log10(NUMERIC arg)
2025-08-19T10:11:23.957-03:00 DEBUG 4270 --- [inventory-service] [           main] org.hibernate.HQL_FUNCTIONS              : Double log2(NUMERIC arg)
2025-08-19T10:11:23.957-03:00 DEBUG 4270 --- [inventory-service] [           main] org.hibernate.HQL_FUNCTIONS              : String lower(STRING string)
2025-08-19T10:11:23.957-03:00 DEBUG 4270 --- [inventory-service] [           main] org.hibernate.HQL_FUNCTIONS              : String lpad(string, length[, padding])
2025-08-19T10:11:23.957-03:00 DEBUG 4270 --- [inventory-service] [           main] org.hibernate.HQL_FUNCTIONS              : String ltrim(STRING string[, STRING characters])
2025-08-19T10:11:23.957-03:00 DEBUG 4270 --- [inventory-service] [           main] org.hibernate.HQL_FUNCTIONS              : Date makedate(INTEGER year, INTEGER dayofyear)
2025-08-19T10:11:23.957-03:00 DEBUG 4270 --- [inventory-service] [           main] org.hibernate.HQL_FUNCTIONS              : Time maketime(INTEGER hour, INTEGER min, INTEGER sec)
2025-08-19T10:11:23.957-03:00 DEBUG 4270 --- [inventory-service] [           main] org.hibernate.HQL_FUNCTIONS              : max(COMPARABLE arg)
2025-08-19T10:11:23.957-03:00 DEBUG 4270 --- [inventory-service] [           main] org.hibernate.HQL_FUNCTIONS              : String md5(arg)
2025-08-19T10:11:23.957-03:00 DEBUG 4270 --- [inventory-service] [           main] org.hibernate.HQL_FUNCTIONS              : Integer microsecond(TIME arg)
2025-08-19T10:11:23.957-03:00 DEBUG 4270 --- [inventory-service] [           main] org.hibernate.HQL_FUNCTIONS              : min(COMPARABLE arg)
2025-08-19T10:11:23.957-03:00 DEBUG 4270 --- [inventory-service] [           main] org.hibernate.HQL_FUNCTIONS              : Integer minute(TIME arg)
2025-08-19T10:11:23.957-03:00 DEBUG 4270 --- [inventory-service] [           main] org.hibernate.HQL_FUNCTIONS              : Integer mod(INTEGER arg0, INTEGER arg1)
2025-08-19T10:11:23.957-03:00 DEBUG 4270 --- [inventory-service] [           main] org.hibernate.HQL_FUNCTIONS              : Integer month(DATE arg)
2025-08-19T10:11:23.957-03:00 DEBUG 4270 --- [inventory-service] [           main] org.hibernate.HQL_FUNCTIONS              : String monthname(DATE arg)
2025-08-19T10:11:23.957-03:00 DEBUG 4270 --- [inventory-service] [           main] org.hibernate.HQL_FUNCTIONS              : Timestamp now()
2025-08-19T10:11:23.957-03:00 DEBUG 4270 --- [inventory-service] [           main] org.hibernate.HQL_FUNCTIONS              : nullif(arg0, arg1)
2025-08-19T10:11:23.957-03:00 DEBUG 4270 --- [inventory-service] [           main] org.hibernate.HQL_FUNCTIONS              : Integer octet_length(STRING_OR_CLOB arg)
2025-08-19T10:11:23.957-03:00 DEBUG 4270 --- [inventory-service] [           main] org.hibernate.HQL_FUNCTIONS              : OffsetDateTime offset datetime
2025-08-19T10:11:23.957-03:00 DEBUG 4270 --- [inventory-service] [           main] org.hibernate.HQL_FUNCTIONS              : OffsetDateTime offset_datetime
2025-08-19T10:11:23.957-03:00 DEBUG 4270 --- [inventory-service] [           main] org.hibernate.HQL_FUNCTIONS              : String overlay(STRING string placing STRING replacement from INTEGER start[ for INTEGER length])
2025-08-19T10:11:23.957-03:00 DEBUG 4270 --- [inventory-service] [           main] org.hibernate.HQL_FUNCTIONS              : String pad(STRING string with INTEGER length {leading|trailing}[ STRING character])
2025-08-19T10:11:23.957-03:00 DEBUG 4270 --- [inventory-service] [           main] org.hibernate.HQL_FUNCTIONS              : Double pi
2025-08-19T10:11:23.957-03:00 DEBUG 4270 --- [inventory-service] [           main] org.hibernate.HQL_FUNCTIONS              : Integer position(STRING pattern in STRING string)
2025-08-19T10:11:23.957-03:00 DEBUG 4270 --- [inventory-service] [           main] org.hibernate.HQL_FUNCTIONS              : Double power(NUMERIC arg0, NUMERIC arg1)
2025-08-19T10:11:23.957-03:00 DEBUG 4270 --- [inventory-service] [           main] org.hibernate.HQL_FUNCTIONS              : Integer quarter(DATE arg)
2025-08-19T10:11:23.957-03:00 DEBUG 4270 --- [inventory-service] [           main] org.hibernate.HQL_FUNCTIONS              : Double radians(NUMERIC arg)
2025-08-19T10:11:23.957-03:00 DEBUG 4270 --- [inventory-service] [           main] org.hibernate.HQL_FUNCTIONS              : Double rand([INTEGER seed])
2025-08-19T10:11:23.957-03:00 DEBUG 4270 --- [inventory-service] [           main] org.hibernate.HQL_FUNCTIONS              : String repeat(STRING string, INTEGER times)
2025-08-19T10:11:23.957-03:00 DEBUG 4270 --- [inventory-service] [           main] org.hibernate.HQL_FUNCTIONS              : String replace(STRING string, STRING pattern, STRING replacement)
2025-08-19T10:11:23.957-03:00 DEBUG 4270 --- [inventory-service] [           main] org.hibernate.HQL_FUNCTIONS              : String reverse(STRING arg)
2025-08-19T10:11:23.957-03:00 DEBUG 4270 --- [inventory-service] [           main] org.hibernate.HQL_FUNCTIONS              : String right(STRING string, INTEGER length)
2025-08-19T10:11:23.957-03:00 DEBUG 4270 --- [inventory-service] [           main] org.hibernate.HQL_FUNCTIONS              : round(NUMERIC number[, INTEGER places])
2025-08-19T10:11:23.957-03:00 DEBUG 4270 --- [inventory-service] [           main] org.hibernate.HQL_FUNCTIONS              : String rpad(string, length[, padding])
2025-08-19T10:11:23.957-03:00 DEBUG 4270 --- [inventory-service] [           main] org.hibernate.HQL_FUNCTIONS              : String rtrim(STRING string[, STRING characters])
2025-08-19T10:11:23.957-03:00 DEBUG 4270 --- [inventory-service] [           main] org.hibernate.HQL_FUNCTIONS              : Integer second(TIME arg)
2025-08-19T10:11:23.957-03:00 DEBUG 4270 --- [inventory-service] [           main] org.hibernate.HQL_FUNCTIONS              : String sha(arg)
2025-08-19T10:11:23.957-03:00 DEBUG 4270 --- [inventory-service] [           main] org.hibernate.HQL_FUNCTIONS              : String sha1(arg)
2025-08-19T10:11:23.957-03:00 DEBUG 4270 --- [inventory-service] [           main] org.hibernate.HQL_FUNCTIONS              : String sha2(arg0, arg1)
2025-08-19T10:11:23.957-03:00 DEBUG 4270 --- [inventory-service] [           main] org.hibernate.HQL_FUNCTIONS              : Integer sign(NUMERIC arg)
2025-08-19T10:11:23.957-03:00 DEBUG 4270 --- [inventory-service] [           main] org.hibernate.HQL_FUNCTIONS              : Double sin(NUMERIC arg)
2025-08-19T10:11:23.957-03:00 DEBUG 4270 --- [inventory-service] [           main] org.hibernate.HQL_FUNCTIONS              : Double sinh(NUMERIC arg)
2025-08-19T10:11:23.957-03:00 DEBUG 4270 --- [inventory-service] [           main] org.hibernate.HQL_FUNCTIONS              : String soundex(arg)
2025-08-19T10:11:23.957-03:00 DEBUG 4270 --- [inventory-service] [           main] org.hibernate.HQL_FUNCTIONS              : String space(INTEGER arg)
2025-08-19T10:11:23.957-03:00 DEBUG 4270 --- [inventory-service] [           main] org.hibernate.HQL_FUNCTIONS              : sql
2025-08-19T10:11:23.957-03:00 DEBUG 4270 --- [inventory-service] [           main] org.hibernate.HQL_FUNCTIONS              : Double sqrt(NUMERIC arg)
2025-08-19T10:11:23.957-03:00 DEBUG 4270 --- [inventory-service] [           main] org.hibernate.HQL_FUNCTIONS              : Double stddev(NUMERIC arg)
2025-08-19T10:11:23.957-03:00 DEBUG 4270 --- [inventory-service] [           main] org.hibernate.HQL_FUNCTIONS              : Double stddev_pop(NUMERIC arg)
2025-08-19T10:11:23.957-03:00 DEBUG 4270 --- [inventory-service] [           main] org.hibernate.HQL_FUNCTIONS              : Double stddev_samp(NUMERIC arg)
2025-08-19T10:11:23.957-03:00 DEBUG 4270 --- [inventory-service] [           main] org.hibernate.HQL_FUNCTIONS              : String str(arg)
2025-08-19T10:11:23.957-03:00 DEBUG 4270 --- [inventory-service] [           main] org.hibernate.HQL_FUNCTIONS              : subdate(DATE datetime, INTEGER days)
2025-08-19T10:11:23.957-03:00 DEBUG 4270 --- [inventory-service] [           main] org.hibernate.HQL_FUNCTIONS              : String substr(STRING string, INTEGER start[, INTEGER length])
2025-08-19T10:11:23.957-03:00 DEBUG 4270 --- [inventory-service] [           main] org.hibernate.HQL_FUNCTIONS              : String substring(STRING string{ from|,} INTEGER start[{ for|,} INTEGER length])
2025-08-19T10:11:23.957-03:00 DEBUG 4270 --- [inventory-service] [           main] org.hibernate.HQL_FUNCTIONS              : subtime(TIME datetime, TIME time)
2025-08-19T10:11:23.957-03:00 DEBUG 4270 --- [inventory-service] [           main] org.hibernate.HQL_FUNCTIONS              : sum(arg)
2025-08-19T10:11:23.957-03:00 DEBUG 4270 --- [inventory-service] [           main] org.hibernate.HQL_FUNCTIONS              : Timestamp sysdate()
2025-08-19T10:11:23.957-03:00 DEBUG 4270 --- [inventory-service] [           main] org.hibernate.HQL_FUNCTIONS              : Double tan(NUMERIC arg)
2025-08-19T10:11:23.957-03:00 DEBUG 4270 --- [inventory-service] [           main] org.hibernate.HQL_FUNCTIONS              : Double tanh(NUMERIC arg)
2025-08-19T10:11:23.957-03:00 DEBUG 4270 --- [inventory-service] [           main] org.hibernate.HQL_FUNCTIONS              : String time(arg)
2025-08-19T10:11:23.957-03:00 DEBUG 4270 --- [inventory-service] [           main] org.hibernate.HQL_FUNCTIONS              : Timestamp timestamp(arg0[, arg1])
2025-08-19T10:11:23.957-03:00 DEBUG 4270 --- [inventory-service] [           main] org.hibernate.HQL_FUNCTIONS              : timestampadd(TEMPORAL_UNIT field, INTEGER magnitude, TEMPORAL datetime)
2025-08-19T10:11:23.957-03:00 DEBUG 4270 --- [inventory-service] [           main] org.hibernate.HQL_FUNCTIONS              : Long|Double timestampdiff(TEMPORAL_UNIT field, TEMPORAL start, TEMPORAL end)
2025-08-19T10:11:23.957-03:00 DEBUG 4270 --- [inventory-service] [           main] org.hibernate.HQL_FUNCTIONS              : String trim([[{leading|trailing|both} ][STRING arg0 ]from] STRING arg1)
2025-08-19T10:11:23.957-03:00 DEBUG 4270 --- [inventory-service] [           main] org.hibernate.HQL_FUNCTIONS              : trunc( ... )
2025-08-19T10:11:23.957-03:00 DEBUG 4270 --- [inventory-service] [           main] org.hibernate.HQL_FUNCTIONS              : truncate( ... )
2025-08-19T10:11:23.957-03:00 DEBUG 4270 --- [inventory-service] [           main] org.hibernate.HQL_FUNCTIONS              : String upper(STRING string)
2025-08-19T10:11:23.957-03:00 DEBUG 4270 --- [inventory-service] [           main] org.hibernate.HQL_FUNCTIONS              : Date utc_date
2025-08-19T10:11:23.957-03:00 DEBUG 4270 --- [inventory-service] [           main] org.hibernate.HQL_FUNCTIONS              : Time utc_time
2025-08-19T10:11:23.957-03:00 DEBUG 4270 --- [inventory-service] [           main] org.hibernate.HQL_FUNCTIONS              : Timestamp utc_timestamp
2025-08-19T10:11:23.957-03:00 DEBUG 4270 --- [inventory-service] [           main] org.hibernate.HQL_FUNCTIONS              : Double var_pop(NUMERIC arg)
2025-08-19T10:11:23.957-03:00 DEBUG 4270 --- [inventory-service] [           main] org.hibernate.HQL_FUNCTIONS              : Double var_samp(NUMERIC arg)
2025-08-19T10:11:23.957-03:00 DEBUG 4270 --- [inventory-service] [           main] org.hibernate.HQL_FUNCTIONS              : Double variance(NUMERIC arg)
2025-08-19T10:11:23.957-03:00 DEBUG 4270 --- [inventory-service] [           main] org.hibernate.HQL_FUNCTIONS              : Integer week(DATE arg)
2025-08-19T10:11:23.957-03:00 DEBUG 4270 --- [inventory-service] [           main] org.hibernate.HQL_FUNCTIONS              : Integer year(DATE arg)
2025-08-19T10:11:23.959-03:00 DEBUG 4270 --- [inventory-service] [           main] org.hibernate.orm.query.plan.cache       : Starting QueryInterpretationCache(2048)
2025-08-19T10:11:23.994-03:00 DEBUG 4270 --- [inventory-service] [           main] .h.s.i.SessionFactoryServiceRegistryImpl : EventListenerRegistry access via ServiceRegistry is deprecated.  Use `sessionFactory.getEventEngine().getListenerRegistry()` instead
2025-08-19T10:11:23.995-03:00 DEBUG 4270 --- [inventory-service] [           main] h.e.i.EntityCopyObserverFactoryInitiator : Configured EntityCopyObserver strategy: disallow
2025-08-19T10:11:24.029-03:00 DEBUG 4270 --- [inventory-service] [           main] org.hibernate.ormbytecode.interceptor    : To-one property `com.example.inventory_service.entities.EventEntity#venue` was mapped with LAZY + NO_PROXY but the class was not enhanced
2025-08-19T10:11:24.029-03:00 DEBUG 4270 --- [inventory-service] [           main] org.hibernate.ormbytecode.interceptor    : To-one property `com.example.inventory_service.entities.EventEntity#venue` was mapped with LAZY + NO_PROXY but the class was not enhanced
2025-08-19T10:11:24.029-03:00 DEBUG 4270 --- [inventory-service] [           main] o.h.boot.internal.ClassLoaderAccessImpl  : Not known whether passed class name [com.example.inventory_service.entities.EventEntity] is safe
2025-08-19T10:11:24.029-03:00 DEBUG 4270 --- [inventory-service] [           main] o.h.boot.internal.ClassLoaderAccessImpl  : No temp ClassLoader provided; using live ClassLoader for loading potentially unsafe class : com.example.inventory_service.entities.EventEntity
2025-08-19T10:11:24.084-03:00 DEBUG 4270 --- [inventory-service] [           main] o.h.b.i.bytebuddy.BytecodeProviderImpl   : HHH000513: Unable to create the ReflectionOptimizer for [com.example.inventory_service.entities.EventEntity]: private accessor [leftCapacity]
2025-08-19T10:11:24.086-03:00 DEBUG 4270 --- [inventory-service] [           main] org.hibernate.ormbytecode.interceptor    : To-one property `com.example.inventory_service.entities.EventEntity#venue` was mapped with LAZY + NO_PROXY but the class was not enhanced
2025-08-19T10:11:24.100-03:00 DEBUG 4270 --- [inventory-service] [           main] o.h.boot.internal.ClassLoaderAccessImpl  : Not known whether passed class name [com.example.inventory_service.entities.VenueEntity] is safe
2025-08-19T10:11:24.100-03:00 DEBUG 4270 --- [inventory-service] [           main] o.h.boot.internal.ClassLoaderAccessImpl  : No temp ClassLoader provided; using live ClassLoader for loading potentially unsafe class : com.example.inventory_service.entities.VenueEntity
2025-08-19T10:11:24.109-03:00 DEBUG 4270 --- [inventory-service] [           main] o.h.b.i.bytebuddy.BytecodeProviderImpl   : HHH000513: Unable to create the ReflectionOptimizer for [com.example.inventory_service.entities.VenueEntity]: private accessor [address]
2025-08-19T10:11:24.117-03:00 DEBUG 4270 --- [inventory-service] [           main] o.hibernate.orm.model.mapping.creation   : Starting post-init callbacks
2025-08-19T10:11:24.117-03:00 DEBUG 4270 --- [inventory-service] [           main] o.hibernate.orm.model.mapping.creation   : Starting PostInitCallbackEntry : To-one key - NavigableRole[com.example.inventory_service.entities.EventEntity.venue]
2025-08-19T10:11:24.119-03:00 DEBUG 4270 --- [inventory-service] [           main] o.hibernate.orm.model.mapping.creation   : Starting PostInitCallbackEntry : Entity(com.example.inventory_service.entities.EventEntity) `staticFetchableList` generator
2025-08-19T10:11:24.119-03:00 DEBUG 4270 --- [inventory-service] [           main] o.hibernate.orm.model.mapping.creation   : Starting PostInitCallbackEntry : Entity(com.example.inventory_service.entities.VenueEntity) `staticFetchableList` generator
2025-08-19T10:11:24.150-03:00 DEBUG 4270 --- [inventory-service] [           main] org.hibernate.orm.sql.ast.create         : Created new SQL alias : ee1_0
2025-08-19T10:11:24.151-03:00 DEBUG 4270 --- [inventory-service] [           main] org.hibernate.orm.sql.ast.create         : Registration of TableGroup [StandardTableGroup(com.example.inventory_service.entities.EventEntity)] with identifierForTableGroup [com.example.inventory_service.entities.EventEntity] for NavigablePath [com.example.inventory_service.entities.EventEntity] 
2025-08-19T10:11:24.157-03:00 DEBUG 4270 --- [inventory-service] [           main] org.hibernate.orm.sql.ast.create         : Registration of TableGroup [org.hibernate.sql.ast.tree.from.LazyTableGroup@294a3f2a] with identifierForTableGroup [com.example.inventory_service.entities.EventEntity.venue] for NavigablePath [com.example.inventory_service.entities.EventEntity.venue] 
2025-08-19T10:11:24.158-03:00 DEBUG 4270 --- [inventory-service] [           main] org.hibernate.orm.sql.ast.create         : Created new SQL alias : v1_0
2025-08-19T10:11:24.161-03:00 DEBUG 4270 --- [inventory-service] [           main] org.hibernate.orm.results.graph.AST      : DomainResult Graph:
 \-EntityResultImpl [com.example.inventory_service.entities.EventEntity]
 |  +-BasicFetch [com.example.inventory_service.entities.EventEntity.leftCapacity]
 |  +-BasicFetch [com.example.inventory_service.entities.EventEntity.name]
 |  +-BasicFetch [com.example.inventory_service.entities.EventEntity.totalCapacity]
 |  \-EntityFetchJoinedImpl [com.example.inventory_service.entities.EventEntity.venue]
 |  |  +-BasicFetch [com.example.inventory_service.entities.EventEntity.venue.address]
 |  |  +-BasicFetch [com.example.inventory_service.entities.EventEntity.venue.name]
 |  |  \-BasicFetch [com.example.inventory_service.entities.EventEntity.venue.totalCapacity]

2025-08-19T10:11:24.162-03:00 DEBUG 4270 --- [inventory-service] [           main] org.hibernate.orm.sql.ast.tree           : SQL AST Tree:
    SelectStatement {
      FromClause {
        StandardTableGroup (ee1 : com.example.inventory_service.entities.EventEntity) {
          primaryTableReference : event as ee1_0
          TableGroupJoins {
            left  join LazyTableGroup (v1 : com.example.inventory_service.entities.EventEntity.venue) {
              primaryTableReference : venue as v1_0
            }
          }
        }
      }
    }

2025-08-19T10:11:24.166-03:00 DEBUG 4270 --- [inventory-service] [           main] o.h.p.entity.AbstractEntityPersister     : Static SQL for entity: com.example.inventory_service.entities.EventEntity
2025-08-19T10:11:24.166-03:00 DEBUG 4270 --- [inventory-service] [           main] o.h.p.entity.AbstractEntityPersister     :  Version select: select id from event where id=?
2025-08-19T10:11:24.166-03:00 DEBUG 4270 --- [inventory-service] [           main] o.h.p.entity.AbstractEntityPersister     :  Insert (0): insert into event (left_capacity,name,total_capacity,venue_id,id) values (?,?,?,?,?)
2025-08-19T10:11:24.166-03:00 DEBUG 4270 --- [inventory-service] [           main] o.h.p.entity.AbstractEntityPersister     :  Update (0): update event set left_capacity=?,name=?,total_capacity=?,venue_id=? where id=?
2025-08-19T10:11:24.166-03:00 DEBUG 4270 --- [inventory-service] [           main] o.h.p.entity.AbstractEntityPersister     :  Delete (0): delete from event where id=?
2025-08-19T10:11:24.166-03:00 DEBUG 4270 --- [inventory-service] [           main] org.hibernate.orm.sql.ast.create         : Created new SQL alias : ve1_0
2025-08-19T10:11:24.166-03:00 DEBUG 4270 --- [inventory-service] [           main] org.hibernate.orm.sql.ast.create         : Registration of TableGroup [StandardTableGroup(com.example.inventory_service.entities.VenueEntity)] with identifierForTableGroup [com.example.inventory_service.entities.VenueEntity] for NavigablePath [com.example.inventory_service.entities.VenueEntity] 
2025-08-19T10:11:24.166-03:00 DEBUG 4270 --- [inventory-service] [           main] org.hibernate.orm.results.graph.AST      : DomainResult Graph:
 \-EntityResultImpl [com.example.inventory_service.entities.VenueEntity]
 |  +-BasicFetch [com.example.inventory_service.entities.VenueEntity.address]
 |  +-BasicFetch [com.example.inventory_service.entities.VenueEntity.name]
 |  \-BasicFetch [com.example.inventory_service.entities.VenueEntity.totalCapacity]

2025-08-19T10:11:24.166-03:00 DEBUG 4270 --- [inventory-service] [           main] org.hibernate.orm.sql.ast.tree           : SQL AST Tree:
    SelectStatement {
      FromClause {
        StandardTableGroup (ve1 : com.example.inventory_service.entities.VenueEntity) {
          primaryTableReference : venue as ve1_0
        }
      }
    }

2025-08-19T10:11:24.166-03:00 DEBUG 4270 --- [inventory-service] [           main] o.h.p.entity.AbstractEntityPersister     : Static SQL for entity: com.example.inventory_service.entities.VenueEntity
2025-08-19T10:11:24.167-03:00 DEBUG 4270 --- [inventory-service] [           main] o.h.p.entity.AbstractEntityPersister     :  Version select: select id from venue where id=?
2025-08-19T10:11:24.167-03:00 DEBUG 4270 --- [inventory-service] [           main] o.h.p.entity.AbstractEntityPersister     :  Insert (0): insert into venue (address,name,total_capacity,id) values (?,?,?,?)
2025-08-19T10:11:24.167-03:00 DEBUG 4270 --- [inventory-service] [           main] o.h.p.entity.AbstractEntityPersister     :  Update (0): update venue set address=?,name=?,total_capacity=? where id=?
2025-08-19T10:11:24.167-03:00 DEBUG 4270 --- [inventory-service] [           main] o.h.p.entity.AbstractEntityPersister     :  Delete (0): delete from venue where id=?
2025-08-19T10:11:24.176-03:00  INFO 4270 --- [inventory-service] [           main] o.h.e.t.j.p.i.JtaPlatformInitiator       : HHH000489: No JTA platform available (set 'hibernate.transaction.jta.platform' to enable JTA platform integration)
2025-08-19T10:11:24.176-03:00 DEBUG 4270 --- [inventory-service] [           main] o.h.type.spi.TypeConfiguration$Scope     : Scoping TypeConfiguration [org.hibernate.type.spi.TypeConfiguration@46e6458d] to SessionFactoryImplementor [org.hibernate.internal.SessionFactoryImpl@34be7efb]
2025-08-19T10:11:24.176-03:00 DEBUG 4270 --- [inventory-service] [           main] o.h.query.named.NamedObjectRepository    : Checking 0 named HQL queries
2025-08-19T10:11:24.176-03:00 DEBUG 4270 --- [inventory-service] [           main] o.h.query.named.NamedObjectRepository    : Checking 0 named SQL queries
2025-08-19T10:11:24.177-03:00 DEBUG 4270 --- [inventory-service] [           main] .h.t.s.s.SchemaManagementToolCoordinator : No schema actions specified for contributor `orm`; doing nothing
2025-08-19T10:11:24.177-03:00 DEBUG 4270 --- [inventory-service] [           main] .h.t.s.s.SchemaManagementToolCoordinator : No actions found; doing nothing
2025-08-19T10:11:24.177-03:00 DEBUG 4270 --- [inventory-service] [           main] o.h.internal.SessionFactoryRegistry      : Initializing SessionFactoryRegistry : org.hibernate.internal.SessionFactoryRegistry@78e4fa1
2025-08-19T10:11:24.177-03:00 DEBUG 4270 --- [inventory-service] [           main] o.h.internal.SessionFactoryRegistry      : Registering SessionFactory: 7c7753fb-d921-4585-b49e-09aaeb1c9120 (<unnamed>)
2025-08-19T10:11:24.177-03:00 DEBUG 4270 --- [inventory-service] [           main] o.h.internal.SessionFactoryRegistry      : Not binding SessionFactory to JNDI, no JNDI name configured
2025-08-19T10:11:24.177-03:00 DEBUG 4270 --- [inventory-service] [           main] o.hibernate.internal.SessionFactoryImpl  : Instantiated SessionFactory
2025-08-19T10:11:24.177-03:00  INFO 4270 --- [inventory-service] [           main] j.LocalContainerEntityManagerFactoryBean : Initialized JPA EntityManagerFactory for persistence unit 'default'
2025-08-19T10:11:24.180-03:00 DEBUG 4270 --- [inventory-service] [           main] o.s.b.f.s.DefaultListableBeanFactory     : Creating shared instance of singleton bean 'inventoryServiceApplication'
2025-08-19T10:11:24.180-03:00 DEBUG 4270 --- [inventory-service] [           main] o.s.b.f.s.DefaultListableBeanFactory     : Creating shared instance of singleton bean 'inventoryController'
2025-08-19T10:11:24.182-03:00 DEBUG 4270 --- [inventory-service] [           main] o.s.b.f.s.DefaultListableBeanFactory     : Creating shared instance of singleton bean 'inventoryService'
2025-08-19T10:11:24.182-03:00 DEBUG 4270 --- [inventory-service] [           main] o.s.b.f.s.DefaultListableBeanFactory     : Creating shared instance of singleton bean 'venueRepository'
2025-08-19T10:11:24.185-03:00 DEBUG 4270 --- [inventory-service] [           main] o.s.b.f.s.DefaultListableBeanFactory     : Creating shared instance of singleton bean 'jpa.named-queries#1'
2025-08-19T10:11:24.186-03:00 DEBUG 4270 --- [inventory-service] [           main] o.s.b.f.s.DefaultListableBeanFactory     : Creating shared instance of singleton bean 'jpa.VenueRepository.fragments#0'
2025-08-19T10:11:24.188-03:00 DEBUG 4270 --- [inventory-service] [           main] o.s.b.f.s.DefaultListableBeanFactory     : Creating shared instance of singleton bean 'jpaSharedEM_entityManagerFactory'
2025-08-19T10:11:24.204-03:00 DEBUG 4270 --- [inventory-service] [           main] o.s.b.f.s.DefaultListableBeanFactory     : Creating shared instance of singleton bean 'jpaMappingContext'
2025-08-19T10:11:24.204-03:00 DEBUG 4270 --- [inventory-service] [           main] .c.JpaMetamodelMappingContextFactoryBean : Initializing JpaMetamodelMappingContext…
2025-08-19T10:11:24.210-03:00 DEBUG 4270 --- [inventory-service] [           main] .c.JpaMetamodelMappingContextFactoryBean : Finished initializing JpaMetamodelMappingContext
2025-08-19T10:11:24.234-03:00 DEBUG 4270 --- [inventory-service] [           main] o.s.d.r.c.s.RepositoryFactorySupport     : Initializing repository instance for com.example.inventory_service.repositories.VenueRepository…
2025-08-19T10:11:24.248-03:00 DEBUG 4270 --- [inventory-service] [           main] o.s.d.r.c.s.RepositoryFactorySupport     : Finished creation of repository instance for com.example.inventory_service.repositories.VenueRepository.
2025-08-19T10:11:24.250-03:00 DEBUG 4270 --- [inventory-service] [           main] o.s.b.f.s.DefaultListableBeanFactory     : Creating shared instance of singleton bean 'eventRepository'
2025-08-19T10:11:24.251-03:00 DEBUG 4270 --- [inventory-service] [           main] o.s.b.f.s.DefaultListableBeanFactory     : Creating shared instance of singleton bean 'jpa.named-queries#0'
2025-08-19T10:11:24.251-03:00 DEBUG 4270 --- [inventory-service] [           main] o.s.b.f.s.DefaultListableBeanFactory     : Creating shared instance of singleton bean 'jpa.EventRepository.fragments#0'
2025-08-19T10:11:24.254-03:00 DEBUG 4270 --- [inventory-service] [           main] o.s.d.r.c.s.RepositoryFactorySupport     : Initializing repository instance for com.example.inventory_service.repositories.EventRepository…
2025-08-19T10:11:24.256-03:00 DEBUG 4270 --- [inventory-service] [           main] o.s.d.r.c.s.RepositoryFactorySupport     : Finished creation of repository instance for com.example.inventory_service.repositories.EventRepository.
2025-08-19T10:11:24.257-03:00 DEBUG 4270 --- [inventory-service] [           main] o.s.b.f.s.DefaultListableBeanFactory     : Autowiring by type from bean name 'inventoryService' via constructor to bean named 'venueRepository'
2025-08-19T10:11:24.257-03:00 DEBUG 4270 --- [inventory-service] [           main] o.s.b.f.s.DefaultListableBeanFactory     : Autowiring by type from bean name 'inventoryService' via constructor to bean named 'eventRepository'
2025-08-19T10:11:24.257-03:00 DEBUG 4270 --- [inventory-service] [           main] o.s.b.f.s.DefaultListableBeanFactory     : Autowiring by type from bean name 'inventoryController' via constructor to bean named 'inventoryService'
2025-08-19T10:11:24.257-03:00 DEBUG 4270 --- [inventory-service] [           main] o.s.b.f.s.DefaultListableBeanFactory     : Creating shared instance of singleton bean 'org.springframework.boot.autoconfigure.context.PropertyPlaceholderAutoConfiguration'
2025-08-19T10:11:24.257-03:00 DEBUG 4270 --- [inventory-service] [           main] o.s.b.f.s.DefaultListableBeanFactory     : Creating shared instance of singleton bean 'org.springframework.boot.autoconfigure.ssl.SslAutoConfiguration'
2025-08-19T10:11:24.258-03:00 DEBUG 4270 --- [inventory-service] [           main] o.s.b.f.s.DefaultListableBeanFactory     : Creating shared instance of singleton bean 'spring.ssl-org.springframework.boot.autoconfigure.ssl.SslProperties'
2025-08-19T10:11:24.258-03:00 DEBUG 4270 --- [inventory-service] [           main] o.s.b.f.s.DefaultListableBeanFactory     : Autowiring by type from bean name 'org.springframework.boot.autoconfigure.ssl.SslAutoConfiguration' via constructor to bean named 'org.springframework.web.context.support.GenericWebApplicationContext@55a8dc49'
2025-08-19T10:11:24.258-03:00 DEBUG 4270 --- [inventory-service] [           main] o.s.b.f.s.DefaultListableBeanFactory     : Autowiring by type from bean name 'org.springframework.boot.autoconfigure.ssl.SslAutoConfiguration' via constructor to bean named 'spring.ssl-org.springframework.boot.autoconfigure.ssl.SslProperties'
2025-08-19T10:11:24.259-03:00 DEBUG 4270 --- [inventory-service] [           main] o.s.b.f.s.DefaultListableBeanFactory     : Creating shared instance of singleton bean 'fileWatcher'
2025-08-19T10:11:24.259-03:00 DEBUG 4270 --- [inventory-service] [           main] o.s.b.f.s.DefaultListableBeanFactory     : Creating shared instance of singleton bean 'sslPropertiesSslBundleRegistrar'
2025-08-19T10:11:24.259-03:00 DEBUG 4270 --- [inventory-service] [           main] o.s.b.f.s.DefaultListableBeanFactory     : Autowiring by type from bean name 'sslPropertiesSslBundleRegistrar' via factory method to bean named 'fileWatcher'
2025-08-19T10:11:24.260-03:00 DEBUG 4270 --- [inventory-service] [           main] o.s.b.f.s.DefaultListableBeanFactory     : Creating shared instance of singleton bean 'sslBundleRegistry'
2025-08-19T10:11:24.261-03:00 DEBUG 4270 --- [inventory-service] [           main] o.s.b.f.s.DefaultListableBeanFactory     : Creating shared instance of singleton bean 'org.springframework.boot.context.properties.EnableConfigurationPropertiesRegistrar.methodValidationExcludeFilter'
2025-08-19T10:11:24.262-03:00 DEBUG 4270 --- [inventory-service] [           main] o.s.b.f.s.DefaultListableBeanFactory     : Creating shared instance of singleton bean 'org.springframework.boot.autoconfigure.websocket.servlet.WebSocketServletAutoConfiguration$TomcatWebSocketConfiguration'
2025-08-19T10:11:24.262-03:00 DEBUG 4270 --- [inventory-service] [           main] o.s.b.f.s.DefaultListableBeanFactory     : Creating shared instance of singleton bean 'websocketServletWebServerCustomizer'
2025-08-19T10:11:24.263-03:00 DEBUG 4270 --- [inventory-service] [           main] o.s.b.f.s.DefaultListableBeanFactory     : Creating shared instance of singleton bean 'org.springframework.boot.autoconfigure.websocket.servlet.WebSocketServletAutoConfiguration'
2025-08-19T10:11:24.263-03:00 DEBUG 4270 --- [inventory-service] [           main] o.s.b.f.s.DefaultListableBeanFactory     : Creating shared instance of singleton bean 'org.springframework.boot.autoconfigure.web.servlet.ServletWebServerFactoryConfiguration$EmbeddedTomcat'
2025-08-19T10:11:24.263-03:00 DEBUG 4270 --- [inventory-service] [           main] o.s.b.f.s.DefaultListableBeanFactory     : Creating shared instance of singleton bean 'tomcatServletWebServerFactory'
2025-08-19T10:11:24.272-03:00 DEBUG 4270 --- [inventory-service] [           main] o.s.b.f.s.DefaultListableBeanFactory     : Creating shared instance of singleton bean 'servletWebServerFactoryCustomizer'
2025-08-19T10:11:24.272-03:00 DEBUG 4270 --- [inventory-service] [           main] o.s.b.f.s.DefaultListableBeanFactory     : Creating shared instance of singleton bean 'org.springframework.boot.autoconfigure.web.servlet.ServletWebServerFactoryAutoConfiguration'
2025-08-19T10:11:24.273-03:00 DEBUG 4270 --- [inventory-service] [           main] o.s.b.f.s.DefaultListableBeanFactory     : Creating shared instance of singleton bean 'server-org.springframework.boot.autoconfigure.web.ServerProperties'
2025-08-19T10:11:24.276-03:00 DEBUG 4270 --- [inventory-service] [           main] o.s.b.f.s.DefaultListableBeanFactory     : Autowiring by type from bean name 'servletWebServerFactoryCustomizer' via factory method to bean named 'server-org.springframework.boot.autoconfigure.web.ServerProperties'
2025-08-19T10:11:24.277-03:00 DEBUG 4270 --- [inventory-service] [           main] o.s.b.f.s.DefaultListableBeanFactory     : Creating shared instance of singleton bean 'tomcatServletWebServerFactoryCustomizer'
2025-08-19T10:11:24.277-03:00 DEBUG 4270 --- [inventory-service] [           main] o.s.b.f.s.DefaultListableBeanFactory     : Autowiring by type from bean name 'tomcatServletWebServerFactoryCustomizer' via factory method to bean named 'server-org.springframework.boot.autoconfigure.web.ServerProperties'
2025-08-19T10:11:24.277-03:00 DEBUG 4270 --- [inventory-service] [           main] o.s.b.f.s.DefaultListableBeanFactory     : Creating shared instance of singleton bean 'localeCharsetMappingsCustomizer'
2025-08-19T10:11:24.277-03:00 DEBUG 4270 --- [inventory-service] [           main] o.s.b.f.s.DefaultListableBeanFactory     : Creating shared instance of singleton bean 'org.springframework.boot.autoconfigure.web.servlet.HttpEncodingAutoConfiguration'
2025-08-19T10:11:24.277-03:00 DEBUG 4270 --- [inventory-service] [           main] o.s.b.f.s.DefaultListableBeanFactory     : Autowiring by type from bean name 'org.springframework.boot.autoconfigure.web.servlet.HttpEncodingAutoConfiguration' via constructor to bean named 'server-org.springframework.boot.autoconfigure.web.ServerProperties'
2025-08-19T10:11:24.280-03:00 DEBUG 4270 --- [inventory-service] [           main] o.s.b.f.s.DefaultListableBeanFactory     : Creating shared instance of singleton bean 'errorPageCustomizer'
2025-08-19T10:11:24.280-03:00 DEBUG 4270 --- [inventory-service] [           main] o.s.b.f.s.DefaultListableBeanFactory     : Creating shared instance of singleton bean 'org.springframework.boot.autoconfigure.web.servlet.error.ErrorMvcAutoConfiguration'
2025-08-19T10:11:24.280-03:00 DEBUG 4270 --- [inventory-service] [           main] o.s.b.f.s.DefaultListableBeanFactory     : Autowiring by type from bean name 'org.springframework.boot.autoconfigure.web.servlet.error.ErrorMvcAutoConfiguration' via constructor to bean named 'server-org.springframework.boot.autoconfigure.web.ServerProperties'
2025-08-19T10:11:24.280-03:00 DEBUG 4270 --- [inventory-service] [           main] o.s.b.f.s.DefaultListableBeanFactory     : Creating shared instance of singleton bean 'dispatcherServletRegistration'
2025-08-19T10:11:24.280-03:00 DEBUG 4270 --- [inventory-service] [           main] o.s.b.f.s.DefaultListableBeanFactory     : Creating shared instance of singleton bean 'org.springframework.boot.autoconfigure.web.servlet.DispatcherServletAutoConfiguration$DispatcherServletRegistrationConfiguration'
2025-08-19T10:11:24.280-03:00 DEBUG 4270 --- [inventory-service] [           main] o.s.b.f.s.DefaultListableBeanFactory     : Creating shared instance of singleton bean 'dispatcherServlet'
2025-08-19T10:11:24.280-03:00 DEBUG 4270 --- [inventory-service] [           main] o.s.b.f.s.DefaultListableBeanFactory     : Creating shared instance of singleton bean 'org.springframework.boot.autoconfigure.web.servlet.DispatcherServletAutoConfiguration$DispatcherServletConfiguration'
2025-08-19T10:11:24.281-03:00 DEBUG 4270 --- [inventory-service] [           main] o.s.b.f.s.DefaultListableBeanFactory     : Creating shared instance of singleton bean 'spring.mvc-org.springframework.boot.autoconfigure.web.servlet.WebMvcProperties'
2025-08-19T10:11:24.282-03:00 DEBUG 4270 --- [inventory-service] [           main] o.s.b.f.s.DefaultListableBeanFactory     : Autowiring by type from bean name 'dispatcherServlet' via factory method to bean named 'spring.mvc-org.springframework.boot.autoconfigure.web.servlet.WebMvcProperties'
2025-08-19T10:11:24.286-03:00 DEBUG 4270 --- [inventory-service] [           main] o.s.b.f.s.DefaultListableBeanFactory     : Autowiring by type from bean name 'dispatcherServletRegistration' via factory method to bean named 'dispatcherServlet'
2025-08-19T10:11:24.287-03:00 DEBUG 4270 --- [inventory-service] [           main] o.s.b.f.s.DefaultListableBeanFactory     : Autowiring by type from bean name 'dispatcherServletRegistration' via factory method to bean named 'spring.mvc-org.springframework.boot.autoconfigure.web.servlet.WebMvcProperties'
2025-08-19T10:11:24.287-03:00 DEBUG 4270 --- [inventory-service] [           main] o.s.b.f.s.DefaultListableBeanFactory     : Creating shared instance of singleton bean 'multipartConfigElement'
2025-08-19T10:11:24.287-03:00 DEBUG 4270 --- [inventory-service] [           main] o.s.b.f.s.DefaultListableBeanFactory     : Creating shared instance of singleton bean 'org.springframework.boot.autoconfigure.web.servlet.MultipartAutoConfiguration'
2025-08-19T10:11:24.287-03:00 DEBUG 4270 --- [inventory-service] [           main] o.s.b.f.s.DefaultListableBeanFactory     : Creating shared instance of singleton bean 'spring.servlet.multipart-org.springframework.boot.autoconfigure.web.servlet.MultipartProperties'
2025-08-19T10:11:24.288-03:00 DEBUG 4270 --- [inventory-service] [           main] o.s.b.f.s.DefaultListableBeanFactory     : Autowiring by type from bean name 'org.springframework.boot.autoconfigure.web.servlet.MultipartAutoConfiguration' via constructor to bean named 'spring.servlet.multipart-org.springframework.boot.autoconfigure.web.servlet.MultipartProperties'
2025-08-19T10:11:24.289-03:00 DEBUG 4270 --- [inventory-service] [           main] o.s.b.f.s.DefaultListableBeanFactory     : Autowiring by type from bean name 'errorPageCustomizer' via factory method to bean named 'dispatcherServletRegistration'
2025-08-19T10:11:24.291-03:00 DEBUG 4270 --- [inventory-service] [           main] o.s.b.f.s.DefaultListableBeanFactory     : Creating shared instance of singleton bean 'org.springframework.boot.autoconfigure.web.servlet.DispatcherServletAutoConfiguration'
2025-08-19T10:11:24.291-03:00 DEBUG 4270 --- [inventory-service] [           main] o.s.b.f.s.DefaultListableBeanFactory     : Creating shared instance of singleton bean 'org.springframework.boot.autoconfigure.task.TaskExecutorConfigurations$SimpleAsyncTaskExecutorBuilderConfiguration'
2025-08-19T10:11:24.291-03:00 DEBUG 4270 --- [inventory-service] [           main] o.s.b.f.s.DefaultListableBeanFactory     : Autowiring by type from bean name 'org.springframework.boot.autoconfigure.task.TaskExecutorConfigurations$SimpleAsyncTaskExecutorBuilderConfiguration' via constructor to bean named 'spring.task.execution-org.springframework.boot.autoconfigure.task.TaskExecutionProperties'
2025-08-19T10:11:24.291-03:00 DEBUG 4270 --- [inventory-service] [           main] o.s.b.f.s.DefaultListableBeanFactory     : Creating shared instance of singleton bean 'simpleAsyncTaskExecutorBuilder'
2025-08-19T10:11:24.292-03:00 DEBUG 4270 --- [inventory-service] [           main] o.s.b.f.s.DefaultListableBeanFactory     : Creating shared instance of singleton bean 'org.springframework.boot.autoconfigure.task.TaskExecutorConfigurations$AsyncConfigurerConfiguration'
2025-08-19T10:11:24.292-03:00 DEBUG 4270 --- [inventory-service] [           main] o.s.b.f.s.DefaultListableBeanFactory     : Creating shared instance of singleton bean 'applicationTaskExecutorAsyncConfigurer'
2025-08-19T10:11:24.292-03:00 DEBUG 4270 --- [inventory-service] [           main] o.s.b.f.s.DefaultListableBeanFactory     : Autowiring by type from bean name 'applicationTaskExecutorAsyncConfigurer' via factory method to bean named 'org.springframework.beans.factory.support.DefaultListableBeanFactory@18fdb6cf'
2025-08-19T10:11:24.292-03:00 DEBUG 4270 --- [inventory-service] [           main] o.s.b.f.s.DefaultListableBeanFactory     : Creating shared instance of singleton bean 'org.springframework.boot.autoconfigure.task.TaskExecutorConfigurations$BootstrapExecutorConfiguration'
2025-08-19T10:11:24.292-03:00 DEBUG 4270 --- [inventory-service] [           main] o.s.b.f.s.DefaultListableBeanFactory     : Creating shared instance of singleton bean 'org.springframework.boot.autoconfigure.task.TaskExecutionAutoConfiguration'
2025-08-19T10:11:24.292-03:00 DEBUG 4270 --- [inventory-service] [           main] o.s.b.f.s.DefaultListableBeanFactory     : Creating shared instance of singleton bean 'org.springframework.boot.autoconfigure.web.servlet.error.ErrorMvcAutoConfiguration$WhitelabelErrorViewConfiguration'
2025-08-19T10:11:24.292-03:00 DEBUG 4270 --- [inventory-service] [           main] o.s.b.f.s.DefaultListableBeanFactory     : Creating shared instance of singleton bean 'error'
2025-08-19T10:11:24.293-03:00 DEBUG 4270 --- [inventory-service] [           main] o.s.b.f.s.DefaultListableBeanFactory     : Creating shared instance of singleton bean 'beanNameViewResolver'
2025-08-19T10:11:24.293-03:00 DEBUG 4270 --- [inventory-service] [           main] o.s.b.f.s.DefaultListableBeanFactory     : Creating shared instance of singleton bean 'org.springframework.boot.autoconfigure.web.servlet.error.ErrorMvcAutoConfiguration$DefaultErrorViewResolverConfiguration'
2025-08-19T10:11:24.293-03:00 DEBUG 4270 --- [inventory-service] [           main] o.s.b.f.s.DefaultListableBeanFactory     : Creating shared instance of singleton bean 'spring.web-org.springframework.boot.autoconfigure.web.WebProperties'
2025-08-19T10:11:24.294-03:00 DEBUG 4270 --- [inventory-service] [           main] o.s.b.f.s.DefaultListableBeanFactory     : Autowiring by type from bean name 'org.springframework.boot.autoconfigure.web.servlet.error.ErrorMvcAutoConfiguration$DefaultErrorViewResolverConfiguration' via constructor to bean named 'org.springframework.web.context.support.GenericWebApplicationContext@55a8dc49'
2025-08-19T10:11:24.294-03:00 DEBUG 4270 --- [inventory-service] [           main] o.s.b.f.s.DefaultListableBeanFactory     : Autowiring by type from bean name 'org.springframework.boot.autoconfigure.web.servlet.error.ErrorMvcAutoConfiguration$DefaultErrorViewResolverConfiguration' via constructor to bean named 'spring.web-org.springframework.boot.autoconfigure.web.WebProperties'
2025-08-19T10:11:24.294-03:00 DEBUG 4270 --- [inventory-service] [           main] o.s.b.f.s.DefaultListableBeanFactory     : Creating shared instance of singleton bean 'conventionErrorViewResolver'
2025-08-19T10:11:24.295-03:00 DEBUG 4270 --- [inventory-service] [           main] o.s.b.f.s.DefaultListableBeanFactory     : Creating shared instance of singleton bean 'errorAttributes'
2025-08-19T10:11:24.295-03:00 DEBUG 4270 --- [inventory-service] [           main] o.s.b.f.s.DefaultListableBeanFactory     : Creating shared instance of singleton bean 'basicErrorController'
2025-08-19T10:11:24.296-03:00 DEBUG 4270 --- [inventory-service] [           main] o.s.b.f.s.DefaultListableBeanFactory     : Autowiring by type from bean name 'basicErrorController' via factory method to bean named 'errorAttributes'
2025-08-19T10:11:24.297-03:00 DEBUG 4270 --- [inventory-service] [           main] o.s.b.f.s.DefaultListableBeanFactory     : Creating shared instance of singleton bean 'org.springframework.boot.autoconfigure.web.servlet.WebMvcAutoConfiguration$EnableWebMvcConfiguration'
2025-08-19T10:11:24.298-03:00 DEBUG 4270 --- [inventory-service] [           main] o.s.b.f.s.DefaultListableBeanFactory     : Autowiring by type from bean name 'org.springframework.boot.autoconfigure.web.servlet.WebMvcAutoConfiguration$EnableWebMvcConfiguration' via constructor to bean named 'spring.mvc-org.springframework.boot.autoconfigure.web.servlet.WebMvcProperties'
2025-08-19T10:11:24.298-03:00 DEBUG 4270 --- [inventory-service] [           main] o.s.b.f.s.DefaultListableBeanFactory     : Autowiring by type from bean name 'org.springframework.boot.autoconfigure.web.servlet.WebMvcAutoConfiguration$EnableWebMvcConfiguration' via constructor to bean named 'spring.web-org.springframework.boot.autoconfigure.web.WebProperties'
2025-08-19T10:11:24.298-03:00 DEBUG 4270 --- [inventory-service] [           main] o.s.b.f.s.DefaultListableBeanFactory     : Autowiring by type from bean name 'org.springframework.boot.autoconfigure.web.servlet.WebMvcAutoConfiguration$EnableWebMvcConfiguration' via constructor to bean named 'org.springframework.beans.factory.support.DefaultListableBeanFactory@18fdb6cf'
2025-08-19T10:11:24.299-03:00 DEBUG 4270 --- [inventory-service] [           main] o.s.b.f.s.DefaultListableBeanFactory     : Creating shared instance of singleton bean 'org.springframework.boot.autoconfigure.web.servlet.WebMvcAutoConfiguration$WebMvcAutoConfigurationAdapter'
2025-08-19T10:11:24.299-03:00 DEBUG 4270 --- [inventory-service] [           main] o.s.b.f.s.DefaultListableBeanFactory     : Autowiring by type from bean name 'org.springframework.boot.autoconfigure.web.servlet.WebMvcAutoConfiguration$WebMvcAutoConfigurationAdapter' via constructor to bean named 'spring.web-org.springframework.boot.autoconfigure.web.WebProperties'
2025-08-19T10:11:24.299-03:00 DEBUG 4270 --- [inventory-service] [           main] o.s.b.f.s.DefaultListableBeanFactory     : Autowiring by type from bean name 'org.springframework.boot.autoconfigure.web.servlet.WebMvcAutoConfiguration$WebMvcAutoConfigurationAdapter' via constructor to bean named 'spring.mvc-org.springframework.boot.autoconfigure.web.servlet.WebMvcProperties'
2025-08-19T10:11:24.299-03:00 DEBUG 4270 --- [inventory-service] [           main] o.s.b.f.s.DefaultListableBeanFactory     : Autowiring by type from bean name 'org.springframework.boot.autoconfigure.web.servlet.WebMvcAutoConfiguration$WebMvcAutoConfigurationAdapter' via constructor to bean named 'org.springframework.beans.factory.support.DefaultListableBeanFactory@18fdb6cf'
2025-08-19T10:11:24.300-03:00 DEBUG 4270 --- [inventory-service] [           main] o.s.b.f.s.DefaultListableBeanFactory     : Creating shared instance of singleton bean 'openEntityManagerInViewInterceptorConfigurer'
2025-08-19T10:11:24.300-03:00 DEBUG 4270 --- [inventory-service] [           main] o.s.b.f.s.DefaultListableBeanFactory     : Creating shared instance of singleton bean 'org.springframework.boot.autoconfigure.orm.jpa.JpaBaseConfiguration$JpaWebConfiguration'
2025-08-19T10:11:24.300-03:00 DEBUG 4270 --- [inventory-service] [           main] o.s.b.f.s.DefaultListableBeanFactory     : Autowiring by type from bean name 'org.springframework.boot.autoconfigure.orm.jpa.JpaBaseConfiguration$JpaWebConfiguration' via constructor to bean named 'spring.jpa-org.springframework.boot.autoconfigure.orm.jpa.JpaProperties'
2025-08-19T10:11:24.300-03:00 DEBUG 4270 --- [inventory-service] [           main] o.s.b.f.s.DefaultListableBeanFactory     : Creating shared instance of singleton bean 'openEntityManagerInViewInterceptor'
2025-08-19T10:11:24.300-03:00  WARN 4270 --- [inventory-service] [           main] JpaBaseConfiguration$JpaWebConfiguration : spring.jpa.open-in-view is enabled by default. Therefore, database queries may be performed during view rendering. Explicitly configure spring.jpa.open-in-view to disable this warning
2025-08-19T10:11:24.301-03:00 DEBUG 4270 --- [inventory-service] [           main] o.s.b.f.s.DefaultListableBeanFactory     : Autowiring by type from bean name 'openEntityManagerInViewInterceptorConfigurer' via factory method to bean named 'openEntityManagerInViewInterceptor'
2025-08-19T10:11:24.302-03:00 DEBUG 4270 --- [inventory-service] [           main] o.s.b.f.s.DefaultListableBeanFactory     : Creating shared instance of singleton bean 'org.springframework.data.web.config.SpringDataWebConfiguration'
2025-08-19T10:11:24.302-03:00 DEBUG 4270 --- [inventory-service] [           main] o.s.b.f.s.DefaultListableBeanFactory     : Autowiring by type from bean name 'org.springframework.data.web.config.SpringDataWebConfiguration' via constructor to bean named 'org.springframework.web.context.support.GenericWebApplicationContext@55a8dc49'
2025-08-19T10:11:24.303-03:00 DEBUG 4270 --- [inventory-service] [           main] o.s.b.f.s.DefaultListableBeanFactory     : Creating shared instance of singleton bean 'welcomePageHandlerMapping'
2025-08-19T10:11:24.304-03:00 DEBUG 4270 --- [inventory-service] [           main] o.s.b.f.s.DefaultListableBeanFactory     : Creating shared instance of singleton bean 'mvcConversionService'
2025-08-19T10:11:24.307-03:00 DEBUG 4270 --- [inventory-service] [           main] o.s.b.f.s.DefaultListableBeanFactory     : Creating shared instance of singleton bean 'mvcResourceUrlProvider'
2025-08-19T10:11:24.307-03:00 DEBUG 4270 --- [inventory-service] [           main] o.s.b.f.s.DefaultListableBeanFactory     : Autowiring by type from bean name 'welcomePageHandlerMapping' via factory method to bean named 'org.springframework.web.context.support.GenericWebApplicationContext@55a8dc49'
2025-08-19T10:11:24.307-03:00 DEBUG 4270 --- [inventory-service] [           main] o.s.b.f.s.DefaultListableBeanFactory     : Autowiring by type from bean name 'welcomePageHandlerMapping' via factory method to bean named 'mvcConversionService'
2025-08-19T10:11:24.307-03:00 DEBUG 4270 --- [inventory-service] [           main] o.s.b.f.s.DefaultListableBeanFactory     : Autowiring by type from bean name 'welcomePageHandlerMapping' via factory method to bean named 'mvcResourceUrlProvider'
2025-08-19T10:11:24.313-03:00 DEBUG 4270 --- [inventory-service] [           main] o.s.b.f.s.DefaultListableBeanFactory     : Creating shared instance of singleton bean 'welcomePageNotAcceptableHandlerMapping'
2025-08-19T10:11:24.313-03:00 DEBUG 4270 --- [inventory-service] [           main] o.s.b.f.s.DefaultListableBeanFactory     : Autowiring by type from bean name 'welcomePageNotAcceptableHandlerMapping' via factory method to bean named 'org.springframework.web.context.support.GenericWebApplicationContext@55a8dc49'
2025-08-19T10:11:24.313-03:00 DEBUG 4270 --- [inventory-service] [           main] o.s.b.f.s.DefaultListableBeanFactory     : Autowiring by type from bean name 'welcomePageNotAcceptableHandlerMapping' via factory method to bean named 'mvcConversionService'
2025-08-19T10:11:24.313-03:00 DEBUG 4270 --- [inventory-service] [           main] o.s.b.f.s.DefaultListableBeanFactory     : Autowiring by type from bean name 'welcomePageNotAcceptableHandlerMapping' via factory method to bean named 'mvcResourceUrlProvider'
2025-08-19T10:11:24.314-03:00 DEBUG 4270 --- [inventory-service] [           main] o.s.b.f.s.DefaultListableBeanFactory     : Creating shared instance of singleton bean 'localeResolver'
2025-08-19T10:11:24.315-03:00 DEBUG 4270 --- [inventory-service] [           main] o.s.b.f.s.DefaultListableBeanFactory     : Creating shared instance of singleton bean 'themeResolver'
2025-08-19T10:11:24.315-03:00 DEBUG 4270 --- [inventory-service] [           main] o.s.b.f.s.DefaultListableBeanFactory     : Creating shared instance of singleton bean 'flashMapManager'
2025-08-19T10:11:24.316-03:00 DEBUG 4270 --- [inventory-service] [           main] o.s.b.f.s.DefaultListableBeanFactory     : Creating shared instance of singleton bean 'viewNameTranslator'
2025-08-19T10:11:24.316-03:00 DEBUG 4270 --- [inventory-service] [           main] o.s.b.f.s.DefaultListableBeanFactory     : Creating shared instance of singleton bean 'mvcValidator'
2025-08-19T10:11:24.317-03:00 DEBUG 4270 --- [inventory-service] [           main] o.s.b.f.s.DefaultListableBeanFactory     : Creating shared instance of singleton bean 'mvcContentNegotiationManager'
2025-08-19T10:11:24.318-03:00 DEBUG 4270 --- [inventory-service] [           main] o.s.b.f.s.DefaultListableBeanFactory     : Creating shared instance of singleton bean 'requestMappingHandlerMapping'
2025-08-19T10:11:24.318-03:00 DEBUG 4270 --- [inventory-service] [           main] o.s.b.f.s.DefaultListableBeanFactory     : Autowiring by type from bean name 'requestMappingHandlerMapping' via factory method to bean named 'mvcContentNegotiationManager'
2025-08-19T10:11:24.318-03:00 DEBUG 4270 --- [inventory-service] [           main] o.s.b.f.s.DefaultListableBeanFactory     : Autowiring by type from bean name 'requestMappingHandlerMapping' via factory method to bean named 'mvcConversionService'
2025-08-19T10:11:24.318-03:00 DEBUG 4270 --- [inventory-service] [           main] o.s.b.f.s.DefaultListableBeanFactory     : Autowiring by type from bean name 'requestMappingHandlerMapping' via factory method to bean named 'mvcResourceUrlProvider'
2025-08-19T10:11:24.330-03:00 DEBUG 4270 --- [inventory-service] [           main] _.s.web.servlet.HandlerMapping.Mappings  : 
	c.e.i.c.InventoryController:
	{GET [/api/v1/inventory/events]}: inventoryGetAllEvents()
	{GET [/api/v1/inventory/venue/{venueId}]}: inventoryByVenueId(Long)
2025-08-19T10:11:24.332-03:00 DEBUG 4270 --- [inventory-service] [           main] _.s.web.servlet.HandlerMapping.Mappings  : 
	o.s.b.a.w.s.e.BasicErrorController:
	{ [/error]}: error(HttpServletRequest)
	{ [/error], produces [text/html]}: errorHtml(HttpServletRequest,HttpServletResponse)
2025-08-19T10:11:24.332-03:00 DEBUG 4270 --- [inventory-service] [           main] s.w.s.m.m.a.RequestMappingHandlerMapping : 4 mappings in 'requestMappingHandlerMapping'
2025-08-19T10:11:24.334-03:00 DEBUG 4270 --- [inventory-service] [           main] o.s.b.f.s.DefaultListableBeanFactory     : Creating shared instance of singleton bean 'mvcPatternParser'
2025-08-19T10:11:24.334-03:00 DEBUG 4270 --- [inventory-service] [           main] o.s.b.f.s.DefaultListableBeanFactory     : Creating shared instance of singleton bean 'mvcUrlPathHelper'
2025-08-19T10:11:24.334-03:00 DEBUG 4270 --- [inventory-service] [           main] o.s.b.f.s.DefaultListableBeanFactory     : Creating shared instance of singleton bean 'mvcPathMatcher'
2025-08-19T10:11:24.335-03:00 DEBUG 4270 --- [inventory-service] [           main] o.s.b.f.s.DefaultListableBeanFactory     : Creating shared instance of singleton bean 'viewControllerHandlerMapping'
2025-08-19T10:11:24.335-03:00 DEBUG 4270 --- [inventory-service] [           main] o.s.b.f.s.DefaultListableBeanFactory     : Autowiring by type from bean name 'viewControllerHandlerMapping' via factory method to bean named 'mvcConversionService'
2025-08-19T10:11:24.335-03:00 DEBUG 4270 --- [inventory-service] [           main] o.s.b.f.s.DefaultListableBeanFactory     : Autowiring by type from bean name 'viewControllerHandlerMapping' via factory method to bean named 'mvcResourceUrlProvider'
2025-08-19T10:11:24.335-03:00 DEBUG 4270 --- [inventory-service] [           main] o.s.b.f.s.DefaultListableBeanFactory     : Creating shared instance of singleton bean 'beanNameHandlerMapping'
2025-08-19T10:11:24.335-03:00 DEBUG 4270 --- [inventory-service] [           main] o.s.b.f.s.DefaultListableBeanFactory     : Autowiring by type from bean name 'beanNameHandlerMapping' via factory method to bean named 'mvcConversionService'
2025-08-19T10:11:24.335-03:00 DEBUG 4270 --- [inventory-service] [           main] o.s.b.f.s.DefaultListableBeanFactory     : Autowiring by type from bean name 'beanNameHandlerMapping' via factory method to bean named 'mvcResourceUrlProvider'
2025-08-19T10:11:24.336-03:00 DEBUG 4270 --- [inventory-service] [           main] _.s.web.servlet.HandlerMapping.Mappings  : 'beanNameHandlerMapping' {}
2025-08-19T10:11:24.336-03:00 DEBUG 4270 --- [inventory-service] [           main] o.s.b.f.s.DefaultListableBeanFactory     : Creating shared instance of singleton bean 'routerFunctionMapping'
2025-08-19T10:11:24.337-03:00 DEBUG 4270 --- [inventory-service] [           main] o.s.b.f.s.DefaultListableBeanFactory     : Autowiring by type from bean name 'routerFunctionMapping' via factory method to bean named 'mvcConversionService'
2025-08-19T10:11:24.337-03:00 DEBUG 4270 --- [inventory-service] [           main] o.s.b.f.s.DefaultListableBeanFactory     : Autowiring by type from bean name 'routerFunctionMapping' via factory method to bean named 'mvcResourceUrlProvider'
2025-08-19T10:11:24.337-03:00 DEBUG 4270 --- [inventory-service] [           main] o.s.b.f.s.DefaultListableBeanFactory     : Creating shared instance of singleton bean 'messageConverters'
2025-08-19T10:11:24.337-03:00 DEBUG 4270 --- [inventory-service] [           main] o.s.b.f.s.DefaultListableBeanFactory     : Creating shared instance of singleton bean 'org.springframework.boot.autoconfigure.http.HttpMessageConvertersAutoConfiguration'
2025-08-19T10:11:24.338-03:00 DEBUG 4270 --- [inventory-service] [           main] o.s.b.f.s.DefaultListableBeanFactory     : Creating shared instance of singleton bean 'stringHttpMessageConverter'
2025-08-19T10:11:24.338-03:00 DEBUG 4270 --- [inventory-service] [           main] o.s.b.f.s.DefaultListableBeanFactory     : Creating shared instance of singleton bean 'org.springframework.boot.autoconfigure.http.HttpMessageConvertersAutoConfiguration$StringHttpMessageConverterConfiguration'
2025-08-19T10:11:24.338-03:00 DEBUG 4270 --- [inventory-service] [           main] o.s.b.f.s.DefaultListableBeanFactory     : Autowiring by type from bean name 'stringHttpMessageConverter' via factory method to bean named 'environment'
2025-08-19T10:11:24.341-03:00 DEBUG 4270 --- [inventory-service] [           main] o.s.b.f.s.DefaultListableBeanFactory     : Creating shared instance of singleton bean 'mappingJackson2HttpMessageConverter'
2025-08-19T10:11:24.341-03:00 DEBUG 4270 --- [inventory-service] [           main] o.s.b.f.s.DefaultListableBeanFactory     : Creating shared instance of singleton bean 'org.springframework.boot.autoconfigure.http.JacksonHttpMessageConvertersConfiguration$MappingJackson2HttpMessageConverterConfiguration'
2025-08-19T10:11:24.341-03:00 DEBUG 4270 --- [inventory-service] [           main] o.s.b.f.s.DefaultListableBeanFactory     : Creating shared instance of singleton bean 'jacksonObjectMapper'
2025-08-19T10:11:24.341-03:00 DEBUG 4270 --- [inventory-service] [           main] o.s.b.f.s.DefaultListableBeanFactory     : Creating shared instance of singleton bean 'org.springframework.boot.autoconfigure.jackson.JacksonAutoConfiguration$JacksonObjectMapperConfiguration'
2025-08-19T10:11:24.341-03:00 DEBUG 4270 --- [inventory-service] [           main] o.s.b.f.s.DefaultListableBeanFactory     : Creating shared instance of singleton bean 'org.springframework.boot.autoconfigure.jackson.JacksonAutoConfiguration$JacksonObjectMapperBuilderConfiguration'
2025-08-19T10:11:24.342-03:00 DEBUG 4270 --- [inventory-service] [           main] o.s.b.f.s.DefaultListableBeanFactory     : Creating shared instance of singleton bean 'standardJacksonObjectMapperBuilderCustomizer'
2025-08-19T10:11:24.342-03:00 DEBUG 4270 --- [inventory-service] [           main] o.s.b.f.s.DefaultListableBeanFactory     : Creating shared instance of singleton bean 'org.springframework.boot.autoconfigure.jackson.JacksonAutoConfiguration$Jackson2ObjectMapperBuilderCustomizerConfiguration'
2025-08-19T10:11:24.342-03:00 DEBUG 4270 --- [inventory-service] [           main] o.s.b.f.s.DefaultListableBeanFactory     : Creating shared instance of singleton bean 'spring.jackson-org.springframework.boot.autoconfigure.jackson.JacksonProperties'
2025-08-19T10:11:24.343-03:00 DEBUG 4270 --- [inventory-service] [           main] o.s.b.f.s.DefaultListableBeanFactory     : Autowiring by type from bean name 'standardJacksonObjectMapperBuilderCustomizer' via factory method to bean named 'spring.jackson-org.springframework.boot.autoconfigure.jackson.JacksonProperties'
2025-08-19T10:11:24.343-03:00 DEBUG 4270 --- [inventory-service] [           main] o.s.b.f.s.DefaultListableBeanFactory     : Creating shared instance of singleton bean 'parameterNamesModule'
2025-08-19T10:11:24.343-03:00 DEBUG 4270 --- [inventory-service] [           main] o.s.b.f.s.DefaultListableBeanFactory     : Creating shared instance of singleton bean 'org.springframework.boot.autoconfigure.jackson.JacksonAutoConfiguration$ParameterNamesModuleConfiguration'
2025-08-19T10:11:24.344-03:00 DEBUG 4270 --- [inventory-service] [           main] o.s.b.f.s.DefaultListableBeanFactory     : Creating shared instance of singleton bean 'jsonMixinModule'
2025-08-19T10:11:24.344-03:00 DEBUG 4270 --- [inventory-service] [           main] o.s.b.f.s.DefaultListableBeanFactory     : Creating shared instance of singleton bean 'org.springframework.boot.autoconfigure.jackson.JacksonAutoConfiguration$JacksonMixinConfiguration'
2025-08-19T10:11:24.344-03:00 DEBUG 4270 --- [inventory-service] [           main] o.s.b.f.s.DefaultListableBeanFactory     : Creating shared instance of singleton bean 'jsonMixinModuleEntries'
2025-08-19T10:11:24.344-03:00 DEBUG 4270 --- [inventory-service] [           main] o.s.b.f.s.DefaultListableBeanFactory     : Autowiring by type from bean name 'jsonMixinModuleEntries' via factory method to bean named 'org.springframework.web.context.support.GenericWebApplicationContext@55a8dc49'
2025-08-19T10:11:24.345-03:00 DEBUG 4270 --- [inventory-service] [           main] o.s.b.f.s.DefaultListableBeanFactory     : Autowiring by type from bean name 'jsonMixinModule' via factory method to bean named 'org.springframework.web.context.support.GenericWebApplicationContext@55a8dc49'
2025-08-19T10:11:24.345-03:00 DEBUG 4270 --- [inventory-service] [           main] o.s.b.f.s.DefaultListableBeanFactory     : Autowiring by type from bean name 'jsonMixinModule' via factory method to bean named 'jsonMixinModuleEntries'
2025-08-19T10:11:24.346-03:00 DEBUG 4270 --- [inventory-service] [           main] o.s.b.f.s.DefaultListableBeanFactory     : Creating shared instance of singleton bean 'jsonComponentModule'
2025-08-19T10:11:24.346-03:00 DEBUG 4270 --- [inventory-service] [           main] o.s.b.f.s.DefaultListableBeanFactory     : Creating shared instance of singleton bean 'org.springframework.boot.autoconfigure.jackson.JacksonAutoConfiguration'
2025-08-19T10:11:24.348-03:00 DEBUG 4270 --- [inventory-service] [           main] o.s.b.f.s.DefaultListableBeanFactory     : Creating shared instance of singleton bean 'jacksonGeoModule'
2025-08-19T10:11:24.348-03:00 DEBUG 4270 --- [inventory-service] [           main] o.s.b.f.s.DefaultListableBeanFactory     : Creating shared instance of singleton bean 'org.springframework.data.web.config.SpringDataJacksonConfiguration'
2025-08-19T10:11:24.348-03:00 DEBUG 4270 --- [inventory-service] [           main] o.s.b.f.s.DefaultListableBeanFactory     : Creating shared instance of singleton bean 'springDataWebSettings'
2025-08-19T10:11:24.348-03:00 DEBUG 4270 --- [inventory-service] [           main] o.s.b.f.s.DefaultListableBeanFactory     : Creating shared instance of singleton bean 'org.springframework.boot.autoconfigure.data.web.SpringDataWebAutoConfiguration'
2025-08-19T10:11:24.348-03:00 DEBUG 4270 --- [inventory-service] [           main] o.s.b.f.s.DefaultListableBeanFactory     : Creating shared instance of singleton bean 'spring.data.web-org.springframework.boot.autoconfigure.data.web.SpringDataWebProperties'
2025-08-19T10:11:24.348-03:00 DEBUG 4270 --- [inventory-service] [           main] o.s.b.f.s.DefaultListableBeanFactory     : Autowiring by type from bean name 'org.springframework.boot.autoconfigure.data.web.SpringDataWebAutoConfiguration' via constructor to bean named 'spring.data.web-org.springframework.boot.autoconfigure.data.web.SpringDataWebProperties'
2025-08-19T10:11:24.350-03:00 DEBUG 4270 --- [inventory-service] [           main] o.s.b.f.s.DefaultListableBeanFactory     : Creating shared instance of singleton bean 'pageModule'
2025-08-19T10:11:24.351-03:00 DEBUG 4270 --- [inventory-service] [           main] o.s.b.f.s.DefaultListableBeanFactory     : Autowiring by type from bean name 'jacksonObjectMapperBuilder' via factory method to bean named 'org.springframework.web.context.support.GenericWebApplicationContext@55a8dc49'
2025-08-19T10:11:24.351-03:00 DEBUG 4270 --- [inventory-service] [           main] o.s.b.f.s.DefaultListableBeanFactory     : Autowiring by type from bean name 'jacksonObjectMapperBuilder' via factory method to bean named 'standardJacksonObjectMapperBuilderCustomizer'
2025-08-19T10:11:24.351-03:00 DEBUG 4270 --- [inventory-service] [           main] o.s.b.f.s.DefaultListableBeanFactory     : Autowiring by type from bean name 'jacksonObjectMapper' via factory method to bean named 'jacksonObjectMapperBuilder'
2025-08-19T10:11:24.355-03:00 DEBUG 4270 --- [inventory-service] [           main] o.s.b.f.s.DefaultListableBeanFactory     : Autowiring by type from bean name 'mappingJackson2HttpMessageConverter' via factory method to bean named 'jacksonObjectMapper'
2025-08-19T10:11:24.366-03:00 DEBUG 4270 --- [inventory-service] [           main] o.s.b.f.s.DefaultListableBeanFactory     : Creating shared instance of singleton bean 'resourceHandlerMapping'
2025-08-19T10:11:24.366-03:00 DEBUG 4270 --- [inventory-service] [           main] o.s.b.f.s.DefaultListableBeanFactory     : Autowiring by type from bean name 'resourceHandlerMapping' via factory method to bean named 'mvcContentNegotiationManager'
2025-08-19T10:11:24.366-03:00 DEBUG 4270 --- [inventory-service] [           main] o.s.b.f.s.DefaultListableBeanFactory     : Autowiring by type from bean name 'resourceHandlerMapping' via factory method to bean named 'mvcConversionService'
2025-08-19T10:11:24.366-03:00 DEBUG 4270 --- [inventory-service] [           main] o.s.b.f.s.DefaultListableBeanFactory     : Autowiring by type from bean name 'resourceHandlerMapping' via factory method to bean named 'mvcResourceUrlProvider'
2025-08-19T10:11:24.372-03:00 DEBUG 4270 --- [inventory-service] [           main] _.s.web.servlet.HandlerMapping.Mappings  : 'resourceHandlerMapping' {/webjars/**=ResourceHttpRequestHandler [classpath [META-INF/resources/webjars/]], /**=ResourceHttpRequestHandler [classpath [META-INF/resources/], classpath [resources/], classpath [static/], classpath [public/], ServletContext [/]]}
2025-08-19T10:11:24.373-03:00 DEBUG 4270 --- [inventory-service] [           main] o.s.b.f.s.DefaultListableBeanFactory     : Creating shared instance of singleton bean 'defaultServletHandlerMapping'
2025-08-19T10:11:24.373-03:00 DEBUG 4270 --- [inventory-service] [           main] o.s.b.f.s.DefaultListableBeanFactory     : Creating shared instance of singleton bean 'requestMappingHandlerAdapter'
2025-08-19T10:11:24.373-03:00 DEBUG 4270 --- [inventory-service] [           main] o.s.b.f.s.DefaultListableBeanFactory     : Autowiring by type from bean name 'requestMappingHandlerAdapter' via factory method to bean named 'mvcContentNegotiationManager'
2025-08-19T10:11:24.373-03:00 DEBUG 4270 --- [inventory-service] [           main] o.s.b.f.s.DefaultListableBeanFactory     : Autowiring by type from bean name 'requestMappingHandlerAdapter' via factory method to bean named 'mvcConversionService'
2025-08-19T10:11:24.373-03:00 DEBUG 4270 --- [inventory-service] [           main] o.s.b.f.s.DefaultListableBeanFactory     : Autowiring by type from bean name 'requestMappingHandlerAdapter' via factory method to bean named 'mvcValidator'
2025-08-19T10:11:24.376-03:00 DEBUG 4270 --- [inventory-service] [           main] o.s.b.f.s.DefaultListableBeanFactory     : Creating shared instance of singleton bean 'sortResolver'
2025-08-19T10:11:24.376-03:00 DEBUG 4270 --- [inventory-service] [           main] o.s.b.f.s.DefaultListableBeanFactory     : Creating shared instance of singleton bean 'sortCustomizer'
2025-08-19T10:11:24.377-03:00 DEBUG 4270 --- [inventory-service] [           main] o.s.b.f.s.DefaultListableBeanFactory     : Creating shared instance of singleton bean 'pageableResolver'
2025-08-19T10:11:24.377-03:00 DEBUG 4270 --- [inventory-service] [           main] o.s.b.f.s.DefaultListableBeanFactory     : Creating shared instance of singleton bean 'pageableCustomizer'
2025-08-19T10:11:24.383-03:00 DEBUG 4270 --- [inventory-service] [           main] s.w.s.m.m.a.RequestMappingHandlerAdapter : ControllerAdvice beans: 0 @ModelAttribute, 0 @InitBinder, 1 RequestBodyAdvice, 1 ResponseBodyAdvice
2025-08-19T10:11:24.391-03:00 DEBUG 4270 --- [inventory-service] [           main] o.s.b.f.s.DefaultListableBeanFactory     : Creating shared instance of singleton bean 'mvcViewResolver'
2025-08-19T10:11:24.391-03:00 DEBUG 4270 --- [inventory-service] [           main] o.s.b.f.s.DefaultListableBeanFactory     : Autowiring by type from bean name 'mvcViewResolver' via factory method to bean named 'mvcContentNegotiationManager'
2025-08-19T10:11:24.392-03:00 DEBUG 4270 --- [inventory-service] [           main] o.s.b.f.s.DefaultListableBeanFactory     : Creating shared instance of singleton bean 'defaultViewResolver'
2025-08-19T10:11:24.394-03:00 DEBUG 4270 --- [inventory-service] [           main] o.s.b.f.s.DefaultListableBeanFactory     : Creating shared instance of singleton bean 'viewResolver'
2025-08-19T10:11:24.394-03:00 DEBUG 4270 --- [inventory-service] [           main] o.s.b.f.s.DefaultListableBeanFactory     : Autowiring by type from bean name 'viewResolver' via factory method to bean named 'org.springframework.beans.factory.support.DefaultListableBeanFactory@18fdb6cf'
2025-08-19T10:11:24.400-03:00 DEBUG 4270 --- [inventory-service] [           main] o.s.b.f.s.DefaultListableBeanFactory     : Creating shared instance of singleton bean 'viewResolver'
2025-08-19T10:11:24.403-03:00 DEBUG 4270 --- [inventory-service] [           main] o.s.b.f.s.DefaultListableBeanFactory     : Creating shared instance of singleton bean 'handlerFunctionAdapter'
2025-08-19T10:11:24.403-03:00 DEBUG 4270 --- [inventory-service] [           main] o.s.b.f.s.DefaultListableBeanFactory     : Creating shared instance of singleton bean 'mvcUriComponentsContributor'
2025-08-19T10:11:24.404-03:00 DEBUG 4270 --- [inventory-service] [           main] o.s.b.f.s.DefaultListableBeanFactory     : Autowiring by type from bean name 'mvcUriComponentsContributor' via factory method to bean named 'mvcConversionService'
2025-08-19T10:11:24.404-03:00 DEBUG 4270 --- [inventory-service] [           main] o.s.b.f.s.DefaultListableBeanFactory     : Autowiring by type from bean name 'mvcUriComponentsContributor' via factory method to bean named 'requestMappingHandlerAdapter'
2025-08-19T10:11:24.405-03:00 DEBUG 4270 --- [inventory-service] [           main] o.s.b.f.s.DefaultListableBeanFactory     : Creating shared instance of singleton bean 'httpRequestHandlerAdapter'
2025-08-19T10:11:24.405-03:00 DEBUG 4270 --- [inventory-service] [           main] o.s.b.f.s.DefaultListableBeanFactory     : Creating shared instance of singleton bean 'simpleControllerHandlerAdapter'
2025-08-19T10:11:24.405-03:00 DEBUG 4270 --- [inventory-service] [           main] o.s.b.f.s.DefaultListableBeanFactory     : Creating shared instance of singleton bean 'handlerExceptionResolver'
2025-08-19T10:11:24.405-03:00 DEBUG 4270 --- [inventory-service] [           main] o.s.b.f.s.DefaultListableBeanFactory     : Autowiring by type from bean name 'handlerExceptionResolver' via factory method to bean named 'mvcContentNegotiationManager'
2025-08-19T10:11:24.406-03:00 DEBUG 4270 --- [inventory-service] [           main] .m.m.a.ExceptionHandlerExceptionResolver : ControllerAdvice beans: 0 @ExceptionHandler, 1 ResponseBodyAdvice
2025-08-19T10:11:24.407-03:00 DEBUG 4270 --- [inventory-service] [           main] o.s.b.f.s.DefaultListableBeanFactory     : Creating shared instance of singleton bean 'requestContextFilter'
2025-08-19T10:11:24.408-03:00 DEBUG 4270 --- [inventory-service] [           main] o.s.b.f.s.DefaultListableBeanFactory     : Creating shared instance of singleton bean 'org.springframework.boot.autoconfigure.web.servlet.WebMvcAutoConfiguration'
2025-08-19T10:11:24.408-03:00 DEBUG 4270 --- [inventory-service] [           main] o.s.b.f.s.DefaultListableBeanFactory     : Creating shared instance of singleton bean 'formContentFilter'
2025-08-19T10:11:24.409-03:00 DEBUG 4270 --- [inventory-service] [           main] o.s.b.f.s.DefaultListableBeanFactory     : Creating shared instance of singleton bean 'org.springframework.boot.autoconfigure.aop.AopAutoConfiguration$AspectJAutoProxyingConfiguration$CglibAutoProxyConfiguration'
2025-08-19T10:11:24.409-03:00 DEBUG 4270 --- [inventory-service] [           main] o.s.b.f.s.DefaultListableBeanFactory     : Creating shared instance of singleton bean 'org.springframework.boot.autoconfigure.aop.AopAutoConfiguration$AspectJAutoProxyingConfiguration'
2025-08-19T10:11:24.409-03:00 DEBUG 4270 --- [inventory-service] [           main] o.s.b.f.s.DefaultListableBeanFactory     : Creating shared instance of singleton bean 'org.springframework.boot.autoconfigure.aop.AopAutoConfiguration'
2025-08-19T10:11:24.409-03:00 DEBUG 4270 --- [inventory-service] [           main] o.s.b.f.s.DefaultListableBeanFactory     : Creating shared instance of singleton bean 'org.springframework.boot.autoconfigure.availability.ApplicationAvailabilityAutoConfiguration'
2025-08-19T10:11:24.409-03:00 DEBUG 4270 --- [inventory-service] [           main] o.s.b.f.s.DefaultListableBeanFactory     : Creating shared instance of singleton bean 'applicationAvailability'
2025-08-19T10:11:24.409-03:00 DEBUG 4270 --- [inventory-service] [           main] o.s.b.f.s.DefaultListableBeanFactory     : Creating shared instance of singleton bean 'org.springframework.boot.autoconfigure.transaction.jta.JtaAutoConfiguration'
2025-08-19T10:11:24.410-03:00 DEBUG 4270 --- [inventory-service] [           main] o.s.b.f.s.DefaultListableBeanFactory     : Creating shared instance of singleton bean 'org.springframework.boot.autoconfigure.jdbc.metadata.DataSourcePoolMetadataProvidersConfiguration'
2025-08-19T10:11:24.410-03:00 DEBUG 4270 --- [inventory-service] [           main] o.s.b.f.s.DefaultListableBeanFactory     : Creating shared instance of singleton bean 'org.springframework.boot.autoconfigure.jdbc.DataSourceAutoConfiguration'
2025-08-19T10:11:24.410-03:00 DEBUG 4270 --- [inventory-service] [           main] o.s.b.f.s.DefaultListableBeanFactory     : Creating shared instance of singleton bean 'org.springframework.boot.autoconfigure.transaction.TransactionManagerCustomizationAutoConfiguration'
2025-08-19T10:11:24.410-03:00 DEBUG 4270 --- [inventory-service] [           main] o.s.b.f.s.DefaultListableBeanFactory     : Creating shared instance of singleton bean 'platformTransactionManagerCustomizers'
2025-08-19T10:11:24.410-03:00 DEBUG 4270 --- [inventory-service] [           main] o.s.b.f.s.DefaultListableBeanFactory     : Creating shared instance of singleton bean 'transactionExecutionListeners'
2025-08-19T10:11:24.411-03:00 DEBUG 4270 --- [inventory-service] [           main] o.s.b.f.s.DefaultListableBeanFactory     : Creating shared instance of singleton bean 'spring.transaction-org.springframework.boot.autoconfigure.transaction.TransactionProperties'
2025-08-19T10:11:24.411-03:00 DEBUG 4270 --- [inventory-service] [           main] o.s.b.f.s.DefaultListableBeanFactory     : Creating shared instance of singleton bean 'org.springframework.boot.autoconfigure.orm.jpa.JpaBaseConfiguration$PersistenceManagedTypesConfiguration'
2025-08-19T10:11:24.411-03:00 DEBUG 4270 --- [inventory-service] [           main] o.s.b.f.s.DefaultListableBeanFactory     : Creating shared instance of singleton bean 'transactionManager'
2025-08-19T10:11:24.413-03:00 DEBUG 4270 --- [inventory-service] [           main] o.s.b.f.s.DefaultListableBeanFactory     : Creating shared instance of singleton bean 'org.springframework.boot.autoconfigure.orm.jpa.HibernateJpaAutoConfiguration'
2025-08-19T10:11:24.413-03:00 DEBUG 4270 --- [inventory-service] [           main] o.s.b.f.s.DefaultListableBeanFactory     : Creating shared instance of singleton bean 'org.springframework.boot.autoconfigure.context.ConfigurationPropertiesAutoConfiguration'
2025-08-19T10:11:24.413-03:00 DEBUG 4270 --- [inventory-service] [           main] o.s.b.f.s.DefaultListableBeanFactory     : Creating shared instance of singleton bean 'org.springframework.boot.autoconfigure.context.LifecycleAutoConfiguration'
2025-08-19T10:11:24.413-03:00 DEBUG 4270 --- [inventory-service] [           main] o.s.b.f.s.DefaultListableBeanFactory     : Creating shared instance of singleton bean 'lifecycleProcessor'
2025-08-19T10:11:24.414-03:00 DEBUG 4270 --- [inventory-service] [           main] o.s.b.f.s.DefaultListableBeanFactory     : Creating shared instance of singleton bean 'spring.lifecycle-org.springframework.boot.autoconfigure.context.LifecycleProperties'
2025-08-19T10:11:24.414-03:00 DEBUG 4270 --- [inventory-service] [           main] o.s.b.f.s.DefaultListableBeanFactory     : Autowiring by type from bean name 'lifecycleProcessor' via factory method to bean named 'spring.lifecycle-org.springframework.boot.autoconfigure.context.LifecycleProperties'
2025-08-19T10:11:24.414-03:00 DEBUG 4270 --- [inventory-service] [           main] o.s.b.f.s.DefaultListableBeanFactory     : Creating shared instance of singleton bean 'org.springframework.boot.autoconfigure.dao.PersistenceExceptionTranslationAutoConfiguration'
2025-08-19T10:11:24.414-03:00 DEBUG 4270 --- [inventory-service] [           main] o.s.b.f.s.DefaultListableBeanFactory     : Creating shared instance of singleton bean 'org.springframework.boot.autoconfigure.data.jpa.JpaRepositoriesAutoConfiguration'
2025-08-19T10:11:24.414-03:00 DEBUG 4270 --- [inventory-service] [           main] o.s.b.f.s.DefaultListableBeanFactory     : Creating shared instance of singleton bean 'org.springframework.data.jpa.util.JpaMetamodelCacheCleanup'
2025-08-19T10:11:24.415-03:00 DEBUG 4270 --- [inventory-service] [           main] o.s.b.f.s.DefaultListableBeanFactory     : Creating shared instance of singleton bean 'org.springframework.data.jpa.repository.support.JpaEvaluationContextExtension'
2025-08-19T10:11:24.415-03:00 DEBUG 4270 --- [inventory-service] [           main] o.s.b.f.s.DefaultListableBeanFactory     : Creating shared instance of singleton bean 'data-jpa.repository-aot-processor#0'
2025-08-19T10:11:24.417-03:00 DEBUG 4270 --- [inventory-service] [           main] o.s.b.f.s.DefaultListableBeanFactory     : Creating shared instance of singleton bean 'org.springframework.boot.autoconfigure.http.JacksonHttpMessageConvertersConfiguration'
2025-08-19T10:11:24.417-03:00 DEBUG 4270 --- [inventory-service] [           main] o.s.b.f.s.DefaultListableBeanFactory     : Creating shared instance of singleton bean 'org.springframework.data.web.config.ProjectingArgumentResolverRegistrar'
2025-08-19T10:11:24.417-03:00 DEBUG 4270 --- [inventory-service] [           main] o.s.b.f.s.DefaultListableBeanFactory     : Creating shared instance of singleton bean 'offsetResolver'
2025-08-19T10:11:24.418-03:00 DEBUG 4270 --- [inventory-service] [           main] o.s.b.f.s.DefaultListableBeanFactory     : Creating shared instance of singleton bean 'org.springframework.boot.autoconfigure.jdbc.JdbcTemplateConfiguration'
2025-08-19T10:11:24.418-03:00 DEBUG 4270 --- [inventory-service] [           main] o.s.b.f.s.DefaultListableBeanFactory     : Creating shared instance of singleton bean 'jdbcTemplate'
2025-08-19T10:11:24.418-03:00 DEBUG 4270 --- [inventory-service] [           main] o.s.b.f.s.DefaultListableBeanFactory     : Creating shared instance of singleton bean 'spring.jdbc-org.springframework.boot.autoconfigure.jdbc.JdbcProperties'
2025-08-19T10:11:24.418-03:00 DEBUG 4270 --- [inventory-service] [           main] o.s.b.f.s.DefaultListableBeanFactory     : Autowiring by type from bean name 'jdbcTemplate' via factory method to bean named 'dataSource'
2025-08-19T10:11:24.418-03:00 DEBUG 4270 --- [inventory-service] [           main] o.s.b.f.s.DefaultListableBeanFactory     : Autowiring by type from bean name 'jdbcTemplate' via factory method to bean named 'spring.jdbc-org.springframework.boot.autoconfigure.jdbc.JdbcProperties'
2025-08-19T10:11:24.422-03:00 DEBUG 4270 --- [inventory-service] [           main] o.s.b.f.s.DefaultListableBeanFactory     : Creating shared instance of singleton bean 'org.springframework.boot.autoconfigure.jdbc.NamedParameterJdbcTemplateConfiguration'
2025-08-19T10:11:24.422-03:00 DEBUG 4270 --- [inventory-service] [           main] o.s.b.f.s.DefaultListableBeanFactory     : Creating shared instance of singleton bean 'namedParameterJdbcTemplate'
2025-08-19T10:11:24.422-03:00 DEBUG 4270 --- [inventory-service] [           main] o.s.b.f.s.DefaultListableBeanFactory     : Autowiring by type from bean name 'namedParameterJdbcTemplate' via factory method to bean named 'jdbcTemplate'
2025-08-19T10:11:24.423-03:00 DEBUG 4270 --- [inventory-service] [           main] o.s.b.f.s.DefaultListableBeanFactory     : Creating shared instance of singleton bean 'org.springframework.boot.autoconfigure.jdbc.JdbcTemplateAutoConfiguration'
2025-08-19T10:11:24.424-03:00 DEBUG 4270 --- [inventory-service] [           main] o.s.b.f.s.DefaultListableBeanFactory     : Creating shared instance of singleton bean 'org.springframework.boot.autoconfigure.flyway.FlywayAutoConfiguration'
2025-08-19T10:11:24.424-03:00 DEBUG 4270 --- [inventory-service] [           main] o.s.b.f.s.DefaultListableBeanFactory     : Creating shared instance of singleton bean 'flywayDefaultDdlModeProvider'
2025-08-19T10:11:24.424-03:00 DEBUG 4270 --- [inventory-service] [           main] o.s.b.f.s.DefaultListableBeanFactory     : Creating shared instance of singleton bean 'org.springframework.boot.autoconfigure.http.client.HttpClientAutoConfiguration'
2025-08-19T10:11:24.424-03:00 DEBUG 4270 --- [inventory-service] [           main] o.s.b.f.s.DefaultListableBeanFactory     : Creating shared instance of singleton bean 'spring.http.client-org.springframework.boot.autoconfigure.http.client.HttpClientProperties'
2025-08-19T10:11:24.425-03:00 DEBUG 4270 --- [inventory-service] [           main] o.s.b.f.s.DefaultListableBeanFactory     : Autowiring by type from bean name 'org.springframework.boot.autoconfigure.http.client.HttpClientAutoConfiguration' via constructor to bean named 'spring.http.client-org.springframework.boot.autoconfigure.http.client.HttpClientProperties'
2025-08-19T10:11:24.425-03:00 DEBUG 4270 --- [inventory-service] [           main] o.s.b.f.s.DefaultListableBeanFactory     : Creating shared instance of singleton bean 'clientHttpRequestFactoryBuilder'
2025-08-19T10:11:24.428-03:00 DEBUG 4270 --- [inventory-service] [           main] o.s.b.f.s.DefaultListableBeanFactory     : Creating shared instance of singleton bean 'clientHttpRequestFactorySettings'
2025-08-19T10:11:24.429-03:00 DEBUG 4270 --- [inventory-service] [           main] o.s.b.f.s.DefaultListableBeanFactory     : Creating shared instance of singleton bean 'org.springframework.boot.autoconfigure.info.ProjectInfoAutoConfiguration'
2025-08-19T10:11:24.430-03:00 DEBUG 4270 --- [inventory-service] [           main] o.s.b.f.s.DefaultListableBeanFactory     : Creating shared instance of singleton bean 'spring.info-org.springframework.boot.autoconfigure.info.ProjectInfoProperties'
2025-08-19T10:11:24.430-03:00 DEBUG 4270 --- [inventory-service] [           main] o.s.b.f.s.DefaultListableBeanFactory     : Autowiring by type from bean name 'org.springframework.boot.autoconfigure.info.ProjectInfoAutoConfiguration' via constructor to bean named 'spring.info-org.springframework.boot.autoconfigure.info.ProjectInfoProperties'
2025-08-19T10:11:24.430-03:00 DEBUG 4270 --- [inventory-service] [           main] o.s.b.f.s.DefaultListableBeanFactory     : Creating shared instance of singleton bean 'org.springframework.boot.autoconfigure.jdbc.JdbcClientAutoConfiguration'
2025-08-19T10:11:24.430-03:00 DEBUG 4270 --- [inventory-service] [           main] o.s.b.f.s.DefaultListableBeanFactory     : Creating shared instance of singleton bean 'jdbcClient'
2025-08-19T10:11:24.430-03:00 DEBUG 4270 --- [inventory-service] [           main] o.s.b.f.s.DefaultListableBeanFactory     : Autowiring by type from bean name 'jdbcClient' via factory method to bean named 'namedParameterJdbcTemplate'
2025-08-19T10:11:24.431-03:00 DEBUG 4270 --- [inventory-service] [           main] o.s.b.f.s.DefaultListableBeanFactory     : Creating shared instance of singleton bean 'org.springframework.boot.autoconfigure.sql.init.SqlInitializationAutoConfiguration'
2025-08-19T10:11:24.431-03:00 DEBUG 4270 --- [inventory-service] [           main] o.s.b.f.s.DefaultListableBeanFactory     : Creating shared instance of singleton bean 'org.springframework.boot.autoconfigure.task.TaskSchedulingConfigurations$ThreadPoolTaskSchedulerBuilderConfiguration'
2025-08-19T10:11:24.431-03:00 DEBUG 4270 --- [inventory-service] [           main] o.s.b.f.s.DefaultListableBeanFactory     : Creating shared instance of singleton bean 'threadPoolTaskSchedulerBuilder'
2025-08-19T10:11:24.431-03:00 DEBUG 4270 --- [inventory-service] [           main] o.s.b.f.s.DefaultListableBeanFactory     : Creating shared instance of singleton bean 'spring.task.scheduling-org.springframework.boot.autoconfigure.task.TaskSchedulingProperties'
2025-08-19T10:11:24.432-03:00 DEBUG 4270 --- [inventory-service] [           main] o.s.b.f.s.DefaultListableBeanFactory     : Autowiring by type from bean name 'threadPoolTaskSchedulerBuilder' via factory method to bean named 'spring.task.scheduling-org.springframework.boot.autoconfigure.task.TaskSchedulingProperties'
2025-08-19T10:11:24.432-03:00 DEBUG 4270 --- [inventory-service] [           main] o.s.b.f.s.DefaultListableBeanFactory     : Creating shared instance of singleton bean 'org.springframework.boot.autoconfigure.task.TaskSchedulingConfigurations$SimpleAsyncTaskSchedulerBuilderConfiguration'
2025-08-19T10:11:24.433-03:00 DEBUG 4270 --- [inventory-service] [           main] o.s.b.f.s.DefaultListableBeanFactory     : Autowiring by type from bean name 'org.springframework.boot.autoconfigure.task.TaskSchedulingConfigurations$SimpleAsyncTaskSchedulerBuilderConfiguration' via constructor to bean named 'spring.task.scheduling-org.springframework.boot.autoconfigure.task.TaskSchedulingProperties'
2025-08-19T10:11:24.433-03:00 DEBUG 4270 --- [inventory-service] [           main] o.s.b.f.s.DefaultListableBeanFactory     : Creating shared instance of singleton bean 'simpleAsyncTaskSchedulerBuilder'
2025-08-19T10:11:24.433-03:00 DEBUG 4270 --- [inventory-service] [           main] o.s.b.f.s.DefaultListableBeanFactory     : Creating shared instance of singleton bean 'org.springframework.boot.autoconfigure.task.TaskSchedulingAutoConfiguration'
2025-08-19T10:11:24.433-03:00 DEBUG 4270 --- [inventory-service] [           main] o.s.b.f.s.DefaultListableBeanFactory     : Creating shared instance of singleton bean 'org.springframework.boot.autoconfigure.jdbc.DataSourceTransactionManagerAutoConfiguration$JdbcTransactionManagerConfiguration'
2025-08-19T10:11:24.434-03:00 DEBUG 4270 --- [inventory-service] [           main] o.s.b.f.s.DefaultListableBeanFactory     : Creating shared instance of singleton bean 'org.springframework.boot.autoconfigure.jdbc.DataSourceTransactionManagerAutoConfiguration'
2025-08-19T10:11:24.434-03:00 DEBUG 4270 --- [inventory-service] [           main] o.s.b.f.s.DefaultListableBeanFactory     : Creating shared instance of singleton bean 'org.springframework.boot.autoconfigure.transaction.TransactionAutoConfiguration$EnableTransactionManagementConfiguration$CglibAutoProxyConfiguration'
2025-08-19T10:11:24.434-03:00 DEBUG 4270 --- [inventory-service] [           main] o.s.b.f.s.DefaultListableBeanFactory     : Creating shared instance of singleton bean 'org.springframework.boot.autoconfigure.transaction.TransactionAutoConfiguration$EnableTransactionManagementConfiguration'
2025-08-19T10:11:24.434-03:00 DEBUG 4270 --- [inventory-service] [           main] o.s.b.f.s.DefaultListableBeanFactory     : Creating shared instance of singleton bean 'org.springframework.boot.autoconfigure.transaction.TransactionAutoConfiguration$TransactionTemplateConfiguration'
2025-08-19T10:11:24.434-03:00 DEBUG 4270 --- [inventory-service] [           main] o.s.b.f.s.DefaultListableBeanFactory     : Creating shared instance of singleton bean 'transactionTemplate'
2025-08-19T10:11:24.434-03:00 DEBUG 4270 --- [inventory-service] [           main] o.s.b.f.s.DefaultListableBeanFactory     : Autowiring by type from bean name 'transactionTemplate' via factory method to bean named 'transactionManager'
2025-08-19T10:11:24.434-03:00 DEBUG 4270 --- [inventory-service] [           main] o.s.b.f.s.DefaultListableBeanFactory     : Creating shared instance of singleton bean 'org.springframework.boot.autoconfigure.transaction.TransactionAutoConfiguration'
2025-08-19T10:11:24.435-03:00 DEBUG 4270 --- [inventory-service] [           main] o.s.b.f.s.DefaultListableBeanFactory     : Creating shared instance of singleton bean 'org.springframework.boot.autoconfigure.web.client.RestClientAutoConfiguration'
2025-08-19T10:11:24.435-03:00 DEBUG 4270 --- [inventory-service] [           main] o.s.b.f.s.DefaultListableBeanFactory     : Creating shared instance of singleton bean 'httpMessageConvertersRestClientCustomizer'
2025-08-19T10:11:24.435-03:00 DEBUG 4270 --- [inventory-service] [           main] o.s.b.f.s.DefaultListableBeanFactory     : Creating shared instance of singleton bean 'restClientSsl'
2025-08-19T10:11:24.435-03:00 DEBUG 4270 --- [inventory-service] [           main] o.s.b.f.s.DefaultListableBeanFactory     : Autowiring by type from bean name 'restClientSsl' via factory method to bean named 'sslBundleRegistry'
2025-08-19T10:11:24.436-03:00 DEBUG 4270 --- [inventory-service] [           main] o.s.b.f.s.DefaultListableBeanFactory     : Creating shared instance of singleton bean 'restClientBuilderConfigurer'
2025-08-19T10:11:24.436-03:00 DEBUG 4270 --- [inventory-service] [           main] o.s.b.f.s.DefaultListableBeanFactory     : Creating shared instance of singleton bean 'org.springframework.boot.autoconfigure.web.client.RestTemplateAutoConfiguration'
2025-08-19T10:11:24.436-03:00 DEBUG 4270 --- [inventory-service] [           main] o.s.b.f.s.DefaultListableBeanFactory     : Creating shared instance of singleton bean 'characterEncodingFilter'
2025-08-19T10:11:24.437-03:00 DEBUG 4270 --- [inventory-service] [           main] o.s.b.f.s.DefaultListableBeanFactory     : Creating shared instance of singleton bean 'multipartResolver'
2025-08-19T10:11:24.441-03:00 DEBUG 4270 --- [inventory-service] [           main] o.s.c.support.DefaultLifecycleProcessor  : Starting beans in phase -2147483647
2025-08-19T10:11:24.441-03:00 DEBUG 4270 --- [inventory-service] [           main] o.s.c.support.DefaultLifecycleProcessor  : Successfully started bean 'springBootLoggingLifecycle'
2025-08-19T10:11:24.441-03:00 DEBUG 4270 --- [inventory-service] [           main] o.s.c.support.DefaultLifecycleProcessor  : Starting beans in phase 1073741823
2025-08-19T10:11:24.446-03:00 DEBUG 4270 --- [inventory-service] [           main] .s.b.a.l.ConditionEvaluationReportLogger : 


============================
CONDITIONS EVALUATION REPORT
============================


Positive matches:
-----------------

   AopAutoConfiguration matched:
      - @ConditionalOnBooleanProperty (spring.aop.auto=true) matched (OnPropertyCondition)

   AopAutoConfiguration.AspectJAutoProxyingConfiguration matched:
      - @ConditionalOnClass found required class 'org.aspectj.weaver.Advice' (OnClassCondition)

   AopAutoConfiguration.AspectJAutoProxyingConfiguration.CglibAutoProxyConfiguration matched:
      - @ConditionalOnBooleanProperty (spring.aop.proxy-target-class=true) matched (OnPropertyCondition)

   ApplicationAvailabilityAutoConfiguration#applicationAvailability matched:
      - @ConditionalOnMissingBean (types: org.springframework.boot.availability.ApplicationAvailability; SearchStrategy: all) did not find any beans (OnBeanCondition)

   DataSourceAutoConfiguration matched:
      - @ConditionalOnClass found required classes 'javax.sql.DataSource', 'org.springframework.jdbc.datasource.embedded.EmbeddedDatabaseType' (OnClassCondition)
      - @ConditionalOnMissingBean (types: ?; SearchStrategy: all) did not find any beans (OnBeanCondition)

   DataSourceAutoConfiguration.PooledDataSourceConfiguration matched:
      - AnyNestedCondition 1 matched 1 did not; NestedCondition on DataSourceAutoConfiguration.PooledDataSourceCondition.PooledDataSourceAvailable PooledDataSource found supported DataSource; NestedCondition on DataSourceAutoConfiguration.PooledDataSourceCondition.ExplicitType @ConditionalOnProperty (spring.datasource.type) did not find property 'spring.datasource.type' (DataSourceAutoConfiguration.PooledDataSourceCondition)
      - @ConditionalOnMissingBean (types: javax.sql.DataSource,javax.sql.XADataSource; SearchStrategy: all) did not find any beans (OnBeanCondition)

   DataSourceAutoConfiguration.PooledDataSourceConfiguration#jdbcConnectionDetails matched:
      - @ConditionalOnMissingBean (types: org.springframework.boot.autoconfigure.jdbc.JdbcConnectionDetails; SearchStrategy: all) did not find any beans (OnBeanCondition)

   DataSourceConfiguration.Hikari matched:
      - @ConditionalOnClass found required class 'com.zaxxer.hikari.HikariDataSource' (OnClassCondition)
      - @ConditionalOnProperty (spring.datasource.type=com.zaxxer.hikari.HikariDataSource) matched (OnPropertyCondition)
      - @ConditionalOnMissingBean (types: javax.sql.DataSource; SearchStrategy: all) did not find any beans (OnBeanCondition)

   DataSourceInitializationConfiguration matched:
      - @ConditionalOnClass found required class 'org.springframework.jdbc.datasource.init.DatabasePopulator' (OnClassCondition)
      - @ConditionalOnSingleCandidate (types: javax.sql.DataSource; SearchStrategy: all) found a single bean 'dataSource'; @ConditionalOnMissingBean (types: org.springframework.boot.autoconfigure.sql.init.SqlDataSourceScriptDatabaseInitializer,org.springframework.boot.autoconfigure.sql.init.SqlR2dbcScriptDatabaseInitializer; SearchStrategy: all) did not find any beans (OnBeanCondition)

   DataSourcePoolMetadataProvidersConfiguration.HikariPoolDataSourceMetadataProviderConfiguration matched:
      - @ConditionalOnClass found required class 'com.zaxxer.hikari.HikariDataSource' (OnClassCondition)

   DataSourceTransactionManagerAutoConfiguration matched:
      - @ConditionalOnClass found required classes 'javax.sql.DataSource', 'org.springframework.jdbc.core.JdbcTemplate', 'org.springframework.transaction.TransactionManager' (OnClassCondition)

   DataSourceTransactionManagerAutoConfiguration.JdbcTransactionManagerConfiguration matched:
      - @ConditionalOnSingleCandidate (types: javax.sql.DataSource; SearchStrategy: all) found a single bean 'dataSource' (OnBeanCondition)

   DispatcherServletAutoConfiguration matched:
      - @ConditionalOnClass found required class 'org.springframework.web.servlet.DispatcherServlet' (OnClassCondition)
      - found 'session' scope (OnWebApplicationCondition)

   DispatcherServletAutoConfiguration.DispatcherServletConfiguration matched:
      - @ConditionalOnClass found required class 'jakarta.servlet.ServletRegistration' (OnClassCondition)
      - Default DispatcherServlet did not find dispatcher servlet beans (DispatcherServletAutoConfiguration.DefaultDispatcherServletCondition)

   DispatcherServletAutoConfiguration.DispatcherServletRegistrationConfiguration matched:
      - @ConditionalOnClass found required class 'jakarta.servlet.ServletRegistration' (OnClassCondition)
      - DispatcherServlet Registration did not find servlet registration bean (DispatcherServletAutoConfiguration.DispatcherServletRegistrationCondition)

   DispatcherServletAutoConfiguration.DispatcherServletRegistrationConfiguration#dispatcherServletRegistration matched:
      - @ConditionalOnBean (names: dispatcherServlet types: org.springframework.web.servlet.DispatcherServlet; SearchStrategy: all) found bean 'dispatcherServlet' (OnBeanCondition)

   ErrorMvcAutoConfiguration matched:
      - @ConditionalOnClass found required classes 'jakarta.servlet.Servlet', 'org.springframework.web.servlet.DispatcherServlet' (OnClassCondition)
      - found 'session' scope (OnWebApplicationCondition)

   ErrorMvcAutoConfiguration#basicErrorController matched:
      - @ConditionalOnMissingBean (types: org.springframework.boot.web.servlet.error.ErrorController; SearchStrategy: current) did not find any beans (OnBeanCondition)

   ErrorMvcAutoConfiguration#errorAttributes matched:
      - @ConditionalOnMissingBean (types: org.springframework.boot.web.servlet.error.ErrorAttributes; SearchStrategy: current) did not find any beans (OnBeanCondition)

   ErrorMvcAutoConfiguration.DefaultErrorViewResolverConfiguration#conventionErrorViewResolver matched:
      - @ConditionalOnBean (types: org.springframework.web.servlet.DispatcherServlet; SearchStrategy: all) found bean 'dispatcherServlet'; @ConditionalOnMissingBean (types: org.springframework.boot.autoconfigure.web.servlet.error.ErrorViewResolver; SearchStrategy: all) did not find any beans (OnBeanCondition)

   ErrorMvcAutoConfiguration.WhitelabelErrorViewConfiguration matched:
      - @ConditionalOnBooleanProperty (server.error.whitelabel.enabled=true) matched (OnPropertyCondition)
      - ErrorTemplate Missing did not find error template view (ErrorMvcAutoConfiguration.ErrorTemplateMissingCondition)

   ErrorMvcAutoConfiguration.WhitelabelErrorViewConfiguration#beanNameViewResolver matched:
      - @ConditionalOnMissingBean (types: org.springframework.web.servlet.view.BeanNameViewResolver; SearchStrategy: all) did not find any beans (OnBeanCondition)

   ErrorMvcAutoConfiguration.WhitelabelErrorViewConfiguration#defaultErrorView matched:
      - @ConditionalOnMissingBean (names: error; SearchStrategy: all) did not find any beans (OnBeanCondition)

   FlywayAutoConfiguration matched:
      - @ConditionalOnClass found required class 'org.flywaydb.core.Flyway' (OnClassCondition)
      - @ConditionalOnBooleanProperty (spring.flyway.enabled=true) matched (OnPropertyCondition)
      - AnyNestedCondition 2 matched 1 did not; NestedCondition on FlywayAutoConfiguration.FlywayDataSourceCondition.FlywayUrlCondition @ConditionalOnProperty (spring.flyway.url) did not find property 'spring.flyway.url'; NestedCondition on FlywayAutoConfiguration.FlywayDataSourceCondition.JdbcConnectionDetailsCondition @ConditionalOnBean (types: org.springframework.boot.autoconfigure.jdbc.JdbcConnectionDetails; SearchStrategy: all) found bean 'jdbcConnectionDetails'; NestedCondition on FlywayAutoConfiguration.FlywayDataSourceCondition.DataSourceBeanCondition @ConditionalOnBean (types: javax.sql.DataSource; SearchStrategy: all) found bean 'dataSource' (FlywayAutoConfiguration.FlywayDataSourceCondition)

   FlywayAutoConfiguration.FlywayConfiguration matched:
      - @ConditionalOnClass found required class 'org.springframework.jdbc.support.JdbcUtils' (OnClassCondition)
      - @ConditionalOnMissingBean (types: org.flywaydb.core.Flyway; SearchStrategy: all) did not find any beans (OnBeanCondition)

   FlywayAutoConfiguration.FlywayConfiguration#flywayConnectionDetails matched:
      - @ConditionalOnMissingBean (types: org.springframework.boot.autoconfigure.flyway.FlywayConnectionDetails; SearchStrategy: all) did not find any beans (OnBeanCondition)

   FlywayAutoConfiguration.FlywayConfiguration#flywayInitializer matched:
      - @ConditionalOnMissingBean (types: org.springframework.boot.autoconfigure.flyway.FlywayMigrationInitializer; SearchStrategy: all) did not find any beans (OnBeanCondition)

   GenericCacheConfiguration matched:
      - Cache org.springframework.boot.autoconfigure.cache.GenericCacheConfiguration automatic cache type (CacheCondition)

   HibernateJpaAutoConfiguration matched:
      - @ConditionalOnClass found required classes 'org.springframework.orm.jpa.LocalContainerEntityManagerFactoryBean', 'jakarta.persistence.EntityManager', 'org.hibernate.engine.spi.SessionImplementor' (OnClassCondition)

   HibernateJpaConfiguration matched:
      - @ConditionalOnSingleCandidate (types: javax.sql.DataSource; SearchStrategy: all) found a single bean 'dataSource' (OnBeanCondition)

   HttpClientAutoConfiguration matched:
      - @ConditionalOnClass found required class 'org.springframework.http.client.ClientHttpRequestFactory' (OnClassCondition)
      - NoneNestedConditions 0 matched 1 did not; NestedCondition on NotReactiveWebApplicationCondition.ReactiveWebApplication did not find reactive web application classes (NotReactiveWebApplicationCondition)

   HttpClientAutoConfiguration#clientHttpRequestFactoryBuilder matched:
      - @ConditionalOnMissingBean (types: org.springframework.boot.http.client.ClientHttpRequestFactoryBuilder<?>; SearchStrategy: all) did not find any beans (OnBeanCondition)

   HttpClientAutoConfiguration#clientHttpRequestFactorySettings matched:
      - @ConditionalOnMissingBean (types: org.springframework.boot.http.client.ClientHttpRequestFactorySettings; SearchStrategy: all) did not find any beans (OnBeanCondition)

   HttpEncodingAutoConfiguration matched:
      - @ConditionalOnClass found required class 'org.springframework.web.filter.CharacterEncodingFilter' (OnClassCondition)
      - found 'session' scope (OnWebApplicationCondition)
      - @ConditionalOnBooleanProperty (server.servlet.encoding.enabled=true) matched (OnPropertyCondition)

   HttpEncodingAutoConfiguration#characterEncodingFilter matched:
      - @ConditionalOnMissingBean (types: org.springframework.web.filter.CharacterEncodingFilter; SearchStrategy: all) did not find any beans (OnBeanCondition)

   HttpMessageConvertersAutoConfiguration matched:
      - @ConditionalOnClass found required class 'org.springframework.http.converter.HttpMessageConverter' (OnClassCondition)
      - NoneNestedConditions 0 matched 1 did not; NestedCondition on HttpMessageConvertersAutoConfiguration.NotReactiveWebApplicationCondition.ReactiveWebApplication did not find reactive web application classes (HttpMessageConvertersAutoConfiguration.NotReactiveWebApplicationCondition)

   HttpMessageConvertersAutoConfiguration#messageConverters matched:
      - @ConditionalOnMissingBean (types: org.springframework.boot.autoconfigure.http.HttpMessageConverters; SearchStrategy: all) did not find any beans (OnBeanCondition)

   HttpMessageConvertersAutoConfiguration.StringHttpMessageConverterConfiguration matched:
      - @ConditionalOnClass found required class 'org.springframework.http.converter.StringHttpMessageConverter' (OnClassCondition)

   HttpMessageConvertersAutoConfiguration.StringHttpMessageConverterConfiguration#stringHttpMessageConverter matched:
      - @ConditionalOnMissingBean (types: org.springframework.http.converter.StringHttpMessageConverter; SearchStrategy: all) did not find any beans (OnBeanCondition)

   JacksonAutoConfiguration matched:
      - @ConditionalOnClass found required class 'com.fasterxml.jackson.databind.ObjectMapper' (OnClassCondition)

   JacksonAutoConfiguration.Jackson2ObjectMapperBuilderCustomizerConfiguration matched:
      - @ConditionalOnClass found required class 'org.springframework.http.converter.json.Jackson2ObjectMapperBuilder' (OnClassCondition)

   JacksonAutoConfiguration.JacksonObjectMapperBuilderConfiguration matched:
      - @ConditionalOnClass found required class 'org.springframework.http.converter.json.Jackson2ObjectMapperBuilder' (OnClassCondition)

   JacksonAutoConfiguration.JacksonObjectMapperBuilderConfiguration#jacksonObjectMapperBuilder matched:
      - @ConditionalOnMissingBean (types: org.springframework.http.converter.json.Jackson2ObjectMapperBuilder; SearchStrategy: all) did not find any beans (OnBeanCondition)

   JacksonAutoConfiguration.JacksonObjectMapperConfiguration matched:
      - @ConditionalOnClass found required class 'org.springframework.http.converter.json.Jackson2ObjectMapperBuilder' (OnClassCondition)

   JacksonAutoConfiguration.JacksonObjectMapperConfiguration#jacksonObjectMapper matched:
      - @ConditionalOnMissingBean (types: com.fasterxml.jackson.databind.ObjectMapper; SearchStrategy: all) did not find any beans (OnBeanCondition)

   JacksonAutoConfiguration.ParameterNamesModuleConfiguration matched:
      - @ConditionalOnClass found required class 'com.fasterxml.jackson.module.paramnames.ParameterNamesModule' (OnClassCondition)

   JacksonAutoConfiguration.ParameterNamesModuleConfiguration#parameterNamesModule matched:
      - @ConditionalOnMissingBean (types: com.fasterxml.jackson.module.paramnames.ParameterNamesModule; SearchStrategy: all) did not find any beans (OnBeanCondition)

   JacksonHttpMessageConvertersConfiguration.MappingJackson2HttpMessageConverterConfiguration matched:
      - @ConditionalOnClass found required class 'com.fasterxml.jackson.databind.ObjectMapper' (OnClassCondition)
      - @ConditionalOnPreferredJsonMapper JACKSON no property was configured and Jackson is the default (OnPreferredJsonMapperCondition)
      - @ConditionalOnBean (types: com.fasterxml.jackson.databind.ObjectMapper; SearchStrategy: all) found bean 'jacksonObjectMapper' (OnBeanCondition)

   JacksonHttpMessageConvertersConfiguration.MappingJackson2HttpMessageConverterConfiguration#mappingJackson2HttpMessageConverter matched:
      - @ConditionalOnMissingBean (types: org.springframework.http.converter.json.MappingJackson2HttpMessageConverter ignored: ?; SearchStrategy: all) did not find any beans (OnBeanCondition)

   JdbcClientAutoConfiguration matched:
      - @ConditionalOnSingleCandidate (types: org.springframework.jdbc.core.namedparam.NamedParameterJdbcTemplate; SearchStrategy: all) found a single bean 'namedParameterJdbcTemplate'; @ConditionalOnMissingBean (types: org.springframework.jdbc.core.simple.JdbcClient; SearchStrategy: all) did not find any beans (OnBeanCondition)

   JdbcTemplateAutoConfiguration matched:
      - @ConditionalOnClass found required classes 'javax.sql.DataSource', 'org.springframework.jdbc.core.JdbcTemplate' (OnClassCondition)
      - @ConditionalOnSingleCandidate (types: javax.sql.DataSource; SearchStrategy: all) found a single bean 'dataSource' (OnBeanCondition)

   JdbcTemplateConfiguration matched:
      - @ConditionalOnMissingBean (types: org.springframework.jdbc.core.JdbcOperations; SearchStrategy: all) did not find any beans (OnBeanCondition)

   JpaBaseConfiguration#entityManagerFactory matched:
      - @ConditionalOnMissingBean (types: org.springframework.orm.jpa.LocalContainerEntityManagerFactoryBean,jakarta.persistence.EntityManagerFactory; SearchStrategy: all) did not find any beans (OnBeanCondition)

   JpaBaseConfiguration#entityManagerFactoryBuilder matched:
      - @ConditionalOnMissingBean (types: org.springframework.boot.orm.jpa.EntityManagerFactoryBuilder; SearchStrategy: all) did not find any beans (OnBeanCondition)

   JpaBaseConfiguration#jpaVendorAdapter matched:
      - @ConditionalOnMissingBean (types: org.springframework.orm.jpa.JpaVendorAdapter; SearchStrategy: all) did not find any beans (OnBeanCondition)

   JpaBaseConfiguration#transactionManager matched:
      - @ConditionalOnMissingBean (types: org.springframework.transaction.TransactionManager; SearchStrategy: all) did not find any beans (OnBeanCondition)

   JpaBaseConfiguration.JpaWebConfiguration matched:
      - @ConditionalOnClass found required class 'org.springframework.web.servlet.config.annotation.WebMvcConfigurer' (OnClassCondition)
      - found 'session' scope (OnWebApplicationCondition)
      - @ConditionalOnBooleanProperty (spring.jpa.open-in-view=true) matched (OnPropertyCondition)
      - @ConditionalOnMissingBean (types: org.springframework.orm.jpa.support.OpenEntityManagerInViewInterceptor,org.springframework.orm.jpa.support.OpenEntityManagerInViewFilter; SearchStrategy: all) did not find any beans (OnBeanCondition)

   JpaBaseConfiguration.PersistenceManagedTypesConfiguration matched:
      - @ConditionalOnMissingBean (types: org.springframework.orm.jpa.LocalContainerEntityManagerFactoryBean,jakarta.persistence.EntityManagerFactory; SearchStrategy: all) did not find any beans (OnBeanCondition)

   JpaBaseConfiguration.PersistenceManagedTypesConfiguration#persistenceManagedTypes matched:
      - @ConditionalOnMissingBean (types: org.springframework.orm.jpa.persistenceunit.PersistenceManagedTypes; SearchStrategy: all) did not find any beans (OnBeanCondition)

   JpaRepositoriesAutoConfiguration matched:
      - @ConditionalOnClass found required class 'org.springframework.data.jpa.repository.JpaRepository' (OnClassCondition)
      - @ConditionalOnBooleanProperty (spring.data.jpa.repositories.enabled=true) matched (OnPropertyCondition)
      - @ConditionalOnBean (types: javax.sql.DataSource; SearchStrategy: all) found bean 'dataSource'; @ConditionalOnMissingBean (types: org.springframework.data.jpa.repository.support.JpaRepositoryFactoryBean,org.springframework.data.jpa.repository.config.JpaRepositoryConfigExtension; SearchStrategy: all) did not find any beans (OnBeanCondition)

   JtaAutoConfiguration matched:
      - @ConditionalOnClass found required class 'jakarta.transaction.Transaction' (OnClassCondition)
      - @ConditionalOnBooleanProperty (spring.jta.enabled=true) matched (OnPropertyCondition)

   LifecycleAutoConfiguration#defaultLifecycleProcessor matched:
      - @ConditionalOnMissingBean (names: lifecycleProcessor; SearchStrategy: current) did not find any beans (OnBeanCondition)

   MultipartAutoConfiguration matched:
      - @ConditionalOnClass found required classes 'jakarta.servlet.Servlet', 'org.springframework.web.multipart.support.StandardServletMultipartResolver', 'jakarta.servlet.MultipartConfigElement' (OnClassCondition)
      - found 'session' scope (OnWebApplicationCondition)
      - @ConditionalOnBooleanProperty (spring.servlet.multipart.enabled=true) matched (OnPropertyCondition)

   MultipartAutoConfiguration#multipartConfigElement matched:
      - @ConditionalOnMissingBean (types: jakarta.servlet.MultipartConfigElement; SearchStrategy: all) did not find any beans (OnBeanCondition)

   MultipartAutoConfiguration#multipartResolver matched:
      - @ConditionalOnMissingBean (types: org.springframework.web.multipart.MultipartResolver; SearchStrategy: all) did not find any beans (OnBeanCondition)

   NamedParameterJdbcTemplateConfiguration matched:
      - @ConditionalOnSingleCandidate (types: org.springframework.jdbc.core.JdbcTemplate; SearchStrategy: all) found a single bean 'jdbcTemplate'; @ConditionalOnMissingBean (types: org.springframework.jdbc.core.namedparam.NamedParameterJdbcOperations; SearchStrategy: all) did not find any beans (OnBeanCondition)

   NoOpCacheConfiguration matched:
      - Cache org.springframework.boot.autoconfigure.cache.NoOpCacheConfiguration automatic cache type (CacheCondition)

   PersistenceExceptionTranslationAutoConfiguration matched:
      - @ConditionalOnClass found required class 'org.springframework.dao.annotation.PersistenceExceptionTranslationPostProcessor' (OnClassCondition)

   PersistenceExceptionTranslationAutoConfiguration#persistenceExceptionTranslationPostProcessor matched:
      - @ConditionalOnBooleanProperty (spring.dao.exceptiontranslation.enabled=true) matched (OnPropertyCondition)
      - @ConditionalOnMissingBean (types: org.springframework.dao.annotation.PersistenceExceptionTranslationPostProcessor; SearchStrategy: all) did not find any beans (OnBeanCondition)

   PropertyPlaceholderAutoConfiguration#propertySourcesPlaceholderConfigurer matched:
      - @ConditionalOnMissingBean (types: org.springframework.context.support.PropertySourcesPlaceholderConfigurer; SearchStrategy: current) did not find any beans (OnBeanCondition)

   RestClientAutoConfiguration matched:
      - @ConditionalOnClass found required class 'org.springframework.web.client.RestClient' (OnClassCondition)
      - AnyNestedCondition 1 matched 1 did not; NestedCondition on NotReactiveWebApplicationOrVirtualThreadsExecutorEnabledCondition.VirtualThreadsExecutorEnabled found non-matching nested conditions @ConditionalOnThreading did not find VIRTUAL; NestedCondition on NotReactiveWebApplicationOrVirtualThreadsExecutorEnabledCondition.NotReactiveWebApplication NoneNestedConditions 0 matched 1 did not; NestedCondition on NotReactiveWebApplicationCondition.ReactiveWebApplication did not find reactive web application classes (NotReactiveWebApplicationOrVirtualThreadsExecutorEnabledCondition)

   RestClientAutoConfiguration#httpMessageConvertersRestClientCustomizer matched:
      - @ConditionalOnMissingBean (types: org.springframework.boot.autoconfigure.web.client.HttpMessageConvertersRestClientCustomizer; SearchStrategy: all) did not find any beans (OnBeanCondition)

   RestClientAutoConfiguration#restClientBuilder matched:
      - @ConditionalOnMissingBean (types: org.springframework.web.client.RestClient$Builder; SearchStrategy: all) did not find any beans (OnBeanCondition)

   RestClientAutoConfiguration#restClientBuilderConfigurer matched:
      - @ConditionalOnMissingBean (types: org.springframework.boot.autoconfigure.web.client.RestClientBuilderConfigurer; SearchStrategy: all) did not find any beans (OnBeanCondition)

   RestClientAutoConfiguration#restClientSsl matched:
      - @ConditionalOnBean (types: org.springframework.boot.ssl.SslBundles; SearchStrategy: all) found bean 'sslBundleRegistry'; @ConditionalOnMissingBean (types: org.springframework.boot.autoconfigure.web.client.RestClientSsl; SearchStrategy: all) did not find any beans (OnBeanCondition)

   RestTemplateAutoConfiguration matched:
      - @ConditionalOnClass found required class 'org.springframework.web.client.RestTemplate' (OnClassCondition)
      - NoneNestedConditions 0 matched 1 did not; NestedCondition on NotReactiveWebApplicationCondition.ReactiveWebApplication did not find reactive web application classes (NotReactiveWebApplicationCondition)

   RestTemplateAutoConfiguration#restTemplateBuilder matched:
      - @ConditionalOnMissingBean (types: org.springframework.boot.web.client.RestTemplateBuilder; SearchStrategy: all) did not find any beans (OnBeanCondition)

   ServletWebServerFactoryAutoConfiguration matched:
      - @ConditionalOnClass found required class 'jakarta.servlet.ServletRequest' (OnClassCondition)
      - found 'session' scope (OnWebApplicationCondition)

   ServletWebServerFactoryAutoConfiguration#tomcatServletWebServerFactoryCustomizer matched:
      - @ConditionalOnClass found required class 'org.apache.catalina.startup.Tomcat' (OnClassCondition)

   ServletWebServerFactoryConfiguration.EmbeddedTomcat matched:
      - @ConditionalOnClass found required classes 'jakarta.servlet.Servlet', 'org.apache.catalina.startup.Tomcat', 'org.apache.coyote.UpgradeProtocol' (OnClassCondition)
      - @ConditionalOnMissingBean (types: org.springframework.boot.web.servlet.server.ServletWebServerFactory; SearchStrategy: current) did not find any beans (OnBeanCondition)

   SimpleCacheConfiguration matched:
      - Cache org.springframework.boot.autoconfigure.cache.SimpleCacheConfiguration automatic cache type (CacheCondition)

   SpringDataWebAutoConfiguration matched:
      - @ConditionalOnClass found required classes 'org.springframework.data.web.PageableHandlerMethodArgumentResolver', 'org.springframework.web.servlet.config.annotation.WebMvcConfigurer' (OnClassCondition)
      - found 'session' scope (OnWebApplicationCondition)
      - @ConditionalOnMissingBean (types: org.springframework.data.web.PageableHandlerMethodArgumentResolver; SearchStrategy: all) did not find any beans (OnBeanCondition)

   SpringDataWebAutoConfiguration#pageableCustomizer matched:
      - @ConditionalOnMissingBean (types: org.springframework.data.web.config.PageableHandlerMethodArgumentResolverCustomizer; SearchStrategy: all) did not find any beans (OnBeanCondition)

   SpringDataWebAutoConfiguration#sortCustomizer matched:
      - @ConditionalOnMissingBean (types: org.springframework.data.web.config.SortHandlerMethodArgumentResolverCustomizer; SearchStrategy: all) did not find any beans (OnBeanCondition)

   SpringDataWebAutoConfiguration#springDataWebSettings matched:
      - @ConditionalOnMissingBean (types: org.springframework.data.web.config.SpringDataWebSettings; SearchStrategy: all) did not find any beans (OnBeanCondition)

   SqlInitializationAutoConfiguration matched:
      - @ConditionalOnBooleanProperty (spring.sql.init.enabled=true) matched (OnPropertyCondition)
      - NoneNestedConditions 0 matched 1 did not; NestedCondition on SqlInitializationAutoConfiguration.SqlInitializationModeCondition.ModeIsNever @ConditionalOnProperty (spring.sql.init.mode=never) did not find property 'spring.sql.init.mode' (SqlInitializationAutoConfiguration.SqlInitializationModeCondition)

   SslAutoConfiguration#sslBundleRegistry matched:
      - @ConditionalOnMissingBean (types: org.springframework.boot.ssl.SslBundleRegistry,org.springframework.boot.ssl.SslBundles; SearchStrategy: all) did not find any beans (OnBeanCondition)

   TaskExecutionAutoConfiguration matched:
      - @ConditionalOnClass found required class 'org.springframework.scheduling.concurrent.ThreadPoolTaskExecutor' (OnClassCondition)

   TaskExecutorConfigurations.AsyncConfigurerConfiguration matched:
      - @ConditionalOnMissingBean (types: org.springframework.scheduling.annotation.AsyncConfigurer; SearchStrategy: all) did not find any beans (OnBeanCondition)

   TaskExecutorConfigurations.AsyncConfigurerConfiguration#applicationTaskExecutorAsyncConfigurer matched:
      - @ConditionalOnMissingBean (types: org.springframework.scheduling.annotation.AsyncConfigurer; SearchStrategy: all) did not find any beans (OnBeanCondition)

   TaskExecutorConfigurations.SimpleAsyncTaskExecutorBuilderConfiguration#simpleAsyncTaskExecutorBuilder matched:
      - @ConditionalOnMissingBean (types: org.springframework.boot.task.SimpleAsyncTaskExecutorBuilder; SearchStrategy: all) did not find any beans (OnBeanCondition)
      - @ConditionalOnThreading found PLATFORM (OnThreadingCondition)

   TaskExecutorConfigurations.TaskExecutorConfiguration matched:
      - AnyNestedCondition 1 matched 1 did not; NestedCondition on TaskExecutorConfigurations.OnExecutorCondition.ModelCondition @ConditionalOnProperty (spring.task.execution.mode=force) did not find property 'spring.task.execution.mode'; NestedCondition on TaskExecutorConfigurations.OnExecutorCondition.ExecutorBeanCondition @ConditionalOnMissingBean (types: java.util.concurrent.Executor; SearchStrategy: all) did not find any beans (TaskExecutorConfigurations.OnExecutorCondition)

   TaskExecutorConfigurations.TaskExecutorConfiguration#applicationTaskExecutor matched:
      - @ConditionalOnThreading found PLATFORM (OnThreadingCondition)

   TaskExecutorConfigurations.ThreadPoolTaskExecutorBuilderConfiguration#threadPoolTaskExecutorBuilder matched:
      - @ConditionalOnMissingBean (types: org.springframework.boot.task.ThreadPoolTaskExecutorBuilder; SearchStrategy: all) did not find any beans (OnBeanCondition)

   TaskSchedulingAutoConfiguration matched:
      - @ConditionalOnClass found required class 'org.springframework.scheduling.concurrent.ThreadPoolTaskScheduler' (OnClassCondition)

   TaskSchedulingConfigurations.SimpleAsyncTaskSchedulerBuilderConfiguration#simpleAsyncTaskSchedulerBuilder matched:
      - @ConditionalOnMissingBean (types: org.springframework.boot.task.SimpleAsyncTaskSchedulerBuilder; SearchStrategy: all) did not find any beans (OnBeanCondition)
      - @ConditionalOnThreading found PLATFORM (OnThreadingCondition)

   TaskSchedulingConfigurations.ThreadPoolTaskSchedulerBuilderConfiguration#threadPoolTaskSchedulerBuilder matched:
      - @ConditionalOnMissingBean (types: org.springframework.boot.task.ThreadPoolTaskSchedulerBuilder; SearchStrategy: all) did not find any beans (OnBeanCondition)

   TransactionAutoConfiguration matched:
      - @ConditionalOnClass found required class 'org.springframework.transaction.PlatformTransactionManager' (OnClassCondition)

   TransactionAutoConfiguration.EnableTransactionManagementConfiguration matched:
      - @ConditionalOnBean (types: org.springframework.transaction.TransactionManager; SearchStrategy: all) found bean 'transactionManager'; @ConditionalOnMissingBean (types: org.springframework.transaction.annotation.AbstractTransactionManagementConfiguration; SearchStrategy: all) did not find any beans (OnBeanCondition)

   TransactionAutoConfiguration.EnableTransactionManagementConfiguration.CglibAutoProxyConfiguration matched:
      - @ConditionalOnBooleanProperty (spring.aop.proxy-target-class=true) matched (OnPropertyCondition)

   TransactionAutoConfiguration.TransactionTemplateConfiguration matched:
      - @ConditionalOnSingleCandidate (types: org.springframework.transaction.PlatformTransactionManager; SearchStrategy: all) found a single bean 'transactionManager' (OnBeanCondition)

   TransactionAutoConfiguration.TransactionTemplateConfiguration#transactionTemplate matched:
      - @ConditionalOnMissingBean (types: org.springframework.transaction.support.TransactionOperations; SearchStrategy: all) did not find any beans (OnBeanCondition)

   TransactionManagerCustomizationAutoConfiguration matched:
      - @ConditionalOnClass found required class 'org.springframework.transaction.PlatformTransactionManager' (OnClassCondition)

   TransactionManagerCustomizationAutoConfiguration#platformTransactionManagerCustomizers matched:
      - @ConditionalOnMissingBean (types: org.springframework.boot.autoconfigure.transaction.TransactionManagerCustomizers; SearchStrategy: all) did not find any beans (OnBeanCondition)

   WebMvcAutoConfiguration matched:
      - @ConditionalOnClass found required classes 'jakarta.servlet.Servlet', 'org.springframework.web.servlet.DispatcherServlet', 'org.springframework.web.servlet.config.annotation.WebMvcConfigurer' (OnClassCondition)
      - found 'session' scope (OnWebApplicationCondition)
      - @ConditionalOnMissingBean (types: org.springframework.web.servlet.config.annotation.WebMvcConfigurationSupport; SearchStrategy: all) did not find any beans (OnBeanCondition)

   WebMvcAutoConfiguration#formContentFilter matched:
      - @ConditionalOnBooleanProperty (spring.mvc.formcontent.filter.enabled=true) matched (OnPropertyCondition)
      - @ConditionalOnMissingBean (types: org.springframework.web.filter.FormContentFilter; SearchStrategy: all) did not find any beans (OnBeanCondition)

   WebMvcAutoConfiguration.EnableWebMvcConfiguration#flashMapManager matched:
      - @ConditionalOnMissingBean (names: flashMapManager; SearchStrategy: all) did not find any beans (OnBeanCondition)

   WebMvcAutoConfiguration.EnableWebMvcConfiguration#localeResolver matched:
      - @ConditionalOnMissingBean (names: localeResolver; SearchStrategy: all) did not find any beans (OnBeanCondition)

   WebMvcAutoConfiguration.EnableWebMvcConfiguration#themeResolver matched:
      - @ConditionalOnMissingBean (names: themeResolver; SearchStrategy: all) did not find any beans (OnBeanCondition)

   WebMvcAutoConfiguration.EnableWebMvcConfiguration#viewNameTranslator matched:
      - @ConditionalOnMissingBean (names: viewNameTranslator; SearchStrategy: all) did not find any beans (OnBeanCondition)

   WebMvcAutoConfiguration.WebMvcAutoConfigurationAdapter#defaultViewResolver matched:
      - @ConditionalOnMissingBean (types: org.springframework.web.servlet.view.InternalResourceViewResolver; SearchStrategy: all) did not find any beans (OnBeanCondition)

   WebMvcAutoConfiguration.WebMvcAutoConfigurationAdapter#requestContextFilter matched:
      - @ConditionalOnMissingBean (types: org.springframework.web.context.request.RequestContextListener,org.springframework.web.filter.RequestContextFilter; SearchStrategy: all) did not find any beans (OnBeanCondition)

   WebMvcAutoConfiguration.WebMvcAutoConfigurationAdapter#viewResolver matched:
      - @ConditionalOnBean (types: org.springframework.web.servlet.ViewResolver; SearchStrategy: all) found beans 'defaultViewResolver', 'beanNameViewResolver', 'mvcViewResolver'; @ConditionalOnMissingBean (names: viewResolver types: org.springframework.web.servlet.view.ContentNegotiatingViewResolver; SearchStrategy: all) did not find any beans (OnBeanCondition)

   WebSocketServletAutoConfiguration matched:
      - @ConditionalOnClass found required classes 'jakarta.servlet.Servlet', 'jakarta.websocket.server.ServerContainer' (OnClassCondition)
      - found 'session' scope (OnWebApplicationCondition)

   WebSocketServletAutoConfiguration.TomcatWebSocketConfiguration matched:
      - @ConditionalOnClass found required classes 'org.apache.catalina.startup.Tomcat', 'org.apache.tomcat.websocket.server.WsSci' (OnClassCondition)

   WebSocketServletAutoConfiguration.TomcatWebSocketConfiguration#websocketServletWebServerCustomizer matched:
      - @ConditionalOnMissingBean (names: websocketServletWebServerCustomizer; SearchStrategy: all) did not find any beans (OnBeanCondition)


Negative matches:
-----------------

   ActiveMQAutoConfiguration:
      Did not match:
         - @ConditionalOnClass did not find required class 'jakarta.jms.ConnectionFactory' (OnClassCondition)

   AopAutoConfiguration.AspectJAutoProxyingConfiguration.JdkDynamicAutoProxyConfiguration:
      Did not match:
         - @ConditionalOnBooleanProperty (spring.aop.proxy-target-class=false) did not find property 'spring.aop.proxy-target-class' (OnPropertyCondition)

   AopAutoConfiguration.ClassProxyingConfiguration:
      Did not match:
         - @ConditionalOnMissingClass found unwanted class 'org.aspectj.weaver.Advice' (OnClassCondition)

   ArtemisAutoConfiguration:
      Did not match:
         - @ConditionalOnClass did not find required class 'jakarta.jms.ConnectionFactory' (OnClassCondition)

   BatchAutoConfiguration:
      Did not match:
         - @ConditionalOnClass did not find required class 'org.springframework.batch.core.launch.JobLauncher' (OnClassCondition)

   Cache2kCacheConfiguration:
      Did not match:
         - @ConditionalOnClass did not find required class 'org.cache2k.Cache2kBuilder' (OnClassCondition)

   CacheAutoConfiguration:
      Did not match:
         - @ConditionalOnBean (types: org.springframework.cache.interceptor.CacheAspectSupport; SearchStrategy: all) did not find any beans of type org.springframework.cache.interceptor.CacheAspectSupport (OnBeanCondition)
      Matched:
         - @ConditionalOnClass found required class 'org.springframework.cache.CacheManager' (OnClassCondition)

   CacheAutoConfiguration.CacheManagerEntityManagerFactoryDependsOnPostProcessor:
      Did not match:
         - Ancestor org.springframework.boot.autoconfigure.cache.CacheAutoConfiguration did not match (ConditionEvaluationReport.AncestorsMatchedCondition)
      Matched:
         - @ConditionalOnClass found required class 'org.springframework.orm.jpa.LocalContainerEntityManagerFactoryBean' (OnClassCondition)

   CaffeineCacheConfiguration:
      Did not match:
         - @ConditionalOnClass did not find required class 'com.github.benmanes.caffeine.cache.Caffeine' (OnClassCondition)

   CassandraAutoConfiguration:
      Did not match:
         - @ConditionalOnClass did not find required class 'com.datastax.oss.driver.api.core.CqlSession' (OnClassCondition)

   CassandraDataAutoConfiguration:
      Did not match:
         - @ConditionalOnClass did not find required class 'com.datastax.oss.driver.api.core.CqlSession' (OnClassCondition)

   CassandraReactiveDataAutoConfiguration:
      Did not match:
         - @ConditionalOnClass did not find required class 'com.datastax.oss.driver.api.core.CqlSession' (OnClassCondition)

   CassandraReactiveRepositoriesAutoConfiguration:
      Did not match:
         - @ConditionalOnClass did not find required class 'org.springframework.data.cassandra.ReactiveSession' (OnClassCondition)

   CassandraRepositoriesAutoConfiguration:
      Did not match:
         - @ConditionalOnClass did not find required class 'com.datastax.oss.driver.api.core.CqlSession' (OnClassCondition)

   org.springframework.boot.autoconfigure.http.client.reactive.ClientHttpConnectorAutoConfiguration:
      Did not match:
         - @ConditionalOnClass did not find required class 'reactor.core.publisher.Mono' (OnClassCondition)

   org.springframework.boot.autoconfigure.web.reactive.function.client.ClientHttpConnectorAutoConfiguration:
      Did not match:
         - @ConditionalOnClass did not find required class 'org.springframework.web.reactive.function.client.WebClient' (OnClassCondition)

   CodecsAutoConfiguration:
      Did not match:
         - @ConditionalOnClass did not find required class 'org.springframework.web.reactive.function.client.WebClient' (OnClassCondition)

   CouchbaseAutoConfiguration:
      Did not match:
         - @ConditionalOnClass did not find required class 'com.couchbase.client.java.Cluster' (OnClassCondition)

   CouchbaseCacheConfiguration:
      Did not match:
         - @ConditionalOnClass did not find required class 'com.couchbase.client.java.Cluster' (OnClassCondition)

   CouchbaseDataAutoConfiguration:
      Did not match:
         - @ConditionalOnClass did not find required class 'com.couchbase.client.java.Bucket' (OnClassCondition)

   CouchbaseReactiveDataAutoConfiguration:
      Did not match:
         - @ConditionalOnClass did not find required class 'com.couchbase.client.java.Cluster' (OnClassCondition)

   CouchbaseReactiveRepositoriesAutoConfiguration:
      Did not match:
         - @ConditionalOnClass did not find required class 'com.couchbase.client.java.Cluster' (OnClassCondition)

   CouchbaseRepositoriesAutoConfiguration:
      Did not match:
         - @ConditionalOnClass did not find required class 'com.couchbase.client.java.Bucket' (OnClassCondition)

   DataSourceAutoConfiguration.EmbeddedDatabaseConfiguration:
      Did not match:
         - EmbeddedDataSource spring.datasource.url is set (DataSourceAutoConfiguration.EmbeddedDatabaseCondition)

   DataSourceCheckpointRestoreConfiguration:
      Did not match:
         - @ConditionalOnClass did not find required class 'org.crac.Resource' (OnClassCondition)

   DataSourceConfiguration.Dbcp2:
      Did not match:
         - @ConditionalOnClass did not find required class 'org.apache.commons.dbcp2.BasicDataSource' (OnClassCondition)

   DataSourceConfiguration.Generic:
      Did not match:
         - @ConditionalOnProperty (spring.datasource.type) did not find property 'spring.datasource.type' (OnPropertyCondition)

   DataSourceConfiguration.OracleUcp:
      Did not match:
         - @ConditionalOnClass did not find required classes 'oracle.ucp.jdbc.PoolDataSourceImpl', 'oracle.jdbc.OracleConnection' (OnClassCondition)

   DataSourceConfiguration.Tomcat:
      Did not match:
         - @ConditionalOnClass did not find required class 'org.apache.tomcat.jdbc.pool.DataSource' (OnClassCondition)

   DataSourceJmxConfiguration:
      Did not match:
         - @ConditionalOnBooleanProperty (spring.jmx.enabled=true) found different value in property 'spring.jmx.enabled' (OnPropertyCondition)

   DataSourcePoolMetadataProvidersConfiguration.CommonsDbcp2PoolDataSourceMetadataProviderConfiguration:
      Did not match:
         - @ConditionalOnClass did not find required class 'org.apache.commons.dbcp2.BasicDataSource' (OnClassCondition)

   DataSourcePoolMetadataProvidersConfiguration.OracleUcpPoolDataSourceMetadataProviderConfiguration:
      Did not match:
         - @ConditionalOnClass did not find required classes 'oracle.ucp.jdbc.PoolDataSource', 'oracle.jdbc.OracleConnection' (OnClassCondition)

   DataSourcePoolMetadataProvidersConfiguration.TomcatDataSourcePoolMetadataProviderConfiguration:
      Did not match:
         - @ConditionalOnClass did not find required class 'org.apache.tomcat.jdbc.pool.DataSource' (OnClassCondition)

   DataSourceTransactionManagerAutoConfiguration.JdbcTransactionManagerConfiguration#transactionManager:
      Did not match:
         - @ConditionalOnMissingBean (types: org.springframework.transaction.TransactionManager; SearchStrategy: all) found beans of type 'org.springframework.transaction.TransactionManager' transactionManager (OnBeanCondition)

   DispatcherServletAutoConfiguration.DispatcherServletConfiguration#multipartResolver:
      Did not match:
         - @ConditionalOnBean (types: org.springframework.web.multipart.MultipartResolver; SearchStrategy: all) did not find any beans of type org.springframework.web.multipart.MultipartResolver (OnBeanCondition)

   ElasticsearchClientAutoConfiguration:
      Did not match:
         - @ConditionalOnClass did not find required class 'co.elastic.clients.elasticsearch.ElasticsearchClient' (OnClassCondition)

   ElasticsearchDataAutoConfiguration:
      Did not match:
         - @ConditionalOnClass did not find required class 'org.springframework.data.elasticsearch.client.elc.ElasticsearchTemplate' (OnClassCondition)

   ElasticsearchRepositoriesAutoConfiguration:
      Did not match:
         - @ConditionalOnClass did not find required class 'org.springframework.data.elasticsearch.repository.ElasticsearchRepository' (OnClassCondition)

   ElasticsearchRestClientAutoConfiguration:
      Did not match:
         - @ConditionalOnClass did not find required class 'org.elasticsearch.client.RestClientBuilder' (OnClassCondition)

   EmbeddedLdapAutoConfiguration:
      Did not match:
         - @ConditionalOnClass did not find required class 'com.unboundid.ldap.listener.InMemoryDirectoryServer' (OnClassCondition)

   EmbeddedWebServerFactoryCustomizerAutoConfiguration:
      Did not match:
         - Application is deployed as a WAR file. (OnWarDeploymentCondition)
      Matched:
         - @ConditionalOnWebApplication (required) found 'session' scope (OnWebApplicationCondition)

   ErrorWebFluxAutoConfiguration:
      Did not match:
         - @ConditionalOnClass did not find required class 'org.springframework.web.reactive.config.WebFluxConfigurer' (OnClassCondition)

   FlywayAutoConfiguration.FlywayConfiguration#oracleFlywayConfigurationCustomizer:
      Did not match:
         - @ConditionalOnClass did not find required class 'org.flywaydb.database.oracle.OracleConfigurationExtension' (OnClassCondition)

   FlywayAutoConfiguration.FlywayConfiguration#postgresqlFlywayConfigurationCustomizer:
      Did not match:
         - @ConditionalOnClass did not find required class 'org.flywaydb.database.postgresql.PostgreSQLConfigurationExtension' (OnClassCondition)

   FlywayAutoConfiguration.FlywayConfiguration#sqlServerFlywayConfigurationCustomizer:
      Did not match:
         - @ConditionalOnClass did not find required class 'org.flywaydb.database.sqlserver.SQLServerConfigurationExtension' (OnClassCondition)

   FreeMarkerAutoConfiguration:
      Did not match:
         - @ConditionalOnClass did not find required class 'freemarker.template.Configuration' (OnClassCondition)

   GraphQlAutoConfiguration:
      Did not match:
         - @ConditionalOnClass did not find required class 'graphql.GraphQL' (OnClassCondition)

   GraphQlQueryByExampleAutoConfiguration:
      Did not match:
         - @ConditionalOnClass did not find required class 'graphql.GraphQL' (OnClassCondition)

   GraphQlQuerydslAutoConfiguration:
      Did not match:
         - @ConditionalOnClass did not find required class 'com.querydsl.core.Query' (OnClassCondition)

   GraphQlRSocketAutoConfiguration:
      Did not match:
         - @ConditionalOnClass did not find required class 'graphql.GraphQL' (OnClassCondition)

   GraphQlReactiveQueryByExampleAutoConfiguration:
      Did not match:
         - @ConditionalOnClass did not find required class 'graphql.GraphQL' (OnClassCondition)

   GraphQlReactiveQuerydslAutoConfiguration:
      Did not match:
         - @ConditionalOnClass did not find required class 'com.querydsl.core.Query' (OnClassCondition)

   GraphQlWebFluxAutoConfiguration:
      Did not match:
         - @ConditionalOnClass did not find required class 'graphql.GraphQL' (OnClassCondition)

   GraphQlWebFluxSecurityAutoConfiguration:
      Did not match:
         - @ConditionalOnClass did not find required class 'graphql.GraphQL' (OnClassCondition)

   GraphQlWebMvcAutoConfiguration:
      Did not match:
         - @ConditionalOnClass did not find required class 'graphql.GraphQL' (OnClassCondition)

   GraphQlWebMvcSecurityAutoConfiguration:
      Did not match:
         - @ConditionalOnClass did not find required class 'graphql.GraphQL' (OnClassCondition)

   GroovyTemplateAutoConfiguration:
      Did not match:
         - @ConditionalOnClass did not find required class 'groovy.text.markup.MarkupTemplateEngine' (OnClassCondition)

   GsonAutoConfiguration:
      Did not match:
         - @ConditionalOnClass did not find required class 'com.google.gson.Gson' (OnClassCondition)

   GsonHttpMessageConvertersConfiguration:
      Did not match:
         - @ConditionalOnClass did not find required class 'com.google.gson.Gson' (OnClassCondition)

   H2ConsoleAutoConfiguration:
      Did not match:
         - @ConditionalOnClass did not find required class 'org.h2.server.web.JakartaWebServlet' (OnClassCondition)

   HazelcastAutoConfiguration:
      Did not match:
         - @ConditionalOnClass did not find required class 'com.hazelcast.core.HazelcastInstance' (OnClassCondition)

   HazelcastCacheConfiguration:
      Did not match:
         - @ConditionalOnClass did not find required class 'com.hazelcast.core.HazelcastInstance' (OnClassCondition)

   HazelcastJpaDependencyAutoConfiguration:
      Did not match:
         - @ConditionalOnClass did not find required class 'com.hazelcast.core.HazelcastInstance' (OnClassCondition)

   HttpHandlerAutoConfiguration:
      Did not match:
         - @ConditionalOnClass did not find required class 'org.springframework.web.reactive.DispatcherHandler' (OnClassCondition)

   HypermediaAutoConfiguration:
      Did not match:
         - @ConditionalOnClass did not find required class 'org.springframework.hateoas.EntityModel' (OnClassCondition)

   InfinispanCacheConfiguration:
      Did not match:
         - @ConditionalOnClass did not find required class 'org.infinispan.spring.embedded.provider.SpringEmbeddedCacheManager' (OnClassCondition)

   IntegrationAutoConfiguration:
      Did not match:
         - @ConditionalOnClass did not find required class 'org.springframework.integration.config.EnableIntegration' (OnClassCondition)

   JCacheCacheConfiguration:
      Did not match:
         - @ConditionalOnClass did not find required class 'javax.cache.Caching' (OnClassCondition)

   JacksonHttpMessageConvertersConfiguration.MappingJackson2XmlHttpMessageConverterConfiguration:
      Did not match:
         - @ConditionalOnClass did not find required class 'com.fasterxml.jackson.dataformat.xml.XmlMapper' (OnClassCondition)

   JdbcRepositoriesAutoConfiguration:
      Did not match:
         - @ConditionalOnClass did not find required class 'org.springframework.data.jdbc.repository.config.AbstractJdbcConfiguration' (OnClassCondition)

   JerseyAutoConfiguration:
      Did not match:
         - @ConditionalOnClass did not find required class 'org.glassfish.jersey.server.spring.SpringComponentProvider' (OnClassCondition)

   JmsAutoConfiguration:
      Did not match:
         - @ConditionalOnClass did not find required class 'jakarta.jms.Message' (OnClassCondition)

   JmxAutoConfiguration:
      Did not match:
         - @ConditionalOnBooleanProperty (spring.jmx.enabled=true) found different value in property 'spring.jmx.enabled' (OnPropertyCondition)
      Matched:
         - @ConditionalOnClass found required class 'org.springframework.jmx.export.MBeanExporter' (OnClassCondition)

   JndiConnectionFactoryAutoConfiguration:
      Did not match:
         - @ConditionalOnClass did not find required class 'org.springframework.jms.core.JmsTemplate' (OnClassCondition)

   JndiDataSourceAutoConfiguration:
      Did not match:
         - @ConditionalOnProperty (spring.datasource.jndi-name) did not find property 'spring.datasource.jndi-name' (OnPropertyCondition)
      Matched:
         - @ConditionalOnClass found required classes 'javax.sql.DataSource', 'org.springframework.jdbc.datasource.embedded.EmbeddedDatabaseType' (OnClassCondition)

   JndiJtaConfiguration:
      Did not match:
         - @ConditionalOnJndi JNDI environment is not available (OnJndiCondition)
      Matched:
         - @ConditionalOnClass found required class 'org.springframework.transaction.jta.JtaTransactionManager' (OnClassCondition)

   JooqAutoConfiguration:
      Did not match:
         - @ConditionalOnClass did not find required class 'org.jooq.DSLContext' (OnClassCondition)

   JpaRepositoriesAutoConfiguration#entityManagerFactoryBootstrapExecutorCustomizer:
      Did not match:
         - AnyNestedCondition 0 matched 2 did not; NestedCondition on JpaRepositoriesAutoConfiguration.BootstrapExecutorCondition.LazyBootstrapMode @ConditionalOnProperty (spring.data.jpa.repositories.bootstrap-mode=lazy) did not find property 'spring.data.jpa.repositories.bootstrap-mode'; NestedCondition on JpaRepositoriesAutoConfiguration.BootstrapExecutorCondition.DeferredBootstrapMode @ConditionalOnProperty (spring.data.jpa.repositories.bootstrap-mode=deferred) did not find property 'spring.data.jpa.repositories.bootstrap-mode' (JpaRepositoriesAutoConfiguration.BootstrapExecutorCondition)

   JsonbAutoConfiguration:
      Did not match:
         - @ConditionalOnClass did not find required class 'jakarta.json.bind.Jsonb' (OnClassCondition)

   JsonbHttpMessageConvertersConfiguration:
      Did not match:
         - @ConditionalOnClass did not find required class 'jakarta.json.bind.Jsonb' (OnClassCondition)

   KafkaAutoConfiguration:
      Did not match:
         - @ConditionalOnClass did not find required class 'org.springframework.kafka.core.KafkaTemplate' (OnClassCondition)

   LdapAutoConfiguration:
      Did not match:
         - @ConditionalOnClass did not find required class 'org.springframework.ldap.core.ContextSource' (OnClassCondition)

   LdapRepositoriesAutoConfiguration:
      Did not match:
         - @ConditionalOnClass did not find required class 'org.springframework.data.ldap.repository.LdapRepository' (OnClassCondition)

   LiquibaseAutoConfiguration:
      Did not match:
         - @ConditionalOnClass did not find required class 'liquibase.change.DatabaseChange' (OnClassCondition)

   MailSenderAutoConfiguration:
      Did not match:
         - @ConditionalOnClass did not find required class 'jakarta.mail.internet.MimeMessage' (OnClassCondition)

   MailSenderValidatorAutoConfiguration:
      Did not match:
         - @ConditionalOnSingleCandidate did not find required type 'org.springframework.mail.javamail.JavaMailSenderImpl' (OnBeanCondition)

   MessageSourceAutoConfiguration:
      Did not match:
         - ResourceBundle did not find bundle with basename messages (MessageSourceAutoConfiguration.ResourceBundleCondition)

   MongoAutoConfiguration:
      Did not match:
         - @ConditionalOnClass did not find required class 'com.mongodb.client.MongoClient' (OnClassCondition)

   MongoDataAutoConfiguration:
      Did not match:
         - @ConditionalOnClass did not find required class 'com.mongodb.client.MongoClient' (OnClassCondition)

   MongoReactiveAutoConfiguration:
      Did not match:
         - @ConditionalOnClass did not find required class 'com.mongodb.reactivestreams.client.MongoClient' (OnClassCondition)

   MongoReactiveDataAutoConfiguration:
      Did not match:
         - @ConditionalOnClass did not find required class 'com.mongodb.reactivestreams.client.MongoClient' (OnClassCondition)

   MongoReactiveRepositoriesAutoConfiguration:
      Did not match:
         - @ConditionalOnClass did not find required class 'com.mongodb.reactivestreams.client.MongoClient' (OnClassCondition)

   MongoRepositoriesAutoConfiguration:
      Did not match:
         - @ConditionalOnClass did not find required class 'com.mongodb.client.MongoClient' (OnClassCondition)

   MustacheAutoConfiguration:
      Did not match:
         - @ConditionalOnClass did not find required class 'com.samskivert.mustache.Mustache' (OnClassCondition)

   Neo4jAutoConfiguration:
      Did not match:
         - @ConditionalOnClass did not find required class 'org.neo4j.driver.Driver' (OnClassCondition)

   Neo4jDataAutoConfiguration:
      Did not match:
         - @ConditionalOnClass did not find required class 'org.neo4j.driver.Driver' (OnClassCondition)

   Neo4jReactiveDataAutoConfiguration:
      Did not match:
         - @ConditionalOnClass did not find required class 'org.neo4j.driver.Driver' (OnClassCondition)

   Neo4jReactiveRepositoriesAutoConfiguration:
      Did not match:
         - @ConditionalOnClass did not find required class 'org.neo4j.driver.Driver' (OnClassCondition)

   Neo4jRepositoriesAutoConfiguration:
      Did not match:
         - @ConditionalOnClass did not find required class 'org.neo4j.driver.Driver' (OnClassCondition)

   NettyAutoConfiguration:
      Did not match:
         - @ConditionalOnClass did not find required class 'io.netty.util.NettyRuntime' (OnClassCondition)

   OAuth2AuthorizationServerAutoConfiguration:
      Did not match:
         - @ConditionalOnClass did not find required class 'org.springframework.security.oauth2.server.authorization.OAuth2Authorization' (OnClassCondition)

   OAuth2AuthorizationServerJwtAutoConfiguration:
      Did not match:
         - @ConditionalOnClass did not find required class 'com.nimbusds.jose.jwk.source.JWKSource' (OnClassCondition)

   OAuth2ClientAutoConfiguration:
      Did not match:
         - @ConditionalOnClass did not find required class 'org.springframework.security.oauth2.client.registration.ClientRegistration' (OnClassCondition)

   OAuth2ClientWebSecurityAutoConfiguration:
      Did not match:
         - @ConditionalOnClass did not find required class 'org.springframework.security.config.annotation.web.configuration.EnableWebSecurity' (OnClassCondition)

   OAuth2ResourceServerAutoConfiguration:
      Did not match:
         - @ConditionalOnClass did not find required class 'org.springframework.security.oauth2.server.resource.authentication.BearerTokenAuthenticationToken' (OnClassCondition)

   ProjectInfoAutoConfiguration#buildProperties:
      Did not match:
         - @ConditionalOnResource did not find resource '${spring.info.build.location:classpath:META-INF/build-info.properties}' (OnResourceCondition)

   ProjectInfoAutoConfiguration#gitProperties:
      Did not match:
         - GitResource did not find git info at classpath:git.properties (ProjectInfoAutoConfiguration.GitResourceAvailableCondition)

   PulsarAutoConfiguration:
      Did not match:
         - @ConditionalOnClass did not find required class 'org.apache.pulsar.client.api.PulsarClient' (OnClassCondition)

   PulsarReactiveAutoConfiguration:
      Did not match:
         - @ConditionalOnClass did not find required class 'org.apache.pulsar.client.api.PulsarClient' (OnClassCondition)

   QuartzAutoConfiguration:
      Did not match:
         - @ConditionalOnClass did not find required class 'org.quartz.Scheduler' (OnClassCondition)

   R2dbcAutoConfiguration:
      Did not match:
         - @ConditionalOnClass did not find required class 'io.r2dbc.spi.ConnectionFactory' (OnClassCondition)

   R2dbcDataAutoConfiguration:
      Did not match:
         - @ConditionalOnClass did not find required class 'org.springframework.data.r2dbc.core.R2dbcEntityTemplate' (OnClassCondition)

   R2dbcInitializationConfiguration:
      Did not match:
         - @ConditionalOnClass did not find required classes 'io.r2dbc.spi.ConnectionFactory', 'org.springframework.r2dbc.connection.init.DatabasePopulator' (OnClassCondition)

   R2dbcProxyAutoConfiguration:
      Did not match:
         - @ConditionalOnClass did not find required class 'io.r2dbc.proxy.ProxyConnectionFactory' (OnClassCondition)

   R2dbcRepositoriesAutoConfiguration:
      Did not match:
         - @ConditionalOnClass did not find required class 'io.r2dbc.spi.ConnectionFactory' (OnClassCondition)

   R2dbcTransactionManagerAutoConfiguration:
      Did not match:
         - @ConditionalOnClass did not find required class 'org.springframework.r2dbc.connection.R2dbcTransactionManager' (OnClassCondition)

   RSocketGraphQlClientAutoConfiguration:
      Did not match:
         - @ConditionalOnClass did not find required class 'graphql.GraphQL' (OnClassCondition)

   RSocketMessagingAutoConfiguration:
      Did not match:
         - @ConditionalOnClass did not find required class 'io.rsocket.RSocket' (OnClassCondition)

   RSocketRequesterAutoConfiguration:
      Did not match:
         - @ConditionalOnClass did not find required class 'io.rsocket.RSocket' (OnClassCondition)

   RSocketSecurityAutoConfiguration:
      Did not match:
         - @ConditionalOnClass did not find required class 'org.springframework.security.rsocket.core.SecuritySocketAcceptorInterceptor' (OnClassCondition)

   RSocketServerAutoConfiguration:
      Did not match:
         - @ConditionalOnClass did not find required class 'io.rsocket.core.RSocketServer' (OnClassCondition)

   RSocketStrategiesAutoConfiguration:
      Did not match:
         - @ConditionalOnClass did not find required class 'io.netty.buffer.PooledByteBufAllocator' (OnClassCondition)

   RabbitAutoConfiguration:
      Did not match:
         - @ConditionalOnClass did not find required class 'com.rabbitmq.client.Channel' (OnClassCondition)

   ReactiveElasticsearchClientAutoConfiguration:
      Did not match:
         - @ConditionalOnClass did not find required class 'co.elastic.clients.transport.ElasticsearchTransport' (OnClassCondition)

   ReactiveElasticsearchRepositoriesAutoConfiguration:
      Did not match:
         - @ConditionalOnClass did not find required class 'reactor.core.publisher.Mono' (OnClassCondition)

   ReactiveMultipartAutoConfiguration:
      Did not match:
         - @ConditionalOnClass did not find required class 'org.springframework.web.reactive.config.WebFluxConfigurer' (OnClassCondition)

   ReactiveOAuth2ClientAutoConfiguration:
      Did not match:
         - @ConditionalOnClass did not find required class 'reactor.core.publisher.Flux' (OnClassCondition)

   ReactiveOAuth2ClientWebSecurityAutoConfiguration:
      Did not match:
         - @ConditionalOnClass did not find required class 'reactor.core.publisher.Flux' (OnClassCondition)

   ReactiveOAuth2ResourceServerAutoConfiguration:
      Did not match:
         - @ConditionalOnClass did not find required class 'org.springframework.security.config.annotation.web.reactive.EnableWebFluxSecurity' (OnClassCondition)

   ReactiveSecurityAutoConfiguration:
      Did not match:
         - @ConditionalOnClass did not find required class 'reactor.core.publisher.Flux' (OnClassCondition)

   ReactiveUserDetailsServiceAutoConfiguration:
      Did not match:
         - @ConditionalOnClass did not find required class 'org.springframework.security.authentication.ReactiveAuthenticationManager' (OnClassCondition)

   ReactiveWebServerFactoryAutoConfiguration:
      Did not match:
         - @ConditionalOnWebApplication did not find reactive web application classes (OnWebApplicationCondition)

   ReactorAutoConfiguration:
      Did not match:
         - @ConditionalOnClass did not find required class 'reactor.core.publisher.Hooks' (OnClassCondition)

   RedisAutoConfiguration:
      Did not match:
         - @ConditionalOnClass did not find required class 'org.springframework.data.redis.core.RedisOperations' (OnClassCondition)

   RedisCacheConfiguration:
      Did not match:
         - @ConditionalOnClass did not find required class 'org.springframework.data.redis.connection.RedisConnectionFactory' (OnClassCondition)

   RedisReactiveAutoConfiguration:
      Did not match:
         - @ConditionalOnClass did not find required class 'reactor.core.publisher.Flux' (OnClassCondition)

   RedisRepositoriesAutoConfiguration:
      Did not match:
         - @ConditionalOnClass did not find required class 'org.springframework.data.redis.repository.configuration.EnableRedisRepositories' (OnClassCondition)

   RepositoryRestMvcAutoConfiguration:
      Did not match:
         - @ConditionalOnClass did not find required class 'org.springframework.data.rest.webmvc.config.RepositoryRestMvcConfiguration' (OnClassCondition)

   Saml2RelyingPartyAutoConfiguration:
      Did not match:
         - @ConditionalOnClass did not find required class 'org.springframework.security.saml2.provider.service.registration.RelyingPartyRegistrationRepository' (OnClassCondition)

   SecurityAutoConfiguration:
      Did not match:
         - @ConditionalOnClass did not find required class 'org.springframework.security.authentication.DefaultAuthenticationEventPublisher' (OnClassCondition)

   SecurityFilterAutoConfiguration:
      Did not match:
         - @ConditionalOnClass did not find required class 'org.springframework.security.config.http.SessionCreationPolicy' (OnClassCondition)

   SendGridAutoConfiguration:
      Did not match:
         - @ConditionalOnClass did not find required class 'com.sendgrid.SendGrid' (OnClassCondition)

   ServletWebServerFactoryAutoConfiguration.ForwardedHeaderFilterConfiguration:
      Did not match:
         - @ConditionalOnProperty (server.forward-headers-strategy=framework) did not find property 'server.forward-headers-strategy' (OnPropertyCondition)

   ServletWebServerFactoryConfiguration.EmbeddedJetty:
      Did not match:
         - @ConditionalOnClass did not find required classes 'org.eclipse.jetty.server.Server', 'org.eclipse.jetty.util.Loader', 'org.eclipse.jetty.ee10.webapp.WebAppContext' (OnClassCondition)

   ServletWebServerFactoryConfiguration.EmbeddedUndertow:
      Did not match:
         - @ConditionalOnClass did not find required classes 'io.undertow.Undertow', 'org.xnio.SslClientAuthMode' (OnClassCondition)

   SessionAutoConfiguration:
      Did not match:
         - @ConditionalOnClass did not find required class 'org.springframework.session.Session' (OnClassCondition)

   SpringApplicationAdminJmxAutoConfiguration:
      Did not match:
         - @ConditionalOnBooleanProperty (spring.application.admin.enabled=true) did not find property 'spring.application.admin.enabled' (OnPropertyCondition)

   TaskExecutorConfigurations.SimpleAsyncTaskExecutorBuilderConfiguration#simpleAsyncTaskExecutorBuilderVirtualThreads:
      Did not match:
         - @ConditionalOnMissingBean (types: org.springframework.boot.task.SimpleAsyncTaskExecutorBuilder; SearchStrategy: all) found beans of type 'org.springframework.boot.task.SimpleAsyncTaskExecutorBuilder' simpleAsyncTaskExecutorBuilder (OnBeanCondition)

   TaskExecutorConfigurations.TaskExecutorConfiguration#applicationTaskExecutorVirtualThreads:
      Did not match:
         - @ConditionalOnThreading did not find VIRTUAL (OnThreadingCondition)

   TaskSchedulingAutoConfiguration#scheduledBeanLazyInitializationExcludeFilter:
      Did not match:
         - @ConditionalOnBean (names: org.springframework.context.annotation.internalScheduledAnnotationProcessor; SearchStrategy: all) did not find any beans named org.springframework.context.annotation.internalScheduledAnnotationProcessor (OnBeanCondition)

   TaskSchedulingConfigurations.SimpleAsyncTaskSchedulerBuilderConfiguration#simpleAsyncTaskSchedulerBuilderVirtualThreads:
      Did not match:
         - @ConditionalOnMissingBean (types: org.springframework.boot.task.SimpleAsyncTaskSchedulerBuilder; SearchStrategy: all) found beans of type 'org.springframework.boot.task.SimpleAsyncTaskSchedulerBuilder' simpleAsyncTaskSchedulerBuilder (OnBeanCondition)

   TaskSchedulingConfigurations.TaskSchedulerConfiguration:
      Did not match:
         - @ConditionalOnBean (names: org.springframework.context.annotation.internalScheduledAnnotationProcessor; SearchStrategy: all) did not find any beans named org.springframework.context.annotation.internalScheduledAnnotationProcessor (OnBeanCondition)

   ThymeleafAutoConfiguration:
      Did not match:
         - @ConditionalOnClass did not find required class 'org.thymeleaf.spring6.SpringTemplateEngine' (OnClassCondition)

   TransactionAutoConfiguration#transactionalOperator:
      Did not match:
         - @ConditionalOnSingleCandidate (types: org.springframework.transaction.ReactiveTransactionManager; SearchStrategy: all) did not find any beans (OnBeanCondition)

   TransactionAutoConfiguration.AspectJTransactionManagementConfiguration:
      Did not match:
         - @ConditionalOnBean (types: org.springframework.transaction.aspectj.AbstractTransactionAspect; SearchStrategy: all) did not find any beans of type org.springframework.transaction.aspectj.AbstractTransactionAspect (OnBeanCondition)

   TransactionAutoConfiguration.EnableTransactionManagementConfiguration.JdkDynamicAutoProxyConfiguration:
      Did not match:
         - @ConditionalOnBooleanProperty (spring.aop.proxy-target-class=false) did not find property 'spring.aop.proxy-target-class' (OnPropertyCondition)

   UserDetailsServiceAutoConfiguration:
      Did not match:
         - @ConditionalOnClass did not find required class 'org.springframework.security.authentication.AuthenticationManager' (OnClassCondition)

   ValidationAutoConfiguration:
      Did not match:
         - @ConditionalOnClass did not find required class 'jakarta.validation.executable.ExecutableValidator' (OnClassCondition)

   WebClientAutoConfiguration:
      Did not match:
         - @ConditionalOnClass did not find required class 'org.springframework.web.reactive.function.client.WebClient' (OnClassCondition)

   WebFluxAutoConfiguration:
      Did not match:
         - @ConditionalOnClass did not find required class 'org.springframework.web.reactive.config.WebFluxConfigurer' (OnClassCondition)

   WebMvcAutoConfiguration#hiddenHttpMethodFilter:
      Did not match:
         - @ConditionalOnBooleanProperty (spring.mvc.hiddenmethod.filter.enabled=true) did not find property 'spring.mvc.hiddenmethod.filter.enabled' (OnPropertyCondition)

   WebMvcAutoConfiguration.ProblemDetailsErrorHandlingConfiguration:
      Did not match:
         - @ConditionalOnBooleanProperty (spring.mvc.problemdetails.enabled=true) did not find property 'spring.mvc.problemdetails.enabled' (OnPropertyCondition)

   WebMvcAutoConfiguration.ResourceChainCustomizerConfiguration:
      Did not match:
         - @ConditionalOnEnabledResourceChain did not find class org.webjars.WebJarVersionLocator (OnEnabledResourceChainCondition)

   WebMvcAutoConfiguration.WebMvcAutoConfigurationAdapter#beanNameViewResolver:
      Did not match:
         - @ConditionalOnMissingBean (types: org.springframework.web.servlet.view.BeanNameViewResolver; SearchStrategy: all) found beans of type 'org.springframework.web.servlet.view.BeanNameViewResolver' beanNameViewResolver (OnBeanCondition)

   WebServiceTemplateAutoConfiguration:
      Did not match:
         - @ConditionalOnClass did not find required class 'org.springframework.oxm.Marshaller' (OnClassCondition)

   WebServicesAutoConfiguration:
      Did not match:
         - @ConditionalOnClass did not find required class 'org.springframework.ws.transport.http.MessageDispatcherServlet' (OnClassCondition)

   WebSessionIdResolverAutoConfiguration:
      Did not match:
         - @ConditionalOnClass did not find required class 'reactor.core.publisher.Mono' (OnClassCondition)

   WebSocketMessagingAutoConfiguration:
      Did not match:
         - @ConditionalOnClass did not find required class 'org.springframework.web.socket.config.annotation.WebSocketMessageBrokerConfigurer' (OnClassCondition)

   WebSocketReactiveAutoConfiguration:
      Did not match:
         - @ConditionalOnWebApplication did not find reactive web application classes (OnWebApplicationCondition)

   WebSocketServletAutoConfiguration.JettyWebSocketConfiguration:
      Did not match:
         - @ConditionalOnClass did not find required class 'org.eclipse.jetty.ee10.websocket.jakarta.server.config.JakartaWebSocketServletContainerInitializer' (OnClassCondition)

   WebSocketServletAutoConfiguration.UndertowWebSocketConfiguration:
      Did not match:
         - @ConditionalOnClass did not find required class 'io.undertow.websockets.jsr.Bootstrap' (OnClassCondition)

   XADataSourceAutoConfiguration:
      Did not match:
         - @ConditionalOnBean (types: org.springframework.boot.jdbc.XADataSourceWrapper; SearchStrategy: all) did not find any beans of type org.springframework.boot.jdbc.XADataSourceWrapper (OnBeanCondition)
      Matched:
         - @ConditionalOnClass found required classes 'javax.sql.DataSource', 'jakarta.transaction.TransactionManager', 'org.springframework.jdbc.datasource.embedded.EmbeddedDatabaseType' (OnClassCondition)


Exclusions:
-----------

    None


Unconditional classes:
----------------------

    org.springframework.boot.autoconfigure.context.ConfigurationPropertiesAutoConfiguration

    org.springframework.boot.autoconfigure.ssl.SslAutoConfiguration

    org.springframework.boot.autoconfigure.context.LifecycleAutoConfiguration

    org.springframework.boot.autoconfigure.context.PropertyPlaceholderAutoConfiguration

    org.springframework.boot.autoconfigure.availability.ApplicationAvailabilityAutoConfiguration

    org.springframework.boot.autoconfigure.info.ProjectInfoAutoConfiguration



2025-08-19T10:11:24.448-03:00  INFO 4270 --- [inventory-service] [           main] c.e.i.InventoryServiceApplicationTests   : Started InventoryServiceApplicationTests in 1.856 seconds (process running for 2.244)
2025-08-19T10:11:24.449-03:00 DEBUG 4270 --- [inventory-service] [           main] o.s.b.a.ApplicationAvailabilityBean      : Application availability state LivenessState changed to CORRECT
2025-08-19T10:11:24.449-03:00 DEBUG 4270 --- [inventory-service] [           main] o.s.b.a.ApplicationAvailabilityBean      : Application availability state ReadinessState changed to ACCEPTING_TRAFFIC
2025-08-19T10:11:24.450-03:00 DEBUG 4270 --- [inventory-service] [           main] org.springframework.test.context.cache   : Spring test ApplicationContext cache statistics: [DefaultContextCache@366c9912 size = 1, maxSize = 32, parentContextCount = 0, hitCount = 0, missCount = 1, failureCount = 0]
2025-08-19T10:11:24.450-03:00 DEBUG 4270 --- [inventory-service] [           main] o.s.t.c.w.ServletTestExecutionListener   : Setting up MockHttpServletRequest, MockHttpServletResponse, ServletWebRequest, and RequestContextHolder for test class com.example.inventory_service.InventoryServiceApplicationTests
2025-08-19T10:11:24.456-03:00 DEBUG 4270 --- [inventory-service] [           main] DependencyInjectionTestExecutionListener : Performing dependency injection for test class com.example.inventory_service.InventoryServiceApplicationTests
2025-08-19T10:11:24.456-03:00 DEBUG 4270 --- [inventory-service] [           main] org.springframework.test.context.cache   : Spring test ApplicationContext cache statistics: [DefaultContextCache@366c9912 size = 1, maxSize = 32, parentContextCount = 0, hitCount = 1, missCount = 1, failureCount = 0]
2025-08-19T10:11:24.456-03:00 DEBUG 4270 --- [inventory-service] [           main] org.springframework.test.context.cache   : Spring test ApplicationContext cache statistics: [DefaultContextCache@366c9912 size = 1, maxSize = 32, parentContextCount = 0, hitCount = 2, missCount = 1, failureCount = 0]
2025-08-19T10:11:24.458-03:00 DEBUG 4270 --- [inventory-service] [           main] sContextBeforeModesTestExecutionListener : Before test method: class [InventoryServiceApplicationTests], method [contextLoads], class annotated with @DirtiesContext [false] with mode [null], method annotated with @DirtiesContext [false] with mode [null]
2025-08-19T10:11:24.458-03:00 DEBUG 4270 --- [inventory-service] [           main] org.springframework.test.context.cache   : Spring test ApplicationContext cache statistics: [DefaultContextCache@366c9912 size = 1, maxSize = 32, parentContextCount = 0, hitCount = 3, missCount = 1, failureCount = 0]
2025-08-19T10:11:24.458-03:00 DEBUG 4270 --- [inventory-service] [           main] org.springframework.test.context.cache   : Spring test ApplicationContext cache statistics: [DefaultContextCache@366c9912 size = 1, maxSize = 32, parentContextCount = 0, hitCount = 4, missCount = 1, failureCount = 0]
2025-08-19T10:11:24.475-03:00 DEBUG 4270 --- [inventory-service] [           main] java.lang.ProcessBuilder                 : ProcessBuilder.start(): pid: 4272, dir: null, cmd: "/Library/Java/JavaVirtualMachines/jdk-23.0.2.jdk/Contents/Home/bin/java"

java.lang.RuntimeException: ProcessBuilder.start() debug
	at java.base/java.lang.ProcessBuilder.start(ProcessBuilder.java:1147) ~[na:na]
	at java.base/java.lang.ProcessBuilder.start(ProcessBuilder.java:1089) ~[na:na]
	at net.bytebuddy.agent.ByteBuddyAgent.installExternal(ByteBuddyAgent.java:671) ~[byte-buddy-agent-1.17.6.jar:na]
	at net.bytebuddy.agent.ByteBuddyAgent.install(ByteBuddyAgent.java:599) ~[byte-buddy-agent-1.17.6.jar:na]
	at net.bytebuddy.agent.ByteBuddyAgent.install(ByteBuddyAgent.java:579) ~[byte-buddy-agent-1.17.6.jar:na]
	at net.bytebuddy.agent.ByteBuddyAgent.install(ByteBuddyAgent.java:531) ~[byte-buddy-agent-1.17.6.jar:na]
	at net.bytebuddy.agent.ByteBuddyAgent.install(ByteBuddyAgent.java:508) ~[byte-buddy-agent-1.17.6.jar:na]
	at org.mockito.internal.PremainAttachAccess.getInstrumentation(PremainAttachAccess.java:80) ~[mockito-core-5.17.0.jar:na]
	at org.mockito.internal.creation.bytebuddy.InlineDelegateByteBuddyMockMaker.<clinit>(InlineDelegateByteBuddyMockMaker.java:138) ~[mockito-core-5.17.0.jar:na]
	at org.mockito.internal.creation.bytebuddy.InlineByteBuddyMockMaker.<init>(InlineByteBuddyMockMaker.java:23) ~[mockito-core-5.17.0.jar:na]
	at java.base/jdk.internal.reflect.DirectConstructorHandleAccessor.newInstance(DirectConstructorHandleAccessor.java:62) ~[na:na]
	at java.base/java.lang.reflect.Constructor.newInstanceWithCaller(Constructor.java:501) ~[na:na]
	at java.base/java.lang.reflect.Constructor.newInstance(Constructor.java:485) ~[na:na]
	at org.mockito.internal.configuration.plugins.DefaultMockitoPlugins.create(DefaultMockitoPlugins.java:103) ~[mockito-core-5.17.0.jar:na]
	at org.mockito.internal.configuration.plugins.DefaultMockitoPlugins.getDefaultPlugin(DefaultMockitoPlugins.java:79) ~[mockito-core-5.17.0.jar:na]
	at org.mockito.internal.configuration.plugins.PluginLoader.loadPlugin(PluginLoader.java:75) ~[mockito-core-5.17.0.jar:na]
	at org.mockito.internal.configuration.plugins.PluginLoader.loadPlugin(PluginLoader.java:49) ~[mockito-core-5.17.0.jar:na]
	at org.mockito.internal.configuration.plugins.PluginRegistry.<init>(PluginRegistry.java:29) ~[mockito-core-5.17.0.jar:na]
	at org.mockito.internal.configuration.plugins.Plugins.<clinit>(Plugins.java:26) ~[mockito-core-5.17.0.jar:na]
	at org.mockito.internal.MockitoCore.<clinit>(MockitoCore.java:71) ~[mockito-core-5.17.0.jar:na]
	at org.mockito.Mockito.<clinit>(Mockito.java:1777) ~[mockito-core-5.17.0.jar:na]
	at org.springframework.boot.test.mock.mockito.MockReset.get(MockReset.java:108) ~[spring-boot-test-3.5.4.jar:3.5.4]
	at org.springframework.boot.test.mock.mockito.ResetMocksTestExecutionListener.resetMocks(ResetMocksTestExecutionListener.java:89) ~[spring-boot-test-3.5.4.jar:3.5.4]
	at org.springframework.boot.test.mock.mockito.ResetMocksTestExecutionListener.resetMocks(ResetMocksTestExecutionListener.java:77) ~[spring-boot-test-3.5.4.jar:3.5.4]
	at org.springframework.boot.test.mock.mockito.ResetMocksTestExecutionListener.beforeTestMethod(ResetMocksTestExecutionListener.java:64) ~[spring-boot-test-3.5.4.jar:3.5.4]
	at org.springframework.test.context.TestContextManager.beforeTestMethod(TestContextManager.java:320) ~[spring-test-6.2.9.jar:6.2.9]
	at org.springframework.test.context.junit.jupiter.SpringExtension.beforeEach(SpringExtension.java:236) ~[spring-test-6.2.9.jar:6.2.9]
	at org.junit.jupiter.engine.descriptor.TestMethodTestDescriptor.lambda$invokeBeforeEachCallbacks$2(TestMethodTestDescriptor.java:165) ~[junit-jupiter-engine-5.12.2.jar:5.12.2]
	at org.junit.jupiter.engine.descriptor.TestMethodTestDescriptor.lambda$invokeBeforeMethodsOrCallbacksUntilExceptionOccurs$6(TestMethodTestDescriptor.java:201) ~[junit-jupiter-engine-5.12.2.jar:5.12.2]
	at org.junit.platform.engine.support.hierarchical.ThrowableCollector.execute(ThrowableCollector.java:73) ~[junit-platform-engine-1.12.2.jar:1.12.2]
	at org.junit.jupiter.engine.descriptor.TestMethodTestDescriptor.invokeBeforeMethodsOrCallbacksUntilExceptionOccurs(TestMethodTestDescriptor.java:201) ~[junit-jupiter-engine-5.12.2.jar:5.12.2]
	at org.junit.jupiter.engine.descriptor.TestMethodTestDescriptor.invokeBeforeEachCallbacks(TestMethodTestDescriptor.java:164) ~[junit-jupiter-engine-5.12.2.jar:5.12.2]
	at org.junit.jupiter.engine.descriptor.TestMethodTestDescriptor.execute(TestMethodTestDescriptor.java:131) ~[junit-jupiter-engine-5.12.2.jar:5.12.2]
	at org.junit.jupiter.engine.descriptor.TestMethodTestDescriptor.execute(TestMethodTestDescriptor.java:69) ~[junit-jupiter-engine-5.12.2.jar:5.12.2]
	at org.junit.platform.engine.support.hierarchical.NodeTestTask.lambda$executeRecursively$6(NodeTestTask.java:156) ~[junit-platform-engine-1.12.2.jar:1.12.2]
	at org.junit.platform.engine.support.hierarchical.ThrowableCollector.execute(ThrowableCollector.java:73) ~[junit-platform-engine-1.12.2.jar:1.12.2]
	at org.junit.platform.engine.support.hierarchical.NodeTestTask.lambda$executeRecursively$8(NodeTestTask.java:146) ~[junit-platform-engine-1.12.2.jar:1.12.2]
	at org.junit.platform.engine.support.hierarchical.Node.around(Node.java:137) ~[junit-platform-engine-1.12.2.jar:1.12.2]
	at org.junit.platform.engine.support.hierarchical.NodeTestTask.lambda$executeRecursively$9(NodeTestTask.java:144) ~[junit-platform-engine-1.12.2.jar:1.12.2]
	at org.junit.platform.engine.support.hierarchical.ThrowableCollector.execute(ThrowableCollector.java:73) ~[junit-platform-engine-1.12.2.jar:1.12.2]
	at org.junit.platform.engine.support.hierarchical.NodeTestTask.executeRecursively(NodeTestTask.java:143) ~[junit-platform-engine-1.12.2.jar:1.12.2]
	at org.junit.platform.engine.support.hierarchical.NodeTestTask.execute(NodeTestTask.java:100) ~[junit-platform-engine-1.12.2.jar:1.12.2]
	at java.base/java.util.ArrayList.forEach(ArrayList.java:1597) ~[na:na]
	at org.junit.platform.engine.support.hierarchical.SameThreadHierarchicalTestExecutorService.invokeAll(SameThreadHierarchicalTestExecutorService.java:41) ~[junit-platform-engine-1.12.2.jar:1.12.2]
	at org.junit.platform.engine.support.hierarchical.NodeTestTask.lambda$executeRecursively$6(NodeTestTask.java:160) ~[junit-platform-engine-1.12.2.jar:1.12.2]
	at org.junit.platform.engine.support.hierarchical.ThrowableCollector.execute(ThrowableCollector.java:73) ~[junit-platform-engine-1.12.2.jar:1.12.2]
	at org.junit.platform.engine.support.hierarchical.NodeTestTask.lambda$executeRecursively$8(NodeTestTask.java:146) ~[junit-platform-engine-1.12.2.jar:1.12.2]
	at org.junit.platform.engine.support.hierarchical.Node.around(Node.java:137) ~[junit-platform-engine-1.12.2.jar:1.12.2]
	at org.junit.platform.engine.support.hierarchical.NodeTestTask.lambda$executeRecursively$9(NodeTestTask.java:144) ~[junit-platform-engine-1.12.2.jar:1.12.2]
	at org.junit.platform.engine.support.hierarchical.ThrowableCollector.execute(ThrowableCollector.java:73) ~[junit-platform-engine-1.12.2.jar:1.12.2]
	at org.junit.platform.engine.support.hierarchical.NodeTestTask.executeRecursively(NodeTestTask.java:143) ~[junit-platform-engine-1.12.2.jar:1.12.2]
	at org.junit.platform.engine.support.hierarchical.NodeTestTask.execute(NodeTestTask.java:100) ~[junit-platform-engine-1.12.2.jar:1.12.2]
	at java.base/java.util.ArrayList.forEach(ArrayList.java:1597) ~[na:na]
	at org.junit.platform.engine.support.hierarchical.SameThreadHierarchicalTestExecutorService.invokeAll(SameThreadHierarchicalTestExecutorService.java:41) ~[junit-platform-engine-1.12.2.jar:1.12.2]
	at org.junit.platform.engine.support.hierarchical.NodeTestTask.lambda$executeRecursively$6(NodeTestTask.java:160) ~[junit-platform-engine-1.12.2.jar:1.12.2]
	at org.junit.platform.engine.support.hierarchical.ThrowableCollector.execute(ThrowableCollector.java:73) ~[junit-platform-engine-1.12.2.jar:1.12.2]
	at org.junit.platform.engine.support.hierarchical.NodeTestTask.lambda$executeRecursively$8(NodeTestTask.java:146) ~[junit-platform-engine-1.12.2.jar:1.12.2]
	at org.junit.platform.engine.support.hierarchical.Node.around(Node.java:137) ~[junit-platform-engine-1.12.2.jar:1.12.2]
	at org.junit.platform.engine.support.hierarchical.NodeTestTask.lambda$executeRecursively$9(NodeTestTask.java:144) ~[junit-platform-engine-1.12.2.jar:1.12.2]
	at org.junit.platform.engine.support.hierarchical.ThrowableCollector.execute(ThrowableCollector.java:73) ~[junit-platform-engine-1.12.2.jar:1.12.2]
	at org.junit.platform.engine.support.hierarchical.NodeTestTask.executeRecursively(NodeTestTask.java:143) ~[junit-platform-engine-1.12.2.jar:1.12.2]
	at org.junit.platform.engine.support.hierarchical.NodeTestTask.execute(NodeTestTask.java:100) ~[junit-platform-engine-1.12.2.jar:1.12.2]
	at org.junit.platform.engine.support.hierarchical.SameThreadHierarchicalTestExecutorService.submit(SameThreadHierarchicalTestExecutorService.java:35) ~[junit-platform-engine-1.12.2.jar:1.12.2]
	at org.junit.platform.engine.support.hierarchical.HierarchicalTestExecutor.execute(HierarchicalTestExecutor.java:57) ~[junit-platform-engine-1.12.2.jar:1.12.2]
	at org.junit.platform.engine.support.hierarchical.HierarchicalTestEngine.execute(HierarchicalTestEngine.java:54) ~[junit-platform-engine-1.12.2.jar:1.12.2]
	at org.junit.platform.launcher.core.EngineExecutionOrchestrator.execute(EngineExecutionOrchestrator.java:201) ~[junit-platform-launcher-1.12.2.jar:1.12.2]
	at org.junit.platform.launcher.core.EngineExecutionOrchestrator.execute(EngineExecutionOrchestrator.java:170) ~[junit-platform-launcher-1.12.2.jar:1.12.2]
	at org.junit.platform.launcher.core.EngineExecutionOrchestrator.execute(EngineExecutionOrchestrator.java:94) ~[junit-platform-launcher-1.12.2.jar:1.12.2]
	at org.junit.platform.launcher.core.EngineExecutionOrchestrator.lambda$execute$0(EngineExecutionOrchestrator.java:59) ~[junit-platform-launcher-1.12.2.jar:1.12.2]
	at org.junit.platform.launcher.core.EngineExecutionOrchestrator.withInterceptedStreams(EngineExecutionOrchestrator.java:142) ~[junit-platform-launcher-1.12.2.jar:1.12.2]
	at org.junit.platform.launcher.core.EngineExecutionOrchestrator.execute(EngineExecutionOrchestrator.java:58) ~[junit-platform-launcher-1.12.2.jar:1.12.2]
	at org.junit.platform.launcher.core.DefaultLauncher.execute(DefaultLauncher.java:103) ~[junit-platform-launcher-1.12.2.jar:1.12.2]
	at org.junit.platform.launcher.core.DefaultLauncher.execute(DefaultLauncher.java:85) ~[junit-platform-launcher-1.12.2.jar:1.12.2]
	at org.junit.platform.launcher.core.DelegatingLauncher.execute(DelegatingLauncher.java:47) ~[junit-platform-launcher-1.12.2.jar:1.12.2]
	at org.junit.platform.launcher.core.InterceptingLauncher.lambda$execute$1(InterceptingLauncher.java:39) ~[junit-platform-launcher-1.12.2.jar:1.12.2]
	at org.junit.platform.launcher.core.ClasspathAlignmentCheckingLauncherInterceptor.intercept(ClasspathAlignmentCheckingLauncherInterceptor.java:25) ~[junit-platform-launcher-1.12.2.jar:1.12.2]
	at org.junit.platform.launcher.core.InterceptingLauncher.execute(InterceptingLauncher.java:38) ~[junit-platform-launcher-1.12.2.jar:1.12.2]
	at org.junit.platform.launcher.core.DelegatingLauncher.execute(DelegatingLauncher.java:47) ~[junit-platform-launcher-1.12.2.jar:1.12.2]
	at org.apache.maven.surefire.junitplatform.LazyLauncher.execute(LazyLauncher.java:56) ~[surefire-junit-platform-3.5.3.jar:3.5.3]
	at org.apache.maven.surefire.junitplatform.JUnitPlatformProvider.execute(JUnitPlatformProvider.java:194) ~[surefire-junit-platform-3.5.3.jar:3.5.3]
	at org.apache.maven.surefire.junitplatform.JUnitPlatformProvider.invokeAllTests(JUnitPlatformProvider.java:150) ~[surefire-junit-platform-3.5.3.jar:3.5.3]
	at org.apache.maven.surefire.junitplatform.JUnitPlatformProvider.invoke(JUnitPlatformProvider.java:124) ~[surefire-junit-platform-3.5.3.jar:3.5.3]
	at org.apache.maven.surefire.booter.ForkedBooter.runSuitesInProcess(ForkedBooter.java:385) ~[surefire-booter-3.5.3.jar:3.5.3]
	at org.apache.maven.surefire.booter.ForkedBooter.execute(ForkedBooter.java:162) ~[surefire-booter-3.5.3.jar:3.5.3]
	at org.apache.maven.surefire.booter.ForkedBooter.run(ForkedBooter.java:507) ~[surefire-booter-3.5.3.jar:3.5.3]
	at org.apache.maven.surefire.booter.ForkedBooter.main(ForkedBooter.java:495) ~[surefire-booter-3.5.3.jar:3.5.3]

2025-08-19T10:11:24.706-03:00 DEBUG 4270 --- [inventory-service] [           main] org.springframework.test.context.cache   : Spring test ApplicationContext cache statistics: [DefaultContextCache@366c9912 size = 1, maxSize = 32, parentContextCount = 0, hitCount = 5, missCount = 1, failureCount = 0]
2025-08-19T10:11:24.707-03:00 DEBUG 4270 --- [inventory-service] [           main] org.springframework.test.context.cache   : Spring test ApplicationContext cache statistics: [DefaultContextCache@366c9912 size = 1, maxSize = 32, parentContextCount = 0, hitCount = 6, missCount = 1, failureCount = 0]
2025-08-19T10:11:24.709-03:00 DEBUG 4270 --- [inventory-service] [           main] org.springframework.test.context.cache   : Spring test ApplicationContext cache statistics: [DefaultContextCache@366c9912 size = 1, maxSize = 32, parentContextCount = 0, hitCount = 7, missCount = 1, failureCount = 0]
2025-08-19T10:11:24.709-03:00 DEBUG 4270 --- [inventory-service] [           main] org.springframework.test.context.cache   : Spring test ApplicationContext cache statistics: [DefaultContextCache@366c9912 size = 1, maxSize = 32, parentContextCount = 0, hitCount = 8, missCount = 1, failureCount = 0]
2025-08-19T10:11:24.710-03:00 DEBUG 4270 --- [inventory-service] [           main] org.springframework.test.context.cache   : Spring test ApplicationContext cache statistics: [DefaultContextCache@366c9912 size = 1, maxSize = 32, parentContextCount = 0, hitCount = 9, missCount = 1, failureCount = 0]
2025-08-19T10:11:24.710-03:00 DEBUG 4270 --- [inventory-service] [           main] org.springframework.test.context.cache   : Spring test ApplicationContext cache statistics: [DefaultContextCache@366c9912 size = 1, maxSize = 32, parentContextCount = 0, hitCount = 10, missCount = 1, failureCount = 0]
2025-08-19T10:11:24.710-03:00 DEBUG 4270 --- [inventory-service] [           main] org.springframework.test.context.cache   : Spring test ApplicationContext cache statistics: [DefaultContextCache@366c9912 size = 1, maxSize = 32, parentContextCount = 0, hitCount = 11, missCount = 1, failureCount = 0]
2025-08-19T10:11:24.710-03:00 DEBUG 4270 --- [inventory-service] [           main] org.springframework.test.context.cache   : Spring test ApplicationContext cache statistics: [DefaultContextCache@366c9912 size = 1, maxSize = 32, parentContextCount = 0, hitCount = 12, missCount = 1, failureCount = 0]
2025-08-19T10:11:24.711-03:00 DEBUG 4270 --- [inventory-service] [           main] org.springframework.test.context.cache   : Spring test ApplicationContext cache statistics: [DefaultContextCache@366c9912 size = 1, maxSize = 32, parentContextCount = 0, hitCount = 13, missCount = 1, failureCount = 0]
2025-08-19T10:11:24.711-03:00 DEBUG 4270 --- [inventory-service] [           main] .c.s.DirtiesContextTestExecutionListener : After test method: class [InventoryServiceApplicationTests], method [contextLoads], class annotated with @DirtiesContext [false] with mode [null], method annotated with @DirtiesContext [false] with mode [null]
2025-08-19T10:11:24.711-03:00 DEBUG 4270 --- [inventory-service] [           main] o.s.t.c.w.ServletTestExecutionListener   : Resetting RequestContextHolder for test class com.example.inventory_service.InventoryServiceApplicationTests
]]></system-out>
    <system-err><![CDATA[Mockito is currently self-attaching to enable the inline-mock-maker. This will no longer work in future releases of the JDK. Please add Mockito as an agent to your build as described in Mockito's documentation: https://javadoc.io/doc/org.mockito/mockito-core/latest/org.mockito/org/mockito/Mockito.html#0.3
WARNING: A Java agent has been loaded dynamically (/Users/andrereginatto/.m2/repository/net/bytebuddy/byte-buddy-agent/1.17.6/byte-buddy-agent-1.17.6.jar)
WARNING: If a serviceability tool is in use, please run with -XX:+EnableDynamicAgentLoading to hide this warning
WARNING: If a serviceability tool is not in use, please run with -Djdk.instrument.traceUsage for more information
WARNING: Dynamic loading of agents will be disallowed by default in a future release
]]></system-err>
  </testcase>
</testsuite>